[2026-03-11T15:09:35.823+0000] {processor.py:161} INFO - Started process (PID=93) to work on /home/airflow/.local/lib/python3.8/site-packages/airflow/example_dags/example_python_decorator.py
[2026-03-11T15:09:35.826+0000] {processor.py:830} INFO - Processing file /home/airflow/.local/lib/python3.8/site-packages/airflow/example_dags/example_python_decorator.py for tasks to queue
[2026-03-11T15:09:35.830+0000] {logging_mixin.py:188} INFO - [2026-03-11T15:09:35.829+0000] {dagbag.py:538} INFO - Filling up the DagBag from /home/airflow/.local/lib/python3.8/site-packages/airflow/example_dags/example_python_decorator.py
[2026-03-11T15:09:35.863+0000] {processor.py:840} INFO - DAG(s) 'example_python_decorator' retrieved from /home/airflow/.local/lib/python3.8/site-packages/airflow/example_dags/example_python_decorator.py
[2026-03-11T15:09:36.073+0000] {logging_mixin.py:188} INFO - [2026-03-11T15:09:36.072+0000] {dag.py:3036} INFO - Sync 1 DAGs
[2026-03-11T15:09:36.099+0000] {logging_mixin.py:188} INFO - [2026-03-11T15:09:36.098+0000] {dag.py:3823} INFO - Setting next_dagrun for example_python_decorator to None, run_after=None
[2026-03-11T15:09:36.147+0000] {processor.py:183} INFO - Processing /home/airflow/.local/lib/python3.8/site-packages/airflow/example_dags/example_python_decorator.py took 0.338 seconds
[2026-03-11T15:10:06.713+0000] {processor.py:161} INFO - Started process (PID=149) to work on /home/airflow/.local/lib/python3.8/site-packages/airflow/example_dags/example_python_decorator.py
[2026-03-11T15:10:06.714+0000] {processor.py:830} INFO - Processing file /home/airflow/.local/lib/python3.8/site-packages/airflow/example_dags/example_python_decorator.py for tasks to queue
[2026-03-11T15:10:06.717+0000] {logging_mixin.py:188} INFO - [2026-03-11T15:10:06.716+0000] {dagbag.py:538} INFO - Filling up the DagBag from /home/airflow/.local/lib/python3.8/site-packages/airflow/example_dags/example_python_decorator.py
[2026-03-11T15:10:06.733+0000] {processor.py:840} INFO - DAG(s) 'example_python_decorator' retrieved from /home/airflow/.local/lib/python3.8/site-packages/airflow/example_dags/example_python_decorator.py
[2026-03-11T15:10:06.761+0000] {logging_mixin.py:188} INFO - [2026-03-11T15:10:06.760+0000] {dag.py:3036} INFO - Sync 1 DAGs
[2026-03-11T15:10:06.775+0000] {logging_mixin.py:188} INFO - [2026-03-11T15:10:06.775+0000] {dag.py:3823} INFO - Setting next_dagrun for example_python_decorator to None, run_after=None
[2026-03-11T15:10:06.800+0000] {processor.py:183} INFO - Processing /home/airflow/.local/lib/python3.8/site-packages/airflow/example_dags/example_python_decorator.py took 0.091 seconds
[2026-03-11T15:10:37.755+0000] {processor.py:161} INFO - Started process (PID=205) to work on /home/airflow/.local/lib/python3.8/site-packages/airflow/example_dags/example_python_decorator.py
[2026-03-11T15:10:37.756+0000] {processor.py:830} INFO - Processing file /home/airflow/.local/lib/python3.8/site-packages/airflow/example_dags/example_python_decorator.py for tasks to queue
[2026-03-11T15:10:37.759+0000] {logging_mixin.py:188} INFO - [2026-03-11T15:10:37.758+0000] {dagbag.py:538} INFO - Filling up the DagBag from /home/airflow/.local/lib/python3.8/site-packages/airflow/example_dags/example_python_decorator.py
[2026-03-11T15:10:37.778+0000] {processor.py:840} INFO - DAG(s) 'example_python_decorator' retrieved from /home/airflow/.local/lib/python3.8/site-packages/airflow/example_dags/example_python_decorator.py
[2026-03-11T15:10:37.806+0000] {logging_mixin.py:188} INFO - [2026-03-11T15:10:37.805+0000] {dag.py:3036} INFO - Sync 1 DAGs
[2026-03-11T15:10:37.820+0000] {logging_mixin.py:188} INFO - [2026-03-11T15:10:37.820+0000] {dag.py:3823} INFO - Setting next_dagrun for example_python_decorator to None, run_after=None
[2026-03-11T15:10:37.847+0000] {processor.py:183} INFO - Processing /home/airflow/.local/lib/python3.8/site-packages/airflow/example_dags/example_python_decorator.py took 0.097 seconds
[2026-03-11T15:11:08.471+0000] {processor.py:161} INFO - Started process (PID=261) to work on /home/airflow/.local/lib/python3.8/site-packages/airflow/example_dags/example_python_decorator.py
[2026-03-11T15:11:08.473+0000] {processor.py:830} INFO - Processing file /home/airflow/.local/lib/python3.8/site-packages/airflow/example_dags/example_python_decorator.py for tasks to queue
[2026-03-11T15:11:08.476+0000] {logging_mixin.py:188} INFO - [2026-03-11T15:11:08.475+0000] {dagbag.py:538} INFO - Filling up the DagBag from /home/airflow/.local/lib/python3.8/site-packages/airflow/example_dags/example_python_decorator.py
[2026-03-11T15:11:08.496+0000] {processor.py:840} INFO - DAG(s) 'example_python_decorator' retrieved from /home/airflow/.local/lib/python3.8/site-packages/airflow/example_dags/example_python_decorator.py
[2026-03-11T15:11:08.532+0000] {logging_mixin.py:188} INFO - [2026-03-11T15:11:08.532+0000] {dag.py:3036} INFO - Sync 1 DAGs
[2026-03-11T15:11:08.550+0000] {logging_mixin.py:188} INFO - [2026-03-11T15:11:08.550+0000] {dag.py:3823} INFO - Setting next_dagrun for example_python_decorator to None, run_after=None
[2026-03-11T15:11:08.578+0000] {processor.py:183} INFO - Processing /home/airflow/.local/lib/python3.8/site-packages/airflow/example_dags/example_python_decorator.py took 0.112 seconds
[2026-03-11T15:11:38.713+0000] {processor.py:161} INFO - Started process (PID=317) to work on /home/airflow/.local/lib/python3.8/site-packages/airflow/example_dags/example_python_decorator.py
[2026-03-11T15:11:38.714+0000] {processor.py:830} INFO - Processing file /home/airflow/.local/lib/python3.8/site-packages/airflow/example_dags/example_python_decorator.py for tasks to queue
[2026-03-11T15:11:38.717+0000] {logging_mixin.py:188} INFO - [2026-03-11T15:11:38.716+0000] {dagbag.py:538} INFO - Filling up the DagBag from /home/airflow/.local/lib/python3.8/site-packages/airflow/example_dags/example_python_decorator.py
[2026-03-11T15:11:38.737+0000] {processor.py:840} INFO - DAG(s) 'example_python_decorator' retrieved from /home/airflow/.local/lib/python3.8/site-packages/airflow/example_dags/example_python_decorator.py
[2026-03-11T15:11:38.769+0000] {logging_mixin.py:188} INFO - [2026-03-11T15:11:38.768+0000] {dag.py:3036} INFO - Sync 1 DAGs
[2026-03-11T15:11:38.787+0000] {logging_mixin.py:188} INFO - [2026-03-11T15:11:38.787+0000] {dag.py:3823} INFO - Setting next_dagrun for example_python_decorator to None, run_after=None
[2026-03-11T15:11:38.812+0000] {processor.py:183} INFO - Processing /home/airflow/.local/lib/python3.8/site-packages/airflow/example_dags/example_python_decorator.py took 0.105 seconds
[2026-03-11T15:12:09.856+0000] {processor.py:161} INFO - Started process (PID=373) to work on /home/airflow/.local/lib/python3.8/site-packages/airflow/example_dags/example_python_decorator.py
[2026-03-11T15:12:09.858+0000] {processor.py:830} INFO - Processing file /home/airflow/.local/lib/python3.8/site-packages/airflow/example_dags/example_python_decorator.py for tasks to queue
[2026-03-11T15:12:09.862+0000] {logging_mixin.py:188} INFO - [2026-03-11T15:12:09.861+0000] {dagbag.py:538} INFO - Filling up the DagBag from /home/airflow/.local/lib/python3.8/site-packages/airflow/example_dags/example_python_decorator.py
[2026-03-11T15:12:09.901+0000] {processor.py:840} INFO - DAG(s) 'example_python_decorator' retrieved from /home/airflow/.local/lib/python3.8/site-packages/airflow/example_dags/example_python_decorator.py
[2026-03-11T15:12:09.956+0000] {logging_mixin.py:188} INFO - [2026-03-11T15:12:09.956+0000] {dag.py:3036} INFO - Sync 1 DAGs
[2026-03-11T15:12:09.983+0000] {logging_mixin.py:188} INFO - [2026-03-11T15:12:09.983+0000] {dag.py:3823} INFO - Setting next_dagrun for example_python_decorator to None, run_after=None
[2026-03-11T15:12:10.065+0000] {processor.py:183} INFO - Processing /home/airflow/.local/lib/python3.8/site-packages/airflow/example_dags/example_python_decorator.py took 0.217 seconds
[2026-03-11T15:12:40.137+0000] {processor.py:161} INFO - Started process (PID=429) to work on /home/airflow/.local/lib/python3.8/site-packages/airflow/example_dags/example_python_decorator.py
[2026-03-11T15:12:40.138+0000] {processor.py:830} INFO - Processing file /home/airflow/.local/lib/python3.8/site-packages/airflow/example_dags/example_python_decorator.py for tasks to queue
[2026-03-11T15:12:40.141+0000] {logging_mixin.py:188} INFO - [2026-03-11T15:12:40.140+0000] {dagbag.py:538} INFO - Filling up the DagBag from /home/airflow/.local/lib/python3.8/site-packages/airflow/example_dags/example_python_decorator.py
[2026-03-11T15:12:40.161+0000] {processor.py:840} INFO - DAG(s) 'example_python_decorator' retrieved from /home/airflow/.local/lib/python3.8/site-packages/airflow/example_dags/example_python_decorator.py
[2026-03-11T15:12:40.191+0000] {logging_mixin.py:188} INFO - [2026-03-11T15:12:40.191+0000] {dag.py:3036} INFO - Sync 1 DAGs
[2026-03-11T15:12:40.216+0000] {logging_mixin.py:188} INFO - [2026-03-11T15:12:40.216+0000] {dag.py:3823} INFO - Setting next_dagrun for example_python_decorator to None, run_after=None
[2026-03-11T15:12:40.286+0000] {processor.py:183} INFO - Processing /home/airflow/.local/lib/python3.8/site-packages/airflow/example_dags/example_python_decorator.py took 0.154 seconds
[2026-03-11T15:13:10.313+0000] {processor.py:161} INFO - Started process (PID=484) to work on /home/airflow/.local/lib/python3.8/site-packages/airflow/example_dags/example_python_decorator.py
[2026-03-11T15:13:10.315+0000] {processor.py:830} INFO - Processing file /home/airflow/.local/lib/python3.8/site-packages/airflow/example_dags/example_python_decorator.py for tasks to queue
[2026-03-11T15:13:10.317+0000] {logging_mixin.py:188} INFO - [2026-03-11T15:13:10.316+0000] {dagbag.py:538} INFO - Filling up the DagBag from /home/airflow/.local/lib/python3.8/site-packages/airflow/example_dags/example_python_decorator.py
[2026-03-11T15:13:10.332+0000] {processor.py:840} INFO - DAG(s) 'example_python_decorator' retrieved from /home/airflow/.local/lib/python3.8/site-packages/airflow/example_dags/example_python_decorator.py
[2026-03-11T15:13:10.356+0000] {logging_mixin.py:188} INFO - [2026-03-11T15:13:10.356+0000] {dag.py:3036} INFO - Sync 1 DAGs
[2026-03-11T15:13:10.371+0000] {logging_mixin.py:188} INFO - [2026-03-11T15:13:10.370+0000] {dag.py:3823} INFO - Setting next_dagrun for example_python_decorator to None, run_after=None
[2026-03-11T15:13:10.391+0000] {processor.py:183} INFO - Processing /home/airflow/.local/lib/python3.8/site-packages/airflow/example_dags/example_python_decorator.py took 0.082 seconds
[2026-03-11T15:13:40.426+0000] {processor.py:161} INFO - Started process (PID=540) to work on /home/airflow/.local/lib/python3.8/site-packages/airflow/example_dags/example_python_decorator.py
[2026-03-11T15:13:40.428+0000] {processor.py:830} INFO - Processing file /home/airflow/.local/lib/python3.8/site-packages/airflow/example_dags/example_python_decorator.py for tasks to queue
[2026-03-11T15:13:40.431+0000] {logging_mixin.py:188} INFO - [2026-03-11T15:13:40.430+0000] {dagbag.py:538} INFO - Filling up the DagBag from /home/airflow/.local/lib/python3.8/site-packages/airflow/example_dags/example_python_decorator.py
[2026-03-11T15:13:40.450+0000] {processor.py:840} INFO - DAG(s) 'example_python_decorator' retrieved from /home/airflow/.local/lib/python3.8/site-packages/airflow/example_dags/example_python_decorator.py
[2026-03-11T15:13:40.483+0000] {logging_mixin.py:188} INFO - [2026-03-11T15:13:40.483+0000] {dag.py:3036} INFO - Sync 1 DAGs
[2026-03-11T15:13:40.500+0000] {logging_mixin.py:188} INFO - [2026-03-11T15:13:40.499+0000] {dag.py:3823} INFO - Setting next_dagrun for example_python_decorator to None, run_after=None
[2026-03-11T15:13:40.523+0000] {processor.py:183} INFO - Processing /home/airflow/.local/lib/python3.8/site-packages/airflow/example_dags/example_python_decorator.py took 0.102 seconds
[2026-03-11T15:14:11.305+0000] {processor.py:161} INFO - Started process (PID=597) to work on /home/airflow/.local/lib/python3.8/site-packages/airflow/example_dags/example_python_decorator.py
[2026-03-11T15:14:11.308+0000] {processor.py:830} INFO - Processing file /home/airflow/.local/lib/python3.8/site-packages/airflow/example_dags/example_python_decorator.py for tasks to queue
[2026-03-11T15:14:11.316+0000] {logging_mixin.py:188} INFO - [2026-03-11T15:14:11.314+0000] {dagbag.py:538} INFO - Filling up the DagBag from /home/airflow/.local/lib/python3.8/site-packages/airflow/example_dags/example_python_decorator.py
[2026-03-11T15:14:11.351+0000] {processor.py:840} INFO - DAG(s) 'example_python_decorator' retrieved from /home/airflow/.local/lib/python3.8/site-packages/airflow/example_dags/example_python_decorator.py
[2026-03-11T15:14:11.411+0000] {logging_mixin.py:188} INFO - [2026-03-11T15:14:11.411+0000] {dag.py:3036} INFO - Sync 1 DAGs
[2026-03-11T15:14:11.612+0000] {logging_mixin.py:188} INFO - [2026-03-11T15:14:11.609+0000] {dag.py:3823} INFO - Setting next_dagrun for example_python_decorator to None, run_after=None
[2026-03-11T15:14:11.735+0000] {processor.py:183} INFO - Processing /home/airflow/.local/lib/python3.8/site-packages/airflow/example_dags/example_python_decorator.py took 0.443 seconds
[2026-03-11T15:14:42.525+0000] {processor.py:161} INFO - Started process (PID=653) to work on /home/airflow/.local/lib/python3.8/site-packages/airflow/example_dags/example_python_decorator.py
[2026-03-11T15:14:42.526+0000] {processor.py:830} INFO - Processing file /home/airflow/.local/lib/python3.8/site-packages/airflow/example_dags/example_python_decorator.py for tasks to queue
[2026-03-11T15:14:42.528+0000] {logging_mixin.py:188} INFO - [2026-03-11T15:14:42.528+0000] {dagbag.py:538} INFO - Filling up the DagBag from /home/airflow/.local/lib/python3.8/site-packages/airflow/example_dags/example_python_decorator.py
[2026-03-11T15:14:42.551+0000] {processor.py:840} INFO - DAG(s) 'example_python_decorator' retrieved from /home/airflow/.local/lib/python3.8/site-packages/airflow/example_dags/example_python_decorator.py
[2026-03-11T15:14:42.599+0000] {logging_mixin.py:188} INFO - [2026-03-11T15:14:42.598+0000] {dag.py:3036} INFO - Sync 1 DAGs
[2026-03-11T15:14:42.629+0000] {logging_mixin.py:188} INFO - [2026-03-11T15:14:42.629+0000] {dag.py:3823} INFO - Setting next_dagrun for example_python_decorator to None, run_after=None
[2026-03-11T15:14:42.676+0000] {processor.py:183} INFO - Processing /home/airflow/.local/lib/python3.8/site-packages/airflow/example_dags/example_python_decorator.py took 0.156 seconds
[2026-03-11T15:15:12.919+0000] {processor.py:161} INFO - Started process (PID=709) to work on /home/airflow/.local/lib/python3.8/site-packages/airflow/example_dags/example_python_decorator.py
[2026-03-11T15:15:12.920+0000] {processor.py:830} INFO - Processing file /home/airflow/.local/lib/python3.8/site-packages/airflow/example_dags/example_python_decorator.py for tasks to queue
[2026-03-11T15:15:12.923+0000] {logging_mixin.py:188} INFO - [2026-03-11T15:15:12.923+0000] {dagbag.py:538} INFO - Filling up the DagBag from /home/airflow/.local/lib/python3.8/site-packages/airflow/example_dags/example_python_decorator.py
[2026-03-11T15:15:12.951+0000] {processor.py:840} INFO - DAG(s) 'example_python_decorator' retrieved from /home/airflow/.local/lib/python3.8/site-packages/airflow/example_dags/example_python_decorator.py
[2026-03-11T15:15:12.997+0000] {logging_mixin.py:188} INFO - [2026-03-11T15:15:12.997+0000] {dag.py:3036} INFO - Sync 1 DAGs
[2026-03-11T15:15:13.021+0000] {logging_mixin.py:188} INFO - [2026-03-11T15:15:13.021+0000] {dag.py:3823} INFO - Setting next_dagrun for example_python_decorator to None, run_after=None
[2026-03-11T15:15:13.052+0000] {processor.py:183} INFO - Processing /home/airflow/.local/lib/python3.8/site-packages/airflow/example_dags/example_python_decorator.py took 0.140 seconds
[2026-03-11T15:15:43.165+0000] {processor.py:161} INFO - Started process (PID=765) to work on /home/airflow/.local/lib/python3.8/site-packages/airflow/example_dags/example_python_decorator.py
[2026-03-11T15:15:43.166+0000] {processor.py:830} INFO - Processing file /home/airflow/.local/lib/python3.8/site-packages/airflow/example_dags/example_python_decorator.py for tasks to queue
[2026-03-11T15:15:43.169+0000] {logging_mixin.py:188} INFO - [2026-03-11T15:15:43.168+0000] {dagbag.py:538} INFO - Filling up the DagBag from /home/airflow/.local/lib/python3.8/site-packages/airflow/example_dags/example_python_decorator.py
[2026-03-11T15:15:43.192+0000] {processor.py:840} INFO - DAG(s) 'example_python_decorator' retrieved from /home/airflow/.local/lib/python3.8/site-packages/airflow/example_dags/example_python_decorator.py
[2026-03-11T15:15:43.235+0000] {logging_mixin.py:188} INFO - [2026-03-11T15:15:43.235+0000] {dag.py:3036} INFO - Sync 1 DAGs
[2026-03-11T15:15:43.258+0000] {logging_mixin.py:188} INFO - [2026-03-11T15:15:43.257+0000] {dag.py:3823} INFO - Setting next_dagrun for example_python_decorator to None, run_after=None
[2026-03-11T15:15:43.309+0000] {processor.py:183} INFO - Processing /home/airflow/.local/lib/python3.8/site-packages/airflow/example_dags/example_python_decorator.py took 0.150 seconds
[2026-03-11T15:16:13.525+0000] {processor.py:161} INFO - Started process (PID=821) to work on /home/airflow/.local/lib/python3.8/site-packages/airflow/example_dags/example_python_decorator.py
[2026-03-11T15:16:13.527+0000] {processor.py:830} INFO - Processing file /home/airflow/.local/lib/python3.8/site-packages/airflow/example_dags/example_python_decorator.py for tasks to queue
[2026-03-11T15:16:13.531+0000] {logging_mixin.py:188} INFO - [2026-03-11T15:16:13.530+0000] {dagbag.py:538} INFO - Filling up the DagBag from /home/airflow/.local/lib/python3.8/site-packages/airflow/example_dags/example_python_decorator.py
[2026-03-11T15:16:13.552+0000] {processor.py:840} INFO - DAG(s) 'example_python_decorator' retrieved from /home/airflow/.local/lib/python3.8/site-packages/airflow/example_dags/example_python_decorator.py
[2026-03-11T15:16:13.584+0000] {logging_mixin.py:188} INFO - [2026-03-11T15:16:13.583+0000] {dag.py:3036} INFO - Sync 1 DAGs
[2026-03-11T15:16:13.598+0000] {logging_mixin.py:188} INFO - [2026-03-11T15:16:13.598+0000] {dag.py:3823} INFO - Setting next_dagrun for example_python_decorator to None, run_after=None
[2026-03-11T15:16:13.634+0000] {processor.py:183} INFO - Processing /home/airflow/.local/lib/python3.8/site-packages/airflow/example_dags/example_python_decorator.py took 0.115 seconds
[2026-03-11T15:16:43.668+0000] {processor.py:161} INFO - Started process (PID=877) to work on /home/airflow/.local/lib/python3.8/site-packages/airflow/example_dags/example_python_decorator.py
[2026-03-11T15:16:43.670+0000] {processor.py:830} INFO - Processing file /home/airflow/.local/lib/python3.8/site-packages/airflow/example_dags/example_python_decorator.py for tasks to queue
[2026-03-11T15:16:43.674+0000] {logging_mixin.py:188} INFO - [2026-03-11T15:16:43.674+0000] {dagbag.py:538} INFO - Filling up the DagBag from /home/airflow/.local/lib/python3.8/site-packages/airflow/example_dags/example_python_decorator.py
[2026-03-11T15:16:43.701+0000] {processor.py:840} INFO - DAG(s) 'example_python_decorator' retrieved from /home/airflow/.local/lib/python3.8/site-packages/airflow/example_dags/example_python_decorator.py
[2026-03-11T15:16:43.744+0000] {logging_mixin.py:188} INFO - [2026-03-11T15:16:43.743+0000] {dag.py:3036} INFO - Sync 1 DAGs
[2026-03-11T15:16:43.766+0000] {logging_mixin.py:188} INFO - [2026-03-11T15:16:43.766+0000] {dag.py:3823} INFO - Setting next_dagrun for example_python_decorator to None, run_after=None
[2026-03-11T15:16:43.794+0000] {processor.py:183} INFO - Processing /home/airflow/.local/lib/python3.8/site-packages/airflow/example_dags/example_python_decorator.py took 0.133 seconds
[2026-03-11T15:17:13.953+0000] {processor.py:161} INFO - Started process (PID=933) to work on /home/airflow/.local/lib/python3.8/site-packages/airflow/example_dags/example_python_decorator.py
[2026-03-11T15:17:13.954+0000] {processor.py:830} INFO - Processing file /home/airflow/.local/lib/python3.8/site-packages/airflow/example_dags/example_python_decorator.py for tasks to queue
[2026-03-11T15:17:13.958+0000] {logging_mixin.py:188} INFO - [2026-03-11T15:17:13.957+0000] {dagbag.py:538} INFO - Filling up the DagBag from /home/airflow/.local/lib/python3.8/site-packages/airflow/example_dags/example_python_decorator.py
[2026-03-11T15:17:13.980+0000] {processor.py:840} INFO - DAG(s) 'example_python_decorator' retrieved from /home/airflow/.local/lib/python3.8/site-packages/airflow/example_dags/example_python_decorator.py
[2026-03-11T15:17:14.022+0000] {logging_mixin.py:188} INFO - [2026-03-11T15:17:14.022+0000] {dag.py:3036} INFO - Sync 1 DAGs
[2026-03-11T15:17:14.040+0000] {logging_mixin.py:188} INFO - [2026-03-11T15:17:14.040+0000] {dag.py:3823} INFO - Setting next_dagrun for example_python_decorator to None, run_after=None
[2026-03-11T15:17:14.067+0000] {processor.py:183} INFO - Processing /home/airflow/.local/lib/python3.8/site-packages/airflow/example_dags/example_python_decorator.py took 0.120 seconds
[2026-03-11T15:17:44.095+0000] {processor.py:161} INFO - Started process (PID=989) to work on /home/airflow/.local/lib/python3.8/site-packages/airflow/example_dags/example_python_decorator.py
[2026-03-11T15:17:44.097+0000] {processor.py:830} INFO - Processing file /home/airflow/.local/lib/python3.8/site-packages/airflow/example_dags/example_python_decorator.py for tasks to queue
[2026-03-11T15:17:44.099+0000] {logging_mixin.py:188} INFO - [2026-03-11T15:17:44.099+0000] {dagbag.py:538} INFO - Filling up the DagBag from /home/airflow/.local/lib/python3.8/site-packages/airflow/example_dags/example_python_decorator.py
[2026-03-11T15:17:44.118+0000] {processor.py:840} INFO - DAG(s) 'example_python_decorator' retrieved from /home/airflow/.local/lib/python3.8/site-packages/airflow/example_dags/example_python_decorator.py
[2026-03-11T15:17:44.166+0000] {logging_mixin.py:188} INFO - [2026-03-11T15:17:44.165+0000] {dag.py:3036} INFO - Sync 1 DAGs
[2026-03-11T15:17:44.189+0000] {logging_mixin.py:188} INFO - [2026-03-11T15:17:44.189+0000] {dag.py:3823} INFO - Setting next_dagrun for example_python_decorator to None, run_after=None
[2026-03-11T15:17:44.227+0000] {processor.py:183} INFO - Processing /home/airflow/.local/lib/python3.8/site-packages/airflow/example_dags/example_python_decorator.py took 0.137 seconds
[2026-03-11T15:18:14.356+0000] {processor.py:161} INFO - Started process (PID=1045) to work on /home/airflow/.local/lib/python3.8/site-packages/airflow/example_dags/example_python_decorator.py
[2026-03-11T15:18:14.357+0000] {processor.py:830} INFO - Processing file /home/airflow/.local/lib/python3.8/site-packages/airflow/example_dags/example_python_decorator.py for tasks to queue
[2026-03-11T15:18:14.360+0000] {logging_mixin.py:188} INFO - [2026-03-11T15:18:14.360+0000] {dagbag.py:538} INFO - Filling up the DagBag from /home/airflow/.local/lib/python3.8/site-packages/airflow/example_dags/example_python_decorator.py
[2026-03-11T15:18:14.381+0000] {processor.py:840} INFO - DAG(s) 'example_python_decorator' retrieved from /home/airflow/.local/lib/python3.8/site-packages/airflow/example_dags/example_python_decorator.py
[2026-03-11T15:18:14.424+0000] {logging_mixin.py:188} INFO - [2026-03-11T15:18:14.424+0000] {dag.py:3036} INFO - Sync 1 DAGs
[2026-03-11T15:18:14.441+0000] {logging_mixin.py:188} INFO - [2026-03-11T15:18:14.441+0000] {dag.py:3823} INFO - Setting next_dagrun for example_python_decorator to None, run_after=None
[2026-03-11T15:18:14.475+0000] {processor.py:183} INFO - Processing /home/airflow/.local/lib/python3.8/site-packages/airflow/example_dags/example_python_decorator.py took 0.124 seconds
