[2026-03-11T15:09:38.103+0000] {processor.py:161} INFO - Started process (PID=103) to work on /home/airflow/.local/lib/python3.8/site-packages/airflow/example_dags/example_complex.py
[2026-03-11T15:09:38.108+0000] {processor.py:830} INFO - Processing file /home/airflow/.local/lib/python3.8/site-packages/airflow/example_dags/example_complex.py for tasks to queue
[2026-03-11T15:09:38.114+0000] {logging_mixin.py:188} INFO - [2026-03-11T15:09:38.113+0000] {dagbag.py:538} INFO - Filling up the DagBag from /home/airflow/.local/lib/python3.8/site-packages/airflow/example_dags/example_complex.py
[2026-03-11T15:09:38.152+0000] {processor.py:840} INFO - DAG(s) 'example_complex' retrieved from /home/airflow/.local/lib/python3.8/site-packages/airflow/example_dags/example_complex.py
[2026-03-11T15:09:38.381+0000] {logging_mixin.py:188} INFO - [2026-03-11T15:09:38.381+0000] {dag.py:3036} INFO - Sync 1 DAGs
[2026-03-11T15:09:38.397+0000] {logging_mixin.py:188} INFO - [2026-03-11T15:09:38.397+0000] {dag.py:3823} INFO - Setting next_dagrun for example_complex to None, run_after=None
[2026-03-11T15:09:38.438+0000] {processor.py:183} INFO - Processing /home/airflow/.local/lib/python3.8/site-packages/airflow/example_dags/example_complex.py took 0.349 seconds
[2026-03-11T15:10:08.477+0000] {processor.py:161} INFO - Started process (PID=159) to work on /home/airflow/.local/lib/python3.8/site-packages/airflow/example_dags/example_complex.py
[2026-03-11T15:10:08.479+0000] {processor.py:830} INFO - Processing file /home/airflow/.local/lib/python3.8/site-packages/airflow/example_dags/example_complex.py for tasks to queue
[2026-03-11T15:10:08.482+0000] {logging_mixin.py:188} INFO - [2026-03-11T15:10:08.481+0000] {dagbag.py:538} INFO - Filling up the DagBag from /home/airflow/.local/lib/python3.8/site-packages/airflow/example_dags/example_complex.py
[2026-03-11T15:10:08.506+0000] {processor.py:840} INFO - DAG(s) 'example_complex' retrieved from /home/airflow/.local/lib/python3.8/site-packages/airflow/example_dags/example_complex.py
[2026-03-11T15:10:08.559+0000] {logging_mixin.py:188} INFO - [2026-03-11T15:10:08.558+0000] {dag.py:3036} INFO - Sync 1 DAGs
[2026-03-11T15:10:08.572+0000] {logging_mixin.py:188} INFO - [2026-03-11T15:10:08.572+0000] {dag.py:3823} INFO - Setting next_dagrun for example_complex to None, run_after=None
[2026-03-11T15:10:08.592+0000] {processor.py:183} INFO - Processing /home/airflow/.local/lib/python3.8/site-packages/airflow/example_dags/example_complex.py took 0.119 seconds
[2026-03-11T15:10:39.552+0000] {processor.py:161} INFO - Started process (PID=215) to work on /home/airflow/.local/lib/python3.8/site-packages/airflow/example_dags/example_complex.py
[2026-03-11T15:10:39.554+0000] {processor.py:830} INFO - Processing file /home/airflow/.local/lib/python3.8/site-packages/airflow/example_dags/example_complex.py for tasks to queue
[2026-03-11T15:10:39.559+0000] {logging_mixin.py:188} INFO - [2026-03-11T15:10:39.558+0000] {dagbag.py:538} INFO - Filling up the DagBag from /home/airflow/.local/lib/python3.8/site-packages/airflow/example_dags/example_complex.py
[2026-03-11T15:10:39.584+0000] {processor.py:840} INFO - DAG(s) 'example_complex' retrieved from /home/airflow/.local/lib/python3.8/site-packages/airflow/example_dags/example_complex.py
[2026-03-11T15:10:39.629+0000] {logging_mixin.py:188} INFO - [2026-03-11T15:10:39.629+0000] {dag.py:3036} INFO - Sync 1 DAGs
[2026-03-11T15:10:39.647+0000] {logging_mixin.py:188} INFO - [2026-03-11T15:10:39.647+0000] {dag.py:3823} INFO - Setting next_dagrun for example_complex to None, run_after=None
[2026-03-11T15:10:39.672+0000] {processor.py:183} INFO - Processing /home/airflow/.local/lib/python3.8/site-packages/airflow/example_dags/example_complex.py took 0.133 seconds
[2026-03-11T15:11:10.122+0000] {processor.py:161} INFO - Started process (PID=271) to work on /home/airflow/.local/lib/python3.8/site-packages/airflow/example_dags/example_complex.py
[2026-03-11T15:11:10.124+0000] {processor.py:830} INFO - Processing file /home/airflow/.local/lib/python3.8/site-packages/airflow/example_dags/example_complex.py for tasks to queue
[2026-03-11T15:11:10.128+0000] {logging_mixin.py:188} INFO - [2026-03-11T15:11:10.128+0000] {dagbag.py:538} INFO - Filling up the DagBag from /home/airflow/.local/lib/python3.8/site-packages/airflow/example_dags/example_complex.py
[2026-03-11T15:11:10.146+0000] {processor.py:840} INFO - DAG(s) 'example_complex' retrieved from /home/airflow/.local/lib/python3.8/site-packages/airflow/example_dags/example_complex.py
[2026-03-11T15:11:10.182+0000] {logging_mixin.py:188} INFO - [2026-03-11T15:11:10.182+0000] {dag.py:3036} INFO - Sync 1 DAGs
[2026-03-11T15:11:10.197+0000] {logging_mixin.py:188} INFO - [2026-03-11T15:11:10.197+0000] {dag.py:3823} INFO - Setting next_dagrun for example_complex to None, run_after=None
[2026-03-11T15:11:10.225+0000] {processor.py:183} INFO - Processing /home/airflow/.local/lib/python3.8/site-packages/airflow/example_dags/example_complex.py took 0.108 seconds
[2026-03-11T15:11:40.390+0000] {processor.py:161} INFO - Started process (PID=327) to work on /home/airflow/.local/lib/python3.8/site-packages/airflow/example_dags/example_complex.py
[2026-03-11T15:11:40.392+0000] {processor.py:830} INFO - Processing file /home/airflow/.local/lib/python3.8/site-packages/airflow/example_dags/example_complex.py for tasks to queue
[2026-03-11T15:11:40.395+0000] {logging_mixin.py:188} INFO - [2026-03-11T15:11:40.394+0000] {dagbag.py:538} INFO - Filling up the DagBag from /home/airflow/.local/lib/python3.8/site-packages/airflow/example_dags/example_complex.py
[2026-03-11T15:11:40.412+0000] {processor.py:840} INFO - DAG(s) 'example_complex' retrieved from /home/airflow/.local/lib/python3.8/site-packages/airflow/example_dags/example_complex.py
[2026-03-11T15:11:40.458+0000] {logging_mixin.py:188} INFO - [2026-03-11T15:11:40.457+0000] {dag.py:3036} INFO - Sync 1 DAGs
[2026-03-11T15:11:40.479+0000] {logging_mixin.py:188} INFO - [2026-03-11T15:11:40.478+0000] {dag.py:3823} INFO - Setting next_dagrun for example_complex to None, run_after=None
[2026-03-11T15:11:40.507+0000] {processor.py:183} INFO - Processing /home/airflow/.local/lib/python3.8/site-packages/airflow/example_dags/example_complex.py took 0.122 seconds
[2026-03-11T15:12:11.472+0000] {processor.py:161} INFO - Started process (PID=383) to work on /home/airflow/.local/lib/python3.8/site-packages/airflow/example_dags/example_complex.py
[2026-03-11T15:12:11.476+0000] {processor.py:830} INFO - Processing file /home/airflow/.local/lib/python3.8/site-packages/airflow/example_dags/example_complex.py for tasks to queue
[2026-03-11T15:12:11.484+0000] {logging_mixin.py:188} INFO - [2026-03-11T15:12:11.481+0000] {dagbag.py:538} INFO - Filling up the DagBag from /home/airflow/.local/lib/python3.8/site-packages/airflow/example_dags/example_complex.py
[2026-03-11T15:12:11.519+0000] {processor.py:840} INFO - DAG(s) 'example_complex' retrieved from /home/airflow/.local/lib/python3.8/site-packages/airflow/example_dags/example_complex.py
[2026-03-11T15:12:11.611+0000] {logging_mixin.py:188} INFO - [2026-03-11T15:12:11.611+0000] {dag.py:3036} INFO - Sync 1 DAGs
[2026-03-11T15:12:11.675+0000] {logging_mixin.py:188} INFO - [2026-03-11T15:12:11.675+0000] {dag.py:3823} INFO - Setting next_dagrun for example_complex to None, run_after=None
[2026-03-11T15:12:11.791+0000] {processor.py:183} INFO - Processing /home/airflow/.local/lib/python3.8/site-packages/airflow/example_dags/example_complex.py took 0.332 seconds
[2026-03-11T15:12:42.206+0000] {processor.py:161} INFO - Started process (PID=439) to work on /home/airflow/.local/lib/python3.8/site-packages/airflow/example_dags/example_complex.py
[2026-03-11T15:12:42.210+0000] {processor.py:830} INFO - Processing file /home/airflow/.local/lib/python3.8/site-packages/airflow/example_dags/example_complex.py for tasks to queue
[2026-03-11T15:12:42.215+0000] {logging_mixin.py:188} INFO - [2026-03-11T15:12:42.214+0000] {dagbag.py:538} INFO - Filling up the DagBag from /home/airflow/.local/lib/python3.8/site-packages/airflow/example_dags/example_complex.py
[2026-03-11T15:12:42.257+0000] {processor.py:840} INFO - DAG(s) 'example_complex' retrieved from /home/airflow/.local/lib/python3.8/site-packages/airflow/example_dags/example_complex.py
[2026-03-11T15:12:42.370+0000] {logging_mixin.py:188} INFO - [2026-03-11T15:12:42.370+0000] {dag.py:3036} INFO - Sync 1 DAGs
[2026-03-11T15:12:42.405+0000] {logging_mixin.py:188} INFO - [2026-03-11T15:12:42.405+0000] {dag.py:3823} INFO - Setting next_dagrun for example_complex to None, run_after=None
[2026-03-11T15:12:42.443+0000] {processor.py:183} INFO - Processing /home/airflow/.local/lib/python3.8/site-packages/airflow/example_dags/example_complex.py took 0.249 seconds
[2026-03-11T15:13:13.169+0000] {processor.py:161} INFO - Started process (PID=495) to work on /home/airflow/.local/lib/python3.8/site-packages/airflow/example_dags/example_complex.py
[2026-03-11T15:13:13.170+0000] {processor.py:830} INFO - Processing file /home/airflow/.local/lib/python3.8/site-packages/airflow/example_dags/example_complex.py for tasks to queue
[2026-03-11T15:13:13.173+0000] {logging_mixin.py:188} INFO - [2026-03-11T15:13:13.172+0000] {dagbag.py:538} INFO - Filling up the DagBag from /home/airflow/.local/lib/python3.8/site-packages/airflow/example_dags/example_complex.py
[2026-03-11T15:13:13.231+0000] {processor.py:840} INFO - DAG(s) 'example_complex' retrieved from /home/airflow/.local/lib/python3.8/site-packages/airflow/example_dags/example_complex.py
[2026-03-11T15:13:13.280+0000] {logging_mixin.py:188} INFO - [2026-03-11T15:13:13.279+0000] {dag.py:3036} INFO - Sync 1 DAGs
[2026-03-11T15:13:13.295+0000] {logging_mixin.py:188} INFO - [2026-03-11T15:13:13.294+0000] {dag.py:3823} INFO - Setting next_dagrun for example_complex to None, run_after=None
[2026-03-11T15:13:13.317+0000] {processor.py:183} INFO - Processing /home/airflow/.local/lib/python3.8/site-packages/airflow/example_dags/example_complex.py took 0.153 seconds
[2026-03-11T15:13:43.371+0000] {processor.py:161} INFO - Started process (PID=551) to work on /home/airflow/.local/lib/python3.8/site-packages/airflow/example_dags/example_complex.py
[2026-03-11T15:13:43.372+0000] {processor.py:830} INFO - Processing file /home/airflow/.local/lib/python3.8/site-packages/airflow/example_dags/example_complex.py for tasks to queue
[2026-03-11T15:13:43.375+0000] {logging_mixin.py:188} INFO - [2026-03-11T15:13:43.375+0000] {dagbag.py:538} INFO - Filling up the DagBag from /home/airflow/.local/lib/python3.8/site-packages/airflow/example_dags/example_complex.py
[2026-03-11T15:13:43.391+0000] {processor.py:840} INFO - DAG(s) 'example_complex' retrieved from /home/airflow/.local/lib/python3.8/site-packages/airflow/example_dags/example_complex.py
[2026-03-11T15:13:43.430+0000] {logging_mixin.py:188} INFO - [2026-03-11T15:13:43.429+0000] {dag.py:3036} INFO - Sync 1 DAGs
[2026-03-11T15:13:43.446+0000] {logging_mixin.py:188} INFO - [2026-03-11T15:13:43.445+0000] {dag.py:3823} INFO - Setting next_dagrun for example_complex to None, run_after=None
[2026-03-11T15:13:43.471+0000] {processor.py:183} INFO - Processing /home/airflow/.local/lib/python3.8/site-packages/airflow/example_dags/example_complex.py took 0.105 seconds
[2026-03-11T15:14:13.935+0000] {processor.py:161} INFO - Started process (PID=607) to work on /home/airflow/.local/lib/python3.8/site-packages/airflow/example_dags/example_complex.py
[2026-03-11T15:14:13.937+0000] {processor.py:830} INFO - Processing file /home/airflow/.local/lib/python3.8/site-packages/airflow/example_dags/example_complex.py for tasks to queue
[2026-03-11T15:14:13.940+0000] {logging_mixin.py:188} INFO - [2026-03-11T15:14:13.939+0000] {dagbag.py:538} INFO - Filling up the DagBag from /home/airflow/.local/lib/python3.8/site-packages/airflow/example_dags/example_complex.py
[2026-03-11T15:14:13.965+0000] {processor.py:840} INFO - DAG(s) 'example_complex' retrieved from /home/airflow/.local/lib/python3.8/site-packages/airflow/example_dags/example_complex.py
[2026-03-11T15:14:14.084+0000] {logging_mixin.py:188} INFO - [2026-03-11T15:14:14.084+0000] {dag.py:3036} INFO - Sync 1 DAGs
[2026-03-11T15:14:14.105+0000] {logging_mixin.py:188} INFO - [2026-03-11T15:14:14.105+0000] {dag.py:3823} INFO - Setting next_dagrun for example_complex to None, run_after=None
[2026-03-11T15:14:14.138+0000] {processor.py:183} INFO - Processing /home/airflow/.local/lib/python3.8/site-packages/airflow/example_dags/example_complex.py took 0.210 seconds
[2026-03-11T15:14:44.478+0000] {processor.py:161} INFO - Started process (PID=663) to work on /home/airflow/.local/lib/python3.8/site-packages/airflow/example_dags/example_complex.py
[2026-03-11T15:14:44.479+0000] {processor.py:830} INFO - Processing file /home/airflow/.local/lib/python3.8/site-packages/airflow/example_dags/example_complex.py for tasks to queue
[2026-03-11T15:14:44.481+0000] {logging_mixin.py:188} INFO - [2026-03-11T15:14:44.481+0000] {dagbag.py:538} INFO - Filling up the DagBag from /home/airflow/.local/lib/python3.8/site-packages/airflow/example_dags/example_complex.py
[2026-03-11T15:14:44.493+0000] {processor.py:840} INFO - DAG(s) 'example_complex' retrieved from /home/airflow/.local/lib/python3.8/site-packages/airflow/example_dags/example_complex.py
[2026-03-11T15:14:44.525+0000] {logging_mixin.py:188} INFO - [2026-03-11T15:14:44.525+0000] {dag.py:3036} INFO - Sync 1 DAGs
[2026-03-11T15:14:44.540+0000] {logging_mixin.py:188} INFO - [2026-03-11T15:14:44.540+0000] {dag.py:3823} INFO - Setting next_dagrun for example_complex to None, run_after=None
[2026-03-11T15:14:44.566+0000] {processor.py:183} INFO - Processing /home/airflow/.local/lib/python3.8/site-packages/airflow/example_dags/example_complex.py took 0.091 seconds
[2026-03-11T15:15:14.756+0000] {processor.py:161} INFO - Started process (PID=719) to work on /home/airflow/.local/lib/python3.8/site-packages/airflow/example_dags/example_complex.py
[2026-03-11T15:15:14.758+0000] {processor.py:830} INFO - Processing file /home/airflow/.local/lib/python3.8/site-packages/airflow/example_dags/example_complex.py for tasks to queue
[2026-03-11T15:15:14.761+0000] {logging_mixin.py:188} INFO - [2026-03-11T15:15:14.760+0000] {dagbag.py:538} INFO - Filling up the DagBag from /home/airflow/.local/lib/python3.8/site-packages/airflow/example_dags/example_complex.py
[2026-03-11T15:15:14.779+0000] {processor.py:840} INFO - DAG(s) 'example_complex' retrieved from /home/airflow/.local/lib/python3.8/site-packages/airflow/example_dags/example_complex.py
[2026-03-11T15:15:14.825+0000] {logging_mixin.py:188} INFO - [2026-03-11T15:15:14.824+0000] {dag.py:3036} INFO - Sync 1 DAGs
[2026-03-11T15:15:14.843+0000] {logging_mixin.py:188} INFO - [2026-03-11T15:15:14.842+0000] {dag.py:3823} INFO - Setting next_dagrun for example_complex to None, run_after=None
[2026-03-11T15:15:14.874+0000] {processor.py:183} INFO - Processing /home/airflow/.local/lib/python3.8/site-packages/airflow/example_dags/example_complex.py took 0.123 seconds
[2026-03-11T15:15:44.919+0000] {processor.py:161} INFO - Started process (PID=775) to work on /home/airflow/.local/lib/python3.8/site-packages/airflow/example_dags/example_complex.py
[2026-03-11T15:15:44.920+0000] {processor.py:830} INFO - Processing file /home/airflow/.local/lib/python3.8/site-packages/airflow/example_dags/example_complex.py for tasks to queue
[2026-03-11T15:15:44.923+0000] {logging_mixin.py:188} INFO - [2026-03-11T15:15:44.922+0000] {dagbag.py:538} INFO - Filling up the DagBag from /home/airflow/.local/lib/python3.8/site-packages/airflow/example_dags/example_complex.py
[2026-03-11T15:15:44.938+0000] {processor.py:840} INFO - DAG(s) 'example_complex' retrieved from /home/airflow/.local/lib/python3.8/site-packages/airflow/example_dags/example_complex.py
[2026-03-11T15:15:44.979+0000] {logging_mixin.py:188} INFO - [2026-03-11T15:15:44.979+0000] {dag.py:3036} INFO - Sync 1 DAGs
[2026-03-11T15:15:44.996+0000] {logging_mixin.py:188} INFO - [2026-03-11T15:15:44.995+0000] {dag.py:3823} INFO - Setting next_dagrun for example_complex to None, run_after=None
[2026-03-11T15:15:45.021+0000] {processor.py:183} INFO - Processing /home/airflow/.local/lib/python3.8/site-packages/airflow/example_dags/example_complex.py took 0.107 seconds
[2026-03-11T15:16:15.169+0000] {processor.py:161} INFO - Started process (PID=831) to work on /home/airflow/.local/lib/python3.8/site-packages/airflow/example_dags/example_complex.py
[2026-03-11T15:16:15.170+0000] {processor.py:830} INFO - Processing file /home/airflow/.local/lib/python3.8/site-packages/airflow/example_dags/example_complex.py for tasks to queue
[2026-03-11T15:16:15.172+0000] {logging_mixin.py:188} INFO - [2026-03-11T15:16:15.172+0000] {dagbag.py:538} INFO - Filling up the DagBag from /home/airflow/.local/lib/python3.8/site-packages/airflow/example_dags/example_complex.py
[2026-03-11T15:16:15.185+0000] {processor.py:840} INFO - DAG(s) 'example_complex' retrieved from /home/airflow/.local/lib/python3.8/site-packages/airflow/example_dags/example_complex.py
[2026-03-11T15:16:15.220+0000] {logging_mixin.py:188} INFO - [2026-03-11T15:16:15.220+0000] {dag.py:3036} INFO - Sync 1 DAGs
[2026-03-11T15:16:15.235+0000] {logging_mixin.py:188} INFO - [2026-03-11T15:16:15.235+0000] {dag.py:3823} INFO - Setting next_dagrun for example_complex to None, run_after=None
[2026-03-11T15:16:15.256+0000] {processor.py:183} INFO - Processing /home/airflow/.local/lib/python3.8/site-packages/airflow/example_dags/example_complex.py took 0.092 seconds
[2026-03-11T15:16:45.453+0000] {processor.py:161} INFO - Started process (PID=887) to work on /home/airflow/.local/lib/python3.8/site-packages/airflow/example_dags/example_complex.py
[2026-03-11T15:16:45.454+0000] {processor.py:830} INFO - Processing file /home/airflow/.local/lib/python3.8/site-packages/airflow/example_dags/example_complex.py for tasks to queue
[2026-03-11T15:16:45.457+0000] {logging_mixin.py:188} INFO - [2026-03-11T15:16:45.457+0000] {dagbag.py:538} INFO - Filling up the DagBag from /home/airflow/.local/lib/python3.8/site-packages/airflow/example_dags/example_complex.py
[2026-03-11T15:16:45.473+0000] {processor.py:840} INFO - DAG(s) 'example_complex' retrieved from /home/airflow/.local/lib/python3.8/site-packages/airflow/example_dags/example_complex.py
[2026-03-11T15:16:45.527+0000] {logging_mixin.py:188} INFO - [2026-03-11T15:16:45.526+0000] {dag.py:3036} INFO - Sync 1 DAGs
[2026-03-11T15:16:45.557+0000] {logging_mixin.py:188} INFO - [2026-03-11T15:16:45.556+0000] {dag.py:3823} INFO - Setting next_dagrun for example_complex to None, run_after=None
[2026-03-11T15:16:45.596+0000] {processor.py:183} INFO - Processing /home/airflow/.local/lib/python3.8/site-packages/airflow/example_dags/example_complex.py took 0.149 seconds
[2026-03-11T15:17:15.632+0000] {processor.py:161} INFO - Started process (PID=943) to work on /home/airflow/.local/lib/python3.8/site-packages/airflow/example_dags/example_complex.py
[2026-03-11T15:17:15.633+0000] {processor.py:830} INFO - Processing file /home/airflow/.local/lib/python3.8/site-packages/airflow/example_dags/example_complex.py for tasks to queue
[2026-03-11T15:17:15.636+0000] {logging_mixin.py:188} INFO - [2026-03-11T15:17:15.636+0000] {dagbag.py:538} INFO - Filling up the DagBag from /home/airflow/.local/lib/python3.8/site-packages/airflow/example_dags/example_complex.py
[2026-03-11T15:17:15.650+0000] {processor.py:840} INFO - DAG(s) 'example_complex' retrieved from /home/airflow/.local/lib/python3.8/site-packages/airflow/example_dags/example_complex.py
[2026-03-11T15:17:15.684+0000] {logging_mixin.py:188} INFO - [2026-03-11T15:17:15.684+0000] {dag.py:3036} INFO - Sync 1 DAGs
[2026-03-11T15:17:15.697+0000] {logging_mixin.py:188} INFO - [2026-03-11T15:17:15.697+0000] {dag.py:3823} INFO - Setting next_dagrun for example_complex to None, run_after=None
[2026-03-11T15:17:15.717+0000] {processor.py:183} INFO - Processing /home/airflow/.local/lib/python3.8/site-packages/airflow/example_dags/example_complex.py took 0.089 seconds
[2026-03-11T15:17:45.896+0000] {processor.py:161} INFO - Started process (PID=999) to work on /home/airflow/.local/lib/python3.8/site-packages/airflow/example_dags/example_complex.py
[2026-03-11T15:17:45.898+0000] {processor.py:830} INFO - Processing file /home/airflow/.local/lib/python3.8/site-packages/airflow/example_dags/example_complex.py for tasks to queue
[2026-03-11T15:17:45.902+0000] {logging_mixin.py:188} INFO - [2026-03-11T15:17:45.901+0000] {dagbag.py:538} INFO - Filling up the DagBag from /home/airflow/.local/lib/python3.8/site-packages/airflow/example_dags/example_complex.py
[2026-03-11T15:17:45.919+0000] {processor.py:840} INFO - DAG(s) 'example_complex' retrieved from /home/airflow/.local/lib/python3.8/site-packages/airflow/example_dags/example_complex.py
[2026-03-11T15:17:45.966+0000] {logging_mixin.py:188} INFO - [2026-03-11T15:17:45.966+0000] {dag.py:3036} INFO - Sync 1 DAGs
[2026-03-11T15:17:45.985+0000] {logging_mixin.py:188} INFO - [2026-03-11T15:17:45.985+0000] {dag.py:3823} INFO - Setting next_dagrun for example_complex to None, run_after=None
[2026-03-11T15:17:46.017+0000] {processor.py:183} INFO - Processing /home/airflow/.local/lib/python3.8/site-packages/airflow/example_dags/example_complex.py took 0.125 seconds
[2026-03-11T15:18:16.077+0000] {processor.py:161} INFO - Started process (PID=1055) to work on /home/airflow/.local/lib/python3.8/site-packages/airflow/example_dags/example_complex.py
[2026-03-11T15:18:16.078+0000] {processor.py:830} INFO - Processing file /home/airflow/.local/lib/python3.8/site-packages/airflow/example_dags/example_complex.py for tasks to queue
[2026-03-11T15:18:16.080+0000] {logging_mixin.py:188} INFO - [2026-03-11T15:18:16.080+0000] {dagbag.py:538} INFO - Filling up the DagBag from /home/airflow/.local/lib/python3.8/site-packages/airflow/example_dags/example_complex.py
[2026-03-11T15:18:16.092+0000] {processor.py:840} INFO - DAG(s) 'example_complex' retrieved from /home/airflow/.local/lib/python3.8/site-packages/airflow/example_dags/example_complex.py
[2026-03-11T15:18:16.124+0000] {logging_mixin.py:188} INFO - [2026-03-11T15:18:16.124+0000] {dag.py:3036} INFO - Sync 1 DAGs
[2026-03-11T15:18:16.137+0000] {logging_mixin.py:188} INFO - [2026-03-11T15:18:16.137+0000] {dag.py:3823} INFO - Setting next_dagrun for example_complex to None, run_after=None
[2026-03-11T15:18:16.158+0000] {processor.py:183} INFO - Processing /home/airflow/.local/lib/python3.8/site-packages/airflow/example_dags/example_complex.py took 0.084 seconds
