[2026-03-11T15:09:34.738+0000] {processor.py:161} INFO - Started process (PID=89) to work on /home/airflow/.local/lib/python3.8/site-packages/airflow/example_dags/example_short_circuit_operator.py
[2026-03-11T15:09:34.741+0000] {processor.py:830} INFO - Processing file /home/airflow/.local/lib/python3.8/site-packages/airflow/example_dags/example_short_circuit_operator.py for tasks to queue
[2026-03-11T15:09:34.746+0000] {logging_mixin.py:188} INFO - [2026-03-11T15:09:34.745+0000] {dagbag.py:538} INFO - Filling up the DagBag from /home/airflow/.local/lib/python3.8/site-packages/airflow/example_dags/example_short_circuit_operator.py
[2026-03-11T15:09:34.774+0000] {processor.py:840} INFO - DAG(s) 'example_short_circuit_operator' retrieved from /home/airflow/.local/lib/python3.8/site-packages/airflow/example_dags/example_short_circuit_operator.py
[2026-03-11T15:09:35.021+0000] {logging_mixin.py:188} INFO - [2026-03-11T15:09:35.021+0000] {dag.py:3036} INFO - Sync 1 DAGs
[2026-03-11T15:09:35.079+0000] {logging_mixin.py:188} INFO - [2026-03-11T15:09:35.079+0000] {dag.py:3823} INFO - Setting next_dagrun for example_short_circuit_operator to 2026-03-10 00:00:00+00:00, run_after=2026-03-11 00:00:00+00:00
[2026-03-11T15:09:35.117+0000] {processor.py:183} INFO - Processing /home/airflow/.local/lib/python3.8/site-packages/airflow/example_dags/example_short_circuit_operator.py took 0.386 seconds
[2026-03-11T15:10:06.482+0000] {processor.py:161} INFO - Started process (PID=145) to work on /home/airflow/.local/lib/python3.8/site-packages/airflow/example_dags/example_short_circuit_operator.py
[2026-03-11T15:10:06.484+0000] {processor.py:830} INFO - Processing file /home/airflow/.local/lib/python3.8/site-packages/airflow/example_dags/example_short_circuit_operator.py for tasks to queue
[2026-03-11T15:10:06.486+0000] {logging_mixin.py:188} INFO - [2026-03-11T15:10:06.486+0000] {dagbag.py:538} INFO - Filling up the DagBag from /home/airflow/.local/lib/python3.8/site-packages/airflow/example_dags/example_short_circuit_operator.py
[2026-03-11T15:10:06.501+0000] {processor.py:840} INFO - DAG(s) 'example_short_circuit_operator' retrieved from /home/airflow/.local/lib/python3.8/site-packages/airflow/example_dags/example_short_circuit_operator.py
[2026-03-11T15:10:06.539+0000] {logging_mixin.py:188} INFO - [2026-03-11T15:10:06.539+0000] {dag.py:3036} INFO - Sync 1 DAGs
[2026-03-11T15:10:06.570+0000] {logging_mixin.py:188} INFO - [2026-03-11T15:10:06.570+0000] {dag.py:3823} INFO - Setting next_dagrun for example_short_circuit_operator to 2026-03-10 00:00:00+00:00, run_after=2026-03-11 00:00:00+00:00
[2026-03-11T15:10:06.590+0000] {processor.py:183} INFO - Processing /home/airflow/.local/lib/python3.8/site-packages/airflow/example_dags/example_short_circuit_operator.py took 0.119 seconds
[2026-03-11T15:10:37.446+0000] {processor.py:161} INFO - Started process (PID=201) to work on /home/airflow/.local/lib/python3.8/site-packages/airflow/example_dags/example_short_circuit_operator.py
[2026-03-11T15:10:37.448+0000] {processor.py:830} INFO - Processing file /home/airflow/.local/lib/python3.8/site-packages/airflow/example_dags/example_short_circuit_operator.py for tasks to queue
[2026-03-11T15:10:37.451+0000] {logging_mixin.py:188} INFO - [2026-03-11T15:10:37.451+0000] {dagbag.py:538} INFO - Filling up the DagBag from /home/airflow/.local/lib/python3.8/site-packages/airflow/example_dags/example_short_circuit_operator.py
[2026-03-11T15:10:37.465+0000] {processor.py:840} INFO - DAG(s) 'example_short_circuit_operator' retrieved from /home/airflow/.local/lib/python3.8/site-packages/airflow/example_dags/example_short_circuit_operator.py
[2026-03-11T15:10:37.505+0000] {logging_mixin.py:188} INFO - [2026-03-11T15:10:37.505+0000] {dag.py:3036} INFO - Sync 1 DAGs
[2026-03-11T15:10:37.541+0000] {logging_mixin.py:188} INFO - [2026-03-11T15:10:37.541+0000] {dag.py:3823} INFO - Setting next_dagrun for example_short_circuit_operator to 2026-03-10 00:00:00+00:00, run_after=2026-03-11 00:00:00+00:00
[2026-03-11T15:10:37.579+0000] {processor.py:183} INFO - Processing /home/airflow/.local/lib/python3.8/site-packages/airflow/example_dags/example_short_circuit_operator.py took 0.140 seconds
[2026-03-11T15:11:08.194+0000] {processor.py:161} INFO - Started process (PID=257) to work on /home/airflow/.local/lib/python3.8/site-packages/airflow/example_dags/example_short_circuit_operator.py
[2026-03-11T15:11:08.196+0000] {processor.py:830} INFO - Processing file /home/airflow/.local/lib/python3.8/site-packages/airflow/example_dags/example_short_circuit_operator.py for tasks to queue
[2026-03-11T15:11:08.200+0000] {logging_mixin.py:188} INFO - [2026-03-11T15:11:08.199+0000] {dagbag.py:538} INFO - Filling up the DagBag from /home/airflow/.local/lib/python3.8/site-packages/airflow/example_dags/example_short_circuit_operator.py
[2026-03-11T15:11:08.212+0000] {processor.py:840} INFO - DAG(s) 'example_short_circuit_operator' retrieved from /home/airflow/.local/lib/python3.8/site-packages/airflow/example_dags/example_short_circuit_operator.py
[2026-03-11T15:11:08.251+0000] {logging_mixin.py:188} INFO - [2026-03-11T15:11:08.251+0000] {dag.py:3036} INFO - Sync 1 DAGs
[2026-03-11T15:11:08.288+0000] {logging_mixin.py:188} INFO - [2026-03-11T15:11:08.287+0000] {dag.py:3823} INFO - Setting next_dagrun for example_short_circuit_operator to 2026-03-10 00:00:00+00:00, run_after=2026-03-11 00:00:00+00:00
[2026-03-11T15:11:08.319+0000] {processor.py:183} INFO - Processing /home/airflow/.local/lib/python3.8/site-packages/airflow/example_dags/example_short_circuit_operator.py took 0.131 seconds
[2026-03-11T15:11:38.452+0000] {processor.py:161} INFO - Started process (PID=313) to work on /home/airflow/.local/lib/python3.8/site-packages/airflow/example_dags/example_short_circuit_operator.py
[2026-03-11T15:11:38.454+0000] {processor.py:830} INFO - Processing file /home/airflow/.local/lib/python3.8/site-packages/airflow/example_dags/example_short_circuit_operator.py for tasks to queue
[2026-03-11T15:11:38.458+0000] {logging_mixin.py:188} INFO - [2026-03-11T15:11:38.457+0000] {dagbag.py:538} INFO - Filling up the DagBag from /home/airflow/.local/lib/python3.8/site-packages/airflow/example_dags/example_short_circuit_operator.py
[2026-03-11T15:11:38.469+0000] {processor.py:840} INFO - DAG(s) 'example_short_circuit_operator' retrieved from /home/airflow/.local/lib/python3.8/site-packages/airflow/example_dags/example_short_circuit_operator.py
[2026-03-11T15:11:38.505+0000] {logging_mixin.py:188} INFO - [2026-03-11T15:11:38.505+0000] {dag.py:3036} INFO - Sync 1 DAGs
[2026-03-11T15:11:38.536+0000] {logging_mixin.py:188} INFO - [2026-03-11T15:11:38.536+0000] {dag.py:3823} INFO - Setting next_dagrun for example_short_circuit_operator to 2026-03-10 00:00:00+00:00, run_after=2026-03-11 00:00:00+00:00
[2026-03-11T15:11:38.564+0000] {processor.py:183} INFO - Processing /home/airflow/.local/lib/python3.8/site-packages/airflow/example_dags/example_short_circuit_operator.py took 0.120 seconds
[2026-03-11T15:12:09.409+0000] {processor.py:161} INFO - Started process (PID=369) to work on /home/airflow/.local/lib/python3.8/site-packages/airflow/example_dags/example_short_circuit_operator.py
[2026-03-11T15:12:09.412+0000] {processor.py:830} INFO - Processing file /home/airflow/.local/lib/python3.8/site-packages/airflow/example_dags/example_short_circuit_operator.py for tasks to queue
[2026-03-11T15:12:09.416+0000] {logging_mixin.py:188} INFO - [2026-03-11T15:12:09.416+0000] {dagbag.py:538} INFO - Filling up the DagBag from /home/airflow/.local/lib/python3.8/site-packages/airflow/example_dags/example_short_circuit_operator.py
[2026-03-11T15:12:09.432+0000] {processor.py:840} INFO - DAG(s) 'example_short_circuit_operator' retrieved from /home/airflow/.local/lib/python3.8/site-packages/airflow/example_dags/example_short_circuit_operator.py
[2026-03-11T15:12:09.491+0000] {logging_mixin.py:188} INFO - [2026-03-11T15:12:09.491+0000] {dag.py:3036} INFO - Sync 1 DAGs
[2026-03-11T15:12:09.556+0000] {logging_mixin.py:188} INFO - [2026-03-11T15:12:09.556+0000] {dag.py:3823} INFO - Setting next_dagrun for example_short_circuit_operator to 2026-03-10 00:00:00+00:00, run_after=2026-03-11 00:00:00+00:00
[2026-03-11T15:12:09.607+0000] {processor.py:183} INFO - Processing /home/airflow/.local/lib/python3.8/site-packages/airflow/example_dags/example_short_circuit_operator.py took 0.206 seconds
[2026-03-11T15:12:39.883+0000] {processor.py:161} INFO - Started process (PID=425) to work on /home/airflow/.local/lib/python3.8/site-packages/airflow/example_dags/example_short_circuit_operator.py
[2026-03-11T15:12:39.884+0000] {processor.py:830} INFO - Processing file /home/airflow/.local/lib/python3.8/site-packages/airflow/example_dags/example_short_circuit_operator.py for tasks to queue
[2026-03-11T15:12:39.887+0000] {logging_mixin.py:188} INFO - [2026-03-11T15:12:39.886+0000] {dagbag.py:538} INFO - Filling up the DagBag from /home/airflow/.local/lib/python3.8/site-packages/airflow/example_dags/example_short_circuit_operator.py
[2026-03-11T15:12:39.900+0000] {processor.py:840} INFO - DAG(s) 'example_short_circuit_operator' retrieved from /home/airflow/.local/lib/python3.8/site-packages/airflow/example_dags/example_short_circuit_operator.py
[2026-03-11T15:12:39.941+0000] {logging_mixin.py:188} INFO - [2026-03-11T15:12:39.941+0000] {dag.py:3036} INFO - Sync 1 DAGs
[2026-03-11T15:12:39.972+0000] {logging_mixin.py:188} INFO - [2026-03-11T15:12:39.971+0000] {dag.py:3823} INFO - Setting next_dagrun for example_short_circuit_operator to 2026-03-10 00:00:00+00:00, run_after=2026-03-11 00:00:00+00:00
[2026-03-11T15:12:39.996+0000] {processor.py:183} INFO - Processing /home/airflow/.local/lib/python3.8/site-packages/airflow/example_dags/example_short_circuit_operator.py took 0.119 seconds
[2026-03-11T15:13:10.084+0000] {processor.py:161} INFO - Started process (PID=481) to work on /home/airflow/.local/lib/python3.8/site-packages/airflow/example_dags/example_short_circuit_operator.py
[2026-03-11T15:13:10.085+0000] {processor.py:830} INFO - Processing file /home/airflow/.local/lib/python3.8/site-packages/airflow/example_dags/example_short_circuit_operator.py for tasks to queue
[2026-03-11T15:13:10.087+0000] {logging_mixin.py:188} INFO - [2026-03-11T15:13:10.087+0000] {dagbag.py:538} INFO - Filling up the DagBag from /home/airflow/.local/lib/python3.8/site-packages/airflow/example_dags/example_short_circuit_operator.py
[2026-03-11T15:13:10.100+0000] {processor.py:840} INFO - DAG(s) 'example_short_circuit_operator' retrieved from /home/airflow/.local/lib/python3.8/site-packages/airflow/example_dags/example_short_circuit_operator.py
[2026-03-11T15:13:10.132+0000] {logging_mixin.py:188} INFO - [2026-03-11T15:13:10.132+0000] {dag.py:3036} INFO - Sync 1 DAGs
[2026-03-11T15:13:10.161+0000] {logging_mixin.py:188} INFO - [2026-03-11T15:13:10.161+0000] {dag.py:3823} INFO - Setting next_dagrun for example_short_circuit_operator to 2026-03-10 00:00:00+00:00, run_after=2026-03-11 00:00:00+00:00
[2026-03-11T15:13:10.191+0000] {processor.py:183} INFO - Processing /home/airflow/.local/lib/python3.8/site-packages/airflow/example_dags/example_short_circuit_operator.py took 0.112 seconds
[2026-03-11T15:13:40.248+0000] {processor.py:161} INFO - Started process (PID=537) to work on /home/airflow/.local/lib/python3.8/site-packages/airflow/example_dags/example_short_circuit_operator.py
[2026-03-11T15:13:40.250+0000] {processor.py:830} INFO - Processing file /home/airflow/.local/lib/python3.8/site-packages/airflow/example_dags/example_short_circuit_operator.py for tasks to queue
[2026-03-11T15:13:40.254+0000] {logging_mixin.py:188} INFO - [2026-03-11T15:13:40.253+0000] {dagbag.py:538} INFO - Filling up the DagBag from /home/airflow/.local/lib/python3.8/site-packages/airflow/example_dags/example_short_circuit_operator.py
[2026-03-11T15:13:40.265+0000] {processor.py:840} INFO - DAG(s) 'example_short_circuit_operator' retrieved from /home/airflow/.local/lib/python3.8/site-packages/airflow/example_dags/example_short_circuit_operator.py
[2026-03-11T15:13:40.298+0000] {logging_mixin.py:188} INFO - [2026-03-11T15:13:40.298+0000] {dag.py:3036} INFO - Sync 1 DAGs
[2026-03-11T15:13:40.329+0000] {logging_mixin.py:188} INFO - [2026-03-11T15:13:40.329+0000] {dag.py:3823} INFO - Setting next_dagrun for example_short_circuit_operator to 2026-03-10 00:00:00+00:00, run_after=2026-03-11 00:00:00+00:00
[2026-03-11T15:13:40.359+0000] {processor.py:183} INFO - Processing /home/airflow/.local/lib/python3.8/site-packages/airflow/example_dags/example_short_circuit_operator.py took 0.116 seconds
[2026-03-11T15:14:10.835+0000] {processor.py:161} INFO - Started process (PID=593) to work on /home/airflow/.local/lib/python3.8/site-packages/airflow/example_dags/example_short_circuit_operator.py
[2026-03-11T15:14:10.838+0000] {processor.py:830} INFO - Processing file /home/airflow/.local/lib/python3.8/site-packages/airflow/example_dags/example_short_circuit_operator.py for tasks to queue
[2026-03-11T15:14:10.849+0000] {logging_mixin.py:188} INFO - [2026-03-11T15:14:10.844+0000] {dagbag.py:538} INFO - Filling up the DagBag from /home/airflow/.local/lib/python3.8/site-packages/airflow/example_dags/example_short_circuit_operator.py
[2026-03-11T15:14:10.870+0000] {processor.py:840} INFO - DAG(s) 'example_short_circuit_operator' retrieved from /home/airflow/.local/lib/python3.8/site-packages/airflow/example_dags/example_short_circuit_operator.py
[2026-03-11T15:14:10.932+0000] {logging_mixin.py:188} INFO - [2026-03-11T15:14:10.932+0000] {dag.py:3036} INFO - Sync 1 DAGs
[2026-03-11T15:14:10.990+0000] {logging_mixin.py:188} INFO - [2026-03-11T15:14:10.989+0000] {dag.py:3823} INFO - Setting next_dagrun for example_short_circuit_operator to 2026-03-10 00:00:00+00:00, run_after=2026-03-11 00:00:00+00:00
[2026-03-11T15:14:11.040+0000] {processor.py:183} INFO - Processing /home/airflow/.local/lib/python3.8/site-packages/airflow/example_dags/example_short_circuit_operator.py took 0.218 seconds
[2026-03-11T15:14:41.246+0000] {processor.py:161} INFO - Started process (PID=649) to work on /home/airflow/.local/lib/python3.8/site-packages/airflow/example_dags/example_short_circuit_operator.py
[2026-03-11T15:14:41.249+0000] {processor.py:830} INFO - Processing file /home/airflow/.local/lib/python3.8/site-packages/airflow/example_dags/example_short_circuit_operator.py for tasks to queue
[2026-03-11T15:14:41.253+0000] {logging_mixin.py:188} INFO - [2026-03-11T15:14:41.253+0000] {dagbag.py:538} INFO - Filling up the DagBag from /home/airflow/.local/lib/python3.8/site-packages/airflow/example_dags/example_short_circuit_operator.py
[2026-03-11T15:14:41.274+0000] {processor.py:840} INFO - DAG(s) 'example_short_circuit_operator' retrieved from /home/airflow/.local/lib/python3.8/site-packages/airflow/example_dags/example_short_circuit_operator.py
[2026-03-11T15:14:41.325+0000] {logging_mixin.py:188} INFO - [2026-03-11T15:14:41.324+0000] {dag.py:3036} INFO - Sync 1 DAGs
[2026-03-11T15:14:41.365+0000] {logging_mixin.py:188} INFO - [2026-03-11T15:14:41.364+0000] {dag.py:3823} INFO - Setting next_dagrun for example_short_circuit_operator to 2026-03-10 00:00:00+00:00, run_after=2026-03-11 00:00:00+00:00
[2026-03-11T15:14:41.390+0000] {processor.py:183} INFO - Processing /home/airflow/.local/lib/python3.8/site-packages/airflow/example_dags/example_short_circuit_operator.py took 0.153 seconds
[2026-03-11T15:15:11.472+0000] {processor.py:161} INFO - Started process (PID=705) to work on /home/airflow/.local/lib/python3.8/site-packages/airflow/example_dags/example_short_circuit_operator.py
[2026-03-11T15:15:11.473+0000] {processor.py:830} INFO - Processing file /home/airflow/.local/lib/python3.8/site-packages/airflow/example_dags/example_short_circuit_operator.py for tasks to queue
[2026-03-11T15:15:11.476+0000] {logging_mixin.py:188} INFO - [2026-03-11T15:15:11.475+0000] {dagbag.py:538} INFO - Filling up the DagBag from /home/airflow/.local/lib/python3.8/site-packages/airflow/example_dags/example_short_circuit_operator.py
[2026-03-11T15:15:11.487+0000] {processor.py:840} INFO - DAG(s) 'example_short_circuit_operator' retrieved from /home/airflow/.local/lib/python3.8/site-packages/airflow/example_dags/example_short_circuit_operator.py
[2026-03-11T15:15:11.520+0000] {logging_mixin.py:188} INFO - [2026-03-11T15:15:11.520+0000] {dag.py:3036} INFO - Sync 1 DAGs
[2026-03-11T15:15:11.549+0000] {logging_mixin.py:188} INFO - [2026-03-11T15:15:11.548+0000] {dag.py:3823} INFO - Setting next_dagrun for example_short_circuit_operator to 2026-03-10 00:00:00+00:00, run_after=2026-03-11 00:00:00+00:00
[2026-03-11T15:15:11.574+0000] {processor.py:183} INFO - Processing /home/airflow/.local/lib/python3.8/site-packages/airflow/example_dags/example_short_circuit_operator.py took 0.107 seconds
[2026-03-11T15:15:41.896+0000] {processor.py:161} INFO - Started process (PID=761) to work on /home/airflow/.local/lib/python3.8/site-packages/airflow/example_dags/example_short_circuit_operator.py
[2026-03-11T15:15:41.898+0000] {processor.py:830} INFO - Processing file /home/airflow/.local/lib/python3.8/site-packages/airflow/example_dags/example_short_circuit_operator.py for tasks to queue
[2026-03-11T15:15:41.901+0000] {logging_mixin.py:188} INFO - [2026-03-11T15:15:41.900+0000] {dagbag.py:538} INFO - Filling up the DagBag from /home/airflow/.local/lib/python3.8/site-packages/airflow/example_dags/example_short_circuit_operator.py
[2026-03-11T15:15:41.915+0000] {processor.py:840} INFO - DAG(s) 'example_short_circuit_operator' retrieved from /home/airflow/.local/lib/python3.8/site-packages/airflow/example_dags/example_short_circuit_operator.py
[2026-03-11T15:15:41.949+0000] {logging_mixin.py:188} INFO - [2026-03-11T15:15:41.948+0000] {dag.py:3036} INFO - Sync 1 DAGs
[2026-03-11T15:15:41.984+0000] {logging_mixin.py:188} INFO - [2026-03-11T15:15:41.983+0000] {dag.py:3823} INFO - Setting next_dagrun for example_short_circuit_operator to 2026-03-10 00:00:00+00:00, run_after=2026-03-11 00:00:00+00:00
[2026-03-11T15:15:42.012+0000] {processor.py:183} INFO - Processing /home/airflow/.local/lib/python3.8/site-packages/airflow/example_dags/example_short_circuit_operator.py took 0.136 seconds
[2026-03-11T15:16:12.259+0000] {processor.py:161} INFO - Started process (PID=817) to work on /home/airflow/.local/lib/python3.8/site-packages/airflow/example_dags/example_short_circuit_operator.py
[2026-03-11T15:16:12.260+0000] {processor.py:830} INFO - Processing file /home/airflow/.local/lib/python3.8/site-packages/airflow/example_dags/example_short_circuit_operator.py for tasks to queue
[2026-03-11T15:16:12.263+0000] {logging_mixin.py:188} INFO - [2026-03-11T15:16:12.263+0000] {dagbag.py:538} INFO - Filling up the DagBag from /home/airflow/.local/lib/python3.8/site-packages/airflow/example_dags/example_short_circuit_operator.py
[2026-03-11T15:16:12.280+0000] {processor.py:840} INFO - DAG(s) 'example_short_circuit_operator' retrieved from /home/airflow/.local/lib/python3.8/site-packages/airflow/example_dags/example_short_circuit_operator.py
[2026-03-11T15:16:12.316+0000] {logging_mixin.py:188} INFO - [2026-03-11T15:16:12.313+0000] {dag.py:3036} INFO - Sync 1 DAGs
[2026-03-11T15:16:12.342+0000] {logging_mixin.py:188} INFO - [2026-03-11T15:16:12.341+0000] {dag.py:3823} INFO - Setting next_dagrun for example_short_circuit_operator to 2026-03-10 00:00:00+00:00, run_after=2026-03-11 00:00:00+00:00
[2026-03-11T15:16:12.370+0000] {processor.py:183} INFO - Processing /home/airflow/.local/lib/python3.8/site-packages/airflow/example_dags/example_short_circuit_operator.py took 0.116 seconds
[2026-03-11T15:16:43.139+0000] {processor.py:161} INFO - Started process (PID=873) to work on /home/airflow/.local/lib/python3.8/site-packages/airflow/example_dags/example_short_circuit_operator.py
[2026-03-11T15:16:43.141+0000] {processor.py:830} INFO - Processing file /home/airflow/.local/lib/python3.8/site-packages/airflow/example_dags/example_short_circuit_operator.py for tasks to queue
[2026-03-11T15:16:43.144+0000] {logging_mixin.py:188} INFO - [2026-03-11T15:16:43.143+0000] {dagbag.py:538} INFO - Filling up the DagBag from /home/airflow/.local/lib/python3.8/site-packages/airflow/example_dags/example_short_circuit_operator.py
[2026-03-11T15:16:43.155+0000] {processor.py:840} INFO - DAG(s) 'example_short_circuit_operator' retrieved from /home/airflow/.local/lib/python3.8/site-packages/airflow/example_dags/example_short_circuit_operator.py
[2026-03-11T15:16:43.195+0000] {logging_mixin.py:188} INFO - [2026-03-11T15:16:43.194+0000] {dag.py:3036} INFO - Sync 1 DAGs
[2026-03-11T15:16:43.236+0000] {logging_mixin.py:188} INFO - [2026-03-11T15:16:43.236+0000] {dag.py:3823} INFO - Setting next_dagrun for example_short_circuit_operator to 2026-03-10 00:00:00+00:00, run_after=2026-03-11 00:00:00+00:00
[2026-03-11T15:16:43.281+0000] {processor.py:183} INFO - Processing /home/airflow/.local/lib/python3.8/site-packages/airflow/example_dags/example_short_circuit_operator.py took 0.147 seconds
[2026-03-11T15:17:13.662+0000] {processor.py:161} INFO - Started process (PID=929) to work on /home/airflow/.local/lib/python3.8/site-packages/airflow/example_dags/example_short_circuit_operator.py
[2026-03-11T15:17:13.663+0000] {processor.py:830} INFO - Processing file /home/airflow/.local/lib/python3.8/site-packages/airflow/example_dags/example_short_circuit_operator.py for tasks to queue
[2026-03-11T15:17:13.667+0000] {logging_mixin.py:188} INFO - [2026-03-11T15:17:13.666+0000] {dagbag.py:538} INFO - Filling up the DagBag from /home/airflow/.local/lib/python3.8/site-packages/airflow/example_dags/example_short_circuit_operator.py
[2026-03-11T15:17:13.679+0000] {processor.py:840} INFO - DAG(s) 'example_short_circuit_operator' retrieved from /home/airflow/.local/lib/python3.8/site-packages/airflow/example_dags/example_short_circuit_operator.py
[2026-03-11T15:17:13.713+0000] {logging_mixin.py:188} INFO - [2026-03-11T15:17:13.713+0000] {dag.py:3036} INFO - Sync 1 DAGs
[2026-03-11T15:17:13.746+0000] {logging_mixin.py:188} INFO - [2026-03-11T15:17:13.746+0000] {dag.py:3823} INFO - Setting next_dagrun for example_short_circuit_operator to 2026-03-10 00:00:00+00:00, run_after=2026-03-11 00:00:00+00:00
[2026-03-11T15:17:13.778+0000] {processor.py:183} INFO - Processing /home/airflow/.local/lib/python3.8/site-packages/airflow/example_dags/example_short_circuit_operator.py took 0.122 seconds
[2026-03-11T15:17:43.847+0000] {processor.py:161} INFO - Started process (PID=985) to work on /home/airflow/.local/lib/python3.8/site-packages/airflow/example_dags/example_short_circuit_operator.py
[2026-03-11T15:17:43.849+0000] {processor.py:830} INFO - Processing file /home/airflow/.local/lib/python3.8/site-packages/airflow/example_dags/example_short_circuit_operator.py for tasks to queue
[2026-03-11T15:17:43.851+0000] {logging_mixin.py:188} INFO - [2026-03-11T15:17:43.851+0000] {dagbag.py:538} INFO - Filling up the DagBag from /home/airflow/.local/lib/python3.8/site-packages/airflow/example_dags/example_short_circuit_operator.py
[2026-03-11T15:17:43.863+0000] {processor.py:840} INFO - DAG(s) 'example_short_circuit_operator' retrieved from /home/airflow/.local/lib/python3.8/site-packages/airflow/example_dags/example_short_circuit_operator.py
[2026-03-11T15:17:43.896+0000] {logging_mixin.py:188} INFO - [2026-03-11T15:17:43.896+0000] {dag.py:3036} INFO - Sync 1 DAGs
[2026-03-11T15:17:43.929+0000] {logging_mixin.py:188} INFO - [2026-03-11T15:17:43.928+0000] {dag.py:3823} INFO - Setting next_dagrun for example_short_circuit_operator to 2026-03-10 00:00:00+00:00, run_after=2026-03-11 00:00:00+00:00
[2026-03-11T15:17:43.952+0000] {processor.py:183} INFO - Processing /home/airflow/.local/lib/python3.8/site-packages/airflow/example_dags/example_short_circuit_operator.py took 0.110 seconds
[2026-03-11T15:18:14.087+0000] {processor.py:161} INFO - Started process (PID=1041) to work on /home/airflow/.local/lib/python3.8/site-packages/airflow/example_dags/example_short_circuit_operator.py
[2026-03-11T15:18:14.088+0000] {processor.py:830} INFO - Processing file /home/airflow/.local/lib/python3.8/site-packages/airflow/example_dags/example_short_circuit_operator.py for tasks to queue
[2026-03-11T15:18:14.091+0000] {logging_mixin.py:188} INFO - [2026-03-11T15:18:14.091+0000] {dagbag.py:538} INFO - Filling up the DagBag from /home/airflow/.local/lib/python3.8/site-packages/airflow/example_dags/example_short_circuit_operator.py
[2026-03-11T15:18:14.103+0000] {processor.py:840} INFO - DAG(s) 'example_short_circuit_operator' retrieved from /home/airflow/.local/lib/python3.8/site-packages/airflow/example_dags/example_short_circuit_operator.py
[2026-03-11T15:18:14.135+0000] {logging_mixin.py:188} INFO - [2026-03-11T15:18:14.135+0000] {dag.py:3036} INFO - Sync 1 DAGs
[2026-03-11T15:18:14.168+0000] {logging_mixin.py:188} INFO - [2026-03-11T15:18:14.166+0000] {dag.py:3823} INFO - Setting next_dagrun for example_short_circuit_operator to 2026-03-10 00:00:00+00:00, run_after=2026-03-11 00:00:00+00:00
[2026-03-11T15:18:14.191+0000] {processor.py:183} INFO - Processing /home/airflow/.local/lib/python3.8/site-packages/airflow/example_dags/example_short_circuit_operator.py took 0.110 seconds
