[2026-03-11T15:09:33.345+0000] {processor.py:161} INFO - Started process (PID=83) to work on /home/airflow/.local/lib/python3.8/site-packages/airflow/example_dags/example_skip_dag.py
[2026-03-11T15:09:33.349+0000] {processor.py:830} INFO - Processing file /home/airflow/.local/lib/python3.8/site-packages/airflow/example_dags/example_skip_dag.py for tasks to queue
[2026-03-11T15:09:33.355+0000] {logging_mixin.py:188} INFO - [2026-03-11T15:09:33.354+0000] {dagbag.py:538} INFO - Filling up the DagBag from /home/airflow/.local/lib/python3.8/site-packages/airflow/example_dags/example_skip_dag.py
[2026-03-11T15:09:33.377+0000] {processor.py:840} INFO - DAG(s) 'example_skip_dag' retrieved from /home/airflow/.local/lib/python3.8/site-packages/airflow/example_dags/example_skip_dag.py
[2026-03-11T15:09:33.431+0000] {logging_mixin.py:188} INFO - [2026-03-11T15:09:33.430+0000] {dag.py:3036} INFO - Sync 1 DAGs
[2026-03-11T15:09:33.508+0000] {logging_mixin.py:188} INFO - [2026-03-11T15:09:33.508+0000] {dag.py:3823} INFO - Setting next_dagrun for example_skip_dag to 2026-03-10 00:00:00+00:00, run_after=2026-03-11 00:00:00+00:00
[2026-03-11T15:09:33.554+0000] {processor.py:183} INFO - Processing /home/airflow/.local/lib/python3.8/site-packages/airflow/example_dags/example_skip_dag.py took 0.223 seconds
[2026-03-11T15:10:05.718+0000] {processor.py:161} INFO - Started process (PID=139) to work on /home/airflow/.local/lib/python3.8/site-packages/airflow/example_dags/example_skip_dag.py
[2026-03-11T15:10:05.720+0000] {processor.py:830} INFO - Processing file /home/airflow/.local/lib/python3.8/site-packages/airflow/example_dags/example_skip_dag.py for tasks to queue
[2026-03-11T15:10:05.722+0000] {logging_mixin.py:188} INFO - [2026-03-11T15:10:05.721+0000] {dagbag.py:538} INFO - Filling up the DagBag from /home/airflow/.local/lib/python3.8/site-packages/airflow/example_dags/example_skip_dag.py
[2026-03-11T15:10:05.730+0000] {processor.py:840} INFO - DAG(s) 'example_skip_dag' retrieved from /home/airflow/.local/lib/python3.8/site-packages/airflow/example_dags/example_skip_dag.py
[2026-03-11T15:10:05.860+0000] {logging_mixin.py:188} INFO - [2026-03-11T15:10:05.859+0000] {dag.py:3036} INFO - Sync 1 DAGs
[2026-03-11T15:10:05.884+0000] {logging_mixin.py:188} INFO - [2026-03-11T15:10:05.883+0000] {dag.py:3823} INFO - Setting next_dagrun for example_skip_dag to 2026-03-10 00:00:00+00:00, run_after=2026-03-11 00:00:00+00:00
[2026-03-11T15:10:05.908+0000] {processor.py:183} INFO - Processing /home/airflow/.local/lib/python3.8/site-packages/airflow/example_dags/example_skip_dag.py took 0.194 seconds
[2026-03-11T15:10:35.944+0000] {processor.py:161} INFO - Started process (PID=195) to work on /home/airflow/.local/lib/python3.8/site-packages/airflow/example_dags/example_skip_dag.py
[2026-03-11T15:10:35.946+0000] {processor.py:830} INFO - Processing file /home/airflow/.local/lib/python3.8/site-packages/airflow/example_dags/example_skip_dag.py for tasks to queue
[2026-03-11T15:10:35.948+0000] {logging_mixin.py:188} INFO - [2026-03-11T15:10:35.948+0000] {dagbag.py:538} INFO - Filling up the DagBag from /home/airflow/.local/lib/python3.8/site-packages/airflow/example_dags/example_skip_dag.py
[2026-03-11T15:10:35.958+0000] {processor.py:840} INFO - DAG(s) 'example_skip_dag' retrieved from /home/airflow/.local/lib/python3.8/site-packages/airflow/example_dags/example_skip_dag.py
[2026-03-11T15:10:35.988+0000] {logging_mixin.py:188} INFO - [2026-03-11T15:10:35.988+0000] {dag.py:3036} INFO - Sync 1 DAGs
[2026-03-11T15:10:36.025+0000] {logging_mixin.py:188} INFO - [2026-03-11T15:10:36.025+0000] {dag.py:3823} INFO - Setting next_dagrun for example_skip_dag to 2026-03-10 00:00:00+00:00, run_after=2026-03-11 00:00:00+00:00
[2026-03-11T15:10:36.049+0000] {processor.py:183} INFO - Processing /home/airflow/.local/lib/python3.8/site-packages/airflow/example_dags/example_skip_dag.py took 0.110 seconds
[2026-03-11T15:11:06.761+0000] {processor.py:161} INFO - Started process (PID=251) to work on /home/airflow/.local/lib/python3.8/site-packages/airflow/example_dags/example_skip_dag.py
[2026-03-11T15:11:06.763+0000] {processor.py:830} INFO - Processing file /home/airflow/.local/lib/python3.8/site-packages/airflow/example_dags/example_skip_dag.py for tasks to queue
[2026-03-11T15:11:06.765+0000] {logging_mixin.py:188} INFO - [2026-03-11T15:11:06.765+0000] {dagbag.py:538} INFO - Filling up the DagBag from /home/airflow/.local/lib/python3.8/site-packages/airflow/example_dags/example_skip_dag.py
[2026-03-11T15:11:06.775+0000] {processor.py:840} INFO - DAG(s) 'example_skip_dag' retrieved from /home/airflow/.local/lib/python3.8/site-packages/airflow/example_dags/example_skip_dag.py
[2026-03-11T15:11:06.808+0000] {logging_mixin.py:188} INFO - [2026-03-11T15:11:06.808+0000] {dag.py:3036} INFO - Sync 1 DAGs
[2026-03-11T15:11:06.840+0000] {logging_mixin.py:188} INFO - [2026-03-11T15:11:06.839+0000] {dag.py:3823} INFO - Setting next_dagrun for example_skip_dag to 2026-03-10 00:00:00+00:00, run_after=2026-03-11 00:00:00+00:00
[2026-03-11T15:11:06.872+0000] {processor.py:183} INFO - Processing /home/airflow/.local/lib/python3.8/site-packages/airflow/example_dags/example_skip_dag.py took 0.116 seconds
[2026-03-11T15:11:37.028+0000] {processor.py:161} INFO - Started process (PID=307) to work on /home/airflow/.local/lib/python3.8/site-packages/airflow/example_dags/example_skip_dag.py
[2026-03-11T15:11:37.029+0000] {processor.py:830} INFO - Processing file /home/airflow/.local/lib/python3.8/site-packages/airflow/example_dags/example_skip_dag.py for tasks to queue
[2026-03-11T15:11:37.033+0000] {logging_mixin.py:188} INFO - [2026-03-11T15:11:37.032+0000] {dagbag.py:538} INFO - Filling up the DagBag from /home/airflow/.local/lib/python3.8/site-packages/airflow/example_dags/example_skip_dag.py
[2026-03-11T15:11:37.043+0000] {processor.py:840} INFO - DAG(s) 'example_skip_dag' retrieved from /home/airflow/.local/lib/python3.8/site-packages/airflow/example_dags/example_skip_dag.py
[2026-03-11T15:11:37.077+0000] {logging_mixin.py:188} INFO - [2026-03-11T15:11:37.077+0000] {dag.py:3036} INFO - Sync 1 DAGs
[2026-03-11T15:11:37.113+0000] {logging_mixin.py:188} INFO - [2026-03-11T15:11:37.113+0000] {dag.py:3823} INFO - Setting next_dagrun for example_skip_dag to 2026-03-10 00:00:00+00:00, run_after=2026-03-11 00:00:00+00:00
[2026-03-11T15:11:37.142+0000] {processor.py:183} INFO - Processing /home/airflow/.local/lib/python3.8/site-packages/airflow/example_dags/example_skip_dag.py took 0.119 seconds
[2026-03-11T15:12:07.711+0000] {processor.py:161} INFO - Started process (PID=363) to work on /home/airflow/.local/lib/python3.8/site-packages/airflow/example_dags/example_skip_dag.py
[2026-03-11T15:12:07.714+0000] {processor.py:830} INFO - Processing file /home/airflow/.local/lib/python3.8/site-packages/airflow/example_dags/example_skip_dag.py for tasks to queue
[2026-03-11T15:12:07.722+0000] {logging_mixin.py:188} INFO - [2026-03-11T15:12:07.722+0000] {dagbag.py:538} INFO - Filling up the DagBag from /home/airflow/.local/lib/python3.8/site-packages/airflow/example_dags/example_skip_dag.py
[2026-03-11T15:12:07.739+0000] {processor.py:840} INFO - DAG(s) 'example_skip_dag' retrieved from /home/airflow/.local/lib/python3.8/site-packages/airflow/example_dags/example_skip_dag.py
[2026-03-11T15:12:07.833+0000] {logging_mixin.py:188} INFO - [2026-03-11T15:12:07.832+0000] {dag.py:3036} INFO - Sync 1 DAGs
[2026-03-11T15:12:07.890+0000] {logging_mixin.py:188} INFO - [2026-03-11T15:12:07.889+0000] {dag.py:3823} INFO - Setting next_dagrun for example_skip_dag to 2026-03-10 00:00:00+00:00, run_after=2026-03-11 00:00:00+00:00
[2026-03-11T15:12:07.958+0000] {processor.py:183} INFO - Processing /home/airflow/.local/lib/python3.8/site-packages/airflow/example_dags/example_skip_dag.py took 0.256 seconds
[2026-03-11T15:12:38.081+0000] {processor.py:161} INFO - Started process (PID=419) to work on /home/airflow/.local/lib/python3.8/site-packages/airflow/example_dags/example_skip_dag.py
[2026-03-11T15:12:38.083+0000] {processor.py:830} INFO - Processing file /home/airflow/.local/lib/python3.8/site-packages/airflow/example_dags/example_skip_dag.py for tasks to queue
[2026-03-11T15:12:38.085+0000] {logging_mixin.py:188} INFO - [2026-03-11T15:12:38.085+0000] {dagbag.py:538} INFO - Filling up the DagBag from /home/airflow/.local/lib/python3.8/site-packages/airflow/example_dags/example_skip_dag.py
[2026-03-11T15:12:38.095+0000] {processor.py:840} INFO - DAG(s) 'example_skip_dag' retrieved from /home/airflow/.local/lib/python3.8/site-packages/airflow/example_dags/example_skip_dag.py
[2026-03-11T15:12:38.127+0000] {logging_mixin.py:188} INFO - [2026-03-11T15:12:38.126+0000] {dag.py:3036} INFO - Sync 1 DAGs
[2026-03-11T15:12:38.158+0000] {logging_mixin.py:188} INFO - [2026-03-11T15:12:38.157+0000] {dag.py:3823} INFO - Setting next_dagrun for example_skip_dag to 2026-03-10 00:00:00+00:00, run_after=2026-03-11 00:00:00+00:00
[2026-03-11T15:12:38.189+0000] {processor.py:183} INFO - Processing /home/airflow/.local/lib/python3.8/site-packages/airflow/example_dags/example_skip_dag.py took 0.114 seconds
[2026-03-11T15:13:08.587+0000] {processor.py:161} INFO - Started process (PID=475) to work on /home/airflow/.local/lib/python3.8/site-packages/airflow/example_dags/example_skip_dag.py
[2026-03-11T15:13:08.589+0000] {processor.py:830} INFO - Processing file /home/airflow/.local/lib/python3.8/site-packages/airflow/example_dags/example_skip_dag.py for tasks to queue
[2026-03-11T15:13:08.591+0000] {logging_mixin.py:188} INFO - [2026-03-11T15:13:08.590+0000] {dagbag.py:538} INFO - Filling up the DagBag from /home/airflow/.local/lib/python3.8/site-packages/airflow/example_dags/example_skip_dag.py
[2026-03-11T15:13:08.604+0000] {processor.py:840} INFO - DAG(s) 'example_skip_dag' retrieved from /home/airflow/.local/lib/python3.8/site-packages/airflow/example_dags/example_skip_dag.py
[2026-03-11T15:13:08.635+0000] {logging_mixin.py:188} INFO - [2026-03-11T15:13:08.635+0000] {dag.py:3036} INFO - Sync 1 DAGs
[2026-03-11T15:13:08.670+0000] {logging_mixin.py:188} INFO - [2026-03-11T15:13:08.669+0000] {dag.py:3823} INFO - Setting next_dagrun for example_skip_dag to 2026-03-10 00:00:00+00:00, run_after=2026-03-11 00:00:00+00:00
[2026-03-11T15:13:08.696+0000] {processor.py:183} INFO - Processing /home/airflow/.local/lib/python3.8/site-packages/airflow/example_dags/example_skip_dag.py took 0.113 seconds
[2026-03-11T15:13:38.958+0000] {processor.py:161} INFO - Started process (PID=531) to work on /home/airflow/.local/lib/python3.8/site-packages/airflow/example_dags/example_skip_dag.py
[2026-03-11T15:13:38.959+0000] {processor.py:830} INFO - Processing file /home/airflow/.local/lib/python3.8/site-packages/airflow/example_dags/example_skip_dag.py for tasks to queue
[2026-03-11T15:13:38.962+0000] {logging_mixin.py:188} INFO - [2026-03-11T15:13:38.962+0000] {dagbag.py:538} INFO - Filling up the DagBag from /home/airflow/.local/lib/python3.8/site-packages/airflow/example_dags/example_skip_dag.py
[2026-03-11T15:13:38.971+0000] {processor.py:840} INFO - DAG(s) 'example_skip_dag' retrieved from /home/airflow/.local/lib/python3.8/site-packages/airflow/example_dags/example_skip_dag.py
[2026-03-11T15:13:39.005+0000] {logging_mixin.py:188} INFO - [2026-03-11T15:13:39.005+0000] {dag.py:3036} INFO - Sync 1 DAGs
[2026-03-11T15:13:39.034+0000] {logging_mixin.py:188} INFO - [2026-03-11T15:13:39.033+0000] {dag.py:3823} INFO - Setting next_dagrun for example_skip_dag to 2026-03-10 00:00:00+00:00, run_after=2026-03-11 00:00:00+00:00
[2026-03-11T15:13:39.059+0000] {processor.py:183} INFO - Processing /home/airflow/.local/lib/python3.8/site-packages/airflow/example_dags/example_skip_dag.py took 0.106 seconds
[2026-03-11T15:14:09.262+0000] {processor.py:161} INFO - Started process (PID=587) to work on /home/airflow/.local/lib/python3.8/site-packages/airflow/example_dags/example_skip_dag.py
[2026-03-11T15:14:09.264+0000] {processor.py:830} INFO - Processing file /home/airflow/.local/lib/python3.8/site-packages/airflow/example_dags/example_skip_dag.py for tasks to queue
[2026-03-11T15:14:09.269+0000] {logging_mixin.py:188} INFO - [2026-03-11T15:14:09.268+0000] {dagbag.py:538} INFO - Filling up the DagBag from /home/airflow/.local/lib/python3.8/site-packages/airflow/example_dags/example_skip_dag.py
[2026-03-11T15:14:09.281+0000] {processor.py:840} INFO - DAG(s) 'example_skip_dag' retrieved from /home/airflow/.local/lib/python3.8/site-packages/airflow/example_dags/example_skip_dag.py
[2026-03-11T15:14:09.317+0000] {logging_mixin.py:188} INFO - [2026-03-11T15:14:09.317+0000] {dag.py:3036} INFO - Sync 1 DAGs
[2026-03-11T15:14:09.352+0000] {logging_mixin.py:188} INFO - [2026-03-11T15:14:09.351+0000] {dag.py:3823} INFO - Setting next_dagrun for example_skip_dag to 2026-03-10 00:00:00+00:00, run_after=2026-03-11 00:00:00+00:00
[2026-03-11T15:14:09.387+0000] {processor.py:183} INFO - Processing /home/airflow/.local/lib/python3.8/site-packages/airflow/example_dags/example_skip_dag.py took 0.131 seconds
[2026-03-11T15:14:39.533+0000] {processor.py:161} INFO - Started process (PID=643) to work on /home/airflow/.local/lib/python3.8/site-packages/airflow/example_dags/example_skip_dag.py
[2026-03-11T15:14:39.535+0000] {processor.py:830} INFO - Processing file /home/airflow/.local/lib/python3.8/site-packages/airflow/example_dags/example_skip_dag.py for tasks to queue
[2026-03-11T15:14:39.537+0000] {logging_mixin.py:188} INFO - [2026-03-11T15:14:39.536+0000] {dagbag.py:538} INFO - Filling up the DagBag from /home/airflow/.local/lib/python3.8/site-packages/airflow/example_dags/example_skip_dag.py
[2026-03-11T15:14:39.545+0000] {processor.py:840} INFO - DAG(s) 'example_skip_dag' retrieved from /home/airflow/.local/lib/python3.8/site-packages/airflow/example_dags/example_skip_dag.py
[2026-03-11T15:14:39.579+0000] {logging_mixin.py:188} INFO - [2026-03-11T15:14:39.579+0000] {dag.py:3036} INFO - Sync 1 DAGs
[2026-03-11T15:14:39.612+0000] {logging_mixin.py:188} INFO - [2026-03-11T15:14:39.612+0000] {dag.py:3823} INFO - Setting next_dagrun for example_skip_dag to 2026-03-10 00:00:00+00:00, run_after=2026-03-11 00:00:00+00:00
[2026-03-11T15:14:39.642+0000] {processor.py:183} INFO - Processing /home/airflow/.local/lib/python3.8/site-packages/airflow/example_dags/example_skip_dag.py took 0.113 seconds
[2026-03-11T15:15:09.847+0000] {processor.py:161} INFO - Started process (PID=699) to work on /home/airflow/.local/lib/python3.8/site-packages/airflow/example_dags/example_skip_dag.py
[2026-03-11T15:15:09.848+0000] {processor.py:830} INFO - Processing file /home/airflow/.local/lib/python3.8/site-packages/airflow/example_dags/example_skip_dag.py for tasks to queue
[2026-03-11T15:15:09.850+0000] {logging_mixin.py:188} INFO - [2026-03-11T15:15:09.850+0000] {dagbag.py:538} INFO - Filling up the DagBag from /home/airflow/.local/lib/python3.8/site-packages/airflow/example_dags/example_skip_dag.py
[2026-03-11T15:15:09.860+0000] {processor.py:840} INFO - DAG(s) 'example_skip_dag' retrieved from /home/airflow/.local/lib/python3.8/site-packages/airflow/example_dags/example_skip_dag.py
[2026-03-11T15:15:09.892+0000] {logging_mixin.py:188} INFO - [2026-03-11T15:15:09.892+0000] {dag.py:3036} INFO - Sync 1 DAGs
[2026-03-11T15:15:09.994+0000] {logging_mixin.py:188} INFO - [2026-03-11T15:15:09.994+0000] {dag.py:3823} INFO - Setting next_dagrun for example_skip_dag to 2026-03-10 00:00:00+00:00, run_after=2026-03-11 00:00:00+00:00
[2026-03-11T15:15:10.053+0000] {processor.py:183} INFO - Processing /home/airflow/.local/lib/python3.8/site-packages/airflow/example_dags/example_skip_dag.py took 0.210 seconds
[2026-03-11T15:15:40.419+0000] {processor.py:161} INFO - Started process (PID=755) to work on /home/airflow/.local/lib/python3.8/site-packages/airflow/example_dags/example_skip_dag.py
[2026-03-11T15:15:40.420+0000] {processor.py:830} INFO - Processing file /home/airflow/.local/lib/python3.8/site-packages/airflow/example_dags/example_skip_dag.py for tasks to queue
[2026-03-11T15:15:40.423+0000] {logging_mixin.py:188} INFO - [2026-03-11T15:15:40.422+0000] {dagbag.py:538} INFO - Filling up the DagBag from /home/airflow/.local/lib/python3.8/site-packages/airflow/example_dags/example_skip_dag.py
[2026-03-11T15:15:40.434+0000] {processor.py:840} INFO - DAG(s) 'example_skip_dag' retrieved from /home/airflow/.local/lib/python3.8/site-packages/airflow/example_dags/example_skip_dag.py
[2026-03-11T15:15:40.475+0000] {logging_mixin.py:188} INFO - [2026-03-11T15:15:40.475+0000] {dag.py:3036} INFO - Sync 1 DAGs
[2026-03-11T15:15:40.509+0000] {logging_mixin.py:188} INFO - [2026-03-11T15:15:40.509+0000] {dag.py:3823} INFO - Setting next_dagrun for example_skip_dag to 2026-03-10 00:00:00+00:00, run_after=2026-03-11 00:00:00+00:00
[2026-03-11T15:15:40.537+0000] {processor.py:183} INFO - Processing /home/airflow/.local/lib/python3.8/site-packages/airflow/example_dags/example_skip_dag.py took 0.123 seconds
[2026-03-11T15:16:10.697+0000] {processor.py:161} INFO - Started process (PID=811) to work on /home/airflow/.local/lib/python3.8/site-packages/airflow/example_dags/example_skip_dag.py
[2026-03-11T15:16:10.699+0000] {processor.py:830} INFO - Processing file /home/airflow/.local/lib/python3.8/site-packages/airflow/example_dags/example_skip_dag.py for tasks to queue
[2026-03-11T15:16:10.701+0000] {logging_mixin.py:188} INFO - [2026-03-11T15:16:10.701+0000] {dagbag.py:538} INFO - Filling up the DagBag from /home/airflow/.local/lib/python3.8/site-packages/airflow/example_dags/example_skip_dag.py
[2026-03-11T15:16:10.712+0000] {processor.py:840} INFO - DAG(s) 'example_skip_dag' retrieved from /home/airflow/.local/lib/python3.8/site-packages/airflow/example_dags/example_skip_dag.py
[2026-03-11T15:16:10.749+0000] {logging_mixin.py:188} INFO - [2026-03-11T15:16:10.749+0000] {dag.py:3036} INFO - Sync 1 DAGs
[2026-03-11T15:16:10.779+0000] {logging_mixin.py:188} INFO - [2026-03-11T15:16:10.779+0000] {dag.py:3823} INFO - Setting next_dagrun for example_skip_dag to 2026-03-10 00:00:00+00:00, run_after=2026-03-11 00:00:00+00:00
[2026-03-11T15:16:10.802+0000] {processor.py:183} INFO - Processing /home/airflow/.local/lib/python3.8/site-packages/airflow/example_dags/example_skip_dag.py took 0.110 seconds
[2026-03-11T15:16:41.567+0000] {processor.py:161} INFO - Started process (PID=867) to work on /home/airflow/.local/lib/python3.8/site-packages/airflow/example_dags/example_skip_dag.py
[2026-03-11T15:16:41.570+0000] {processor.py:830} INFO - Processing file /home/airflow/.local/lib/python3.8/site-packages/airflow/example_dags/example_skip_dag.py for tasks to queue
[2026-03-11T15:16:41.573+0000] {logging_mixin.py:188} INFO - [2026-03-11T15:16:41.572+0000] {dagbag.py:538} INFO - Filling up the DagBag from /home/airflow/.local/lib/python3.8/site-packages/airflow/example_dags/example_skip_dag.py
[2026-03-11T15:16:41.584+0000] {processor.py:840} INFO - DAG(s) 'example_skip_dag' retrieved from /home/airflow/.local/lib/python3.8/site-packages/airflow/example_dags/example_skip_dag.py
[2026-03-11T15:16:41.621+0000] {logging_mixin.py:188} INFO - [2026-03-11T15:16:41.621+0000] {dag.py:3036} INFO - Sync 1 DAGs
[2026-03-11T15:16:41.657+0000] {logging_mixin.py:188} INFO - [2026-03-11T15:16:41.656+0000] {dag.py:3823} INFO - Setting next_dagrun for example_skip_dag to 2026-03-10 00:00:00+00:00, run_after=2026-03-11 00:00:00+00:00
[2026-03-11T15:16:41.685+0000] {processor.py:183} INFO - Processing /home/airflow/.local/lib/python3.8/site-packages/airflow/example_dags/example_skip_dag.py took 0.128 seconds
[2026-03-11T15:17:12.256+0000] {processor.py:161} INFO - Started process (PID=923) to work on /home/airflow/.local/lib/python3.8/site-packages/airflow/example_dags/example_skip_dag.py
[2026-03-11T15:17:12.257+0000] {processor.py:830} INFO - Processing file /home/airflow/.local/lib/python3.8/site-packages/airflow/example_dags/example_skip_dag.py for tasks to queue
[2026-03-11T15:17:12.260+0000] {logging_mixin.py:188} INFO - [2026-03-11T15:17:12.259+0000] {dagbag.py:538} INFO - Filling up the DagBag from /home/airflow/.local/lib/python3.8/site-packages/airflow/example_dags/example_skip_dag.py
[2026-03-11T15:17:12.270+0000] {processor.py:840} INFO - DAG(s) 'example_skip_dag' retrieved from /home/airflow/.local/lib/python3.8/site-packages/airflow/example_dags/example_skip_dag.py
[2026-03-11T15:17:12.302+0000] {logging_mixin.py:188} INFO - [2026-03-11T15:17:12.301+0000] {dag.py:3036} INFO - Sync 1 DAGs
[2026-03-11T15:17:12.332+0000] {logging_mixin.py:188} INFO - [2026-03-11T15:17:12.332+0000] {dag.py:3823} INFO - Setting next_dagrun for example_skip_dag to 2026-03-10 00:00:00+00:00, run_after=2026-03-11 00:00:00+00:00
[2026-03-11T15:17:12.356+0000] {processor.py:183} INFO - Processing /home/airflow/.local/lib/python3.8/site-packages/airflow/example_dags/example_skip_dag.py took 0.105 seconds
[2026-03-11T15:17:43.348+0000] {processor.py:161} INFO - Started process (PID=979) to work on /home/airflow/.local/lib/python3.8/site-packages/airflow/example_dags/example_skip_dag.py
[2026-03-11T15:17:43.349+0000] {processor.py:830} INFO - Processing file /home/airflow/.local/lib/python3.8/site-packages/airflow/example_dags/example_skip_dag.py for tasks to queue
[2026-03-11T15:17:43.352+0000] {logging_mixin.py:188} INFO - [2026-03-11T15:17:43.352+0000] {dagbag.py:538} INFO - Filling up the DagBag from /home/airflow/.local/lib/python3.8/site-packages/airflow/example_dags/example_skip_dag.py
[2026-03-11T15:17:43.363+0000] {processor.py:840} INFO - DAG(s) 'example_skip_dag' retrieved from /home/airflow/.local/lib/python3.8/site-packages/airflow/example_dags/example_skip_dag.py
[2026-03-11T15:17:43.396+0000] {logging_mixin.py:188} INFO - [2026-03-11T15:17:43.396+0000] {dag.py:3036} INFO - Sync 1 DAGs
[2026-03-11T15:17:43.432+0000] {logging_mixin.py:188} INFO - [2026-03-11T15:17:43.431+0000] {dag.py:3823} INFO - Setting next_dagrun for example_skip_dag to 2026-03-10 00:00:00+00:00, run_after=2026-03-11 00:00:00+00:00
[2026-03-11T15:17:43.464+0000] {processor.py:183} INFO - Processing /home/airflow/.local/lib/python3.8/site-packages/airflow/example_dags/example_skip_dag.py took 0.122 seconds
[2026-03-11T15:18:13.596+0000] {processor.py:161} INFO - Started process (PID=1035) to work on /home/airflow/.local/lib/python3.8/site-packages/airflow/example_dags/example_skip_dag.py
[2026-03-11T15:18:13.597+0000] {processor.py:830} INFO - Processing file /home/airflow/.local/lib/python3.8/site-packages/airflow/example_dags/example_skip_dag.py for tasks to queue
[2026-03-11T15:18:13.600+0000] {logging_mixin.py:188} INFO - [2026-03-11T15:18:13.600+0000] {dagbag.py:538} INFO - Filling up the DagBag from /home/airflow/.local/lib/python3.8/site-packages/airflow/example_dags/example_skip_dag.py
[2026-03-11T15:18:13.609+0000] {processor.py:840} INFO - DAG(s) 'example_skip_dag' retrieved from /home/airflow/.local/lib/python3.8/site-packages/airflow/example_dags/example_skip_dag.py
[2026-03-11T15:18:13.637+0000] {logging_mixin.py:188} INFO - [2026-03-11T15:18:13.636+0000] {dag.py:3036} INFO - Sync 1 DAGs
[2026-03-11T15:18:13.663+0000] {logging_mixin.py:188} INFO - [2026-03-11T15:18:13.663+0000] {dag.py:3823} INFO - Setting next_dagrun for example_skip_dag to 2026-03-10 00:00:00+00:00, run_after=2026-03-11 00:00:00+00:00
[2026-03-11T15:18:13.696+0000] {processor.py:183} INFO - Processing /home/airflow/.local/lib/python3.8/site-packages/airflow/example_dags/example_skip_dag.py took 0.105 seconds
