[2026-03-11T15:09:38.998+0000] {processor.py:161} INFO - Started process (PID=109) to work on /home/airflow/.local/lib/python3.8/site-packages/airflow/example_dags/example_subdag_operator.py
[2026-03-11T15:09:38.999+0000] {processor.py:830} INFO - Processing file /home/airflow/.local/lib/python3.8/site-packages/airflow/example_dags/example_subdag_operator.py for tasks to queue
[2026-03-11T15:09:39.002+0000] {logging_mixin.py:188} INFO - [2026-03-11T15:09:39.001+0000] {dagbag.py:538} INFO - Filling up the DagBag from /home/airflow/.local/lib/python3.8/site-packages/airflow/example_dags/example_subdag_operator.py
[2026-03-11T15:09:39.036+0000] {processor.py:840} INFO - DAG(s) 'example_subdag_operator.section-1', 'example_subdag_operator.section-2', 'example_subdag_operator' retrieved from /home/airflow/.local/lib/python3.8/site-packages/airflow/example_dags/example_subdag_operator.py
[2026-03-11T15:09:39.150+0000] {logging_mixin.py:188} INFO - [2026-03-11T15:09:39.150+0000] {dag.py:3036} INFO - Sync 3 DAGs
[2026-03-11T15:09:39.194+0000] {logging_mixin.py:188} INFO - [2026-03-11T15:09:39.194+0000] {dag.py:3823} INFO - Setting next_dagrun for example_subdag_operator to 2022-01-01 00:00:00+00:00, run_after=2022-01-01 00:00:00+00:00
[2026-03-11T15:09:39.209+0000] {logging_mixin.py:188} INFO - [2026-03-11T15:09:39.208+0000] {dag.py:3823} INFO - Setting next_dagrun for example_subdag_operator.section-1 to None, run_after=None
[2026-03-11T15:09:39.227+0000] {logging_mixin.py:188} INFO - [2026-03-11T15:09:39.226+0000] {dag.py:3823} INFO - Setting next_dagrun for example_subdag_operator.section-2 to None, run_after=None
[2026-03-11T15:09:39.242+0000] {logging_mixin.py:188} INFO - [2026-03-11T15:09:39.241+0000] {dag.py:3036} INFO - Sync 2 DAGs
[2026-03-11T15:09:39.249+0000] {logging_mixin.py:188} INFO - [2026-03-11T15:09:39.249+0000] {dag.py:3823} INFO - Setting next_dagrun for example_subdag_operator.section-1 to None, run_after=None
[2026-03-11T15:09:39.250+0000] {logging_mixin.py:188} INFO - [2026-03-11T15:09:39.250+0000] {dag.py:3823} INFO - Setting next_dagrun for example_subdag_operator.section-2 to None, run_after=None
[2026-03-11T15:09:39.266+0000] {processor.py:183} INFO - Processing /home/airflow/.local/lib/python3.8/site-packages/airflow/example_dags/example_subdag_operator.py took 0.273 seconds
[2026-03-11T15:10:10.075+0000] {processor.py:161} INFO - Started process (PID=165) to work on /home/airflow/.local/lib/python3.8/site-packages/airflow/example_dags/example_subdag_operator.py
[2026-03-11T15:10:10.076+0000] {processor.py:830} INFO - Processing file /home/airflow/.local/lib/python3.8/site-packages/airflow/example_dags/example_subdag_operator.py for tasks to queue
[2026-03-11T15:10:10.078+0000] {logging_mixin.py:188} INFO - [2026-03-11T15:10:10.078+0000] {dagbag.py:538} INFO - Filling up the DagBag from /home/airflow/.local/lib/python3.8/site-packages/airflow/example_dags/example_subdag_operator.py
[2026-03-11T15:10:10.108+0000] {processor.py:840} INFO - DAG(s) 'example_subdag_operator.section-1', 'example_subdag_operator.section-2', 'example_subdag_operator' retrieved from /home/airflow/.local/lib/python3.8/site-packages/airflow/example_dags/example_subdag_operator.py
[2026-03-11T15:10:10.128+0000] {logging_mixin.py:188} INFO - [2026-03-11T15:10:10.128+0000] {dag.py:3036} INFO - Sync 3 DAGs
[2026-03-11T15:10:10.152+0000] {logging_mixin.py:188} INFO - [2026-03-11T15:10:10.151+0000] {dag.py:3823} INFO - Setting next_dagrun for example_subdag_operator to 2022-01-01 00:00:00+00:00, run_after=2022-01-01 00:00:00+00:00
[2026-03-11T15:10:10.156+0000] {logging_mixin.py:188} INFO - [2026-03-11T15:10:10.156+0000] {dag.py:3823} INFO - Setting next_dagrun for example_subdag_operator.section-1 to None, run_after=None
[2026-03-11T15:10:10.159+0000] {logging_mixin.py:188} INFO - [2026-03-11T15:10:10.159+0000] {dag.py:3823} INFO - Setting next_dagrun for example_subdag_operator.section-2 to None, run_after=None
[2026-03-11T15:10:10.167+0000] {logging_mixin.py:188} INFO - [2026-03-11T15:10:10.167+0000] {dag.py:3036} INFO - Sync 2 DAGs
[2026-03-11T15:10:10.175+0000] {logging_mixin.py:188} INFO - [2026-03-11T15:10:10.174+0000] {dag.py:3823} INFO - Setting next_dagrun for example_subdag_operator.section-1 to None, run_after=None
[2026-03-11T15:10:10.175+0000] {logging_mixin.py:188} INFO - [2026-03-11T15:10:10.175+0000] {dag.py:3823} INFO - Setting next_dagrun for example_subdag_operator.section-2 to None, run_after=None
[2026-03-11T15:10:10.190+0000] {processor.py:183} INFO - Processing /home/airflow/.local/lib/python3.8/site-packages/airflow/example_dags/example_subdag_operator.py took 0.119 seconds
[2026-03-11T15:10:41.076+0000] {processor.py:161} INFO - Started process (PID=221) to work on /home/airflow/.local/lib/python3.8/site-packages/airflow/example_dags/example_subdag_operator.py
[2026-03-11T15:10:41.077+0000] {processor.py:830} INFO - Processing file /home/airflow/.local/lib/python3.8/site-packages/airflow/example_dags/example_subdag_operator.py for tasks to queue
[2026-03-11T15:10:41.080+0000] {logging_mixin.py:188} INFO - [2026-03-11T15:10:41.080+0000] {dagbag.py:538} INFO - Filling up the DagBag from /home/airflow/.local/lib/python3.8/site-packages/airflow/example_dags/example_subdag_operator.py
[2026-03-11T15:10:41.109+0000] {processor.py:840} INFO - DAG(s) 'example_subdag_operator.section-1', 'example_subdag_operator.section-2', 'example_subdag_operator' retrieved from /home/airflow/.local/lib/python3.8/site-packages/airflow/example_dags/example_subdag_operator.py
[2026-03-11T15:10:41.126+0000] {logging_mixin.py:188} INFO - [2026-03-11T15:10:41.126+0000] {dag.py:3036} INFO - Sync 3 DAGs
[2026-03-11T15:10:41.150+0000] {logging_mixin.py:188} INFO - [2026-03-11T15:10:41.149+0000] {dag.py:3823} INFO - Setting next_dagrun for example_subdag_operator to 2022-01-01 00:00:00+00:00, run_after=2022-01-01 00:00:00+00:00
[2026-03-11T15:10:41.154+0000] {logging_mixin.py:188} INFO - [2026-03-11T15:10:41.154+0000] {dag.py:3823} INFO - Setting next_dagrun for example_subdag_operator.section-1 to None, run_after=None
[2026-03-11T15:10:41.156+0000] {logging_mixin.py:188} INFO - [2026-03-11T15:10:41.156+0000] {dag.py:3823} INFO - Setting next_dagrun for example_subdag_operator.section-2 to None, run_after=None
[2026-03-11T15:10:41.164+0000] {logging_mixin.py:188} INFO - [2026-03-11T15:10:41.163+0000] {dag.py:3036} INFO - Sync 2 DAGs
[2026-03-11T15:10:41.168+0000] {logging_mixin.py:188} INFO - [2026-03-11T15:10:41.168+0000] {dag.py:3823} INFO - Setting next_dagrun for example_subdag_operator.section-1 to None, run_after=None
[2026-03-11T15:10:41.170+0000] {logging_mixin.py:188} INFO - [2026-03-11T15:10:41.170+0000] {dag.py:3823} INFO - Setting next_dagrun for example_subdag_operator.section-2 to None, run_after=None
[2026-03-11T15:10:41.182+0000] {processor.py:183} INFO - Processing /home/airflow/.local/lib/python3.8/site-packages/airflow/example_dags/example_subdag_operator.py took 0.110 seconds
[2026-03-11T15:11:11.474+0000] {processor.py:161} INFO - Started process (PID=277) to work on /home/airflow/.local/lib/python3.8/site-packages/airflow/example_dags/example_subdag_operator.py
[2026-03-11T15:11:11.476+0000] {processor.py:830} INFO - Processing file /home/airflow/.local/lib/python3.8/site-packages/airflow/example_dags/example_subdag_operator.py for tasks to queue
[2026-03-11T15:11:11.479+0000] {logging_mixin.py:188} INFO - [2026-03-11T15:11:11.479+0000] {dagbag.py:538} INFO - Filling up the DagBag from /home/airflow/.local/lib/python3.8/site-packages/airflow/example_dags/example_subdag_operator.py
[2026-03-11T15:11:11.509+0000] {processor.py:840} INFO - DAG(s) 'example_subdag_operator.section-1', 'example_subdag_operator.section-2', 'example_subdag_operator' retrieved from /home/airflow/.local/lib/python3.8/site-packages/airflow/example_dags/example_subdag_operator.py
[2026-03-11T15:11:11.528+0000] {logging_mixin.py:188} INFO - [2026-03-11T15:11:11.528+0000] {dag.py:3036} INFO - Sync 3 DAGs
[2026-03-11T15:11:11.553+0000] {logging_mixin.py:188} INFO - [2026-03-11T15:11:11.553+0000] {dag.py:3823} INFO - Setting next_dagrun for example_subdag_operator to 2022-01-01 00:00:00+00:00, run_after=2022-01-01 00:00:00+00:00
[2026-03-11T15:11:11.559+0000] {logging_mixin.py:188} INFO - [2026-03-11T15:11:11.559+0000] {dag.py:3823} INFO - Setting next_dagrun for example_subdag_operator.section-1 to None, run_after=None
[2026-03-11T15:11:11.561+0000] {logging_mixin.py:188} INFO - [2026-03-11T15:11:11.561+0000] {dag.py:3823} INFO - Setting next_dagrun for example_subdag_operator.section-2 to None, run_after=None
[2026-03-11T15:11:11.569+0000] {logging_mixin.py:188} INFO - [2026-03-11T15:11:11.569+0000] {dag.py:3036} INFO - Sync 2 DAGs
[2026-03-11T15:11:11.577+0000] {logging_mixin.py:188} INFO - [2026-03-11T15:11:11.577+0000] {dag.py:3823} INFO - Setting next_dagrun for example_subdag_operator.section-1 to None, run_after=None
[2026-03-11T15:11:11.578+0000] {logging_mixin.py:188} INFO - [2026-03-11T15:11:11.578+0000] {dag.py:3823} INFO - Setting next_dagrun for example_subdag_operator.section-2 to None, run_after=None
[2026-03-11T15:11:11.591+0000] {processor.py:183} INFO - Processing /home/airflow/.local/lib/python3.8/site-packages/airflow/example_dags/example_subdag_operator.py took 0.121 seconds
[2026-03-11T15:11:41.822+0000] {processor.py:161} INFO - Started process (PID=333) to work on /home/airflow/.local/lib/python3.8/site-packages/airflow/example_dags/example_subdag_operator.py
[2026-03-11T15:11:41.823+0000] {processor.py:830} INFO - Processing file /home/airflow/.local/lib/python3.8/site-packages/airflow/example_dags/example_subdag_operator.py for tasks to queue
[2026-03-11T15:11:41.826+0000] {logging_mixin.py:188} INFO - [2026-03-11T15:11:41.826+0000] {dagbag.py:538} INFO - Filling up the DagBag from /home/airflow/.local/lib/python3.8/site-packages/airflow/example_dags/example_subdag_operator.py
[2026-03-11T15:11:41.860+0000] {processor.py:840} INFO - DAG(s) 'example_subdag_operator.section-1', 'example_subdag_operator.section-2', 'example_subdag_operator' retrieved from /home/airflow/.local/lib/python3.8/site-packages/airflow/example_dags/example_subdag_operator.py
[2026-03-11T15:11:41.884+0000] {logging_mixin.py:188} INFO - [2026-03-11T15:11:41.883+0000] {dag.py:3036} INFO - Sync 3 DAGs
[2026-03-11T15:11:41.912+0000] {logging_mixin.py:188} INFO - [2026-03-11T15:11:41.911+0000] {dag.py:3823} INFO - Setting next_dagrun for example_subdag_operator to 2022-01-01 00:00:00+00:00, run_after=2022-01-01 00:00:00+00:00
[2026-03-11T15:11:41.916+0000] {logging_mixin.py:188} INFO - [2026-03-11T15:11:41.916+0000] {dag.py:3823} INFO - Setting next_dagrun for example_subdag_operator.section-1 to None, run_after=None
[2026-03-11T15:11:41.919+0000] {logging_mixin.py:188} INFO - [2026-03-11T15:11:41.919+0000] {dag.py:3823} INFO - Setting next_dagrun for example_subdag_operator.section-2 to None, run_after=None
[2026-03-11T15:11:41.929+0000] {logging_mixin.py:188} INFO - [2026-03-11T15:11:41.929+0000] {dag.py:3036} INFO - Sync 2 DAGs
[2026-03-11T15:11:41.939+0000] {logging_mixin.py:188} INFO - [2026-03-11T15:11:41.939+0000] {dag.py:3823} INFO - Setting next_dagrun for example_subdag_operator.section-1 to None, run_after=None
[2026-03-11T15:11:41.940+0000] {logging_mixin.py:188} INFO - [2026-03-11T15:11:41.940+0000] {dag.py:3823} INFO - Setting next_dagrun for example_subdag_operator.section-2 to None, run_after=None
[2026-03-11T15:11:41.956+0000] {processor.py:183} INFO - Processing /home/airflow/.local/lib/python3.8/site-packages/airflow/example_dags/example_subdag_operator.py took 0.138 seconds
[2026-03-11T15:12:13.005+0000] {processor.py:161} INFO - Started process (PID=389) to work on /home/airflow/.local/lib/python3.8/site-packages/airflow/example_dags/example_subdag_operator.py
[2026-03-11T15:12:13.013+0000] {processor.py:830} INFO - Processing file /home/airflow/.local/lib/python3.8/site-packages/airflow/example_dags/example_subdag_operator.py for tasks to queue
[2026-03-11T15:12:13.020+0000] {logging_mixin.py:188} INFO - [2026-03-11T15:12:13.019+0000] {dagbag.py:538} INFO - Filling up the DagBag from /home/airflow/.local/lib/python3.8/site-packages/airflow/example_dags/example_subdag_operator.py
[2026-03-11T15:12:13.114+0000] {processor.py:840} INFO - DAG(s) 'example_subdag_operator.section-1', 'example_subdag_operator.section-2', 'example_subdag_operator' retrieved from /home/airflow/.local/lib/python3.8/site-packages/airflow/example_dags/example_subdag_operator.py
[2026-03-11T15:12:13.193+0000] {logging_mixin.py:188} INFO - [2026-03-11T15:12:13.192+0000] {dag.py:3036} INFO - Sync 3 DAGs
[2026-03-11T15:12:13.301+0000] {logging_mixin.py:188} INFO - [2026-03-11T15:12:13.300+0000] {dag.py:3823} INFO - Setting next_dagrun for example_subdag_operator to 2022-01-01 00:00:00+00:00, run_after=2022-01-01 00:00:00+00:00
[2026-03-11T15:12:13.330+0000] {logging_mixin.py:188} INFO - [2026-03-11T15:12:13.329+0000] {dag.py:3823} INFO - Setting next_dagrun for example_subdag_operator.section-1 to None, run_after=None
[2026-03-11T15:12:13.338+0000] {logging_mixin.py:188} INFO - [2026-03-11T15:12:13.337+0000] {dag.py:3823} INFO - Setting next_dagrun for example_subdag_operator.section-2 to None, run_after=None
[2026-03-11T15:12:13.362+0000] {logging_mixin.py:188} INFO - [2026-03-11T15:12:13.361+0000] {dag.py:3036} INFO - Sync 2 DAGs
[2026-03-11T15:12:13.382+0000] {logging_mixin.py:188} INFO - [2026-03-11T15:12:13.381+0000] {dag.py:3823} INFO - Setting next_dagrun for example_subdag_operator.section-1 to None, run_after=None
[2026-03-11T15:12:13.383+0000] {logging_mixin.py:188} INFO - [2026-03-11T15:12:13.382+0000] {dag.py:3823} INFO - Setting next_dagrun for example_subdag_operator.section-2 to None, run_after=None
[2026-03-11T15:12:13.419+0000] {processor.py:183} INFO - Processing /home/airflow/.local/lib/python3.8/site-packages/airflow/example_dags/example_subdag_operator.py took 0.435 seconds
[2026-03-11T15:12:43.960+0000] {processor.py:161} INFO - Started process (PID=445) to work on /home/airflow/.local/lib/python3.8/site-packages/airflow/example_dags/example_subdag_operator.py
[2026-03-11T15:12:43.961+0000] {processor.py:830} INFO - Processing file /home/airflow/.local/lib/python3.8/site-packages/airflow/example_dags/example_subdag_operator.py for tasks to queue
[2026-03-11T15:12:43.965+0000] {logging_mixin.py:188} INFO - [2026-03-11T15:12:43.964+0000] {dagbag.py:538} INFO - Filling up the DagBag from /home/airflow/.local/lib/python3.8/site-packages/airflow/example_dags/example_subdag_operator.py
[2026-03-11T15:12:43.999+0000] {processor.py:840} INFO - DAG(s) 'example_subdag_operator.section-1', 'example_subdag_operator.section-2', 'example_subdag_operator' retrieved from /home/airflow/.local/lib/python3.8/site-packages/airflow/example_dags/example_subdag_operator.py
[2026-03-11T15:12:44.020+0000] {logging_mixin.py:188} INFO - [2026-03-11T15:12:44.020+0000] {dag.py:3036} INFO - Sync 3 DAGs
[2026-03-11T15:12:44.053+0000] {logging_mixin.py:188} INFO - [2026-03-11T15:12:44.053+0000] {dag.py:3823} INFO - Setting next_dagrun for example_subdag_operator to 2022-01-01 00:00:00+00:00, run_after=2022-01-01 00:00:00+00:00
[2026-03-11T15:12:44.060+0000] {logging_mixin.py:188} INFO - [2026-03-11T15:12:44.060+0000] {dag.py:3823} INFO - Setting next_dagrun for example_subdag_operator.section-1 to None, run_after=None
[2026-03-11T15:12:44.063+0000] {logging_mixin.py:188} INFO - [2026-03-11T15:12:44.062+0000] {dag.py:3823} INFO - Setting next_dagrun for example_subdag_operator.section-2 to None, run_after=None
[2026-03-11T15:12:44.076+0000] {logging_mixin.py:188} INFO - [2026-03-11T15:12:44.075+0000] {dag.py:3036} INFO - Sync 2 DAGs
[2026-03-11T15:12:44.089+0000] {logging_mixin.py:188} INFO - [2026-03-11T15:12:44.088+0000] {dag.py:3823} INFO - Setting next_dagrun for example_subdag_operator.section-1 to None, run_after=None
[2026-03-11T15:12:44.089+0000] {logging_mixin.py:188} INFO - [2026-03-11T15:12:44.089+0000] {dag.py:3823} INFO - Setting next_dagrun for example_subdag_operator.section-2 to None, run_after=None
[2026-03-11T15:12:44.108+0000] {processor.py:183} INFO - Processing /home/airflow/.local/lib/python3.8/site-packages/airflow/example_dags/example_subdag_operator.py took 0.153 seconds
[2026-03-11T15:13:14.619+0000] {processor.py:161} INFO - Started process (PID=501) to work on /home/airflow/.local/lib/python3.8/site-packages/airflow/example_dags/example_subdag_operator.py
[2026-03-11T15:13:14.620+0000] {processor.py:830} INFO - Processing file /home/airflow/.local/lib/python3.8/site-packages/airflow/example_dags/example_subdag_operator.py for tasks to queue
[2026-03-11T15:13:14.623+0000] {logging_mixin.py:188} INFO - [2026-03-11T15:13:14.622+0000] {dagbag.py:538} INFO - Filling up the DagBag from /home/airflow/.local/lib/python3.8/site-packages/airflow/example_dags/example_subdag_operator.py
[2026-03-11T15:13:14.656+0000] {processor.py:840} INFO - DAG(s) 'example_subdag_operator.section-1', 'example_subdag_operator.section-2', 'example_subdag_operator' retrieved from /home/airflow/.local/lib/python3.8/site-packages/airflow/example_dags/example_subdag_operator.py
[2026-03-11T15:13:14.680+0000] {logging_mixin.py:188} INFO - [2026-03-11T15:13:14.679+0000] {dag.py:3036} INFO - Sync 3 DAGs
[2026-03-11T15:13:14.708+0000] {logging_mixin.py:188} INFO - [2026-03-11T15:13:14.708+0000] {dag.py:3823} INFO - Setting next_dagrun for example_subdag_operator to 2022-01-01 00:00:00+00:00, run_after=2022-01-01 00:00:00+00:00
[2026-03-11T15:13:14.714+0000] {logging_mixin.py:188} INFO - [2026-03-11T15:13:14.713+0000] {dag.py:3823} INFO - Setting next_dagrun for example_subdag_operator.section-1 to None, run_after=None
[2026-03-11T15:13:14.716+0000] {logging_mixin.py:188} INFO - [2026-03-11T15:13:14.716+0000] {dag.py:3823} INFO - Setting next_dagrun for example_subdag_operator.section-2 to None, run_after=None
[2026-03-11T15:13:14.724+0000] {logging_mixin.py:188} INFO - [2026-03-11T15:13:14.724+0000] {dag.py:3036} INFO - Sync 2 DAGs
[2026-03-11T15:13:14.730+0000] {logging_mixin.py:188} INFO - [2026-03-11T15:13:14.730+0000] {dag.py:3823} INFO - Setting next_dagrun for example_subdag_operator.section-1 to None, run_after=None
[2026-03-11T15:13:14.731+0000] {logging_mixin.py:188} INFO - [2026-03-11T15:13:14.730+0000] {dag.py:3823} INFO - Setting next_dagrun for example_subdag_operator.section-2 to None, run_after=None
[2026-03-11T15:13:14.743+0000] {processor.py:183} INFO - Processing /home/airflow/.local/lib/python3.8/site-packages/airflow/example_dags/example_subdag_operator.py took 0.129 seconds
[2026-03-11T15:13:44.784+0000] {processor.py:161} INFO - Started process (PID=557) to work on /home/airflow/.local/lib/python3.8/site-packages/airflow/example_dags/example_subdag_operator.py
[2026-03-11T15:13:44.785+0000] {processor.py:830} INFO - Processing file /home/airflow/.local/lib/python3.8/site-packages/airflow/example_dags/example_subdag_operator.py for tasks to queue
[2026-03-11T15:13:44.788+0000] {logging_mixin.py:188} INFO - [2026-03-11T15:13:44.788+0000] {dagbag.py:538} INFO - Filling up the DagBag from /home/airflow/.local/lib/python3.8/site-packages/airflow/example_dags/example_subdag_operator.py
[2026-03-11T15:13:44.832+0000] {processor.py:840} INFO - DAG(s) 'example_subdag_operator.section-1', 'example_subdag_operator.section-2', 'example_subdag_operator' retrieved from /home/airflow/.local/lib/python3.8/site-packages/airflow/example_dags/example_subdag_operator.py
[2026-03-11T15:13:44.857+0000] {logging_mixin.py:188} INFO - [2026-03-11T15:13:44.856+0000] {dag.py:3036} INFO - Sync 3 DAGs
[2026-03-11T15:13:44.893+0000] {logging_mixin.py:188} INFO - [2026-03-11T15:13:44.892+0000] {dag.py:3823} INFO - Setting next_dagrun for example_subdag_operator to 2022-01-01 00:00:00+00:00, run_after=2022-01-01 00:00:00+00:00
[2026-03-11T15:13:44.898+0000] {logging_mixin.py:188} INFO - [2026-03-11T15:13:44.897+0000] {dag.py:3823} INFO - Setting next_dagrun for example_subdag_operator.section-1 to None, run_after=None
[2026-03-11T15:13:44.902+0000] {logging_mixin.py:188} INFO - [2026-03-11T15:13:44.901+0000] {dag.py:3823} INFO - Setting next_dagrun for example_subdag_operator.section-2 to None, run_after=None
[2026-03-11T15:13:44.915+0000] {logging_mixin.py:188} INFO - [2026-03-11T15:13:44.914+0000] {dag.py:3036} INFO - Sync 2 DAGs
[2026-03-11T15:13:44.923+0000] {logging_mixin.py:188} INFO - [2026-03-11T15:13:44.923+0000] {dag.py:3823} INFO - Setting next_dagrun for example_subdag_operator.section-1 to None, run_after=None
[2026-03-11T15:13:44.925+0000] {logging_mixin.py:188} INFO - [2026-03-11T15:13:44.925+0000] {dag.py:3823} INFO - Setting next_dagrun for example_subdag_operator.section-2 to None, run_after=None
[2026-03-11T15:13:44.942+0000] {processor.py:183} INFO - Processing /home/airflow/.local/lib/python3.8/site-packages/airflow/example_dags/example_subdag_operator.py took 0.164 seconds
[2026-03-11T15:14:15.540+0000] {processor.py:161} INFO - Started process (PID=613) to work on /home/airflow/.local/lib/python3.8/site-packages/airflow/example_dags/example_subdag_operator.py
[2026-03-11T15:14:15.542+0000] {processor.py:830} INFO - Processing file /home/airflow/.local/lib/python3.8/site-packages/airflow/example_dags/example_subdag_operator.py for tasks to queue
[2026-03-11T15:14:15.546+0000] {logging_mixin.py:188} INFO - [2026-03-11T15:14:15.545+0000] {dagbag.py:538} INFO - Filling up the DagBag from /home/airflow/.local/lib/python3.8/site-packages/airflow/example_dags/example_subdag_operator.py
[2026-03-11T15:14:15.588+0000] {processor.py:840} INFO - DAG(s) 'example_subdag_operator.section-1', 'example_subdag_operator.section-2', 'example_subdag_operator' retrieved from /home/airflow/.local/lib/python3.8/site-packages/airflow/example_dags/example_subdag_operator.py
[2026-03-11T15:14:15.616+0000] {logging_mixin.py:188} INFO - [2026-03-11T15:14:15.616+0000] {dag.py:3036} INFO - Sync 3 DAGs
[2026-03-11T15:14:15.651+0000] {logging_mixin.py:188} INFO - [2026-03-11T15:14:15.650+0000] {dag.py:3823} INFO - Setting next_dagrun for example_subdag_operator to 2022-01-01 00:00:00+00:00, run_after=2022-01-01 00:00:00+00:00
[2026-03-11T15:14:15.657+0000] {logging_mixin.py:188} INFO - [2026-03-11T15:14:15.657+0000] {dag.py:3823} INFO - Setting next_dagrun for example_subdag_operator.section-1 to None, run_after=None
[2026-03-11T15:14:15.659+0000] {logging_mixin.py:188} INFO - [2026-03-11T15:14:15.659+0000] {dag.py:3823} INFO - Setting next_dagrun for example_subdag_operator.section-2 to None, run_after=None
[2026-03-11T15:14:15.674+0000] {logging_mixin.py:188} INFO - [2026-03-11T15:14:15.673+0000] {dag.py:3036} INFO - Sync 2 DAGs
[2026-03-11T15:14:15.681+0000] {logging_mixin.py:188} INFO - [2026-03-11T15:14:15.681+0000] {dag.py:3823} INFO - Setting next_dagrun for example_subdag_operator.section-1 to None, run_after=None
[2026-03-11T15:14:15.682+0000] {logging_mixin.py:188} INFO - [2026-03-11T15:14:15.682+0000] {dag.py:3823} INFO - Setting next_dagrun for example_subdag_operator.section-2 to None, run_after=None
[2026-03-11T15:14:15.706+0000] {processor.py:183} INFO - Processing /home/airflow/.local/lib/python3.8/site-packages/airflow/example_dags/example_subdag_operator.py took 0.172 seconds
[2026-03-11T15:14:46.015+0000] {processor.py:161} INFO - Started process (PID=669) to work on /home/airflow/.local/lib/python3.8/site-packages/airflow/example_dags/example_subdag_operator.py
[2026-03-11T15:14:46.019+0000] {processor.py:830} INFO - Processing file /home/airflow/.local/lib/python3.8/site-packages/airflow/example_dags/example_subdag_operator.py for tasks to queue
[2026-03-11T15:14:46.026+0000] {logging_mixin.py:188} INFO - [2026-03-11T15:14:46.025+0000] {dagbag.py:538} INFO - Filling up the DagBag from /home/airflow/.local/lib/python3.8/site-packages/airflow/example_dags/example_subdag_operator.py
[2026-03-11T15:14:46.175+0000] {processor.py:840} INFO - DAG(s) 'example_subdag_operator.section-1', 'example_subdag_operator.section-2', 'example_subdag_operator' retrieved from /home/airflow/.local/lib/python3.8/site-packages/airflow/example_dags/example_subdag_operator.py
[2026-03-11T15:14:46.260+0000] {logging_mixin.py:188} INFO - [2026-03-11T15:14:46.260+0000] {dag.py:3036} INFO - Sync 3 DAGs
[2026-03-11T15:14:46.333+0000] {logging_mixin.py:188} INFO - [2026-03-11T15:14:46.332+0000] {dag.py:3823} INFO - Setting next_dagrun for example_subdag_operator to 2022-01-01 00:00:00+00:00, run_after=2022-01-01 00:00:00+00:00
[2026-03-11T15:14:46.345+0000] {logging_mixin.py:188} INFO - [2026-03-11T15:14:46.345+0000] {dag.py:3823} INFO - Setting next_dagrun for example_subdag_operator.section-1 to None, run_after=None
[2026-03-11T15:14:46.349+0000] {logging_mixin.py:188} INFO - [2026-03-11T15:14:46.348+0000] {dag.py:3823} INFO - Setting next_dagrun for example_subdag_operator.section-2 to None, run_after=None
[2026-03-11T15:14:46.373+0000] {logging_mixin.py:188} INFO - [2026-03-11T15:14:46.373+0000] {dag.py:3036} INFO - Sync 2 DAGs
[2026-03-11T15:14:46.385+0000] {logging_mixin.py:188} INFO - [2026-03-11T15:14:46.384+0000] {dag.py:3823} INFO - Setting next_dagrun for example_subdag_operator.section-1 to None, run_after=None
[2026-03-11T15:14:46.386+0000] {logging_mixin.py:188} INFO - [2026-03-11T15:14:46.385+0000] {dag.py:3823} INFO - Setting next_dagrun for example_subdag_operator.section-2 to None, run_after=None
[2026-03-11T15:14:46.411+0000] {processor.py:183} INFO - Processing /home/airflow/.local/lib/python3.8/site-packages/airflow/example_dags/example_subdag_operator.py took 0.472 seconds
[2026-03-11T15:15:16.811+0000] {processor.py:161} INFO - Started process (PID=725) to work on /home/airflow/.local/lib/python3.8/site-packages/airflow/example_dags/example_subdag_operator.py
[2026-03-11T15:15:16.814+0000] {processor.py:830} INFO - Processing file /home/airflow/.local/lib/python3.8/site-packages/airflow/example_dags/example_subdag_operator.py for tasks to queue
[2026-03-11T15:15:16.820+0000] {logging_mixin.py:188} INFO - [2026-03-11T15:15:16.819+0000] {dagbag.py:538} INFO - Filling up the DagBag from /home/airflow/.local/lib/python3.8/site-packages/airflow/example_dags/example_subdag_operator.py
[2026-03-11T15:15:16.868+0000] {processor.py:840} INFO - DAG(s) 'example_subdag_operator.section-1', 'example_subdag_operator.section-2', 'example_subdag_operator' retrieved from /home/airflow/.local/lib/python3.8/site-packages/airflow/example_dags/example_subdag_operator.py
[2026-03-11T15:15:16.890+0000] {logging_mixin.py:188} INFO - [2026-03-11T15:15:16.889+0000] {dag.py:3036} INFO - Sync 3 DAGs
[2026-03-11T15:15:16.925+0000] {logging_mixin.py:188} INFO - [2026-03-11T15:15:16.925+0000] {dag.py:3823} INFO - Setting next_dagrun for example_subdag_operator to 2022-01-01 00:00:00+00:00, run_after=2022-01-01 00:00:00+00:00
[2026-03-11T15:15:16.932+0000] {logging_mixin.py:188} INFO - [2026-03-11T15:15:16.931+0000] {dag.py:3823} INFO - Setting next_dagrun for example_subdag_operator.section-1 to None, run_after=None
[2026-03-11T15:15:16.933+0000] {logging_mixin.py:188} INFO - [2026-03-11T15:15:16.933+0000] {dag.py:3823} INFO - Setting next_dagrun for example_subdag_operator.section-2 to None, run_after=None
[2026-03-11T15:15:16.944+0000] {logging_mixin.py:188} INFO - [2026-03-11T15:15:16.944+0000] {dag.py:3036} INFO - Sync 2 DAGs
[2026-03-11T15:15:16.951+0000] {logging_mixin.py:188} INFO - [2026-03-11T15:15:16.951+0000] {dag.py:3823} INFO - Setting next_dagrun for example_subdag_operator.section-1 to None, run_after=None
[2026-03-11T15:15:16.952+0000] {logging_mixin.py:188} INFO - [2026-03-11T15:15:16.952+0000] {dag.py:3823} INFO - Setting next_dagrun for example_subdag_operator.section-2 to None, run_after=None
[2026-03-11T15:15:16.972+0000] {processor.py:183} INFO - Processing /home/airflow/.local/lib/python3.8/site-packages/airflow/example_dags/example_subdag_operator.py took 0.173 seconds
[2026-03-11T15:15:47.465+0000] {processor.py:161} INFO - Started process (PID=781) to work on /home/airflow/.local/lib/python3.8/site-packages/airflow/example_dags/example_subdag_operator.py
[2026-03-11T15:15:47.466+0000] {processor.py:830} INFO - Processing file /home/airflow/.local/lib/python3.8/site-packages/airflow/example_dags/example_subdag_operator.py for tasks to queue
[2026-03-11T15:15:47.469+0000] {logging_mixin.py:188} INFO - [2026-03-11T15:15:47.469+0000] {dagbag.py:538} INFO - Filling up the DagBag from /home/airflow/.local/lib/python3.8/site-packages/airflow/example_dags/example_subdag_operator.py
[2026-03-11T15:15:47.515+0000] {processor.py:840} INFO - DAG(s) 'example_subdag_operator.section-1', 'example_subdag_operator.section-2', 'example_subdag_operator' retrieved from /home/airflow/.local/lib/python3.8/site-packages/airflow/example_dags/example_subdag_operator.py
[2026-03-11T15:15:47.544+0000] {logging_mixin.py:188} INFO - [2026-03-11T15:15:47.544+0000] {dag.py:3036} INFO - Sync 3 DAGs
[2026-03-11T15:15:47.581+0000] {logging_mixin.py:188} INFO - [2026-03-11T15:15:47.580+0000] {dag.py:3823} INFO - Setting next_dagrun for example_subdag_operator to 2022-01-01 00:00:00+00:00, run_after=2022-01-01 00:00:00+00:00
[2026-03-11T15:15:47.587+0000] {logging_mixin.py:188} INFO - [2026-03-11T15:15:47.587+0000] {dag.py:3823} INFO - Setting next_dagrun for example_subdag_operator.section-1 to None, run_after=None
[2026-03-11T15:15:47.590+0000] {logging_mixin.py:188} INFO - [2026-03-11T15:15:47.589+0000] {dag.py:3823} INFO - Setting next_dagrun for example_subdag_operator.section-2 to None, run_after=None
[2026-03-11T15:15:47.602+0000] {logging_mixin.py:188} INFO - [2026-03-11T15:15:47.602+0000] {dag.py:3036} INFO - Sync 2 DAGs
[2026-03-11T15:15:47.609+0000] {logging_mixin.py:188} INFO - [2026-03-11T15:15:47.609+0000] {dag.py:3823} INFO - Setting next_dagrun for example_subdag_operator.section-1 to None, run_after=None
[2026-03-11T15:15:47.610+0000] {logging_mixin.py:188} INFO - [2026-03-11T15:15:47.609+0000] {dag.py:3823} INFO - Setting next_dagrun for example_subdag_operator.section-2 to None, run_after=None
[2026-03-11T15:15:47.626+0000] {processor.py:183} INFO - Processing /home/airflow/.local/lib/python3.8/site-packages/airflow/example_dags/example_subdag_operator.py took 0.165 seconds
[2026-03-11T15:16:17.654+0000] {processor.py:161} INFO - Started process (PID=837) to work on /home/airflow/.local/lib/python3.8/site-packages/airflow/example_dags/example_subdag_operator.py
[2026-03-11T15:16:17.655+0000] {processor.py:830} INFO - Processing file /home/airflow/.local/lib/python3.8/site-packages/airflow/example_dags/example_subdag_operator.py for tasks to queue
[2026-03-11T15:16:17.657+0000] {logging_mixin.py:188} INFO - [2026-03-11T15:16:17.657+0000] {dagbag.py:538} INFO - Filling up the DagBag from /home/airflow/.local/lib/python3.8/site-packages/airflow/example_dags/example_subdag_operator.py
[2026-03-11T15:16:17.685+0000] {processor.py:840} INFO - DAG(s) 'example_subdag_operator.section-1', 'example_subdag_operator.section-2', 'example_subdag_operator' retrieved from /home/airflow/.local/lib/python3.8/site-packages/airflow/example_dags/example_subdag_operator.py
[2026-03-11T15:16:17.703+0000] {logging_mixin.py:188} INFO - [2026-03-11T15:16:17.703+0000] {dag.py:3036} INFO - Sync 3 DAGs
[2026-03-11T15:16:17.726+0000] {logging_mixin.py:188} INFO - [2026-03-11T15:16:17.725+0000] {dag.py:3823} INFO - Setting next_dagrun for example_subdag_operator to 2022-01-01 00:00:00+00:00, run_after=2022-01-01 00:00:00+00:00
[2026-03-11T15:16:17.730+0000] {logging_mixin.py:188} INFO - [2026-03-11T15:16:17.729+0000] {dag.py:3823} INFO - Setting next_dagrun for example_subdag_operator.section-1 to None, run_after=None
[2026-03-11T15:16:17.731+0000] {logging_mixin.py:188} INFO - [2026-03-11T15:16:17.731+0000] {dag.py:3823} INFO - Setting next_dagrun for example_subdag_operator.section-2 to None, run_after=None
[2026-03-11T15:16:17.739+0000] {logging_mixin.py:188} INFO - [2026-03-11T15:16:17.738+0000] {dag.py:3036} INFO - Sync 2 DAGs
[2026-03-11T15:16:17.744+0000] {logging_mixin.py:188} INFO - [2026-03-11T15:16:17.744+0000] {dag.py:3823} INFO - Setting next_dagrun for example_subdag_operator.section-1 to None, run_after=None
[2026-03-11T15:16:17.745+0000] {logging_mixin.py:188} INFO - [2026-03-11T15:16:17.745+0000] {dag.py:3823} INFO - Setting next_dagrun for example_subdag_operator.section-2 to None, run_after=None
[2026-03-11T15:16:17.760+0000] {processor.py:183} INFO - Processing /home/airflow/.local/lib/python3.8/site-packages/airflow/example_dags/example_subdag_operator.py took 0.109 seconds
[2026-03-11T15:16:48.021+0000] {processor.py:161} INFO - Started process (PID=893) to work on /home/airflow/.local/lib/python3.8/site-packages/airflow/example_dags/example_subdag_operator.py
[2026-03-11T15:16:48.022+0000] {processor.py:830} INFO - Processing file /home/airflow/.local/lib/python3.8/site-packages/airflow/example_dags/example_subdag_operator.py for tasks to queue
[2026-03-11T15:16:48.025+0000] {logging_mixin.py:188} INFO - [2026-03-11T15:16:48.025+0000] {dagbag.py:538} INFO - Filling up the DagBag from /home/airflow/.local/lib/python3.8/site-packages/airflow/example_dags/example_subdag_operator.py
[2026-03-11T15:16:48.060+0000] {processor.py:840} INFO - DAG(s) 'example_subdag_operator.section-1', 'example_subdag_operator.section-2', 'example_subdag_operator' retrieved from /home/airflow/.local/lib/python3.8/site-packages/airflow/example_dags/example_subdag_operator.py
[2026-03-11T15:16:48.079+0000] {logging_mixin.py:188} INFO - [2026-03-11T15:16:48.079+0000] {dag.py:3036} INFO - Sync 3 DAGs
[2026-03-11T15:16:48.106+0000] {logging_mixin.py:188} INFO - [2026-03-11T15:16:48.106+0000] {dag.py:3823} INFO - Setting next_dagrun for example_subdag_operator to 2022-01-01 00:00:00+00:00, run_after=2022-01-01 00:00:00+00:00
[2026-03-11T15:16:48.110+0000] {logging_mixin.py:188} INFO - [2026-03-11T15:16:48.110+0000] {dag.py:3823} INFO - Setting next_dagrun for example_subdag_operator.section-1 to None, run_after=None
[2026-03-11T15:16:48.112+0000] {logging_mixin.py:188} INFO - [2026-03-11T15:16:48.111+0000] {dag.py:3823} INFO - Setting next_dagrun for example_subdag_operator.section-2 to None, run_after=None
[2026-03-11T15:16:48.119+0000] {logging_mixin.py:188} INFO - [2026-03-11T15:16:48.119+0000] {dag.py:3036} INFO - Sync 2 DAGs
[2026-03-11T15:16:48.124+0000] {logging_mixin.py:188} INFO - [2026-03-11T15:16:48.124+0000] {dag.py:3823} INFO - Setting next_dagrun for example_subdag_operator.section-1 to None, run_after=None
[2026-03-11T15:16:48.125+0000] {logging_mixin.py:188} INFO - [2026-03-11T15:16:48.125+0000] {dag.py:3823} INFO - Setting next_dagrun for example_subdag_operator.section-2 to None, run_after=None
[2026-03-11T15:16:48.140+0000] {processor.py:183} INFO - Processing /home/airflow/.local/lib/python3.8/site-packages/airflow/example_dags/example_subdag_operator.py took 0.124 seconds
[2026-03-11T15:17:18.293+0000] {processor.py:161} INFO - Started process (PID=949) to work on /home/airflow/.local/lib/python3.8/site-packages/airflow/example_dags/example_subdag_operator.py
[2026-03-11T15:17:18.295+0000] {processor.py:830} INFO - Processing file /home/airflow/.local/lib/python3.8/site-packages/airflow/example_dags/example_subdag_operator.py for tasks to queue
[2026-03-11T15:17:18.298+0000] {logging_mixin.py:188} INFO - [2026-03-11T15:17:18.297+0000] {dagbag.py:538} INFO - Filling up the DagBag from /home/airflow/.local/lib/python3.8/site-packages/airflow/example_dags/example_subdag_operator.py
[2026-03-11T15:17:18.349+0000] {processor.py:840} INFO - DAG(s) 'example_subdag_operator.section-1', 'example_subdag_operator.section-2', 'example_subdag_operator' retrieved from /home/airflow/.local/lib/python3.8/site-packages/airflow/example_dags/example_subdag_operator.py
[2026-03-11T15:17:18.381+0000] {logging_mixin.py:188} INFO - [2026-03-11T15:17:18.381+0000] {dag.py:3036} INFO - Sync 3 DAGs
[2026-03-11T15:17:18.436+0000] {logging_mixin.py:188} INFO - [2026-03-11T15:17:18.435+0000] {dag.py:3823} INFO - Setting next_dagrun for example_subdag_operator to 2022-01-01 00:00:00+00:00, run_after=2022-01-01 00:00:00+00:00
[2026-03-11T15:17:18.442+0000] {logging_mixin.py:188} INFO - [2026-03-11T15:17:18.442+0000] {dag.py:3823} INFO - Setting next_dagrun for example_subdag_operator.section-1 to None, run_after=None
[2026-03-11T15:17:18.444+0000] {logging_mixin.py:188} INFO - [2026-03-11T15:17:18.444+0000] {dag.py:3823} INFO - Setting next_dagrun for example_subdag_operator.section-2 to None, run_after=None
[2026-03-11T15:17:18.455+0000] {logging_mixin.py:188} INFO - [2026-03-11T15:17:18.455+0000] {dag.py:3036} INFO - Sync 2 DAGs
[2026-03-11T15:17:18.464+0000] {logging_mixin.py:188} INFO - [2026-03-11T15:17:18.463+0000] {dag.py:3823} INFO - Setting next_dagrun for example_subdag_operator.section-1 to None, run_after=None
[2026-03-11T15:17:18.465+0000] {logging_mixin.py:188} INFO - [2026-03-11T15:17:18.465+0000] {dag.py:3823} INFO - Setting next_dagrun for example_subdag_operator.section-2 to None, run_after=None
[2026-03-11T15:17:18.482+0000] {processor.py:183} INFO - Processing /home/airflow/.local/lib/python3.8/site-packages/airflow/example_dags/example_subdag_operator.py took 0.194 seconds
[2026-03-11T15:17:48.517+0000] {processor.py:161} INFO - Started process (PID=1005) to work on /home/airflow/.local/lib/python3.8/site-packages/airflow/example_dags/example_subdag_operator.py
[2026-03-11T15:17:48.518+0000] {processor.py:830} INFO - Processing file /home/airflow/.local/lib/python3.8/site-packages/airflow/example_dags/example_subdag_operator.py for tasks to queue
[2026-03-11T15:17:48.521+0000] {logging_mixin.py:188} INFO - [2026-03-11T15:17:48.521+0000] {dagbag.py:538} INFO - Filling up the DagBag from /home/airflow/.local/lib/python3.8/site-packages/airflow/example_dags/example_subdag_operator.py
[2026-03-11T15:17:48.559+0000] {processor.py:840} INFO - DAG(s) 'example_subdag_operator.section-1', 'example_subdag_operator.section-2', 'example_subdag_operator' retrieved from /home/airflow/.local/lib/python3.8/site-packages/airflow/example_dags/example_subdag_operator.py
[2026-03-11T15:17:48.585+0000] {logging_mixin.py:188} INFO - [2026-03-11T15:17:48.584+0000] {dag.py:3036} INFO - Sync 3 DAGs
[2026-03-11T15:17:48.621+0000] {logging_mixin.py:188} INFO - [2026-03-11T15:17:48.621+0000] {dag.py:3823} INFO - Setting next_dagrun for example_subdag_operator to 2022-01-01 00:00:00+00:00, run_after=2022-01-01 00:00:00+00:00
[2026-03-11T15:17:48.628+0000] {logging_mixin.py:188} INFO - [2026-03-11T15:17:48.628+0000] {dag.py:3823} INFO - Setting next_dagrun for example_subdag_operator.section-1 to None, run_after=None
[2026-03-11T15:17:48.631+0000] {logging_mixin.py:188} INFO - [2026-03-11T15:17:48.630+0000] {dag.py:3823} INFO - Setting next_dagrun for example_subdag_operator.section-2 to None, run_after=None
[2026-03-11T15:17:48.643+0000] {logging_mixin.py:188} INFO - [2026-03-11T15:17:48.642+0000] {dag.py:3036} INFO - Sync 2 DAGs
[2026-03-11T15:17:48.651+0000] {logging_mixin.py:188} INFO - [2026-03-11T15:17:48.651+0000] {dag.py:3823} INFO - Setting next_dagrun for example_subdag_operator.section-1 to None, run_after=None
[2026-03-11T15:17:48.652+0000] {logging_mixin.py:188} INFO - [2026-03-11T15:17:48.652+0000] {dag.py:3823} INFO - Setting next_dagrun for example_subdag_operator.section-2 to None, run_after=None
[2026-03-11T15:17:48.668+0000] {processor.py:183} INFO - Processing /home/airflow/.local/lib/python3.8/site-packages/airflow/example_dags/example_subdag_operator.py took 0.156 seconds
[2026-03-11T15:18:19.356+0000] {processor.py:161} INFO - Started process (PID=1061) to work on /home/airflow/.local/lib/python3.8/site-packages/airflow/example_dags/example_subdag_operator.py
[2026-03-11T15:18:19.357+0000] {processor.py:830} INFO - Processing file /home/airflow/.local/lib/python3.8/site-packages/airflow/example_dags/example_subdag_operator.py for tasks to queue
[2026-03-11T15:18:19.360+0000] {logging_mixin.py:188} INFO - [2026-03-11T15:18:19.360+0000] {dagbag.py:538} INFO - Filling up the DagBag from /home/airflow/.local/lib/python3.8/site-packages/airflow/example_dags/example_subdag_operator.py
[2026-03-11T15:18:19.396+0000] {processor.py:840} INFO - DAG(s) 'example_subdag_operator.section-1', 'example_subdag_operator.section-2', 'example_subdag_operator' retrieved from /home/airflow/.local/lib/python3.8/site-packages/airflow/example_dags/example_subdag_operator.py
[2026-03-11T15:18:19.416+0000] {logging_mixin.py:188} INFO - [2026-03-11T15:18:19.415+0000] {dag.py:3036} INFO - Sync 3 DAGs
[2026-03-11T15:18:19.443+0000] {logging_mixin.py:188} INFO - [2026-03-11T15:18:19.443+0000] {dag.py:3823} INFO - Setting next_dagrun for example_subdag_operator to 2022-01-01 00:00:00+00:00, run_after=2022-01-01 00:00:00+00:00
[2026-03-11T15:18:19.448+0000] {logging_mixin.py:188} INFO - [2026-03-11T15:18:19.448+0000] {dag.py:3823} INFO - Setting next_dagrun for example_subdag_operator.section-1 to None, run_after=None
[2026-03-11T15:18:19.449+0000] {logging_mixin.py:188} INFO - [2026-03-11T15:18:19.449+0000] {dag.py:3823} INFO - Setting next_dagrun for example_subdag_operator.section-2 to None, run_after=None
[2026-03-11T15:18:19.458+0000] {logging_mixin.py:188} INFO - [2026-03-11T15:18:19.458+0000] {dag.py:3036} INFO - Sync 2 DAGs
[2026-03-11T15:18:19.465+0000] {logging_mixin.py:188} INFO - [2026-03-11T15:18:19.464+0000] {dag.py:3823} INFO - Setting next_dagrun for example_subdag_operator.section-1 to None, run_after=None
[2026-03-11T15:18:19.465+0000] {logging_mixin.py:188} INFO - [2026-03-11T15:18:19.465+0000] {dag.py:3823} INFO - Setting next_dagrun for example_subdag_operator.section-2 to None, run_after=None
[2026-03-11T15:18:19.480+0000] {processor.py:183} INFO - Processing /home/airflow/.local/lib/python3.8/site-packages/airflow/example_dags/example_subdag_operator.py took 0.128 seconds
