[2026-03-11T15:09:33.255+0000] {processor.py:161} INFO - Started process (PID=82) to work on /home/airflow/.local/lib/python3.8/site-packages/airflow/example_dags/example_branch_datetime_operator.py
[2026-03-11T15:09:33.259+0000] {processor.py:830} INFO - Processing file /home/airflow/.local/lib/python3.8/site-packages/airflow/example_dags/example_branch_datetime_operator.py for tasks to queue
[2026-03-11T15:09:33.265+0000] {logging_mixin.py:188} INFO - [2026-03-11T15:09:33.265+0000] {dagbag.py:538} INFO - Filling up the DagBag from /home/airflow/.local/lib/python3.8/site-packages/airflow/example_dags/example_branch_datetime_operator.py
[2026-03-11T15:09:33.292+0000] {processor.py:840} INFO - DAG(s) 'example_branch_datetime_operator_3', 'example_branch_datetime_operator_2', 'example_branch_datetime_operator' retrieved from /home/airflow/.local/lib/python3.8/site-packages/airflow/example_dags/example_branch_datetime_operator.py
[2026-03-11T15:09:33.324+0000] {logging_mixin.py:188} INFO - [2026-03-11T15:09:33.324+0000] {dag.py:3036} INFO - Sync 3 DAGs
[2026-03-11T15:09:33.378+0000] {logging_mixin.py:188} INFO - [2026-03-11T15:09:33.378+0000] {dag.py:3823} INFO - Setting next_dagrun for example_branch_datetime_operator to 2026-03-10 00:00:00+00:00, run_after=2026-03-11 00:00:00+00:00
[2026-03-11T15:09:33.396+0000] {logging_mixin.py:188} INFO - [2026-03-11T15:09:33.395+0000] {dag.py:3823} INFO - Setting next_dagrun for example_branch_datetime_operator_2 to 2026-03-10 00:00:00+00:00, run_after=2026-03-11 00:00:00+00:00
[2026-03-11T15:09:33.417+0000] {logging_mixin.py:188} INFO - [2026-03-11T15:09:33.417+0000] {dag.py:3823} INFO - Setting next_dagrun for example_branch_datetime_operator_3 to 2026-03-10 00:00:00+00:00, run_after=2026-03-11 00:00:00+00:00
[2026-03-11T15:09:33.476+0000] {processor.py:183} INFO - Processing /home/airflow/.local/lib/python3.8/site-packages/airflow/example_dags/example_branch_datetime_operator.py took 0.237 seconds
[2026-03-11T15:10:05.386+0000] {processor.py:161} INFO - Started process (PID=138) to work on /home/airflow/.local/lib/python3.8/site-packages/airflow/example_dags/example_branch_datetime_operator.py
[2026-03-11T15:10:05.388+0000] {processor.py:830} INFO - Processing file /home/airflow/.local/lib/python3.8/site-packages/airflow/example_dags/example_branch_datetime_operator.py for tasks to queue
[2026-03-11T15:10:05.393+0000] {logging_mixin.py:188} INFO - [2026-03-11T15:10:05.392+0000] {dagbag.py:538} INFO - Filling up the DagBag from /home/airflow/.local/lib/python3.8/site-packages/airflow/example_dags/example_branch_datetime_operator.py
[2026-03-11T15:10:05.412+0000] {processor.py:840} INFO - DAG(s) 'example_branch_datetime_operator_3', 'example_branch_datetime_operator_2', 'example_branch_datetime_operator' retrieved from /home/airflow/.local/lib/python3.8/site-packages/airflow/example_dags/example_branch_datetime_operator.py
[2026-03-11T15:10:05.620+0000] {logging_mixin.py:188} INFO - [2026-03-11T15:10:05.620+0000] {dag.py:3036} INFO - Sync 3 DAGs
[2026-03-11T15:10:05.650+0000] {logging_mixin.py:188} INFO - [2026-03-11T15:10:05.650+0000] {dag.py:3823} INFO - Setting next_dagrun for example_branch_datetime_operator to 2026-03-10 00:00:00+00:00, run_after=2026-03-11 00:00:00+00:00
[2026-03-11T15:10:05.656+0000] {logging_mixin.py:188} INFO - [2026-03-11T15:10:05.656+0000] {dag.py:3823} INFO - Setting next_dagrun for example_branch_datetime_operator_2 to 2026-03-10 00:00:00+00:00, run_after=2026-03-11 00:00:00+00:00
[2026-03-11T15:10:05.659+0000] {logging_mixin.py:188} INFO - [2026-03-11T15:10:05.659+0000] {dag.py:3823} INFO - Setting next_dagrun for example_branch_datetime_operator_3 to 2026-03-10 00:00:00+00:00, run_after=2026-03-11 00:00:00+00:00
[2026-03-11T15:10:05.679+0000] {processor.py:183} INFO - Processing /home/airflow/.local/lib/python3.8/site-packages/airflow/example_dags/example_branch_datetime_operator.py took 0.299 seconds
[2026-03-11T15:10:35.867+0000] {processor.py:161} INFO - Started process (PID=194) to work on /home/airflow/.local/lib/python3.8/site-packages/airflow/example_dags/example_branch_datetime_operator.py
[2026-03-11T15:10:35.871+0000] {processor.py:830} INFO - Processing file /home/airflow/.local/lib/python3.8/site-packages/airflow/example_dags/example_branch_datetime_operator.py for tasks to queue
[2026-03-11T15:10:35.874+0000] {logging_mixin.py:188} INFO - [2026-03-11T15:10:35.874+0000] {dagbag.py:538} INFO - Filling up the DagBag from /home/airflow/.local/lib/python3.8/site-packages/airflow/example_dags/example_branch_datetime_operator.py
[2026-03-11T15:10:35.891+0000] {processor.py:840} INFO - DAG(s) 'example_branch_datetime_operator', 'example_branch_datetime_operator_3', 'example_branch_datetime_operator_2' retrieved from /home/airflow/.local/lib/python3.8/site-packages/airflow/example_dags/example_branch_datetime_operator.py
[2026-03-11T15:10:35.934+0000] {logging_mixin.py:188} INFO - [2026-03-11T15:10:35.933+0000] {dag.py:3036} INFO - Sync 3 DAGs
[2026-03-11T15:10:35.963+0000] {logging_mixin.py:188} INFO - [2026-03-11T15:10:35.962+0000] {dag.py:3823} INFO - Setting next_dagrun for example_branch_datetime_operator to 2026-03-10 00:00:00+00:00, run_after=2026-03-11 00:00:00+00:00
[2026-03-11T15:10:35.969+0000] {logging_mixin.py:188} INFO - [2026-03-11T15:10:35.969+0000] {dag.py:3823} INFO - Setting next_dagrun for example_branch_datetime_operator_2 to 2026-03-10 00:00:00+00:00, run_after=2026-03-11 00:00:00+00:00
[2026-03-11T15:10:35.973+0000] {logging_mixin.py:188} INFO - [2026-03-11T15:10:35.972+0000] {dag.py:3823} INFO - Setting next_dagrun for example_branch_datetime_operator_3 to 2026-03-10 00:00:00+00:00, run_after=2026-03-11 00:00:00+00:00
[2026-03-11T15:10:36.000+0000] {processor.py:183} INFO - Processing /home/airflow/.local/lib/python3.8/site-packages/airflow/example_dags/example_branch_datetime_operator.py took 0.137 seconds
[2026-03-11T15:11:06.672+0000] {processor.py:161} INFO - Started process (PID=250) to work on /home/airflow/.local/lib/python3.8/site-packages/airflow/example_dags/example_branch_datetime_operator.py
[2026-03-11T15:11:06.674+0000] {processor.py:830} INFO - Processing file /home/airflow/.local/lib/python3.8/site-packages/airflow/example_dags/example_branch_datetime_operator.py for tasks to queue
[2026-03-11T15:11:06.677+0000] {logging_mixin.py:188} INFO - [2026-03-11T15:11:06.677+0000] {dagbag.py:538} INFO - Filling up the DagBag from /home/airflow/.local/lib/python3.8/site-packages/airflow/example_dags/example_branch_datetime_operator.py
[2026-03-11T15:11:06.692+0000] {processor.py:840} INFO - DAG(s) 'example_branch_datetime_operator_3', 'example_branch_datetime_operator', 'example_branch_datetime_operator_2' retrieved from /home/airflow/.local/lib/python3.8/site-packages/airflow/example_dags/example_branch_datetime_operator.py
[2026-03-11T15:11:06.735+0000] {logging_mixin.py:188} INFO - [2026-03-11T15:11:06.735+0000] {dag.py:3036} INFO - Sync 3 DAGs
[2026-03-11T15:11:06.771+0000] {logging_mixin.py:188} INFO - [2026-03-11T15:11:06.770+0000] {dag.py:3823} INFO - Setting next_dagrun for example_branch_datetime_operator to 2026-03-10 00:00:00+00:00, run_after=2026-03-11 00:00:00+00:00
[2026-03-11T15:11:06.780+0000] {logging_mixin.py:188} INFO - [2026-03-11T15:11:06.779+0000] {dag.py:3823} INFO - Setting next_dagrun for example_branch_datetime_operator_2 to 2026-03-10 00:00:00+00:00, run_after=2026-03-11 00:00:00+00:00
[2026-03-11T15:11:06.784+0000] {logging_mixin.py:188} INFO - [2026-03-11T15:11:06.784+0000] {dag.py:3823} INFO - Setting next_dagrun for example_branch_datetime_operator_3 to 2026-03-10 00:00:00+00:00, run_after=2026-03-11 00:00:00+00:00
[2026-03-11T15:11:06.807+0000] {processor.py:183} INFO - Processing /home/airflow/.local/lib/python3.8/site-packages/airflow/example_dags/example_branch_datetime_operator.py took 0.141 seconds
[2026-03-11T15:11:37.017+0000] {processor.py:161} INFO - Started process (PID=306) to work on /home/airflow/.local/lib/python3.8/site-packages/airflow/example_dags/example_branch_datetime_operator.py
[2026-03-11T15:11:37.018+0000] {processor.py:830} INFO - Processing file /home/airflow/.local/lib/python3.8/site-packages/airflow/example_dags/example_branch_datetime_operator.py for tasks to queue
[2026-03-11T15:11:37.020+0000] {logging_mixin.py:188} INFO - [2026-03-11T15:11:37.020+0000] {dagbag.py:538} INFO - Filling up the DagBag from /home/airflow/.local/lib/python3.8/site-packages/airflow/example_dags/example_branch_datetime_operator.py
[2026-03-11T15:11:37.037+0000] {processor.py:840} INFO - DAG(s) 'example_branch_datetime_operator_3', 'example_branch_datetime_operator_2', 'example_branch_datetime_operator' retrieved from /home/airflow/.local/lib/python3.8/site-packages/airflow/example_dags/example_branch_datetime_operator.py
[2026-03-11T15:11:37.081+0000] {logging_mixin.py:188} INFO - [2026-03-11T15:11:37.080+0000] {dag.py:3036} INFO - Sync 3 DAGs
[2026-03-11T15:11:37.120+0000] {logging_mixin.py:188} INFO - [2026-03-11T15:11:37.120+0000] {dag.py:3823} INFO - Setting next_dagrun for example_branch_datetime_operator to 2026-03-10 00:00:00+00:00, run_after=2026-03-11 00:00:00+00:00
[2026-03-11T15:11:37.128+0000] {logging_mixin.py:188} INFO - [2026-03-11T15:11:37.127+0000] {dag.py:3823} INFO - Setting next_dagrun for example_branch_datetime_operator_2 to 2026-03-10 00:00:00+00:00, run_after=2026-03-11 00:00:00+00:00
[2026-03-11T15:11:37.132+0000] {logging_mixin.py:188} INFO - [2026-03-11T15:11:37.132+0000] {dag.py:3823} INFO - Setting next_dagrun for example_branch_datetime_operator_3 to 2026-03-10 00:00:00+00:00, run_after=2026-03-11 00:00:00+00:00
[2026-03-11T15:11:37.159+0000] {processor.py:183} INFO - Processing /home/airflow/.local/lib/python3.8/site-packages/airflow/example_dags/example_branch_datetime_operator.py took 0.146 seconds
[2026-03-11T15:12:07.441+0000] {processor.py:161} INFO - Started process (PID=362) to work on /home/airflow/.local/lib/python3.8/site-packages/airflow/example_dags/example_branch_datetime_operator.py
[2026-03-11T15:12:07.444+0000] {processor.py:830} INFO - Processing file /home/airflow/.local/lib/python3.8/site-packages/airflow/example_dags/example_branch_datetime_operator.py for tasks to queue
[2026-03-11T15:12:07.450+0000] {logging_mixin.py:188} INFO - [2026-03-11T15:12:07.449+0000] {dagbag.py:538} INFO - Filling up the DagBag from /home/airflow/.local/lib/python3.8/site-packages/airflow/example_dags/example_branch_datetime_operator.py
[2026-03-11T15:12:07.478+0000] {processor.py:840} INFO - DAG(s) 'example_branch_datetime_operator_2', 'example_branch_datetime_operator_3', 'example_branch_datetime_operator' retrieved from /home/airflow/.local/lib/python3.8/site-packages/airflow/example_dags/example_branch_datetime_operator.py
[2026-03-11T15:12:07.537+0000] {logging_mixin.py:188} INFO - [2026-03-11T15:12:07.537+0000] {dag.py:3036} INFO - Sync 3 DAGs
[2026-03-11T15:12:07.600+0000] {logging_mixin.py:188} INFO - [2026-03-11T15:12:07.599+0000] {dag.py:3823} INFO - Setting next_dagrun for example_branch_datetime_operator to 2026-03-10 00:00:00+00:00, run_after=2026-03-11 00:00:00+00:00
[2026-03-11T15:12:07.623+0000] {logging_mixin.py:188} INFO - [2026-03-11T15:12:07.622+0000] {dag.py:3823} INFO - Setting next_dagrun for example_branch_datetime_operator_2 to 2026-03-10 00:00:00+00:00, run_after=2026-03-11 00:00:00+00:00
[2026-03-11T15:12:07.632+0000] {logging_mixin.py:188} INFO - [2026-03-11T15:12:07.632+0000] {dag.py:3823} INFO - Setting next_dagrun for example_branch_datetime_operator_3 to 2026-03-10 00:00:00+00:00, run_after=2026-03-11 00:00:00+00:00
[2026-03-11T15:12:07.670+0000] {processor.py:183} INFO - Processing /home/airflow/.local/lib/python3.8/site-packages/airflow/example_dags/example_branch_datetime_operator.py took 0.238 seconds
[2026-03-11T15:12:37.929+0000] {processor.py:161} INFO - Started process (PID=418) to work on /home/airflow/.local/lib/python3.8/site-packages/airflow/example_dags/example_branch_datetime_operator.py
[2026-03-11T15:12:37.931+0000] {processor.py:830} INFO - Processing file /home/airflow/.local/lib/python3.8/site-packages/airflow/example_dags/example_branch_datetime_operator.py for tasks to queue
[2026-03-11T15:12:37.933+0000] {logging_mixin.py:188} INFO - [2026-03-11T15:12:37.933+0000] {dagbag.py:538} INFO - Filling up the DagBag from /home/airflow/.local/lib/python3.8/site-packages/airflow/example_dags/example_branch_datetime_operator.py
[2026-03-11T15:12:37.947+0000] {processor.py:840} INFO - DAG(s) 'example_branch_datetime_operator_2', 'example_branch_datetime_operator', 'example_branch_datetime_operator_3' retrieved from /home/airflow/.local/lib/python3.8/site-packages/airflow/example_dags/example_branch_datetime_operator.py
[2026-03-11T15:12:37.984+0000] {logging_mixin.py:188} INFO - [2026-03-11T15:12:37.984+0000] {dag.py:3036} INFO - Sync 3 DAGs
[2026-03-11T15:12:38.015+0000] {logging_mixin.py:188} INFO - [2026-03-11T15:12:38.015+0000] {dag.py:3823} INFO - Setting next_dagrun for example_branch_datetime_operator to 2026-03-10 00:00:00+00:00, run_after=2026-03-11 00:00:00+00:00
[2026-03-11T15:12:38.022+0000] {logging_mixin.py:188} INFO - [2026-03-11T15:12:38.022+0000] {dag.py:3823} INFO - Setting next_dagrun for example_branch_datetime_operator_2 to 2026-03-10 00:00:00+00:00, run_after=2026-03-11 00:00:00+00:00
[2026-03-11T15:12:38.026+0000] {logging_mixin.py:188} INFO - [2026-03-11T15:12:38.025+0000] {dag.py:3823} INFO - Setting next_dagrun for example_branch_datetime_operator_3 to 2026-03-10 00:00:00+00:00, run_after=2026-03-11 00:00:00+00:00
[2026-03-11T15:12:38.053+0000] {processor.py:183} INFO - Processing /home/airflow/.local/lib/python3.8/site-packages/airflow/example_dags/example_branch_datetime_operator.py took 0.129 seconds
[2026-03-11T15:13:08.469+0000] {processor.py:161} INFO - Started process (PID=474) to work on /home/airflow/.local/lib/python3.8/site-packages/airflow/example_dags/example_branch_datetime_operator.py
[2026-03-11T15:13:08.470+0000] {processor.py:830} INFO - Processing file /home/airflow/.local/lib/python3.8/site-packages/airflow/example_dags/example_branch_datetime_operator.py for tasks to queue
[2026-03-11T15:13:08.472+0000] {logging_mixin.py:188} INFO - [2026-03-11T15:13:08.472+0000] {dagbag.py:538} INFO - Filling up the DagBag from /home/airflow/.local/lib/python3.8/site-packages/airflow/example_dags/example_branch_datetime_operator.py
[2026-03-11T15:13:08.484+0000] {processor.py:840} INFO - DAG(s) 'example_branch_datetime_operator_2', 'example_branch_datetime_operator', 'example_branch_datetime_operator_3' retrieved from /home/airflow/.local/lib/python3.8/site-packages/airflow/example_dags/example_branch_datetime_operator.py
[2026-03-11T15:13:08.514+0000] {logging_mixin.py:188} INFO - [2026-03-11T15:13:08.514+0000] {dag.py:3036} INFO - Sync 3 DAGs
[2026-03-11T15:13:08.539+0000] {logging_mixin.py:188} INFO - [2026-03-11T15:13:08.539+0000] {dag.py:3823} INFO - Setting next_dagrun for example_branch_datetime_operator to 2026-03-10 00:00:00+00:00, run_after=2026-03-11 00:00:00+00:00
[2026-03-11T15:13:08.545+0000] {logging_mixin.py:188} INFO - [2026-03-11T15:13:08.544+0000] {dag.py:3823} INFO - Setting next_dagrun for example_branch_datetime_operator_2 to 2026-03-10 00:00:00+00:00, run_after=2026-03-11 00:00:00+00:00
[2026-03-11T15:13:08.547+0000] {logging_mixin.py:188} INFO - [2026-03-11T15:13:08.547+0000] {dag.py:3823} INFO - Setting next_dagrun for example_branch_datetime_operator_3 to 2026-03-10 00:00:00+00:00, run_after=2026-03-11 00:00:00+00:00
[2026-03-11T15:13:08.565+0000] {processor.py:183} INFO - Processing /home/airflow/.local/lib/python3.8/site-packages/airflow/example_dags/example_branch_datetime_operator.py took 0.100 seconds
[2026-03-11T15:13:38.809+0000] {processor.py:161} INFO - Started process (PID=530) to work on /home/airflow/.local/lib/python3.8/site-packages/airflow/example_dags/example_branch_datetime_operator.py
[2026-03-11T15:13:38.810+0000] {processor.py:830} INFO - Processing file /home/airflow/.local/lib/python3.8/site-packages/airflow/example_dags/example_branch_datetime_operator.py for tasks to queue
[2026-03-11T15:13:38.812+0000] {logging_mixin.py:188} INFO - [2026-03-11T15:13:38.811+0000] {dagbag.py:538} INFO - Filling up the DagBag from /home/airflow/.local/lib/python3.8/site-packages/airflow/example_dags/example_branch_datetime_operator.py
[2026-03-11T15:13:38.825+0000] {processor.py:840} INFO - DAG(s) 'example_branch_datetime_operator', 'example_branch_datetime_operator_3', 'example_branch_datetime_operator_2' retrieved from /home/airflow/.local/lib/python3.8/site-packages/airflow/example_dags/example_branch_datetime_operator.py
[2026-03-11T15:13:38.863+0000] {logging_mixin.py:188} INFO - [2026-03-11T15:13:38.863+0000] {dag.py:3036} INFO - Sync 3 DAGs
[2026-03-11T15:13:38.897+0000] {logging_mixin.py:188} INFO - [2026-03-11T15:13:38.897+0000] {dag.py:3823} INFO - Setting next_dagrun for example_branch_datetime_operator to 2026-03-10 00:00:00+00:00, run_after=2026-03-11 00:00:00+00:00
[2026-03-11T15:13:38.905+0000] {logging_mixin.py:188} INFO - [2026-03-11T15:13:38.905+0000] {dag.py:3823} INFO - Setting next_dagrun for example_branch_datetime_operator_2 to 2026-03-10 00:00:00+00:00, run_after=2026-03-11 00:00:00+00:00
[2026-03-11T15:13:38.909+0000] {logging_mixin.py:188} INFO - [2026-03-11T15:13:38.909+0000] {dag.py:3823} INFO - Setting next_dagrun for example_branch_datetime_operator_3 to 2026-03-10 00:00:00+00:00, run_after=2026-03-11 00:00:00+00:00
[2026-03-11T15:13:38.933+0000] {processor.py:183} INFO - Processing /home/airflow/.local/lib/python3.8/site-packages/airflow/example_dags/example_branch_datetime_operator.py took 0.128 seconds
[2026-03-11T15:14:09.092+0000] {processor.py:161} INFO - Started process (PID=586) to work on /home/airflow/.local/lib/python3.8/site-packages/airflow/example_dags/example_branch_datetime_operator.py
[2026-03-11T15:14:09.093+0000] {processor.py:830} INFO - Processing file /home/airflow/.local/lib/python3.8/site-packages/airflow/example_dags/example_branch_datetime_operator.py for tasks to queue
[2026-03-11T15:14:09.096+0000] {logging_mixin.py:188} INFO - [2026-03-11T15:14:09.096+0000] {dagbag.py:538} INFO - Filling up the DagBag from /home/airflow/.local/lib/python3.8/site-packages/airflow/example_dags/example_branch_datetime_operator.py
[2026-03-11T15:14:09.113+0000] {processor.py:840} INFO - DAG(s) 'example_branch_datetime_operator', 'example_branch_datetime_operator_2', 'example_branch_datetime_operator_3' retrieved from /home/airflow/.local/lib/python3.8/site-packages/airflow/example_dags/example_branch_datetime_operator.py
[2026-03-11T15:14:09.155+0000] {logging_mixin.py:188} INFO - [2026-03-11T15:14:09.155+0000] {dag.py:3036} INFO - Sync 3 DAGs
[2026-03-11T15:14:09.193+0000] {logging_mixin.py:188} INFO - [2026-03-11T15:14:09.193+0000] {dag.py:3823} INFO - Setting next_dagrun for example_branch_datetime_operator to 2026-03-10 00:00:00+00:00, run_after=2026-03-11 00:00:00+00:00
[2026-03-11T15:14:09.201+0000] {logging_mixin.py:188} INFO - [2026-03-11T15:14:09.201+0000] {dag.py:3823} INFO - Setting next_dagrun for example_branch_datetime_operator_2 to 2026-03-10 00:00:00+00:00, run_after=2026-03-11 00:00:00+00:00
[2026-03-11T15:14:09.206+0000] {logging_mixin.py:188} INFO - [2026-03-11T15:14:09.206+0000] {dag.py:3823} INFO - Setting next_dagrun for example_branch_datetime_operator_3 to 2026-03-10 00:00:00+00:00, run_after=2026-03-11 00:00:00+00:00
[2026-03-11T15:14:09.232+0000] {processor.py:183} INFO - Processing /home/airflow/.local/lib/python3.8/site-packages/airflow/example_dags/example_branch_datetime_operator.py took 0.145 seconds
[2026-03-11T15:14:39.421+0000] {processor.py:161} INFO - Started process (PID=642) to work on /home/airflow/.local/lib/python3.8/site-packages/airflow/example_dags/example_branch_datetime_operator.py
[2026-03-11T15:14:39.422+0000] {processor.py:830} INFO - Processing file /home/airflow/.local/lib/python3.8/site-packages/airflow/example_dags/example_branch_datetime_operator.py for tasks to queue
[2026-03-11T15:14:39.424+0000] {logging_mixin.py:188} INFO - [2026-03-11T15:14:39.424+0000] {dagbag.py:538} INFO - Filling up the DagBag from /home/airflow/.local/lib/python3.8/site-packages/airflow/example_dags/example_branch_datetime_operator.py
[2026-03-11T15:14:39.435+0000] {processor.py:840} INFO - DAG(s) 'example_branch_datetime_operator_3', 'example_branch_datetime_operator', 'example_branch_datetime_operator_2' retrieved from /home/airflow/.local/lib/python3.8/site-packages/airflow/example_dags/example_branch_datetime_operator.py
[2026-03-11T15:14:39.465+0000] {logging_mixin.py:188} INFO - [2026-03-11T15:14:39.465+0000] {dag.py:3036} INFO - Sync 3 DAGs
[2026-03-11T15:14:39.489+0000] {logging_mixin.py:188} INFO - [2026-03-11T15:14:39.489+0000] {dag.py:3823} INFO - Setting next_dagrun for example_branch_datetime_operator to 2026-03-10 00:00:00+00:00, run_after=2026-03-11 00:00:00+00:00
[2026-03-11T15:14:39.494+0000] {logging_mixin.py:188} INFO - [2026-03-11T15:14:39.494+0000] {dag.py:3823} INFO - Setting next_dagrun for example_branch_datetime_operator_2 to 2026-03-10 00:00:00+00:00, run_after=2026-03-11 00:00:00+00:00
[2026-03-11T15:14:39.496+0000] {logging_mixin.py:188} INFO - [2026-03-11T15:14:39.496+0000] {dag.py:3823} INFO - Setting next_dagrun for example_branch_datetime_operator_3 to 2026-03-10 00:00:00+00:00, run_after=2026-03-11 00:00:00+00:00
[2026-03-11T15:14:39.514+0000] {processor.py:183} INFO - Processing /home/airflow/.local/lib/python3.8/site-packages/airflow/example_dags/example_branch_datetime_operator.py took 0.096 seconds
[2026-03-11T15:15:09.727+0000] {processor.py:161} INFO - Started process (PID=698) to work on /home/airflow/.local/lib/python3.8/site-packages/airflow/example_dags/example_branch_datetime_operator.py
[2026-03-11T15:15:09.728+0000] {processor.py:830} INFO - Processing file /home/airflow/.local/lib/python3.8/site-packages/airflow/example_dags/example_branch_datetime_operator.py for tasks to queue
[2026-03-11T15:15:09.730+0000] {logging_mixin.py:188} INFO - [2026-03-11T15:15:09.730+0000] {dagbag.py:538} INFO - Filling up the DagBag from /home/airflow/.local/lib/python3.8/site-packages/airflow/example_dags/example_branch_datetime_operator.py
[2026-03-11T15:15:09.743+0000] {processor.py:840} INFO - DAG(s) 'example_branch_datetime_operator_2', 'example_branch_datetime_operator_3', 'example_branch_datetime_operator' retrieved from /home/airflow/.local/lib/python3.8/site-packages/airflow/example_dags/example_branch_datetime_operator.py
[2026-03-11T15:15:09.773+0000] {logging_mixin.py:188} INFO - [2026-03-11T15:15:09.773+0000] {dag.py:3036} INFO - Sync 3 DAGs
[2026-03-11T15:15:09.798+0000] {logging_mixin.py:188} INFO - [2026-03-11T15:15:09.798+0000] {dag.py:3823} INFO - Setting next_dagrun for example_branch_datetime_operator to 2026-03-10 00:00:00+00:00, run_after=2026-03-11 00:00:00+00:00
[2026-03-11T15:15:09.804+0000] {logging_mixin.py:188} INFO - [2026-03-11T15:15:09.804+0000] {dag.py:3823} INFO - Setting next_dagrun for example_branch_datetime_operator_2 to 2026-03-10 00:00:00+00:00, run_after=2026-03-11 00:00:00+00:00
[2026-03-11T15:15:09.807+0000] {logging_mixin.py:188} INFO - [2026-03-11T15:15:09.807+0000] {dag.py:3823} INFO - Setting next_dagrun for example_branch_datetime_operator_3 to 2026-03-10 00:00:00+00:00, run_after=2026-03-11 00:00:00+00:00
[2026-03-11T15:15:09.824+0000] {processor.py:183} INFO - Processing /home/airflow/.local/lib/python3.8/site-packages/airflow/example_dags/example_branch_datetime_operator.py took 0.101 seconds
[2026-03-11T15:15:40.315+0000] {processor.py:161} INFO - Started process (PID=754) to work on /home/airflow/.local/lib/python3.8/site-packages/airflow/example_dags/example_branch_datetime_operator.py
[2026-03-11T15:15:40.317+0000] {processor.py:830} INFO - Processing file /home/airflow/.local/lib/python3.8/site-packages/airflow/example_dags/example_branch_datetime_operator.py for tasks to queue
[2026-03-11T15:15:40.320+0000] {logging_mixin.py:188} INFO - [2026-03-11T15:15:40.320+0000] {dagbag.py:538} INFO - Filling up the DagBag from /home/airflow/.local/lib/python3.8/site-packages/airflow/example_dags/example_branch_datetime_operator.py
[2026-03-11T15:15:40.336+0000] {processor.py:840} INFO - DAG(s) 'example_branch_datetime_operator_3', 'example_branch_datetime_operator_2', 'example_branch_datetime_operator' retrieved from /home/airflow/.local/lib/python3.8/site-packages/airflow/example_dags/example_branch_datetime_operator.py
[2026-03-11T15:15:40.376+0000] {logging_mixin.py:188} INFO - [2026-03-11T15:15:40.375+0000] {dag.py:3036} INFO - Sync 3 DAGs
[2026-03-11T15:15:40.406+0000] {logging_mixin.py:188} INFO - [2026-03-11T15:15:40.406+0000] {dag.py:3823} INFO - Setting next_dagrun for example_branch_datetime_operator to 2026-03-10 00:00:00+00:00, run_after=2026-03-11 00:00:00+00:00
[2026-03-11T15:15:40.414+0000] {logging_mixin.py:188} INFO - [2026-03-11T15:15:40.414+0000] {dag.py:3823} INFO - Setting next_dagrun for example_branch_datetime_operator_2 to 2026-03-10 00:00:00+00:00, run_after=2026-03-11 00:00:00+00:00
[2026-03-11T15:15:40.418+0000] {logging_mixin.py:188} INFO - [2026-03-11T15:15:40.417+0000] {dag.py:3823} INFO - Setting next_dagrun for example_branch_datetime_operator_3 to 2026-03-10 00:00:00+00:00, run_after=2026-03-11 00:00:00+00:00
[2026-03-11T15:15:40.441+0000] {processor.py:183} INFO - Processing /home/airflow/.local/lib/python3.8/site-packages/airflow/example_dags/example_branch_datetime_operator.py took 0.131 seconds
[2026-03-11T15:16:10.572+0000] {processor.py:161} INFO - Started process (PID=810) to work on /home/airflow/.local/lib/python3.8/site-packages/airflow/example_dags/example_branch_datetime_operator.py
[2026-03-11T15:16:10.573+0000] {processor.py:830} INFO - Processing file /home/airflow/.local/lib/python3.8/site-packages/airflow/example_dags/example_branch_datetime_operator.py for tasks to queue
[2026-03-11T15:16:10.575+0000] {logging_mixin.py:188} INFO - [2026-03-11T15:16:10.575+0000] {dagbag.py:538} INFO - Filling up the DagBag from /home/airflow/.local/lib/python3.8/site-packages/airflow/example_dags/example_branch_datetime_operator.py
[2026-03-11T15:16:10.586+0000] {processor.py:840} INFO - DAG(s) 'example_branch_datetime_operator', 'example_branch_datetime_operator_2', 'example_branch_datetime_operator_3' retrieved from /home/airflow/.local/lib/python3.8/site-packages/airflow/example_dags/example_branch_datetime_operator.py
[2026-03-11T15:16:10.618+0000] {logging_mixin.py:188} INFO - [2026-03-11T15:16:10.618+0000] {dag.py:3036} INFO - Sync 3 DAGs
[2026-03-11T15:16:10.644+0000] {logging_mixin.py:188} INFO - [2026-03-11T15:16:10.644+0000] {dag.py:3823} INFO - Setting next_dagrun for example_branch_datetime_operator to 2026-03-10 00:00:00+00:00, run_after=2026-03-11 00:00:00+00:00
[2026-03-11T15:16:10.650+0000] {logging_mixin.py:188} INFO - [2026-03-11T15:16:10.650+0000] {dag.py:3823} INFO - Setting next_dagrun for example_branch_datetime_operator_2 to 2026-03-10 00:00:00+00:00, run_after=2026-03-11 00:00:00+00:00
[2026-03-11T15:16:10.653+0000] {logging_mixin.py:188} INFO - [2026-03-11T15:16:10.653+0000] {dag.py:3823} INFO - Setting next_dagrun for example_branch_datetime_operator_3 to 2026-03-10 00:00:00+00:00, run_after=2026-03-11 00:00:00+00:00
[2026-03-11T15:16:10.674+0000] {processor.py:183} INFO - Processing /home/airflow/.local/lib/python3.8/site-packages/airflow/example_dags/example_branch_datetime_operator.py took 0.106 seconds
[2026-03-11T15:16:41.542+0000] {processor.py:161} INFO - Started process (PID=866) to work on /home/airflow/.local/lib/python3.8/site-packages/airflow/example_dags/example_branch_datetime_operator.py
[2026-03-11T15:16:41.544+0000] {processor.py:830} INFO - Processing file /home/airflow/.local/lib/python3.8/site-packages/airflow/example_dags/example_branch_datetime_operator.py for tasks to queue
[2026-03-11T15:16:41.547+0000] {logging_mixin.py:188} INFO - [2026-03-11T15:16:41.546+0000] {dagbag.py:538} INFO - Filling up the DagBag from /home/airflow/.local/lib/python3.8/site-packages/airflow/example_dags/example_branch_datetime_operator.py
[2026-03-11T15:16:41.568+0000] {processor.py:840} INFO - DAG(s) 'example_branch_datetime_operator_3', 'example_branch_datetime_operator_2', 'example_branch_datetime_operator' retrieved from /home/airflow/.local/lib/python3.8/site-packages/airflow/example_dags/example_branch_datetime_operator.py
[2026-03-11T15:16:41.611+0000] {logging_mixin.py:188} INFO - [2026-03-11T15:16:41.610+0000] {dag.py:3036} INFO - Sync 3 DAGs
[2026-03-11T15:16:41.646+0000] {logging_mixin.py:188} INFO - [2026-03-11T15:16:41.646+0000] {dag.py:3823} INFO - Setting next_dagrun for example_branch_datetime_operator to 2026-03-10 00:00:00+00:00, run_after=2026-03-11 00:00:00+00:00
[2026-03-11T15:16:41.654+0000] {logging_mixin.py:188} INFO - [2026-03-11T15:16:41.653+0000] {dag.py:3823} INFO - Setting next_dagrun for example_branch_datetime_operator_2 to 2026-03-10 00:00:00+00:00, run_after=2026-03-11 00:00:00+00:00
[2026-03-11T15:16:41.659+0000] {logging_mixin.py:188} INFO - [2026-03-11T15:16:41.659+0000] {dag.py:3823} INFO - Setting next_dagrun for example_branch_datetime_operator_3 to 2026-03-10 00:00:00+00:00, run_after=2026-03-11 00:00:00+00:00
[2026-03-11T15:16:41.685+0000] {processor.py:183} INFO - Processing /home/airflow/.local/lib/python3.8/site-packages/airflow/example_dags/example_branch_datetime_operator.py took 0.147 seconds
[2026-03-11T15:17:12.153+0000] {processor.py:161} INFO - Started process (PID=922) to work on /home/airflow/.local/lib/python3.8/site-packages/airflow/example_dags/example_branch_datetime_operator.py
[2026-03-11T15:17:12.155+0000] {processor.py:830} INFO - Processing file /home/airflow/.local/lib/python3.8/site-packages/airflow/example_dags/example_branch_datetime_operator.py for tasks to queue
[2026-03-11T15:17:12.157+0000] {logging_mixin.py:188} INFO - [2026-03-11T15:17:12.157+0000] {dagbag.py:538} INFO - Filling up the DagBag from /home/airflow/.local/lib/python3.8/site-packages/airflow/example_dags/example_branch_datetime_operator.py
[2026-03-11T15:17:12.174+0000] {processor.py:840} INFO - DAG(s) 'example_branch_datetime_operator', 'example_branch_datetime_operator_3', 'example_branch_datetime_operator_2' retrieved from /home/airflow/.local/lib/python3.8/site-packages/airflow/example_dags/example_branch_datetime_operator.py
[2026-03-11T15:17:12.214+0000] {logging_mixin.py:188} INFO - [2026-03-11T15:17:12.213+0000] {dag.py:3036} INFO - Sync 3 DAGs
[2026-03-11T15:17:12.246+0000] {logging_mixin.py:188} INFO - [2026-03-11T15:17:12.245+0000] {dag.py:3823} INFO - Setting next_dagrun for example_branch_datetime_operator to 2026-03-10 00:00:00+00:00, run_after=2026-03-11 00:00:00+00:00
[2026-03-11T15:17:12.253+0000] {logging_mixin.py:188} INFO - [2026-03-11T15:17:12.253+0000] {dag.py:3823} INFO - Setting next_dagrun for example_branch_datetime_operator_2 to 2026-03-10 00:00:00+00:00, run_after=2026-03-11 00:00:00+00:00
[2026-03-11T15:17:12.257+0000] {logging_mixin.py:188} INFO - [2026-03-11T15:17:12.257+0000] {dag.py:3823} INFO - Setting next_dagrun for example_branch_datetime_operator_3 to 2026-03-10 00:00:00+00:00, run_after=2026-03-11 00:00:00+00:00
[2026-03-11T15:17:12.283+0000] {processor.py:183} INFO - Processing /home/airflow/.local/lib/python3.8/site-packages/airflow/example_dags/example_branch_datetime_operator.py took 0.135 seconds
[2026-03-11T15:17:43.321+0000] {processor.py:161} INFO - Started process (PID=978) to work on /home/airflow/.local/lib/python3.8/site-packages/airflow/example_dags/example_branch_datetime_operator.py
[2026-03-11T15:17:43.322+0000] {processor.py:830} INFO - Processing file /home/airflow/.local/lib/python3.8/site-packages/airflow/example_dags/example_branch_datetime_operator.py for tasks to queue
[2026-03-11T15:17:43.325+0000] {logging_mixin.py:188} INFO - [2026-03-11T15:17:43.325+0000] {dagbag.py:538} INFO - Filling up the DagBag from /home/airflow/.local/lib/python3.8/site-packages/airflow/example_dags/example_branch_datetime_operator.py
[2026-03-11T15:17:43.340+0000] {processor.py:840} INFO - DAG(s) 'example_branch_datetime_operator', 'example_branch_datetime_operator_3', 'example_branch_datetime_operator_2' retrieved from /home/airflow/.local/lib/python3.8/site-packages/airflow/example_dags/example_branch_datetime_operator.py
[2026-03-11T15:17:43.382+0000] {logging_mixin.py:188} INFO - [2026-03-11T15:17:43.382+0000] {dag.py:3036} INFO - Sync 3 DAGs
[2026-03-11T15:17:43.420+0000] {logging_mixin.py:188} INFO - [2026-03-11T15:17:43.420+0000] {dag.py:3823} INFO - Setting next_dagrun for example_branch_datetime_operator to 2026-03-10 00:00:00+00:00, run_after=2026-03-11 00:00:00+00:00
[2026-03-11T15:17:43.429+0000] {logging_mixin.py:188} INFO - [2026-03-11T15:17:43.428+0000] {dag.py:3823} INFO - Setting next_dagrun for example_branch_datetime_operator_2 to 2026-03-10 00:00:00+00:00, run_after=2026-03-11 00:00:00+00:00
[2026-03-11T15:17:43.433+0000] {logging_mixin.py:188} INFO - [2026-03-11T15:17:43.433+0000] {dag.py:3823} INFO - Setting next_dagrun for example_branch_datetime_operator_3 to 2026-03-10 00:00:00+00:00, run_after=2026-03-11 00:00:00+00:00
[2026-03-11T15:17:43.462+0000] {processor.py:183} INFO - Processing /home/airflow/.local/lib/python3.8/site-packages/airflow/example_dags/example_branch_datetime_operator.py took 0.146 seconds
[2026-03-11T15:18:13.544+0000] {processor.py:161} INFO - Started process (PID=1034) to work on /home/airflow/.local/lib/python3.8/site-packages/airflow/example_dags/example_branch_datetime_operator.py
[2026-03-11T15:18:13.546+0000] {processor.py:830} INFO - Processing file /home/airflow/.local/lib/python3.8/site-packages/airflow/example_dags/example_branch_datetime_operator.py for tasks to queue
[2026-03-11T15:18:13.548+0000] {logging_mixin.py:188} INFO - [2026-03-11T15:18:13.548+0000] {dagbag.py:538} INFO - Filling up the DagBag from /home/airflow/.local/lib/python3.8/site-packages/airflow/example_dags/example_branch_datetime_operator.py
[2026-03-11T15:18:13.563+0000] {processor.py:840} INFO - DAG(s) 'example_branch_datetime_operator_3', 'example_branch_datetime_operator', 'example_branch_datetime_operator_2' retrieved from /home/airflow/.local/lib/python3.8/site-packages/airflow/example_dags/example_branch_datetime_operator.py
[2026-03-11T15:18:13.601+0000] {logging_mixin.py:188} INFO - [2026-03-11T15:18:13.601+0000] {dag.py:3036} INFO - Sync 3 DAGs
[2026-03-11T15:18:13.632+0000] {logging_mixin.py:188} INFO - [2026-03-11T15:18:13.632+0000] {dag.py:3823} INFO - Setting next_dagrun for example_branch_datetime_operator to 2026-03-10 00:00:00+00:00, run_after=2026-03-11 00:00:00+00:00
[2026-03-11T15:18:13.639+0000] {logging_mixin.py:188} INFO - [2026-03-11T15:18:13.638+0000] {dag.py:3823} INFO - Setting next_dagrun for example_branch_datetime_operator_2 to 2026-03-10 00:00:00+00:00, run_after=2026-03-11 00:00:00+00:00
[2026-03-11T15:18:13.642+0000] {logging_mixin.py:188} INFO - [2026-03-11T15:18:13.642+0000] {dag.py:3823} INFO - Setting next_dagrun for example_branch_datetime_operator_3 to 2026-03-10 00:00:00+00:00, run_after=2026-03-11 00:00:00+00:00
[2026-03-11T15:18:13.662+0000] {processor.py:183} INFO - Processing /home/airflow/.local/lib/python3.8/site-packages/airflow/example_dags/example_branch_datetime_operator.py took 0.123 seconds
