[2026-03-11T15:09:32.896+0000] {processor.py:161} INFO - Started process (PID=80) to work on /home/airflow/.local/lib/python3.8/site-packages/airflow/example_dags/example_branch_python_dop_operator_3.py
[2026-03-11T15:09:32.900+0000] {processor.py:830} INFO - Processing file /home/airflow/.local/lib/python3.8/site-packages/airflow/example_dags/example_branch_python_dop_operator_3.py for tasks to queue
[2026-03-11T15:09:32.905+0000] {logging_mixin.py:188} INFO - [2026-03-11T15:09:32.904+0000] {dagbag.py:538} INFO - Filling up the DagBag from /home/airflow/.local/lib/python3.8/site-packages/airflow/example_dags/example_branch_python_dop_operator_3.py
[2026-03-11T15:09:32.943+0000] {processor.py:840} INFO - DAG(s) 'example_branch_dop_operator_v3' retrieved from /home/airflow/.local/lib/python3.8/site-packages/airflow/example_dags/example_branch_python_dop_operator_3.py
[2026-03-11T15:09:32.984+0000] {logging_mixin.py:188} INFO - [2026-03-11T15:09:32.983+0000] {dag.py:3036} INFO - Sync 1 DAGs
[2026-03-11T15:09:33.083+0000] {logging_mixin.py:188} INFO - [2026-03-11T15:09:33.082+0000] {dag.py:3823} INFO - Setting next_dagrun for example_branch_dop_operator_v3 to 2026-03-11 15:08:00+00:00, run_after=2026-03-11 15:09:00+00:00
[2026-03-11T15:09:33.147+0000] {processor.py:183} INFO - Processing /home/airflow/.local/lib/python3.8/site-packages/airflow/example_dags/example_branch_python_dop_operator_3.py took 0.268 seconds
[2026-03-11T15:10:04.920+0000] {processor.py:161} INFO - Started process (PID=136) to work on /home/airflow/.local/lib/python3.8/site-packages/airflow/example_dags/example_branch_python_dop_operator_3.py
[2026-03-11T15:10:04.923+0000] {processor.py:830} INFO - Processing file /home/airflow/.local/lib/python3.8/site-packages/airflow/example_dags/example_branch_python_dop_operator_3.py for tasks to queue
[2026-03-11T15:10:04.929+0000] {logging_mixin.py:188} INFO - [2026-03-11T15:10:04.927+0000] {dagbag.py:538} INFO - Filling up the DagBag from /home/airflow/.local/lib/python3.8/site-packages/airflow/example_dags/example_branch_python_dop_operator_3.py
[2026-03-11T15:10:04.953+0000] {processor.py:840} INFO - DAG(s) 'example_branch_dop_operator_v3' retrieved from /home/airflow/.local/lib/python3.8/site-packages/airflow/example_dags/example_branch_python_dop_operator_3.py
[2026-03-11T15:10:05.268+0000] {logging_mixin.py:188} INFO - [2026-03-11T15:10:05.267+0000] {dag.py:3036} INFO - Sync 1 DAGs
[2026-03-11T15:10:05.312+0000] {logging_mixin.py:188} INFO - [2026-03-11T15:10:05.312+0000] {dag.py:3823} INFO - Setting next_dagrun for example_branch_dop_operator_v3 to 2026-03-11 15:09:00+00:00, run_after=2026-03-11 15:10:00+00:00
[2026-03-11T15:10:05.353+0000] {processor.py:183} INFO - Processing /home/airflow/.local/lib/python3.8/site-packages/airflow/example_dags/example_branch_python_dop_operator_3.py took 0.440 seconds
[2026-03-11T15:10:35.717+0000] {processor.py:161} INFO - Started process (PID=192) to work on /home/airflow/.local/lib/python3.8/site-packages/airflow/example_dags/example_branch_python_dop_operator_3.py
[2026-03-11T15:10:35.718+0000] {processor.py:830} INFO - Processing file /home/airflow/.local/lib/python3.8/site-packages/airflow/example_dags/example_branch_python_dop_operator_3.py for tasks to queue
[2026-03-11T15:10:35.721+0000] {logging_mixin.py:188} INFO - [2026-03-11T15:10:35.720+0000] {dagbag.py:538} INFO - Filling up the DagBag from /home/airflow/.local/lib/python3.8/site-packages/airflow/example_dags/example_branch_python_dop_operator_3.py
[2026-03-11T15:10:35.737+0000] {processor.py:840} INFO - DAG(s) 'example_branch_dop_operator_v3' retrieved from /home/airflow/.local/lib/python3.8/site-packages/airflow/example_dags/example_branch_python_dop_operator_3.py
[2026-03-11T15:10:35.773+0000] {logging_mixin.py:188} INFO - [2026-03-11T15:10:35.773+0000] {dag.py:3036} INFO - Sync 1 DAGs
[2026-03-11T15:10:35.810+0000] {logging_mixin.py:188} INFO - [2026-03-11T15:10:35.810+0000] {dag.py:3823} INFO - Setting next_dagrun for example_branch_dop_operator_v3 to 2026-03-11 15:09:00+00:00, run_after=2026-03-11 15:10:00+00:00
[2026-03-11T15:10:35.836+0000] {processor.py:183} INFO - Processing /home/airflow/.local/lib/python3.8/site-packages/airflow/example_dags/example_branch_python_dop_operator_3.py took 0.124 seconds
[2026-03-11T15:11:06.541+0000] {processor.py:161} INFO - Started process (PID=248) to work on /home/airflow/.local/lib/python3.8/site-packages/airflow/example_dags/example_branch_python_dop_operator_3.py
[2026-03-11T15:11:06.542+0000] {processor.py:830} INFO - Processing file /home/airflow/.local/lib/python3.8/site-packages/airflow/example_dags/example_branch_python_dop_operator_3.py for tasks to queue
[2026-03-11T15:11:06.545+0000] {logging_mixin.py:188} INFO - [2026-03-11T15:11:06.544+0000] {dagbag.py:538} INFO - Filling up the DagBag from /home/airflow/.local/lib/python3.8/site-packages/airflow/example_dags/example_branch_python_dop_operator_3.py
[2026-03-11T15:11:06.555+0000] {processor.py:840} INFO - DAG(s) 'example_branch_dop_operator_v3' retrieved from /home/airflow/.local/lib/python3.8/site-packages/airflow/example_dags/example_branch_python_dop_operator_3.py
[2026-03-11T15:11:06.578+0000] {logging_mixin.py:188} INFO - [2026-03-11T15:11:06.578+0000] {dag.py:3036} INFO - Sync 1 DAGs
[2026-03-11T15:11:06.614+0000] {logging_mixin.py:188} INFO - [2026-03-11T15:11:06.613+0000] {dag.py:3823} INFO - Setting next_dagrun for example_branch_dop_operator_v3 to 2026-03-11 15:10:00+00:00, run_after=2026-03-11 15:11:00+00:00
[2026-03-11T15:11:06.641+0000] {processor.py:183} INFO - Processing /home/airflow/.local/lib/python3.8/site-packages/airflow/example_dags/example_branch_python_dop_operator_3.py took 0.104 seconds
[2026-03-11T15:11:36.809+0000] {processor.py:161} INFO - Started process (PID=304) to work on /home/airflow/.local/lib/python3.8/site-packages/airflow/example_dags/example_branch_python_dop_operator_3.py
[2026-03-11T15:11:36.810+0000] {processor.py:830} INFO - Processing file /home/airflow/.local/lib/python3.8/site-packages/airflow/example_dags/example_branch_python_dop_operator_3.py for tasks to queue
[2026-03-11T15:11:36.813+0000] {logging_mixin.py:188} INFO - [2026-03-11T15:11:36.812+0000] {dagbag.py:538} INFO - Filling up the DagBag from /home/airflow/.local/lib/python3.8/site-packages/airflow/example_dags/example_branch_python_dop_operator_3.py
[2026-03-11T15:11:36.825+0000] {processor.py:840} INFO - DAG(s) 'example_branch_dop_operator_v3' retrieved from /home/airflow/.local/lib/python3.8/site-packages/airflow/example_dags/example_branch_python_dop_operator_3.py
[2026-03-11T15:11:36.850+0000] {logging_mixin.py:188} INFO - [2026-03-11T15:11:36.850+0000] {dag.py:3036} INFO - Sync 1 DAGs
[2026-03-11T15:11:36.880+0000] {logging_mixin.py:188} INFO - [2026-03-11T15:11:36.880+0000] {dag.py:3823} INFO - Setting next_dagrun for example_branch_dop_operator_v3 to 2026-03-11 15:10:00+00:00, run_after=2026-03-11 15:11:00+00:00
[2026-03-11T15:11:36.899+0000] {processor.py:183} INFO - Processing /home/airflow/.local/lib/python3.8/site-packages/airflow/example_dags/example_branch_python_dop_operator_3.py took 0.095 seconds
[2026-03-11T15:12:07.152+0000] {processor.py:161} INFO - Started process (PID=360) to work on /home/airflow/.local/lib/python3.8/site-packages/airflow/example_dags/example_branch_python_dop_operator_3.py
[2026-03-11T15:12:07.153+0000] {processor.py:830} INFO - Processing file /home/airflow/.local/lib/python3.8/site-packages/airflow/example_dags/example_branch_python_dop_operator_3.py for tasks to queue
[2026-03-11T15:12:07.157+0000] {logging_mixin.py:188} INFO - [2026-03-11T15:12:07.156+0000] {dagbag.py:538} INFO - Filling up the DagBag from /home/airflow/.local/lib/python3.8/site-packages/airflow/example_dags/example_branch_python_dop_operator_3.py
[2026-03-11T15:12:07.176+0000] {processor.py:840} INFO - DAG(s) 'example_branch_dop_operator_v3' retrieved from /home/airflow/.local/lib/python3.8/site-packages/airflow/example_dags/example_branch_python_dop_operator_3.py
[2026-03-11T15:12:07.226+0000] {logging_mixin.py:188} INFO - [2026-03-11T15:12:07.225+0000] {dag.py:3036} INFO - Sync 1 DAGs
[2026-03-11T15:12:07.311+0000] {logging_mixin.py:188} INFO - [2026-03-11T15:12:07.311+0000] {dag.py:3823} INFO - Setting next_dagrun for example_branch_dop_operator_v3 to 2026-03-11 15:11:00+00:00, run_after=2026-03-11 15:12:00+00:00
[2026-03-11T15:12:07.373+0000] {processor.py:183} INFO - Processing /home/airflow/.local/lib/python3.8/site-packages/airflow/example_dags/example_branch_python_dop_operator_3.py took 0.229 seconds
[2026-03-11T15:12:37.648+0000] {processor.py:161} INFO - Started process (PID=416) to work on /home/airflow/.local/lib/python3.8/site-packages/airflow/example_dags/example_branch_python_dop_operator_3.py
[2026-03-11T15:12:37.650+0000] {processor.py:830} INFO - Processing file /home/airflow/.local/lib/python3.8/site-packages/airflow/example_dags/example_branch_python_dop_operator_3.py for tasks to queue
[2026-03-11T15:12:37.653+0000] {logging_mixin.py:188} INFO - [2026-03-11T15:12:37.653+0000] {dagbag.py:538} INFO - Filling up the DagBag from /home/airflow/.local/lib/python3.8/site-packages/airflow/example_dags/example_branch_python_dop_operator_3.py
[2026-03-11T15:12:37.670+0000] {processor.py:840} INFO - DAG(s) 'example_branch_dop_operator_v3' retrieved from /home/airflow/.local/lib/python3.8/site-packages/airflow/example_dags/example_branch_python_dop_operator_3.py
[2026-03-11T15:12:37.704+0000] {logging_mixin.py:188} INFO - [2026-03-11T15:12:37.704+0000] {dag.py:3036} INFO - Sync 1 DAGs
[2026-03-11T15:12:37.737+0000] {logging_mixin.py:188} INFO - [2026-03-11T15:12:37.737+0000] {dag.py:3823} INFO - Setting next_dagrun for example_branch_dop_operator_v3 to 2026-03-11 15:11:00+00:00, run_after=2026-03-11 15:12:00+00:00
[2026-03-11T15:12:37.761+0000] {processor.py:183} INFO - Processing /home/airflow/.local/lib/python3.8/site-packages/airflow/example_dags/example_branch_python_dop_operator_3.py took 0.119 seconds
[2026-03-11T15:13:08.357+0000] {processor.py:161} INFO - Started process (PID=472) to work on /home/airflow/.local/lib/python3.8/site-packages/airflow/example_dags/example_branch_python_dop_operator_3.py
[2026-03-11T15:13:08.359+0000] {processor.py:830} INFO - Processing file /home/airflow/.local/lib/python3.8/site-packages/airflow/example_dags/example_branch_python_dop_operator_3.py for tasks to queue
[2026-03-11T15:13:08.362+0000] {logging_mixin.py:188} INFO - [2026-03-11T15:13:08.361+0000] {dagbag.py:538} INFO - Filling up the DagBag from /home/airflow/.local/lib/python3.8/site-packages/airflow/example_dags/example_branch_python_dop_operator_3.py
[2026-03-11T15:13:08.372+0000] {processor.py:840} INFO - DAG(s) 'example_branch_dop_operator_v3' retrieved from /home/airflow/.local/lib/python3.8/site-packages/airflow/example_dags/example_branch_python_dop_operator_3.py
[2026-03-11T15:13:08.394+0000] {logging_mixin.py:188} INFO - [2026-03-11T15:13:08.394+0000] {dag.py:3036} INFO - Sync 1 DAGs
[2026-03-11T15:13:08.423+0000] {logging_mixin.py:188} INFO - [2026-03-11T15:13:08.422+0000] {dag.py:3823} INFO - Setting next_dagrun for example_branch_dop_operator_v3 to 2026-03-11 15:12:00+00:00, run_after=2026-03-11 15:13:00+00:00
[2026-03-11T15:13:08.447+0000] {processor.py:183} INFO - Processing /home/airflow/.local/lib/python3.8/site-packages/airflow/example_dags/example_branch_python_dop_operator_3.py took 0.093 seconds
[2026-03-11T15:13:38.692+0000] {processor.py:161} INFO - Started process (PID=528) to work on /home/airflow/.local/lib/python3.8/site-packages/airflow/example_dags/example_branch_python_dop_operator_3.py
[2026-03-11T15:13:38.694+0000] {processor.py:830} INFO - Processing file /home/airflow/.local/lib/python3.8/site-packages/airflow/example_dags/example_branch_python_dop_operator_3.py for tasks to queue
[2026-03-11T15:13:38.697+0000] {logging_mixin.py:188} INFO - [2026-03-11T15:13:38.696+0000] {dagbag.py:538} INFO - Filling up the DagBag from /home/airflow/.local/lib/python3.8/site-packages/airflow/example_dags/example_branch_python_dop_operator_3.py
[2026-03-11T15:13:38.709+0000] {processor.py:840} INFO - DAG(s) 'example_branch_dop_operator_v3' retrieved from /home/airflow/.local/lib/python3.8/site-packages/airflow/example_dags/example_branch_python_dop_operator_3.py
[2026-03-11T15:13:38.734+0000] {logging_mixin.py:188} INFO - [2026-03-11T15:13:38.733+0000] {dag.py:3036} INFO - Sync 1 DAGs
[2026-03-11T15:13:38.766+0000] {logging_mixin.py:188} INFO - [2026-03-11T15:13:38.766+0000] {dag.py:3823} INFO - Setting next_dagrun for example_branch_dop_operator_v3 to 2026-03-11 15:12:00+00:00, run_after=2026-03-11 15:13:00+00:00
[2026-03-11T15:13:38.791+0000] {processor.py:183} INFO - Processing /home/airflow/.local/lib/python3.8/site-packages/airflow/example_dags/example_branch_python_dop_operator_3.py took 0.103 seconds
[2026-03-11T15:14:08.933+0000] {processor.py:161} INFO - Started process (PID=584) to work on /home/airflow/.local/lib/python3.8/site-packages/airflow/example_dags/example_branch_python_dop_operator_3.py
[2026-03-11T15:14:08.935+0000] {processor.py:830} INFO - Processing file /home/airflow/.local/lib/python3.8/site-packages/airflow/example_dags/example_branch_python_dop_operator_3.py for tasks to queue
[2026-03-11T15:14:08.939+0000] {logging_mixin.py:188} INFO - [2026-03-11T15:14:08.938+0000] {dagbag.py:538} INFO - Filling up the DagBag from /home/airflow/.local/lib/python3.8/site-packages/airflow/example_dags/example_branch_python_dop_operator_3.py
[2026-03-11T15:14:08.954+0000] {processor.py:840} INFO - DAG(s) 'example_branch_dop_operator_v3' retrieved from /home/airflow/.local/lib/python3.8/site-packages/airflow/example_dags/example_branch_python_dop_operator_3.py
[2026-03-11T15:14:08.986+0000] {logging_mixin.py:188} INFO - [2026-03-11T15:14:08.986+0000] {dag.py:3036} INFO - Sync 1 DAGs
[2026-03-11T15:14:09.028+0000] {logging_mixin.py:188} INFO - [2026-03-11T15:14:09.028+0000] {dag.py:3823} INFO - Setting next_dagrun for example_branch_dop_operator_v3 to 2026-03-11 15:13:00+00:00, run_after=2026-03-11 15:14:00+00:00
[2026-03-11T15:14:09.061+0000] {processor.py:183} INFO - Processing /home/airflow/.local/lib/python3.8/site-packages/airflow/example_dags/example_branch_python_dop_operator_3.py took 0.134 seconds
[2026-03-11T15:14:39.303+0000] {processor.py:161} INFO - Started process (PID=640) to work on /home/airflow/.local/lib/python3.8/site-packages/airflow/example_dags/example_branch_python_dop_operator_3.py
[2026-03-11T15:14:39.304+0000] {processor.py:830} INFO - Processing file /home/airflow/.local/lib/python3.8/site-packages/airflow/example_dags/example_branch_python_dop_operator_3.py for tasks to queue
[2026-03-11T15:14:39.308+0000] {logging_mixin.py:188} INFO - [2026-03-11T15:14:39.307+0000] {dagbag.py:538} INFO - Filling up the DagBag from /home/airflow/.local/lib/python3.8/site-packages/airflow/example_dags/example_branch_python_dop_operator_3.py
[2026-03-11T15:14:39.324+0000] {processor.py:840} INFO - DAG(s) 'example_branch_dop_operator_v3' retrieved from /home/airflow/.local/lib/python3.8/site-packages/airflow/example_dags/example_branch_python_dop_operator_3.py
[2026-03-11T15:14:39.351+0000] {logging_mixin.py:188} INFO - [2026-03-11T15:14:39.351+0000] {dag.py:3036} INFO - Sync 1 DAGs
[2026-03-11T15:14:39.383+0000] {logging_mixin.py:188} INFO - [2026-03-11T15:14:39.383+0000] {dag.py:3823} INFO - Setting next_dagrun for example_branch_dop_operator_v3 to 2026-03-11 15:13:00+00:00, run_after=2026-03-11 15:14:00+00:00
[2026-03-11T15:14:39.402+0000] {processor.py:183} INFO - Processing /home/airflow/.local/lib/python3.8/site-packages/airflow/example_dags/example_branch_python_dop_operator_3.py took 0.103 seconds
[2026-03-11T15:15:09.623+0000] {processor.py:161} INFO - Started process (PID=696) to work on /home/airflow/.local/lib/python3.8/site-packages/airflow/example_dags/example_branch_python_dop_operator_3.py
[2026-03-11T15:15:09.624+0000] {processor.py:830} INFO - Processing file /home/airflow/.local/lib/python3.8/site-packages/airflow/example_dags/example_branch_python_dop_operator_3.py for tasks to queue
[2026-03-11T15:15:09.627+0000] {logging_mixin.py:188} INFO - [2026-03-11T15:15:09.626+0000] {dagbag.py:538} INFO - Filling up the DagBag from /home/airflow/.local/lib/python3.8/site-packages/airflow/example_dags/example_branch_python_dop_operator_3.py
[2026-03-11T15:15:09.639+0000] {processor.py:840} INFO - DAG(s) 'example_branch_dop_operator_v3' retrieved from /home/airflow/.local/lib/python3.8/site-packages/airflow/example_dags/example_branch_python_dop_operator_3.py
[2026-03-11T15:15:09.661+0000] {logging_mixin.py:188} INFO - [2026-03-11T15:15:09.661+0000] {dag.py:3036} INFO - Sync 1 DAGs
[2026-03-11T15:15:09.689+0000] {logging_mixin.py:188} INFO - [2026-03-11T15:15:09.689+0000] {dag.py:3823} INFO - Setting next_dagrun for example_branch_dop_operator_v3 to 2026-03-11 15:14:00+00:00, run_after=2026-03-11 15:15:00+00:00
[2026-03-11T15:15:09.708+0000] {processor.py:183} INFO - Processing /home/airflow/.local/lib/python3.8/site-packages/airflow/example_dags/example_branch_python_dop_operator_3.py took 0.089 seconds
[2026-03-11T15:15:40.174+0000] {processor.py:161} INFO - Started process (PID=752) to work on /home/airflow/.local/lib/python3.8/site-packages/airflow/example_dags/example_branch_python_dop_operator_3.py
[2026-03-11T15:15:40.175+0000] {processor.py:830} INFO - Processing file /home/airflow/.local/lib/python3.8/site-packages/airflow/example_dags/example_branch_python_dop_operator_3.py for tasks to queue
[2026-03-11T15:15:40.178+0000] {logging_mixin.py:188} INFO - [2026-03-11T15:15:40.178+0000] {dagbag.py:538} INFO - Filling up the DagBag from /home/airflow/.local/lib/python3.8/site-packages/airflow/example_dags/example_branch_python_dop_operator_3.py
[2026-03-11T15:15:40.191+0000] {processor.py:840} INFO - DAG(s) 'example_branch_dop_operator_v3' retrieved from /home/airflow/.local/lib/python3.8/site-packages/airflow/example_dags/example_branch_python_dop_operator_3.py
[2026-03-11T15:15:40.222+0000] {logging_mixin.py:188} INFO - [2026-03-11T15:15:40.222+0000] {dag.py:3036} INFO - Sync 1 DAGs
[2026-03-11T15:15:40.258+0000] {logging_mixin.py:188} INFO - [2026-03-11T15:15:40.258+0000] {dag.py:3823} INFO - Setting next_dagrun for example_branch_dop_operator_v3 to 2026-03-11 15:14:00+00:00, run_after=2026-03-11 15:15:00+00:00
[2026-03-11T15:15:40.284+0000] {processor.py:183} INFO - Processing /home/airflow/.local/lib/python3.8/site-packages/airflow/example_dags/example_branch_python_dop_operator_3.py took 0.115 seconds
[2026-03-11T15:16:10.447+0000] {processor.py:161} INFO - Started process (PID=808) to work on /home/airflow/.local/lib/python3.8/site-packages/airflow/example_dags/example_branch_python_dop_operator_3.py
[2026-03-11T15:16:10.448+0000] {processor.py:830} INFO - Processing file /home/airflow/.local/lib/python3.8/site-packages/airflow/example_dags/example_branch_python_dop_operator_3.py for tasks to queue
[2026-03-11T15:16:10.452+0000] {logging_mixin.py:188} INFO - [2026-03-11T15:16:10.451+0000] {dagbag.py:538} INFO - Filling up the DagBag from /home/airflow/.local/lib/python3.8/site-packages/airflow/example_dags/example_branch_python_dop_operator_3.py
[2026-03-11T15:16:10.464+0000] {processor.py:840} INFO - DAG(s) 'example_branch_dop_operator_v3' retrieved from /home/airflow/.local/lib/python3.8/site-packages/airflow/example_dags/example_branch_python_dop_operator_3.py
[2026-03-11T15:16:10.490+0000] {logging_mixin.py:188} INFO - [2026-03-11T15:16:10.490+0000] {dag.py:3036} INFO - Sync 1 DAGs
[2026-03-11T15:16:10.523+0000] {logging_mixin.py:188} INFO - [2026-03-11T15:16:10.523+0000] {dag.py:3823} INFO - Setting next_dagrun for example_branch_dop_operator_v3 to 2026-03-11 15:15:00+00:00, run_after=2026-03-11 15:16:00+00:00
[2026-03-11T15:16:10.549+0000] {processor.py:183} INFO - Processing /home/airflow/.local/lib/python3.8/site-packages/airflow/example_dags/example_branch_python_dop_operator_3.py took 0.107 seconds
[2026-03-11T15:16:41.242+0000] {processor.py:161} INFO - Started process (PID=864) to work on /home/airflow/.local/lib/python3.8/site-packages/airflow/example_dags/example_branch_python_dop_operator_3.py
[2026-03-11T15:16:41.244+0000] {processor.py:830} INFO - Processing file /home/airflow/.local/lib/python3.8/site-packages/airflow/example_dags/example_branch_python_dop_operator_3.py for tasks to queue
[2026-03-11T15:16:41.249+0000] {logging_mixin.py:188} INFO - [2026-03-11T15:16:41.248+0000] {dagbag.py:538} INFO - Filling up the DagBag from /home/airflow/.local/lib/python3.8/site-packages/airflow/example_dags/example_branch_python_dop_operator_3.py
[2026-03-11T15:16:41.274+0000] {processor.py:840} INFO - DAG(s) 'example_branch_dop_operator_v3' retrieved from /home/airflow/.local/lib/python3.8/site-packages/airflow/example_dags/example_branch_python_dop_operator_3.py
[2026-03-11T15:16:41.347+0000] {logging_mixin.py:188} INFO - [2026-03-11T15:16:41.346+0000] {dag.py:3036} INFO - Sync 1 DAGs
[2026-03-11T15:16:41.464+0000] {logging_mixin.py:188} INFO - [2026-03-11T15:16:41.464+0000] {dag.py:3823} INFO - Setting next_dagrun for example_branch_dop_operator_v3 to 2026-03-11 15:15:00+00:00, run_after=2026-03-11 15:16:00+00:00
[2026-03-11T15:16:41.509+0000] {processor.py:183} INFO - Processing /home/airflow/.local/lib/python3.8/site-packages/airflow/example_dags/example_branch_python_dop_operator_3.py took 0.274 seconds
[2026-03-11T15:17:12.017+0000] {processor.py:161} INFO - Started process (PID=920) to work on /home/airflow/.local/lib/python3.8/site-packages/airflow/example_dags/example_branch_python_dop_operator_3.py
[2026-03-11T15:17:12.019+0000] {processor.py:830} INFO - Processing file /home/airflow/.local/lib/python3.8/site-packages/airflow/example_dags/example_branch_python_dop_operator_3.py for tasks to queue
[2026-03-11T15:17:12.022+0000] {logging_mixin.py:188} INFO - [2026-03-11T15:17:12.021+0000] {dagbag.py:538} INFO - Filling up the DagBag from /home/airflow/.local/lib/python3.8/site-packages/airflow/example_dags/example_branch_python_dop_operator_3.py
[2026-03-11T15:17:12.034+0000] {processor.py:840} INFO - DAG(s) 'example_branch_dop_operator_v3' retrieved from /home/airflow/.local/lib/python3.8/site-packages/airflow/example_dags/example_branch_python_dop_operator_3.py
[2026-03-11T15:17:12.061+0000] {logging_mixin.py:188} INFO - [2026-03-11T15:17:12.061+0000] {dag.py:3036} INFO - Sync 1 DAGs
[2026-03-11T15:17:12.096+0000] {logging_mixin.py:188} INFO - [2026-03-11T15:17:12.096+0000] {dag.py:3823} INFO - Setting next_dagrun for example_branch_dop_operator_v3 to 2026-03-11 15:16:00+00:00, run_after=2026-03-11 15:17:00+00:00
[2026-03-11T15:17:12.121+0000] {processor.py:183} INFO - Processing /home/airflow/.local/lib/python3.8/site-packages/airflow/example_dags/example_branch_python_dop_operator_3.py took 0.109 seconds
[2026-03-11T15:17:43.175+0000] {processor.py:161} INFO - Started process (PID=976) to work on /home/airflow/.local/lib/python3.8/site-packages/airflow/example_dags/example_branch_python_dop_operator_3.py
[2026-03-11T15:17:43.177+0000] {processor.py:830} INFO - Processing file /home/airflow/.local/lib/python3.8/site-packages/airflow/example_dags/example_branch_python_dop_operator_3.py for tasks to queue
[2026-03-11T15:17:43.180+0000] {logging_mixin.py:188} INFO - [2026-03-11T15:17:43.179+0000] {dagbag.py:538} INFO - Filling up the DagBag from /home/airflow/.local/lib/python3.8/site-packages/airflow/example_dags/example_branch_python_dop_operator_3.py
[2026-03-11T15:17:43.194+0000] {processor.py:840} INFO - DAG(s) 'example_branch_dop_operator_v3' retrieved from /home/airflow/.local/lib/python3.8/site-packages/airflow/example_dags/example_branch_python_dop_operator_3.py
[2026-03-11T15:17:43.227+0000] {logging_mixin.py:188} INFO - [2026-03-11T15:17:43.227+0000] {dag.py:3036} INFO - Sync 1 DAGs
[2026-03-11T15:17:43.264+0000] {logging_mixin.py:188} INFO - [2026-03-11T15:17:43.264+0000] {dag.py:3823} INFO - Setting next_dagrun for example_branch_dop_operator_v3 to 2026-03-11 15:16:00+00:00, run_after=2026-03-11 15:17:00+00:00
[2026-03-11T15:17:43.289+0000] {processor.py:183} INFO - Processing /home/airflow/.local/lib/python3.8/site-packages/airflow/example_dags/example_branch_python_dop_operator_3.py took 0.119 seconds
[2026-03-11T15:18:13.398+0000] {processor.py:161} INFO - Started process (PID=1032) to work on /home/airflow/.local/lib/python3.8/site-packages/airflow/example_dags/example_branch_python_dop_operator_3.py
[2026-03-11T15:18:13.400+0000] {processor.py:830} INFO - Processing file /home/airflow/.local/lib/python3.8/site-packages/airflow/example_dags/example_branch_python_dop_operator_3.py for tasks to queue
[2026-03-11T15:18:13.402+0000] {logging_mixin.py:188} INFO - [2026-03-11T15:18:13.402+0000] {dagbag.py:538} INFO - Filling up the DagBag from /home/airflow/.local/lib/python3.8/site-packages/airflow/example_dags/example_branch_python_dop_operator_3.py
[2026-03-11T15:18:13.415+0000] {processor.py:840} INFO - DAG(s) 'example_branch_dop_operator_v3' retrieved from /home/airflow/.local/lib/python3.8/site-packages/airflow/example_dags/example_branch_python_dop_operator_3.py
[2026-03-11T15:18:13.443+0000] {logging_mixin.py:188} INFO - [2026-03-11T15:18:13.442+0000] {dag.py:3036} INFO - Sync 1 DAGs
[2026-03-11T15:18:13.479+0000] {logging_mixin.py:188} INFO - [2026-03-11T15:18:13.478+0000] {dag.py:3823} INFO - Setting next_dagrun for example_branch_dop_operator_v3 to 2026-03-11 15:17:00+00:00, run_after=2026-03-11 15:18:00+00:00
[2026-03-11T15:18:13.507+0000] {processor.py:183} INFO - Processing /home/airflow/.local/lib/python3.8/site-packages/airflow/example_dags/example_branch_python_dop_operator_3.py took 0.114 seconds
