[2026-03-11T15:09:32.300+0000] {processor.py:161} INFO - Started process (PID=77) to work on /home/airflow/.local/lib/python3.8/site-packages/airflow/example_dags/example_branch_operator_decorator.py
[2026-03-11T15:09:32.312+0000] {processor.py:830} INFO - Processing file /home/airflow/.local/lib/python3.8/site-packages/airflow/example_dags/example_branch_operator_decorator.py for tasks to queue
[2026-03-11T15:09:32.319+0000] {logging_mixin.py:188} INFO - [2026-03-11T15:09:32.317+0000] {dagbag.py:538} INFO - Filling up the DagBag from /home/airflow/.local/lib/python3.8/site-packages/airflow/example_dags/example_branch_operator_decorator.py
[2026-03-11T15:09:32.444+0000] {processor.py:840} INFO - DAG(s) 'example_branch_python_operator_decorator' retrieved from /home/airflow/.local/lib/python3.8/site-packages/airflow/example_dags/example_branch_operator_decorator.py
[2026-03-11T15:09:32.488+0000] {logging_mixin.py:188} INFO - [2026-03-11T15:09:32.487+0000] {dag.py:3036} INFO - Sync 1 DAGs
[2026-03-11T15:09:32.563+0000] {logging_mixin.py:188} INFO - [2026-03-11T15:09:32.562+0000] {dag.py:3823} INFO - Setting next_dagrun for example_branch_python_operator_decorator to 2026-03-10 00:00:00+00:00, run_after=2026-03-11 00:00:00+00:00
[2026-03-11T15:09:32.623+0000] {processor.py:183} INFO - Processing /home/airflow/.local/lib/python3.8/site-packages/airflow/example_dags/example_branch_operator_decorator.py took 0.339 seconds
[2026-03-11T15:10:03.474+0000] {processor.py:161} INFO - Started process (PID=133) to work on /home/airflow/.local/lib/python3.8/site-packages/airflow/example_dags/example_branch_operator_decorator.py
[2026-03-11T15:10:03.479+0000] {processor.py:830} INFO - Processing file /home/airflow/.local/lib/python3.8/site-packages/airflow/example_dags/example_branch_operator_decorator.py for tasks to queue
[2026-03-11T15:10:03.487+0000] {logging_mixin.py:188} INFO - [2026-03-11T15:10:03.486+0000] {dagbag.py:538} INFO - Filling up the DagBag from /home/airflow/.local/lib/python3.8/site-packages/airflow/example_dags/example_branch_operator_decorator.py
[2026-03-11T15:10:03.596+0000] {processor.py:840} INFO - DAG(s) 'example_branch_python_operator_decorator' retrieved from /home/airflow/.local/lib/python3.8/site-packages/airflow/example_dags/example_branch_operator_decorator.py
[2026-03-11T15:10:04.090+0000] {logging_mixin.py:188} INFO - [2026-03-11T15:10:04.090+0000] {dag.py:3036} INFO - Sync 1 DAGs
[2026-03-11T15:10:04.164+0000] {logging_mixin.py:188} INFO - [2026-03-11T15:10:04.163+0000] {dag.py:3823} INFO - Setting next_dagrun for example_branch_python_operator_decorator to 2026-03-10 00:00:00+00:00, run_after=2026-03-11 00:00:00+00:00
[2026-03-11T15:10:04.227+0000] {processor.py:183} INFO - Processing /home/airflow/.local/lib/python3.8/site-packages/airflow/example_dags/example_branch_operator_decorator.py took 0.767 seconds
[2026-03-11T15:10:34.512+0000] {processor.py:161} INFO - Started process (PID=189) to work on /home/airflow/.local/lib/python3.8/site-packages/airflow/example_dags/example_branch_operator_decorator.py
[2026-03-11T15:10:34.515+0000] {processor.py:830} INFO - Processing file /home/airflow/.local/lib/python3.8/site-packages/airflow/example_dags/example_branch_operator_decorator.py for tasks to queue
[2026-03-11T15:10:34.517+0000] {logging_mixin.py:188} INFO - [2026-03-11T15:10:34.517+0000] {dagbag.py:538} INFO - Filling up the DagBag from /home/airflow/.local/lib/python3.8/site-packages/airflow/example_dags/example_branch_operator_decorator.py
[2026-03-11T15:10:34.552+0000] {processor.py:840} INFO - DAG(s) 'example_branch_python_operator_decorator' retrieved from /home/airflow/.local/lib/python3.8/site-packages/airflow/example_dags/example_branch_operator_decorator.py
[2026-03-11T15:10:34.599+0000] {logging_mixin.py:188} INFO - [2026-03-11T15:10:34.599+0000] {dag.py:3036} INFO - Sync 1 DAGs
[2026-03-11T15:10:34.628+0000] {logging_mixin.py:188} INFO - [2026-03-11T15:10:34.628+0000] {dag.py:3823} INFO - Setting next_dagrun for example_branch_python_operator_decorator to 2026-03-10 00:00:00+00:00, run_after=2026-03-11 00:00:00+00:00
[2026-03-11T15:10:34.654+0000] {processor.py:183} INFO - Processing /home/airflow/.local/lib/python3.8/site-packages/airflow/example_dags/example_branch_operator_decorator.py took 0.150 seconds
[2026-03-11T15:11:05.391+0000] {processor.py:161} INFO - Started process (PID=245) to work on /home/airflow/.local/lib/python3.8/site-packages/airflow/example_dags/example_branch_operator_decorator.py
[2026-03-11T15:11:05.393+0000] {processor.py:830} INFO - Processing file /home/airflow/.local/lib/python3.8/site-packages/airflow/example_dags/example_branch_operator_decorator.py for tasks to queue
[2026-03-11T15:11:05.395+0000] {logging_mixin.py:188} INFO - [2026-03-11T15:11:05.394+0000] {dagbag.py:538} INFO - Filling up the DagBag from /home/airflow/.local/lib/python3.8/site-packages/airflow/example_dags/example_branch_operator_decorator.py
[2026-03-11T15:11:05.419+0000] {processor.py:840} INFO - DAG(s) 'example_branch_python_operator_decorator' retrieved from /home/airflow/.local/lib/python3.8/site-packages/airflow/example_dags/example_branch_operator_decorator.py
[2026-03-11T15:11:05.450+0000] {logging_mixin.py:188} INFO - [2026-03-11T15:11:05.450+0000] {dag.py:3036} INFO - Sync 1 DAGs
[2026-03-11T15:11:05.473+0000] {logging_mixin.py:188} INFO - [2026-03-11T15:11:05.473+0000] {dag.py:3823} INFO - Setting next_dagrun for example_branch_python_operator_decorator to 2026-03-10 00:00:00+00:00, run_after=2026-03-11 00:00:00+00:00
[2026-03-11T15:11:05.496+0000] {processor.py:183} INFO - Processing /home/airflow/.local/lib/python3.8/site-packages/airflow/example_dags/example_branch_operator_decorator.py took 0.109 seconds
[2026-03-11T15:11:36.381+0000] {processor.py:161} INFO - Started process (PID=301) to work on /home/airflow/.local/lib/python3.8/site-packages/airflow/example_dags/example_branch_operator_decorator.py
[2026-03-11T15:11:36.385+0000] {processor.py:830} INFO - Processing file /home/airflow/.local/lib/python3.8/site-packages/airflow/example_dags/example_branch_operator_decorator.py for tasks to queue
[2026-03-11T15:11:36.390+0000] {logging_mixin.py:188} INFO - [2026-03-11T15:11:36.389+0000] {dagbag.py:538} INFO - Filling up the DagBag from /home/airflow/.local/lib/python3.8/site-packages/airflow/example_dags/example_branch_operator_decorator.py
[2026-03-11T15:11:36.469+0000] {processor.py:840} INFO - DAG(s) 'example_branch_python_operator_decorator' retrieved from /home/airflow/.local/lib/python3.8/site-packages/airflow/example_dags/example_branch_operator_decorator.py
[2026-03-11T15:11:36.520+0000] {logging_mixin.py:188} INFO - [2026-03-11T15:11:36.520+0000] {dag.py:3036} INFO - Sync 1 DAGs
[2026-03-11T15:11:36.567+0000] {logging_mixin.py:188} INFO - [2026-03-11T15:11:36.567+0000] {dag.py:3823} INFO - Setting next_dagrun for example_branch_python_operator_decorator to 2026-03-10 00:00:00+00:00, run_after=2026-03-11 00:00:00+00:00
[2026-03-11T15:11:36.605+0000] {processor.py:183} INFO - Processing /home/airflow/.local/lib/python3.8/site-packages/airflow/example_dags/example_branch_operator_decorator.py took 0.235 seconds
[2026-03-11T15:12:06.736+0000] {processor.py:161} INFO - Started process (PID=357) to work on /home/airflow/.local/lib/python3.8/site-packages/airflow/example_dags/example_branch_operator_decorator.py
[2026-03-11T15:12:06.738+0000] {processor.py:830} INFO - Processing file /home/airflow/.local/lib/python3.8/site-packages/airflow/example_dags/example_branch_operator_decorator.py for tasks to queue
[2026-03-11T15:12:06.744+0000] {logging_mixin.py:188} INFO - [2026-03-11T15:12:06.743+0000] {dagbag.py:538} INFO - Filling up the DagBag from /home/airflow/.local/lib/python3.8/site-packages/airflow/example_dags/example_branch_operator_decorator.py
[2026-03-11T15:12:06.785+0000] {processor.py:840} INFO - DAG(s) 'example_branch_python_operator_decorator' retrieved from /home/airflow/.local/lib/python3.8/site-packages/airflow/example_dags/example_branch_operator_decorator.py
[2026-03-11T15:12:06.831+0000] {logging_mixin.py:188} INFO - [2026-03-11T15:12:06.831+0000] {dag.py:3036} INFO - Sync 1 DAGs
[2026-03-11T15:12:06.865+0000] {logging_mixin.py:188} INFO - [2026-03-11T15:12:06.865+0000] {dag.py:3823} INFO - Setting next_dagrun for example_branch_python_operator_decorator to 2026-03-10 00:00:00+00:00, run_after=2026-03-11 00:00:00+00:00
[2026-03-11T15:12:06.897+0000] {processor.py:183} INFO - Processing /home/airflow/.local/lib/python3.8/site-packages/airflow/example_dags/example_branch_operator_decorator.py took 0.167 seconds
[2026-03-11T15:12:37.188+0000] {processor.py:161} INFO - Started process (PID=413) to work on /home/airflow/.local/lib/python3.8/site-packages/airflow/example_dags/example_branch_operator_decorator.py
[2026-03-11T15:12:37.189+0000] {processor.py:830} INFO - Processing file /home/airflow/.local/lib/python3.8/site-packages/airflow/example_dags/example_branch_operator_decorator.py for tasks to queue
[2026-03-11T15:12:37.195+0000] {logging_mixin.py:188} INFO - [2026-03-11T15:12:37.194+0000] {dagbag.py:538} INFO - Filling up the DagBag from /home/airflow/.local/lib/python3.8/site-packages/airflow/example_dags/example_branch_operator_decorator.py
[2026-03-11T15:12:37.234+0000] {processor.py:840} INFO - DAG(s) 'example_branch_python_operator_decorator' retrieved from /home/airflow/.local/lib/python3.8/site-packages/airflow/example_dags/example_branch_operator_decorator.py
[2026-03-11T15:12:37.278+0000] {logging_mixin.py:188} INFO - [2026-03-11T15:12:37.277+0000] {dag.py:3036} INFO - Sync 1 DAGs
[2026-03-11T15:12:37.320+0000] {logging_mixin.py:188} INFO - [2026-03-11T15:12:37.319+0000] {dag.py:3823} INFO - Setting next_dagrun for example_branch_python_operator_decorator to 2026-03-10 00:00:00+00:00, run_after=2026-03-11 00:00:00+00:00
[2026-03-11T15:12:37.357+0000] {processor.py:183} INFO - Processing /home/airflow/.local/lib/python3.8/site-packages/airflow/example_dags/example_branch_operator_decorator.py took 0.174 seconds
[2026-03-11T15:13:08.085+0000] {processor.py:161} INFO - Started process (PID=469) to work on /home/airflow/.local/lib/python3.8/site-packages/airflow/example_dags/example_branch_operator_decorator.py
[2026-03-11T15:13:08.087+0000] {processor.py:830} INFO - Processing file /home/airflow/.local/lib/python3.8/site-packages/airflow/example_dags/example_branch_operator_decorator.py for tasks to queue
[2026-03-11T15:13:08.090+0000] {logging_mixin.py:188} INFO - [2026-03-11T15:13:08.090+0000] {dagbag.py:538} INFO - Filling up the DagBag from /home/airflow/.local/lib/python3.8/site-packages/airflow/example_dags/example_branch_operator_decorator.py
[2026-03-11T15:13:08.118+0000] {processor.py:840} INFO - DAG(s) 'example_branch_python_operator_decorator' retrieved from /home/airflow/.local/lib/python3.8/site-packages/airflow/example_dags/example_branch_operator_decorator.py
[2026-03-11T15:13:08.162+0000] {logging_mixin.py:188} INFO - [2026-03-11T15:13:08.162+0000] {dag.py:3036} INFO - Sync 1 DAGs
[2026-03-11T15:13:08.196+0000] {logging_mixin.py:188} INFO - [2026-03-11T15:13:08.196+0000] {dag.py:3823} INFO - Setting next_dagrun for example_branch_python_operator_decorator to 2026-03-10 00:00:00+00:00, run_after=2026-03-11 00:00:00+00:00
[2026-03-11T15:13:08.222+0000] {processor.py:183} INFO - Processing /home/airflow/.local/lib/python3.8/site-packages/airflow/example_dags/example_branch_operator_decorator.py took 0.140 seconds
[2026-03-11T15:13:38.370+0000] {processor.py:161} INFO - Started process (PID=525) to work on /home/airflow/.local/lib/python3.8/site-packages/airflow/example_dags/example_branch_operator_decorator.py
[2026-03-11T15:13:38.385+0000] {processor.py:830} INFO - Processing file /home/airflow/.local/lib/python3.8/site-packages/airflow/example_dags/example_branch_operator_decorator.py for tasks to queue
[2026-03-11T15:13:38.390+0000] {logging_mixin.py:188} INFO - [2026-03-11T15:13:38.390+0000] {dagbag.py:538} INFO - Filling up the DagBag from /home/airflow/.local/lib/python3.8/site-packages/airflow/example_dags/example_branch_operator_decorator.py
[2026-03-11T15:13:38.427+0000] {processor.py:840} INFO - DAG(s) 'example_branch_python_operator_decorator' retrieved from /home/airflow/.local/lib/python3.8/site-packages/airflow/example_dags/example_branch_operator_decorator.py
[2026-03-11T15:13:38.467+0000] {logging_mixin.py:188} INFO - [2026-03-11T15:13:38.466+0000] {dag.py:3036} INFO - Sync 1 DAGs
[2026-03-11T15:13:38.497+0000] {logging_mixin.py:188} INFO - [2026-03-11T15:13:38.497+0000] {dag.py:3823} INFO - Setting next_dagrun for example_branch_python_operator_decorator to 2026-03-10 00:00:00+00:00, run_after=2026-03-11 00:00:00+00:00
[2026-03-11T15:13:38.522+0000] {processor.py:183} INFO - Processing /home/airflow/.local/lib/python3.8/site-packages/airflow/example_dags/example_branch_operator_decorator.py took 0.157 seconds
[2026-03-11T15:14:08.604+0000] {processor.py:161} INFO - Started process (PID=581) to work on /home/airflow/.local/lib/python3.8/site-packages/airflow/example_dags/example_branch_operator_decorator.py
[2026-03-11T15:14:08.606+0000] {processor.py:830} INFO - Processing file /home/airflow/.local/lib/python3.8/site-packages/airflow/example_dags/example_branch_operator_decorator.py for tasks to queue
[2026-03-11T15:14:08.609+0000] {logging_mixin.py:188} INFO - [2026-03-11T15:14:08.608+0000] {dagbag.py:538} INFO - Filling up the DagBag from /home/airflow/.local/lib/python3.8/site-packages/airflow/example_dags/example_branch_operator_decorator.py
[2026-03-11T15:14:08.650+0000] {processor.py:840} INFO - DAG(s) 'example_branch_python_operator_decorator' retrieved from /home/airflow/.local/lib/python3.8/site-packages/airflow/example_dags/example_branch_operator_decorator.py
[2026-03-11T15:14:08.690+0000] {logging_mixin.py:188} INFO - [2026-03-11T15:14:08.689+0000] {dag.py:3036} INFO - Sync 1 DAGs
[2026-03-11T15:14:08.725+0000] {logging_mixin.py:188} INFO - [2026-03-11T15:14:08.724+0000] {dag.py:3823} INFO - Setting next_dagrun for example_branch_python_operator_decorator to 2026-03-10 00:00:00+00:00, run_after=2026-03-11 00:00:00+00:00
[2026-03-11T15:14:08.759+0000] {processor.py:183} INFO - Processing /home/airflow/.local/lib/python3.8/site-packages/airflow/example_dags/example_branch_operator_decorator.py took 0.160 seconds
[2026-03-11T15:14:38.959+0000] {processor.py:161} INFO - Started process (PID=637) to work on /home/airflow/.local/lib/python3.8/site-packages/airflow/example_dags/example_branch_operator_decorator.py
[2026-03-11T15:14:38.963+0000] {processor.py:830} INFO - Processing file /home/airflow/.local/lib/python3.8/site-packages/airflow/example_dags/example_branch_operator_decorator.py for tasks to queue
[2026-03-11T15:14:38.969+0000] {logging_mixin.py:188} INFO - [2026-03-11T15:14:38.968+0000] {dagbag.py:538} INFO - Filling up the DagBag from /home/airflow/.local/lib/python3.8/site-packages/airflow/example_dags/example_branch_operator_decorator.py
[2026-03-11T15:14:39.006+0000] {processor.py:840} INFO - DAG(s) 'example_branch_python_operator_decorator' retrieved from /home/airflow/.local/lib/python3.8/site-packages/airflow/example_dags/example_branch_operator_decorator.py
[2026-03-11T15:14:39.048+0000] {logging_mixin.py:188} INFO - [2026-03-11T15:14:39.048+0000] {dag.py:3036} INFO - Sync 1 DAGs
[2026-03-11T15:14:39.089+0000] {logging_mixin.py:188} INFO - [2026-03-11T15:14:39.088+0000] {dag.py:3823} INFO - Setting next_dagrun for example_branch_python_operator_decorator to 2026-03-10 00:00:00+00:00, run_after=2026-03-11 00:00:00+00:00
[2026-03-11T15:14:39.120+0000] {processor.py:183} INFO - Processing /home/airflow/.local/lib/python3.8/site-packages/airflow/example_dags/example_branch_operator_decorator.py took 0.168 seconds
[2026-03-11T15:15:09.320+0000] {processor.py:161} INFO - Started process (PID=693) to work on /home/airflow/.local/lib/python3.8/site-packages/airflow/example_dags/example_branch_operator_decorator.py
[2026-03-11T15:15:09.324+0000] {processor.py:830} INFO - Processing file /home/airflow/.local/lib/python3.8/site-packages/airflow/example_dags/example_branch_operator_decorator.py for tasks to queue
[2026-03-11T15:15:09.327+0000] {logging_mixin.py:188} INFO - [2026-03-11T15:15:09.327+0000] {dagbag.py:538} INFO - Filling up the DagBag from /home/airflow/.local/lib/python3.8/site-packages/airflow/example_dags/example_branch_operator_decorator.py
[2026-03-11T15:15:09.360+0000] {processor.py:840} INFO - DAG(s) 'example_branch_python_operator_decorator' retrieved from /home/airflow/.local/lib/python3.8/site-packages/airflow/example_dags/example_branch_operator_decorator.py
[2026-03-11T15:15:09.401+0000] {logging_mixin.py:188} INFO - [2026-03-11T15:15:09.401+0000] {dag.py:3036} INFO - Sync 1 DAGs
[2026-03-11T15:15:09.432+0000] {logging_mixin.py:188} INFO - [2026-03-11T15:15:09.431+0000] {dag.py:3823} INFO - Setting next_dagrun for example_branch_python_operator_decorator to 2026-03-10 00:00:00+00:00, run_after=2026-03-11 00:00:00+00:00
[2026-03-11T15:15:09.463+0000] {processor.py:183} INFO - Processing /home/airflow/.local/lib/python3.8/site-packages/airflow/example_dags/example_branch_operator_decorator.py took 0.150 seconds
[2026-03-11T15:15:39.880+0000] {processor.py:161} INFO - Started process (PID=749) to work on /home/airflow/.local/lib/python3.8/site-packages/airflow/example_dags/example_branch_operator_decorator.py
[2026-03-11T15:15:39.881+0000] {processor.py:830} INFO - Processing file /home/airflow/.local/lib/python3.8/site-packages/airflow/example_dags/example_branch_operator_decorator.py for tasks to queue
[2026-03-11T15:15:39.884+0000] {logging_mixin.py:188} INFO - [2026-03-11T15:15:39.884+0000] {dagbag.py:538} INFO - Filling up the DagBag from /home/airflow/.local/lib/python3.8/site-packages/airflow/example_dags/example_branch_operator_decorator.py
[2026-03-11T15:15:39.913+0000] {processor.py:840} INFO - DAG(s) 'example_branch_python_operator_decorator' retrieved from /home/airflow/.local/lib/python3.8/site-packages/airflow/example_dags/example_branch_operator_decorator.py
[2026-03-11T15:15:39.948+0000] {logging_mixin.py:188} INFO - [2026-03-11T15:15:39.948+0000] {dag.py:3036} INFO - Sync 1 DAGs
[2026-03-11T15:15:39.978+0000] {logging_mixin.py:188} INFO - [2026-03-11T15:15:39.978+0000] {dag.py:3823} INFO - Setting next_dagrun for example_branch_python_operator_decorator to 2026-03-10 00:00:00+00:00, run_after=2026-03-11 00:00:00+00:00
[2026-03-11T15:15:40.007+0000] {processor.py:183} INFO - Processing /home/airflow/.local/lib/python3.8/site-packages/airflow/example_dags/example_branch_operator_decorator.py took 0.131 seconds
[2026-03-11T15:16:10.170+0000] {processor.py:161} INFO - Started process (PID=805) to work on /home/airflow/.local/lib/python3.8/site-packages/airflow/example_dags/example_branch_operator_decorator.py
[2026-03-11T15:16:10.172+0000] {processor.py:830} INFO - Processing file /home/airflow/.local/lib/python3.8/site-packages/airflow/example_dags/example_branch_operator_decorator.py for tasks to queue
[2026-03-11T15:16:10.174+0000] {logging_mixin.py:188} INFO - [2026-03-11T15:16:10.174+0000] {dagbag.py:538} INFO - Filling up the DagBag from /home/airflow/.local/lib/python3.8/site-packages/airflow/example_dags/example_branch_operator_decorator.py
[2026-03-11T15:16:10.205+0000] {processor.py:840} INFO - DAG(s) 'example_branch_python_operator_decorator' retrieved from /home/airflow/.local/lib/python3.8/site-packages/airflow/example_dags/example_branch_operator_decorator.py
[2026-03-11T15:16:10.240+0000] {logging_mixin.py:188} INFO - [2026-03-11T15:16:10.240+0000] {dag.py:3036} INFO - Sync 1 DAGs
[2026-03-11T15:16:10.273+0000] {logging_mixin.py:188} INFO - [2026-03-11T15:16:10.272+0000] {dag.py:3823} INFO - Setting next_dagrun for example_branch_python_operator_decorator to 2026-03-10 00:00:00+00:00, run_after=2026-03-11 00:00:00+00:00
[2026-03-11T15:16:10.298+0000] {processor.py:183} INFO - Processing /home/airflow/.local/lib/python3.8/site-packages/airflow/example_dags/example_branch_operator_decorator.py took 0.132 seconds
[2026-03-11T15:16:40.886+0000] {processor.py:161} INFO - Started process (PID=861) to work on /home/airflow/.local/lib/python3.8/site-packages/airflow/example_dags/example_branch_operator_decorator.py
[2026-03-11T15:16:40.888+0000] {processor.py:830} INFO - Processing file /home/airflow/.local/lib/python3.8/site-packages/airflow/example_dags/example_branch_operator_decorator.py for tasks to queue
[2026-03-11T15:16:40.892+0000] {logging_mixin.py:188} INFO - [2026-03-11T15:16:40.892+0000] {dagbag.py:538} INFO - Filling up the DagBag from /home/airflow/.local/lib/python3.8/site-packages/airflow/example_dags/example_branch_operator_decorator.py
[2026-03-11T15:16:40.930+0000] {processor.py:840} INFO - DAG(s) 'example_branch_python_operator_decorator' retrieved from /home/airflow/.local/lib/python3.8/site-packages/airflow/example_dags/example_branch_operator_decorator.py
[2026-03-11T15:16:40.983+0000] {logging_mixin.py:188} INFO - [2026-03-11T15:16:40.983+0000] {dag.py:3036} INFO - Sync 1 DAGs
[2026-03-11T15:16:41.024+0000] {logging_mixin.py:188} INFO - [2026-03-11T15:16:41.024+0000] {dag.py:3823} INFO - Setting next_dagrun for example_branch_python_operator_decorator to 2026-03-10 00:00:00+00:00, run_after=2026-03-11 00:00:00+00:00
[2026-03-11T15:16:41.059+0000] {processor.py:183} INFO - Processing /home/airflow/.local/lib/python3.8/site-packages/airflow/example_dags/example_branch_operator_decorator.py took 0.180 seconds
[2026-03-11T15:17:11.761+0000] {processor.py:161} INFO - Started process (PID=917) to work on /home/airflow/.local/lib/python3.8/site-packages/airflow/example_dags/example_branch_operator_decorator.py
[2026-03-11T15:17:11.762+0000] {processor.py:830} INFO - Processing file /home/airflow/.local/lib/python3.8/site-packages/airflow/example_dags/example_branch_operator_decorator.py for tasks to queue
[2026-03-11T15:17:11.764+0000] {logging_mixin.py:188} INFO - [2026-03-11T15:17:11.764+0000] {dagbag.py:538} INFO - Filling up the DagBag from /home/airflow/.local/lib/python3.8/site-packages/airflow/example_dags/example_branch_operator_decorator.py
[2026-03-11T15:17:11.789+0000] {processor.py:840} INFO - DAG(s) 'example_branch_python_operator_decorator' retrieved from /home/airflow/.local/lib/python3.8/site-packages/airflow/example_dags/example_branch_operator_decorator.py
[2026-03-11T15:17:11.821+0000] {logging_mixin.py:188} INFO - [2026-03-11T15:17:11.820+0000] {dag.py:3036} INFO - Sync 1 DAGs
[2026-03-11T15:17:11.845+0000] {logging_mixin.py:188} INFO - [2026-03-11T15:17:11.844+0000] {dag.py:3823} INFO - Setting next_dagrun for example_branch_python_operator_decorator to 2026-03-10 00:00:00+00:00, run_after=2026-03-11 00:00:00+00:00
[2026-03-11T15:17:11.870+0000] {processor.py:183} INFO - Processing /home/airflow/.local/lib/python3.8/site-packages/airflow/example_dags/example_branch_operator_decorator.py took 0.113 seconds
[2026-03-11T15:17:42.904+0000] {processor.py:161} INFO - Started process (PID=973) to work on /home/airflow/.local/lib/python3.8/site-packages/airflow/example_dags/example_branch_operator_decorator.py
[2026-03-11T15:17:42.905+0000] {processor.py:830} INFO - Processing file /home/airflow/.local/lib/python3.8/site-packages/airflow/example_dags/example_branch_operator_decorator.py for tasks to queue
[2026-03-11T15:17:42.909+0000] {logging_mixin.py:188} INFO - [2026-03-11T15:17:42.908+0000] {dagbag.py:538} INFO - Filling up the DagBag from /home/airflow/.local/lib/python3.8/site-packages/airflow/example_dags/example_branch_operator_decorator.py
[2026-03-11T15:17:42.950+0000] {processor.py:840} INFO - DAG(s) 'example_branch_python_operator_decorator' retrieved from /home/airflow/.local/lib/python3.8/site-packages/airflow/example_dags/example_branch_operator_decorator.py
[2026-03-11T15:17:42.996+0000] {logging_mixin.py:188} INFO - [2026-03-11T15:17:42.995+0000] {dag.py:3036} INFO - Sync 1 DAGs
[2026-03-11T15:17:43.036+0000] {logging_mixin.py:188} INFO - [2026-03-11T15:17:43.036+0000] {dag.py:3823} INFO - Setting next_dagrun for example_branch_python_operator_decorator to 2026-03-10 00:00:00+00:00, run_after=2026-03-11 00:00:00+00:00
[2026-03-11T15:17:43.069+0000] {processor.py:183} INFO - Processing /home/airflow/.local/lib/python3.8/site-packages/airflow/example_dags/example_branch_operator_decorator.py took 0.170 seconds
[2026-03-11T15:18:13.189+0000] {processor.py:161} INFO - Started process (PID=1029) to work on /home/airflow/.local/lib/python3.8/site-packages/airflow/example_dags/example_branch_operator_decorator.py
[2026-03-11T15:18:13.191+0000] {processor.py:830} INFO - Processing file /home/airflow/.local/lib/python3.8/site-packages/airflow/example_dags/example_branch_operator_decorator.py for tasks to queue
[2026-03-11T15:18:13.193+0000] {logging_mixin.py:188} INFO - [2026-03-11T15:18:13.193+0000] {dagbag.py:538} INFO - Filling up the DagBag from /home/airflow/.local/lib/python3.8/site-packages/airflow/example_dags/example_branch_operator_decorator.py
[2026-03-11T15:18:13.230+0000] {processor.py:840} INFO - DAG(s) 'example_branch_python_operator_decorator' retrieved from /home/airflow/.local/lib/python3.8/site-packages/airflow/example_dags/example_branch_operator_decorator.py
[2026-03-11T15:18:13.266+0000] {logging_mixin.py:188} INFO - [2026-03-11T15:18:13.265+0000] {dag.py:3036} INFO - Sync 1 DAGs
[2026-03-11T15:18:13.299+0000] {logging_mixin.py:188} INFO - [2026-03-11T15:18:13.298+0000] {dag.py:3823} INFO - Setting next_dagrun for example_branch_python_operator_decorator to 2026-03-10 00:00:00+00:00, run_after=2026-03-11 00:00:00+00:00
[2026-03-11T15:18:13.325+0000] {processor.py:183} INFO - Processing /home/airflow/.local/lib/python3.8/site-packages/airflow/example_dags/example_branch_operator_decorator.py took 0.149 seconds
