[2026-03-11T15:09:38.585+0000] {processor.py:161} INFO - Started process (PID=106) to work on /home/airflow/.local/lib/python3.8/site-packages/airflow/example_dags/example_task_group.py
[2026-03-11T15:09:38.587+0000] {processor.py:830} INFO - Processing file /home/airflow/.local/lib/python3.8/site-packages/airflow/example_dags/example_task_group.py for tasks to queue
[2026-03-11T15:09:38.589+0000] {logging_mixin.py:188} INFO - [2026-03-11T15:09:38.589+0000] {dagbag.py:538} INFO - Filling up the DagBag from /home/airflow/.local/lib/python3.8/site-packages/airflow/example_dags/example_task_group.py
[2026-03-11T15:09:38.604+0000] {processor.py:840} INFO - DAG(s) 'example_task_group' retrieved from /home/airflow/.local/lib/python3.8/site-packages/airflow/example_dags/example_task_group.py
[2026-03-11T15:09:38.733+0000] {logging_mixin.py:188} INFO - [2026-03-11T15:09:38.732+0000] {dag.py:3036} INFO - Sync 1 DAGs
[2026-03-11T15:09:38.763+0000] {logging_mixin.py:188} INFO - [2026-03-11T15:09:38.762+0000] {dag.py:3823} INFO - Setting next_dagrun for example_task_group to 2026-03-10 00:00:00+00:00, run_after=2026-03-11 00:00:00+00:00
[2026-03-11T15:09:38.792+0000] {processor.py:183} INFO - Processing /home/airflow/.local/lib/python3.8/site-packages/airflow/example_dags/example_task_group.py took 0.211 seconds
[2026-03-11T15:10:08.847+0000] {processor.py:161} INFO - Started process (PID=162) to work on /home/airflow/.local/lib/python3.8/site-packages/airflow/example_dags/example_task_group.py
[2026-03-11T15:10:08.849+0000] {processor.py:830} INFO - Processing file /home/airflow/.local/lib/python3.8/site-packages/airflow/example_dags/example_task_group.py for tasks to queue
[2026-03-11T15:10:08.851+0000] {logging_mixin.py:188} INFO - [2026-03-11T15:10:08.850+0000] {dagbag.py:538} INFO - Filling up the DagBag from /home/airflow/.local/lib/python3.8/site-packages/airflow/example_dags/example_task_group.py
[2026-03-11T15:10:08.859+0000] {processor.py:840} INFO - DAG(s) 'example_task_group' retrieved from /home/airflow/.local/lib/python3.8/site-packages/airflow/example_dags/example_task_group.py
[2026-03-11T15:10:08.883+0000] {logging_mixin.py:188} INFO - [2026-03-11T15:10:08.882+0000] {dag.py:3036} INFO - Sync 1 DAGs
[2026-03-11T15:10:08.907+0000] {logging_mixin.py:188} INFO - [2026-03-11T15:10:08.907+0000] {dag.py:3823} INFO - Setting next_dagrun for example_task_group to 2026-03-10 00:00:00+00:00, run_after=2026-03-11 00:00:00+00:00
[2026-03-11T15:10:08.926+0000] {processor.py:183} INFO - Processing /home/airflow/.local/lib/python3.8/site-packages/airflow/example_dags/example_task_group.py took 0.083 seconds
[2026-03-11T15:10:39.780+0000] {processor.py:161} INFO - Started process (PID=218) to work on /home/airflow/.local/lib/python3.8/site-packages/airflow/example_dags/example_task_group.py
[2026-03-11T15:10:39.782+0000] {processor.py:830} INFO - Processing file /home/airflow/.local/lib/python3.8/site-packages/airflow/example_dags/example_task_group.py for tasks to queue
[2026-03-11T15:10:39.785+0000] {logging_mixin.py:188} INFO - [2026-03-11T15:10:39.784+0000] {dagbag.py:538} INFO - Filling up the DagBag from /home/airflow/.local/lib/python3.8/site-packages/airflow/example_dags/example_task_group.py
[2026-03-11T15:10:39.799+0000] {processor.py:840} INFO - DAG(s) 'example_task_group' retrieved from /home/airflow/.local/lib/python3.8/site-packages/airflow/example_dags/example_task_group.py
[2026-03-11T15:10:39.843+0000] {logging_mixin.py:188} INFO - [2026-03-11T15:10:39.843+0000] {dag.py:3036} INFO - Sync 1 DAGs
[2026-03-11T15:10:39.932+0000] {logging_mixin.py:188} INFO - [2026-03-11T15:10:39.932+0000] {dag.py:3823} INFO - Setting next_dagrun for example_task_group to 2026-03-10 00:00:00+00:00, run_after=2026-03-11 00:00:00+00:00
[2026-03-11T15:10:39.995+0000] {processor.py:183} INFO - Processing /home/airflow/.local/lib/python3.8/site-packages/airflow/example_dags/example_task_group.py took 0.220 seconds
[2026-03-11T15:11:10.278+0000] {processor.py:161} INFO - Started process (PID=274) to work on /home/airflow/.local/lib/python3.8/site-packages/airflow/example_dags/example_task_group.py
[2026-03-11T15:11:10.280+0000] {processor.py:830} INFO - Processing file /home/airflow/.local/lib/python3.8/site-packages/airflow/example_dags/example_task_group.py for tasks to queue
[2026-03-11T15:11:10.282+0000] {logging_mixin.py:188} INFO - [2026-03-11T15:11:10.282+0000] {dagbag.py:538} INFO - Filling up the DagBag from /home/airflow/.local/lib/python3.8/site-packages/airflow/example_dags/example_task_group.py
[2026-03-11T15:11:10.291+0000] {processor.py:840} INFO - DAG(s) 'example_task_group' retrieved from /home/airflow/.local/lib/python3.8/site-packages/airflow/example_dags/example_task_group.py
[2026-03-11T15:11:10.318+0000] {logging_mixin.py:188} INFO - [2026-03-11T15:11:10.318+0000] {dag.py:3036} INFO - Sync 1 DAGs
[2026-03-11T15:11:10.341+0000] {logging_mixin.py:188} INFO - [2026-03-11T15:11:10.341+0000] {dag.py:3823} INFO - Setting next_dagrun for example_task_group to 2026-03-10 00:00:00+00:00, run_after=2026-03-11 00:00:00+00:00
[2026-03-11T15:11:10.361+0000] {processor.py:183} INFO - Processing /home/airflow/.local/lib/python3.8/site-packages/airflow/example_dags/example_task_group.py took 0.086 seconds
[2026-03-11T15:11:40.573+0000] {processor.py:161} INFO - Started process (PID=330) to work on /home/airflow/.local/lib/python3.8/site-packages/airflow/example_dags/example_task_group.py
[2026-03-11T15:11:40.574+0000] {processor.py:830} INFO - Processing file /home/airflow/.local/lib/python3.8/site-packages/airflow/example_dags/example_task_group.py for tasks to queue
[2026-03-11T15:11:40.577+0000] {logging_mixin.py:188} INFO - [2026-03-11T15:11:40.577+0000] {dagbag.py:538} INFO - Filling up the DagBag from /home/airflow/.local/lib/python3.8/site-packages/airflow/example_dags/example_task_group.py
[2026-03-11T15:11:40.587+0000] {processor.py:840} INFO - DAG(s) 'example_task_group' retrieved from /home/airflow/.local/lib/python3.8/site-packages/airflow/example_dags/example_task_group.py
[2026-03-11T15:11:40.619+0000] {logging_mixin.py:188} INFO - [2026-03-11T15:11:40.619+0000] {dag.py:3036} INFO - Sync 1 DAGs
[2026-03-11T15:11:40.650+0000] {logging_mixin.py:188} INFO - [2026-03-11T15:11:40.650+0000] {dag.py:3823} INFO - Setting next_dagrun for example_task_group to 2026-03-10 00:00:00+00:00, run_after=2026-03-11 00:00:00+00:00
[2026-03-11T15:11:40.674+0000] {processor.py:183} INFO - Processing /home/airflow/.local/lib/python3.8/site-packages/airflow/example_dags/example_task_group.py took 0.105 seconds
[2026-03-11T15:12:11.966+0000] {processor.py:161} INFO - Started process (PID=386) to work on /home/airflow/.local/lib/python3.8/site-packages/airflow/example_dags/example_task_group.py
[2026-03-11T15:12:11.974+0000] {processor.py:830} INFO - Processing file /home/airflow/.local/lib/python3.8/site-packages/airflow/example_dags/example_task_group.py for tasks to queue
[2026-03-11T15:12:12.010+0000] {logging_mixin.py:188} INFO - [2026-03-11T15:12:12.008+0000] {dagbag.py:538} INFO - Filling up the DagBag from /home/airflow/.local/lib/python3.8/site-packages/airflow/example_dags/example_task_group.py
[2026-03-11T15:12:12.075+0000] {processor.py:840} INFO - DAG(s) 'example_task_group' retrieved from /home/airflow/.local/lib/python3.8/site-packages/airflow/example_dags/example_task_group.py
[2026-03-11T15:12:12.176+0000] {logging_mixin.py:188} INFO - [2026-03-11T15:12:12.176+0000] {dag.py:3036} INFO - Sync 1 DAGs
[2026-03-11T15:12:12.256+0000] {logging_mixin.py:188} INFO - [2026-03-11T15:12:12.256+0000] {dag.py:3823} INFO - Setting next_dagrun for example_task_group to 2026-03-10 00:00:00+00:00, run_after=2026-03-11 00:00:00+00:00
[2026-03-11T15:12:12.337+0000] {processor.py:183} INFO - Processing /home/airflow/.local/lib/python3.8/site-packages/airflow/example_dags/example_task_group.py took 0.385 seconds
[2026-03-11T15:12:42.649+0000] {processor.py:161} INFO - Started process (PID=442) to work on /home/airflow/.local/lib/python3.8/site-packages/airflow/example_dags/example_task_group.py
[2026-03-11T15:12:42.652+0000] {processor.py:830} INFO - Processing file /home/airflow/.local/lib/python3.8/site-packages/airflow/example_dags/example_task_group.py for tasks to queue
[2026-03-11T15:12:42.659+0000] {logging_mixin.py:188} INFO - [2026-03-11T15:12:42.658+0000] {dagbag.py:538} INFO - Filling up the DagBag from /home/airflow/.local/lib/python3.8/site-packages/airflow/example_dags/example_task_group.py
[2026-03-11T15:12:42.674+0000] {processor.py:840} INFO - DAG(s) 'example_task_group' retrieved from /home/airflow/.local/lib/python3.8/site-packages/airflow/example_dags/example_task_group.py
[2026-03-11T15:12:42.717+0000] {logging_mixin.py:188} INFO - [2026-03-11T15:12:42.717+0000] {dag.py:3036} INFO - Sync 1 DAGs
[2026-03-11T15:12:42.754+0000] {logging_mixin.py:188} INFO - [2026-03-11T15:12:42.753+0000] {dag.py:3823} INFO - Setting next_dagrun for example_task_group to 2026-03-10 00:00:00+00:00, run_after=2026-03-11 00:00:00+00:00
[2026-03-11T15:12:42.782+0000] {processor.py:183} INFO - Processing /home/airflow/.local/lib/python3.8/site-packages/airflow/example_dags/example_task_group.py took 0.140 seconds
[2026-03-11T15:13:13.470+0000] {processor.py:161} INFO - Started process (PID=498) to work on /home/airflow/.local/lib/python3.8/site-packages/airflow/example_dags/example_task_group.py
[2026-03-11T15:13:13.471+0000] {processor.py:830} INFO - Processing file /home/airflow/.local/lib/python3.8/site-packages/airflow/example_dags/example_task_group.py for tasks to queue
[2026-03-11T15:13:13.473+0000] {logging_mixin.py:188} INFO - [2026-03-11T15:13:13.473+0000] {dagbag.py:538} INFO - Filling up the DagBag from /home/airflow/.local/lib/python3.8/site-packages/airflow/example_dags/example_task_group.py
[2026-03-11T15:13:13.483+0000] {processor.py:840} INFO - DAG(s) 'example_task_group' retrieved from /home/airflow/.local/lib/python3.8/site-packages/airflow/example_dags/example_task_group.py
[2026-03-11T15:13:13.510+0000] {logging_mixin.py:188} INFO - [2026-03-11T15:13:13.510+0000] {dag.py:3036} INFO - Sync 1 DAGs
[2026-03-11T15:13:13.535+0000] {logging_mixin.py:188} INFO - [2026-03-11T15:13:13.535+0000] {dag.py:3823} INFO - Setting next_dagrun for example_task_group to 2026-03-10 00:00:00+00:00, run_after=2026-03-11 00:00:00+00:00
[2026-03-11T15:13:13.555+0000] {processor.py:183} INFO - Processing /home/airflow/.local/lib/python3.8/site-packages/airflow/example_dags/example_task_group.py took 0.090 seconds
[2026-03-11T15:13:43.617+0000] {processor.py:161} INFO - Started process (PID=554) to work on /home/airflow/.local/lib/python3.8/site-packages/airflow/example_dags/example_task_group.py
[2026-03-11T15:13:43.618+0000] {processor.py:830} INFO - Processing file /home/airflow/.local/lib/python3.8/site-packages/airflow/example_dags/example_task_group.py for tasks to queue
[2026-03-11T15:13:43.620+0000] {logging_mixin.py:188} INFO - [2026-03-11T15:13:43.620+0000] {dagbag.py:538} INFO - Filling up the DagBag from /home/airflow/.local/lib/python3.8/site-packages/airflow/example_dags/example_task_group.py
[2026-03-11T15:13:43.628+0000] {processor.py:840} INFO - DAG(s) 'example_task_group' retrieved from /home/airflow/.local/lib/python3.8/site-packages/airflow/example_dags/example_task_group.py
[2026-03-11T15:13:43.652+0000] {logging_mixin.py:188} INFO - [2026-03-11T15:13:43.652+0000] {dag.py:3036} INFO - Sync 1 DAGs
[2026-03-11T15:13:43.674+0000] {logging_mixin.py:188} INFO - [2026-03-11T15:13:43.674+0000] {dag.py:3823} INFO - Setting next_dagrun for example_task_group to 2026-03-10 00:00:00+00:00, run_after=2026-03-11 00:00:00+00:00
[2026-03-11T15:13:43.693+0000] {processor.py:183} INFO - Processing /home/airflow/.local/lib/python3.8/site-packages/airflow/example_dags/example_task_group.py took 0.080 seconds
[2026-03-11T15:14:14.351+0000] {processor.py:161} INFO - Started process (PID=610) to work on /home/airflow/.local/lib/python3.8/site-packages/airflow/example_dags/example_task_group.py
[2026-03-11T15:14:14.354+0000] {processor.py:830} INFO - Processing file /home/airflow/.local/lib/python3.8/site-packages/airflow/example_dags/example_task_group.py for tasks to queue
[2026-03-11T15:14:14.358+0000] {logging_mixin.py:188} INFO - [2026-03-11T15:14:14.357+0000] {dagbag.py:538} INFO - Filling up the DagBag from /home/airflow/.local/lib/python3.8/site-packages/airflow/example_dags/example_task_group.py
[2026-03-11T15:14:14.370+0000] {processor.py:840} INFO - DAG(s) 'example_task_group' retrieved from /home/airflow/.local/lib/python3.8/site-packages/airflow/example_dags/example_task_group.py
[2026-03-11T15:14:14.403+0000] {logging_mixin.py:188} INFO - [2026-03-11T15:14:14.403+0000] {dag.py:3036} INFO - Sync 1 DAGs
[2026-03-11T15:14:14.434+0000] {logging_mixin.py:188} INFO - [2026-03-11T15:14:14.434+0000] {dag.py:3823} INFO - Setting next_dagrun for example_task_group to 2026-03-10 00:00:00+00:00, run_after=2026-03-11 00:00:00+00:00
[2026-03-11T15:14:14.459+0000] {processor.py:183} INFO - Processing /home/airflow/.local/lib/python3.8/site-packages/airflow/example_dags/example_task_group.py took 0.114 seconds
[2026-03-11T15:14:44.629+0000] {processor.py:161} INFO - Started process (PID=666) to work on /home/airflow/.local/lib/python3.8/site-packages/airflow/example_dags/example_task_group.py
[2026-03-11T15:14:44.630+0000] {processor.py:830} INFO - Processing file /home/airflow/.local/lib/python3.8/site-packages/airflow/example_dags/example_task_group.py for tasks to queue
[2026-03-11T15:14:44.633+0000] {logging_mixin.py:188} INFO - [2026-03-11T15:14:44.633+0000] {dagbag.py:538} INFO - Filling up the DagBag from /home/airflow/.local/lib/python3.8/site-packages/airflow/example_dags/example_task_group.py
[2026-03-11T15:14:44.646+0000] {processor.py:840} INFO - DAG(s) 'example_task_group' retrieved from /home/airflow/.local/lib/python3.8/site-packages/airflow/example_dags/example_task_group.py
[2026-03-11T15:14:44.678+0000] {logging_mixin.py:188} INFO - [2026-03-11T15:14:44.678+0000] {dag.py:3036} INFO - Sync 1 DAGs
[2026-03-11T15:14:44.717+0000] {logging_mixin.py:188} INFO - [2026-03-11T15:14:44.716+0000] {dag.py:3823} INFO - Setting next_dagrun for example_task_group to 2026-03-10 00:00:00+00:00, run_after=2026-03-11 00:00:00+00:00
[2026-03-11T15:14:44.753+0000] {processor.py:183} INFO - Processing /home/airflow/.local/lib/python3.8/site-packages/airflow/example_dags/example_task_group.py took 0.130 seconds
[2026-03-11T15:15:14.947+0000] {processor.py:161} INFO - Started process (PID=722) to work on /home/airflow/.local/lib/python3.8/site-packages/airflow/example_dags/example_task_group.py
[2026-03-11T15:15:14.948+0000] {processor.py:830} INFO - Processing file /home/airflow/.local/lib/python3.8/site-packages/airflow/example_dags/example_task_group.py for tasks to queue
[2026-03-11T15:15:14.952+0000] {logging_mixin.py:188} INFO - [2026-03-11T15:15:14.951+0000] {dagbag.py:538} INFO - Filling up the DagBag from /home/airflow/.local/lib/python3.8/site-packages/airflow/example_dags/example_task_group.py
[2026-03-11T15:15:14.973+0000] {processor.py:840} INFO - DAG(s) 'example_task_group' retrieved from /home/airflow/.local/lib/python3.8/site-packages/airflow/example_dags/example_task_group.py
[2026-03-11T15:15:15.006+0000] {logging_mixin.py:188} INFO - [2026-03-11T15:15:15.006+0000] {dag.py:3036} INFO - Sync 1 DAGs
[2026-03-11T15:15:15.041+0000] {logging_mixin.py:188} INFO - [2026-03-11T15:15:15.041+0000] {dag.py:3823} INFO - Setting next_dagrun for example_task_group to 2026-03-10 00:00:00+00:00, run_after=2026-03-11 00:00:00+00:00
[2026-03-11T15:15:15.071+0000] {processor.py:183} INFO - Processing /home/airflow/.local/lib/python3.8/site-packages/airflow/example_dags/example_task_group.py took 0.129 seconds
[2026-03-11T15:15:45.194+0000] {processor.py:161} INFO - Started process (PID=778) to work on /home/airflow/.local/lib/python3.8/site-packages/airflow/example_dags/example_task_group.py
[2026-03-11T15:15:45.195+0000] {processor.py:830} INFO - Processing file /home/airflow/.local/lib/python3.8/site-packages/airflow/example_dags/example_task_group.py for tasks to queue
[2026-03-11T15:15:45.198+0000] {logging_mixin.py:188} INFO - [2026-03-11T15:15:45.197+0000] {dagbag.py:538} INFO - Filling up the DagBag from /home/airflow/.local/lib/python3.8/site-packages/airflow/example_dags/example_task_group.py
[2026-03-11T15:15:45.208+0000] {processor.py:840} INFO - DAG(s) 'example_task_group' retrieved from /home/airflow/.local/lib/python3.8/site-packages/airflow/example_dags/example_task_group.py
[2026-03-11T15:15:45.243+0000] {logging_mixin.py:188} INFO - [2026-03-11T15:15:45.242+0000] {dag.py:3036} INFO - Sync 1 DAGs
[2026-03-11T15:15:45.272+0000] {logging_mixin.py:188} INFO - [2026-03-11T15:15:45.272+0000] {dag.py:3823} INFO - Setting next_dagrun for example_task_group to 2026-03-10 00:00:00+00:00, run_after=2026-03-11 00:00:00+00:00
[2026-03-11T15:15:45.301+0000] {processor.py:183} INFO - Processing /home/airflow/.local/lib/python3.8/site-packages/airflow/example_dags/example_task_group.py took 0.113 seconds
[2026-03-11T15:16:15.404+0000] {processor.py:161} INFO - Started process (PID=834) to work on /home/airflow/.local/lib/python3.8/site-packages/airflow/example_dags/example_task_group.py
[2026-03-11T15:16:15.405+0000] {processor.py:830} INFO - Processing file /home/airflow/.local/lib/python3.8/site-packages/airflow/example_dags/example_task_group.py for tasks to queue
[2026-03-11T15:16:15.407+0000] {logging_mixin.py:188} INFO - [2026-03-11T15:16:15.407+0000] {dagbag.py:538} INFO - Filling up the DagBag from /home/airflow/.local/lib/python3.8/site-packages/airflow/example_dags/example_task_group.py
[2026-03-11T15:16:15.421+0000] {processor.py:840} INFO - DAG(s) 'example_task_group' retrieved from /home/airflow/.local/lib/python3.8/site-packages/airflow/example_dags/example_task_group.py
[2026-03-11T15:16:15.460+0000] {logging_mixin.py:188} INFO - [2026-03-11T15:16:15.460+0000] {dag.py:3036} INFO - Sync 1 DAGs
[2026-03-11T15:16:15.490+0000] {logging_mixin.py:188} INFO - [2026-03-11T15:16:15.490+0000] {dag.py:3823} INFO - Setting next_dagrun for example_task_group to 2026-03-10 00:00:00+00:00, run_after=2026-03-11 00:00:00+00:00
[2026-03-11T15:16:15.518+0000] {processor.py:183} INFO - Processing /home/airflow/.local/lib/python3.8/site-packages/airflow/example_dags/example_task_group.py took 0.118 seconds
[2026-03-11T15:16:45.828+0000] {processor.py:161} INFO - Started process (PID=890) to work on /home/airflow/.local/lib/python3.8/site-packages/airflow/example_dags/example_task_group.py
[2026-03-11T15:16:45.830+0000] {processor.py:830} INFO - Processing file /home/airflow/.local/lib/python3.8/site-packages/airflow/example_dags/example_task_group.py for tasks to queue
[2026-03-11T15:16:45.832+0000] {logging_mixin.py:188} INFO - [2026-03-11T15:16:45.832+0000] {dagbag.py:538} INFO - Filling up the DagBag from /home/airflow/.local/lib/python3.8/site-packages/airflow/example_dags/example_task_group.py
[2026-03-11T15:16:45.843+0000] {processor.py:840} INFO - DAG(s) 'example_task_group' retrieved from /home/airflow/.local/lib/python3.8/site-packages/airflow/example_dags/example_task_group.py
[2026-03-11T15:16:45.873+0000] {logging_mixin.py:188} INFO - [2026-03-11T15:16:45.873+0000] {dag.py:3036} INFO - Sync 1 DAGs
[2026-03-11T15:16:45.900+0000] {logging_mixin.py:188} INFO - [2026-03-11T15:16:45.900+0000] {dag.py:3823} INFO - Setting next_dagrun for example_task_group to 2026-03-10 00:00:00+00:00, run_after=2026-03-11 00:00:00+00:00
[2026-03-11T15:16:45.921+0000] {processor.py:183} INFO - Processing /home/airflow/.local/lib/python3.8/site-packages/airflow/example_dags/example_task_group.py took 0.098 seconds
[2026-03-11T15:17:17.116+0000] {processor.py:161} INFO - Started process (PID=946) to work on /home/airflow/.local/lib/python3.8/site-packages/airflow/example_dags/example_task_group.py
[2026-03-11T15:17:17.118+0000] {processor.py:830} INFO - Processing file /home/airflow/.local/lib/python3.8/site-packages/airflow/example_dags/example_task_group.py for tasks to queue
[2026-03-11T15:17:17.121+0000] {logging_mixin.py:188} INFO - [2026-03-11T15:17:17.121+0000] {dagbag.py:538} INFO - Filling up the DagBag from /home/airflow/.local/lib/python3.8/site-packages/airflow/example_dags/example_task_group.py
[2026-03-11T15:17:17.135+0000] {processor.py:840} INFO - DAG(s) 'example_task_group' retrieved from /home/airflow/.local/lib/python3.8/site-packages/airflow/example_dags/example_task_group.py
[2026-03-11T15:17:17.190+0000] {logging_mixin.py:188} INFO - [2026-03-11T15:17:17.189+0000] {dag.py:3036} INFO - Sync 1 DAGs
[2026-03-11T15:17:17.235+0000] {logging_mixin.py:188} INFO - [2026-03-11T15:17:17.234+0000] {dag.py:3823} INFO - Setting next_dagrun for example_task_group to 2026-03-10 00:00:00+00:00, run_after=2026-03-11 00:00:00+00:00
[2026-03-11T15:17:17.282+0000] {processor.py:183} INFO - Processing /home/airflow/.local/lib/python3.8/site-packages/airflow/example_dags/example_task_group.py took 0.179 seconds
[2026-03-11T15:17:47.330+0000] {processor.py:161} INFO - Started process (PID=1002) to work on /home/airflow/.local/lib/python3.8/site-packages/airflow/example_dags/example_task_group.py
[2026-03-11T15:17:47.332+0000] {processor.py:830} INFO - Processing file /home/airflow/.local/lib/python3.8/site-packages/airflow/example_dags/example_task_group.py for tasks to queue
[2026-03-11T15:17:47.335+0000] {logging_mixin.py:188} INFO - [2026-03-11T15:17:47.335+0000] {dagbag.py:538} INFO - Filling up the DagBag from /home/airflow/.local/lib/python3.8/site-packages/airflow/example_dags/example_task_group.py
[2026-03-11T15:17:47.348+0000] {processor.py:840} INFO - DAG(s) 'example_task_group' retrieved from /home/airflow/.local/lib/python3.8/site-packages/airflow/example_dags/example_task_group.py
[2026-03-11T15:17:47.384+0000] {logging_mixin.py:188} INFO - [2026-03-11T15:17:47.383+0000] {dag.py:3036} INFO - Sync 1 DAGs
[2026-03-11T15:17:47.422+0000] {logging_mixin.py:188} INFO - [2026-03-11T15:17:47.422+0000] {dag.py:3823} INFO - Setting next_dagrun for example_task_group to 2026-03-10 00:00:00+00:00, run_after=2026-03-11 00:00:00+00:00
[2026-03-11T15:17:47.458+0000] {processor.py:183} INFO - Processing /home/airflow/.local/lib/python3.8/site-packages/airflow/example_dags/example_task_group.py took 0.133 seconds
[2026-03-11T15:18:18.204+0000] {processor.py:161} INFO - Started process (PID=1058) to work on /home/airflow/.local/lib/python3.8/site-packages/airflow/example_dags/example_task_group.py
[2026-03-11T15:18:18.205+0000] {processor.py:830} INFO - Processing file /home/airflow/.local/lib/python3.8/site-packages/airflow/example_dags/example_task_group.py for tasks to queue
[2026-03-11T15:18:18.208+0000] {logging_mixin.py:188} INFO - [2026-03-11T15:18:18.207+0000] {dagbag.py:538} INFO - Filling up the DagBag from /home/airflow/.local/lib/python3.8/site-packages/airflow/example_dags/example_task_group.py
[2026-03-11T15:18:18.217+0000] {processor.py:840} INFO - DAG(s) 'example_task_group' retrieved from /home/airflow/.local/lib/python3.8/site-packages/airflow/example_dags/example_task_group.py
[2026-03-11T15:18:18.256+0000] {logging_mixin.py:188} INFO - [2026-03-11T15:18:18.256+0000] {dag.py:3036} INFO - Sync 1 DAGs
[2026-03-11T15:18:18.295+0000] {logging_mixin.py:188} INFO - [2026-03-11T15:18:18.295+0000] {dag.py:3823} INFO - Setting next_dagrun for example_task_group to 2026-03-10 00:00:00+00:00, run_after=2026-03-11 00:00:00+00:00
[2026-03-11T15:18:18.332+0000] {processor.py:183} INFO - Processing /home/airflow/.local/lib/python3.8/site-packages/airflow/example_dags/example_task_group.py took 0.133 seconds
