[2026-03-11T15:09:35.902+0000] {processor.py:161} INFO - Started process (PID=94) to work on /home/airflow/.local/lib/python3.8/site-packages/airflow/example_dags/example_latest_only_with_trigger.py
[2026-03-11T15:09:35.906+0000] {processor.py:830} INFO - Processing file /home/airflow/.local/lib/python3.8/site-packages/airflow/example_dags/example_latest_only_with_trigger.py for tasks to queue
[2026-03-11T15:09:35.910+0000] {logging_mixin.py:188} INFO - [2026-03-11T15:09:35.909+0000] {dagbag.py:538} INFO - Filling up the DagBag from /home/airflow/.local/lib/python3.8/site-packages/airflow/example_dags/example_latest_only_with_trigger.py
[2026-03-11T15:09:35.925+0000] {processor.py:840} INFO - DAG(s) 'latest_only_with_trigger' retrieved from /home/airflow/.local/lib/python3.8/site-packages/airflow/example_dags/example_latest_only_with_trigger.py
[2026-03-11T15:09:36.147+0000] {logging_mixin.py:188} INFO - [2026-03-11T15:09:36.146+0000] {dag.py:3036} INFO - Sync 1 DAGs
[2026-03-11T15:09:36.185+0000] {logging_mixin.py:188} INFO - [2026-03-11T15:09:36.185+0000] {dag.py:3823} INFO - Setting next_dagrun for latest_only_with_trigger to 2026-03-11 08:00:00+00:00, run_after=2026-03-11 12:00:00+00:00
[2026-03-11T15:09:36.226+0000] {processor.py:183} INFO - Processing /home/airflow/.local/lib/python3.8/site-packages/airflow/example_dags/example_latest_only_with_trigger.py took 0.330 seconds
[2026-03-11T15:10:06.818+0000] {processor.py:161} INFO - Started process (PID=150) to work on /home/airflow/.local/lib/python3.8/site-packages/airflow/example_dags/example_latest_only_with_trigger.py
[2026-03-11T15:10:06.819+0000] {processor.py:830} INFO - Processing file /home/airflow/.local/lib/python3.8/site-packages/airflow/example_dags/example_latest_only_with_trigger.py for tasks to queue
[2026-03-11T15:10:06.821+0000] {logging_mixin.py:188} INFO - [2026-03-11T15:10:06.821+0000] {dagbag.py:538} INFO - Filling up the DagBag from /home/airflow/.local/lib/python3.8/site-packages/airflow/example_dags/example_latest_only_with_trigger.py
[2026-03-11T15:10:06.828+0000] {processor.py:840} INFO - DAG(s) 'latest_only_with_trigger' retrieved from /home/airflow/.local/lib/python3.8/site-packages/airflow/example_dags/example_latest_only_with_trigger.py
[2026-03-11T15:10:06.852+0000] {logging_mixin.py:188} INFO - [2026-03-11T15:10:06.851+0000] {dag.py:3036} INFO - Sync 1 DAGs
[2026-03-11T15:10:06.876+0000] {logging_mixin.py:188} INFO - [2026-03-11T15:10:06.876+0000] {dag.py:3823} INFO - Setting next_dagrun for latest_only_with_trigger to 2026-03-11 08:00:00+00:00, run_after=2026-03-11 12:00:00+00:00
[2026-03-11T15:10:06.896+0000] {processor.py:183} INFO - Processing /home/airflow/.local/lib/python3.8/site-packages/airflow/example_dags/example_latest_only_with_trigger.py took 0.082 seconds
[2026-03-11T15:10:37.826+0000] {processor.py:161} INFO - Started process (PID=206) to work on /home/airflow/.local/lib/python3.8/site-packages/airflow/example_dags/example_latest_only_with_trigger.py
[2026-03-11T15:10:37.827+0000] {processor.py:830} INFO - Processing file /home/airflow/.local/lib/python3.8/site-packages/airflow/example_dags/example_latest_only_with_trigger.py for tasks to queue
[2026-03-11T15:10:37.831+0000] {logging_mixin.py:188} INFO - [2026-03-11T15:10:37.830+0000] {dagbag.py:538} INFO - Filling up the DagBag from /home/airflow/.local/lib/python3.8/site-packages/airflow/example_dags/example_latest_only_with_trigger.py
[2026-03-11T15:10:37.839+0000] {processor.py:840} INFO - DAG(s) 'latest_only_with_trigger' retrieved from /home/airflow/.local/lib/python3.8/site-packages/airflow/example_dags/example_latest_only_with_trigger.py
[2026-03-11T15:10:37.870+0000] {logging_mixin.py:188} INFO - [2026-03-11T15:10:37.869+0000] {dag.py:3036} INFO - Sync 1 DAGs
[2026-03-11T15:10:37.904+0000] {logging_mixin.py:188} INFO - [2026-03-11T15:10:37.904+0000] {dag.py:3823} INFO - Setting next_dagrun for latest_only_with_trigger to 2026-03-11 08:00:00+00:00, run_after=2026-03-11 12:00:00+00:00
[2026-03-11T15:10:37.936+0000] {processor.py:183} INFO - Processing /home/airflow/.local/lib/python3.8/site-packages/airflow/example_dags/example_latest_only_with_trigger.py took 0.114 seconds
[2026-03-11T15:11:08.539+0000] {processor.py:161} INFO - Started process (PID=262) to work on /home/airflow/.local/lib/python3.8/site-packages/airflow/example_dags/example_latest_only_with_trigger.py
[2026-03-11T15:11:08.541+0000] {processor.py:830} INFO - Processing file /home/airflow/.local/lib/python3.8/site-packages/airflow/example_dags/example_latest_only_with_trigger.py for tasks to queue
[2026-03-11T15:11:08.544+0000] {logging_mixin.py:188} INFO - [2026-03-11T15:11:08.544+0000] {dagbag.py:538} INFO - Filling up the DagBag from /home/airflow/.local/lib/python3.8/site-packages/airflow/example_dags/example_latest_only_with_trigger.py
[2026-03-11T15:11:08.554+0000] {processor.py:840} INFO - DAG(s) 'latest_only_with_trigger' retrieved from /home/airflow/.local/lib/python3.8/site-packages/airflow/example_dags/example_latest_only_with_trigger.py
[2026-03-11T15:11:08.589+0000] {logging_mixin.py:188} INFO - [2026-03-11T15:11:08.589+0000] {dag.py:3036} INFO - Sync 1 DAGs
[2026-03-11T15:11:08.625+0000] {logging_mixin.py:188} INFO - [2026-03-11T15:11:08.625+0000] {dag.py:3823} INFO - Setting next_dagrun for latest_only_with_trigger to 2026-03-11 08:00:00+00:00, run_after=2026-03-11 12:00:00+00:00
[2026-03-11T15:11:08.657+0000] {processor.py:183} INFO - Processing /home/airflow/.local/lib/python3.8/site-packages/airflow/example_dags/example_latest_only_with_trigger.py took 0.122 seconds
[2026-03-11T15:11:38.764+0000] {processor.py:161} INFO - Started process (PID=318) to work on /home/airflow/.local/lib/python3.8/site-packages/airflow/example_dags/example_latest_only_with_trigger.py
[2026-03-11T15:11:38.765+0000] {processor.py:830} INFO - Processing file /home/airflow/.local/lib/python3.8/site-packages/airflow/example_dags/example_latest_only_with_trigger.py for tasks to queue
[2026-03-11T15:11:38.768+0000] {logging_mixin.py:188} INFO - [2026-03-11T15:11:38.767+0000] {dagbag.py:538} INFO - Filling up the DagBag from /home/airflow/.local/lib/python3.8/site-packages/airflow/example_dags/example_latest_only_with_trigger.py
[2026-03-11T15:11:38.777+0000] {processor.py:840} INFO - DAG(s) 'latest_only_with_trigger' retrieved from /home/airflow/.local/lib/python3.8/site-packages/airflow/example_dags/example_latest_only_with_trigger.py
[2026-03-11T15:11:38.807+0000] {logging_mixin.py:188} INFO - [2026-03-11T15:11:38.807+0000] {dag.py:3036} INFO - Sync 1 DAGs
[2026-03-11T15:11:38.836+0000] {logging_mixin.py:188} INFO - [2026-03-11T15:11:38.836+0000] {dag.py:3823} INFO - Setting next_dagrun for latest_only_with_trigger to 2026-03-11 08:00:00+00:00, run_after=2026-03-11 12:00:00+00:00
[2026-03-11T15:11:38.859+0000] {processor.py:183} INFO - Processing /home/airflow/.local/lib/python3.8/site-packages/airflow/example_dags/example_latest_only_with_trigger.py took 0.100 seconds
[2026-03-11T15:12:09.982+0000] {processor.py:161} INFO - Started process (PID=374) to work on /home/airflow/.local/lib/python3.8/site-packages/airflow/example_dags/example_latest_only_with_trigger.py
[2026-03-11T15:12:09.984+0000] {processor.py:830} INFO - Processing file /home/airflow/.local/lib/python3.8/site-packages/airflow/example_dags/example_latest_only_with_trigger.py for tasks to queue
[2026-03-11T15:12:09.989+0000] {logging_mixin.py:188} INFO - [2026-03-11T15:12:09.988+0000] {dagbag.py:538} INFO - Filling up the DagBag from /home/airflow/.local/lib/python3.8/site-packages/airflow/example_dags/example_latest_only_with_trigger.py
[2026-03-11T15:12:10.007+0000] {processor.py:840} INFO - DAG(s) 'latest_only_with_trigger' retrieved from /home/airflow/.local/lib/python3.8/site-packages/airflow/example_dags/example_latest_only_with_trigger.py
[2026-03-11T15:12:10.094+0000] {logging_mixin.py:188} INFO - [2026-03-11T15:12:10.094+0000] {dag.py:3036} INFO - Sync 1 DAGs
[2026-03-11T15:12:10.163+0000] {logging_mixin.py:188} INFO - [2026-03-11T15:12:10.163+0000] {dag.py:3823} INFO - Setting next_dagrun for latest_only_with_trigger to 2026-03-11 08:00:00+00:00, run_after=2026-03-11 12:00:00+00:00
[2026-03-11T15:12:10.245+0000] {processor.py:183} INFO - Processing /home/airflow/.local/lib/python3.8/site-packages/airflow/example_dags/example_latest_only_with_trigger.py took 0.270 seconds
[2026-03-11T15:12:40.327+0000] {processor.py:161} INFO - Started process (PID=430) to work on /home/airflow/.local/lib/python3.8/site-packages/airflow/example_dags/example_latest_only_with_trigger.py
[2026-03-11T15:12:40.329+0000] {processor.py:830} INFO - Processing file /home/airflow/.local/lib/python3.8/site-packages/airflow/example_dags/example_latest_only_with_trigger.py for tasks to queue
[2026-03-11T15:12:40.331+0000] {logging_mixin.py:188} INFO - [2026-03-11T15:12:40.331+0000] {dagbag.py:538} INFO - Filling up the DagBag from /home/airflow/.local/lib/python3.8/site-packages/airflow/example_dags/example_latest_only_with_trigger.py
[2026-03-11T15:12:40.339+0000] {processor.py:840} INFO - DAG(s) 'latest_only_with_trigger' retrieved from /home/airflow/.local/lib/python3.8/site-packages/airflow/example_dags/example_latest_only_with_trigger.py
[2026-03-11T15:12:40.368+0000] {logging_mixin.py:188} INFO - [2026-03-11T15:12:40.367+0000] {dag.py:3036} INFO - Sync 1 DAGs
[2026-03-11T15:12:40.396+0000] {logging_mixin.py:188} INFO - [2026-03-11T15:12:40.396+0000] {dag.py:3823} INFO - Setting next_dagrun for latest_only_with_trigger to 2026-03-11 08:00:00+00:00, run_after=2026-03-11 12:00:00+00:00
[2026-03-11T15:12:40.419+0000] {processor.py:183} INFO - Processing /home/airflow/.local/lib/python3.8/site-packages/airflow/example_dags/example_latest_only_with_trigger.py took 0.097 seconds
[2026-03-11T15:13:10.524+0000] {processor.py:161} INFO - Started process (PID=486) to work on /home/airflow/.local/lib/python3.8/site-packages/airflow/example_dags/example_latest_only_with_trigger.py
[2026-03-11T15:13:10.525+0000] {processor.py:830} INFO - Processing file /home/airflow/.local/lib/python3.8/site-packages/airflow/example_dags/example_latest_only_with_trigger.py for tasks to queue
[2026-03-11T15:13:10.528+0000] {logging_mixin.py:188} INFO - [2026-03-11T15:13:10.527+0000] {dagbag.py:538} INFO - Filling up the DagBag from /home/airflow/.local/lib/python3.8/site-packages/airflow/example_dags/example_latest_only_with_trigger.py
[2026-03-11T15:13:10.536+0000] {processor.py:840} INFO - DAG(s) 'latest_only_with_trigger' retrieved from /home/airflow/.local/lib/python3.8/site-packages/airflow/example_dags/example_latest_only_with_trigger.py
[2026-03-11T15:13:10.562+0000] {logging_mixin.py:188} INFO - [2026-03-11T15:13:10.562+0000] {dag.py:3036} INFO - Sync 1 DAGs
[2026-03-11T15:13:10.586+0000] {logging_mixin.py:188} INFO - [2026-03-11T15:13:10.586+0000] {dag.py:3823} INFO - Setting next_dagrun for latest_only_with_trigger to 2026-03-11 08:00:00+00:00, run_after=2026-03-11 12:00:00+00:00
[2026-03-11T15:13:10.608+0000] {processor.py:183} INFO - Processing /home/airflow/.local/lib/python3.8/site-packages/airflow/example_dags/example_latest_only_with_trigger.py took 0.088 seconds
[2026-03-11T15:13:40.654+0000] {processor.py:161} INFO - Started process (PID=542) to work on /home/airflow/.local/lib/python3.8/site-packages/airflow/example_dags/example_latest_only_with_trigger.py
[2026-03-11T15:13:40.655+0000] {processor.py:830} INFO - Processing file /home/airflow/.local/lib/python3.8/site-packages/airflow/example_dags/example_latest_only_with_trigger.py for tasks to queue
[2026-03-11T15:13:40.657+0000] {logging_mixin.py:188} INFO - [2026-03-11T15:13:40.657+0000] {dagbag.py:538} INFO - Filling up the DagBag from /home/airflow/.local/lib/python3.8/site-packages/airflow/example_dags/example_latest_only_with_trigger.py
[2026-03-11T15:13:40.664+0000] {processor.py:840} INFO - DAG(s) 'latest_only_with_trigger' retrieved from /home/airflow/.local/lib/python3.8/site-packages/airflow/example_dags/example_latest_only_with_trigger.py
[2026-03-11T15:13:40.686+0000] {logging_mixin.py:188} INFO - [2026-03-11T15:13:40.686+0000] {dag.py:3036} INFO - Sync 1 DAGs
[2026-03-11T15:13:40.711+0000] {logging_mixin.py:188} INFO - [2026-03-11T15:13:40.711+0000] {dag.py:3823} INFO - Setting next_dagrun for latest_only_with_trigger to 2026-03-11 08:00:00+00:00, run_after=2026-03-11 12:00:00+00:00
[2026-03-11T15:13:40.730+0000] {processor.py:183} INFO - Processing /home/airflow/.local/lib/python3.8/site-packages/airflow/example_dags/example_latest_only_with_trigger.py took 0.080 seconds
[2026-03-11T15:14:11.599+0000] {processor.py:161} INFO - Started process (PID=598) to work on /home/airflow/.local/lib/python3.8/site-packages/airflow/example_dags/example_latest_only_with_trigger.py
[2026-03-11T15:14:11.605+0000] {processor.py:830} INFO - Processing file /home/airflow/.local/lib/python3.8/site-packages/airflow/example_dags/example_latest_only_with_trigger.py for tasks to queue
[2026-03-11T15:14:11.616+0000] {logging_mixin.py:188} INFO - [2026-03-11T15:14:11.614+0000] {dagbag.py:538} INFO - Filling up the DagBag from /home/airflow/.local/lib/python3.8/site-packages/airflow/example_dags/example_latest_only_with_trigger.py
[2026-03-11T15:14:11.634+0000] {processor.py:840} INFO - DAG(s) 'latest_only_with_trigger' retrieved from /home/airflow/.local/lib/python3.8/site-packages/airflow/example_dags/example_latest_only_with_trigger.py
[2026-03-11T15:14:11.752+0000] {logging_mixin.py:188} INFO - [2026-03-11T15:14:11.751+0000] {dag.py:3036} INFO - Sync 1 DAGs
[2026-03-11T15:14:11.851+0000] {logging_mixin.py:188} INFO - [2026-03-11T15:14:11.848+0000] {dag.py:3823} INFO - Setting next_dagrun for latest_only_with_trigger to 2026-03-11 08:00:00+00:00, run_after=2026-03-11 12:00:00+00:00
[2026-03-11T15:14:11.946+0000] {processor.py:183} INFO - Processing /home/airflow/.local/lib/python3.8/site-packages/airflow/example_dags/example_latest_only_with_trigger.py took 0.510 seconds
[2026-03-11T15:14:42.531+0000] {processor.py:161} INFO - Started process (PID=654) to work on /home/airflow/.local/lib/python3.8/site-packages/airflow/example_dags/example_latest_only_with_trigger.py
[2026-03-11T15:14:42.532+0000] {processor.py:830} INFO - Processing file /home/airflow/.local/lib/python3.8/site-packages/airflow/example_dags/example_latest_only_with_trigger.py for tasks to queue
[2026-03-11T15:14:42.534+0000] {logging_mixin.py:188} INFO - [2026-03-11T15:14:42.534+0000] {dagbag.py:538} INFO - Filling up the DagBag from /home/airflow/.local/lib/python3.8/site-packages/airflow/example_dags/example_latest_only_with_trigger.py
[2026-03-11T15:14:42.545+0000] {processor.py:840} INFO - DAG(s) 'latest_only_with_trigger' retrieved from /home/airflow/.local/lib/python3.8/site-packages/airflow/example_dags/example_latest_only_with_trigger.py
[2026-03-11T15:14:42.592+0000] {logging_mixin.py:188} INFO - [2026-03-11T15:14:42.591+0000] {dag.py:3036} INFO - Sync 1 DAGs
[2026-03-11T15:14:42.645+0000] {logging_mixin.py:188} INFO - [2026-03-11T15:14:42.645+0000] {dag.py:3823} INFO - Setting next_dagrun for latest_only_with_trigger to 2026-03-11 08:00:00+00:00, run_after=2026-03-11 12:00:00+00:00
[2026-03-11T15:14:42.687+0000] {processor.py:183} INFO - Processing /home/airflow/.local/lib/python3.8/site-packages/airflow/example_dags/example_latest_only_with_trigger.py took 0.161 seconds
[2026-03-11T15:15:12.927+0000] {processor.py:161} INFO - Started process (PID=710) to work on /home/airflow/.local/lib/python3.8/site-packages/airflow/example_dags/example_latest_only_with_trigger.py
[2026-03-11T15:15:12.929+0000] {processor.py:830} INFO - Processing file /home/airflow/.local/lib/python3.8/site-packages/airflow/example_dags/example_latest_only_with_trigger.py for tasks to queue
[2026-03-11T15:15:12.933+0000] {logging_mixin.py:188} INFO - [2026-03-11T15:15:12.933+0000] {dagbag.py:538} INFO - Filling up the DagBag from /home/airflow/.local/lib/python3.8/site-packages/airflow/example_dags/example_latest_only_with_trigger.py
[2026-03-11T15:15:12.946+0000] {processor.py:840} INFO - DAG(s) 'latest_only_with_trigger' retrieved from /home/airflow/.local/lib/python3.8/site-packages/airflow/example_dags/example_latest_only_with_trigger.py
[2026-03-11T15:15:12.986+0000] {logging_mixin.py:188} INFO - [2026-03-11T15:15:12.986+0000] {dag.py:3036} INFO - Sync 1 DAGs
[2026-03-11T15:15:13.033+0000] {logging_mixin.py:188} INFO - [2026-03-11T15:15:13.033+0000] {dag.py:3823} INFO - Setting next_dagrun for latest_only_with_trigger to 2026-03-11 08:00:00+00:00, run_after=2026-03-11 12:00:00+00:00
[2026-03-11T15:15:13.064+0000] {processor.py:183} INFO - Processing /home/airflow/.local/lib/python3.8/site-packages/airflow/example_dags/example_latest_only_with_trigger.py took 0.143 seconds
[2026-03-11T15:15:43.172+0000] {processor.py:161} INFO - Started process (PID=766) to work on /home/airflow/.local/lib/python3.8/site-packages/airflow/example_dags/example_latest_only_with_trigger.py
[2026-03-11T15:15:43.173+0000] {processor.py:830} INFO - Processing file /home/airflow/.local/lib/python3.8/site-packages/airflow/example_dags/example_latest_only_with_trigger.py for tasks to queue
[2026-03-11T15:15:43.179+0000] {logging_mixin.py:188} INFO - [2026-03-11T15:15:43.179+0000] {dagbag.py:538} INFO - Filling up the DagBag from /home/airflow/.local/lib/python3.8/site-packages/airflow/example_dags/example_latest_only_with_trigger.py
[2026-03-11T15:15:43.191+0000] {processor.py:840} INFO - DAG(s) 'latest_only_with_trigger' retrieved from /home/airflow/.local/lib/python3.8/site-packages/airflow/example_dags/example_latest_only_with_trigger.py
[2026-03-11T15:15:43.234+0000] {logging_mixin.py:188} INFO - [2026-03-11T15:15:43.234+0000] {dag.py:3036} INFO - Sync 1 DAGs
[2026-03-11T15:15:43.271+0000] {logging_mixin.py:188} INFO - [2026-03-11T15:15:43.270+0000] {dag.py:3823} INFO - Setting next_dagrun for latest_only_with_trigger to 2026-03-11 08:00:00+00:00, run_after=2026-03-11 12:00:00+00:00
[2026-03-11T15:15:43.308+0000] {processor.py:183} INFO - Processing /home/airflow/.local/lib/python3.8/site-packages/airflow/example_dags/example_latest_only_with_trigger.py took 0.141 seconds
[2026-03-11T15:16:13.536+0000] {processor.py:161} INFO - Started process (PID=822) to work on /home/airflow/.local/lib/python3.8/site-packages/airflow/example_dags/example_latest_only_with_trigger.py
[2026-03-11T15:16:13.538+0000] {processor.py:830} INFO - Processing file /home/airflow/.local/lib/python3.8/site-packages/airflow/example_dags/example_latest_only_with_trigger.py for tasks to queue
[2026-03-11T15:16:13.541+0000] {logging_mixin.py:188} INFO - [2026-03-11T15:16:13.540+0000] {dagbag.py:538} INFO - Filling up the DagBag from /home/airflow/.local/lib/python3.8/site-packages/airflow/example_dags/example_latest_only_with_trigger.py
[2026-03-11T15:16:13.550+0000] {processor.py:840} INFO - DAG(s) 'latest_only_with_trigger' retrieved from /home/airflow/.local/lib/python3.8/site-packages/airflow/example_dags/example_latest_only_with_trigger.py
[2026-03-11T15:16:13.581+0000] {logging_mixin.py:188} INFO - [2026-03-11T15:16:13.580+0000] {dag.py:3036} INFO - Sync 1 DAGs
[2026-03-11T15:16:13.614+0000] {logging_mixin.py:188} INFO - [2026-03-11T15:16:13.614+0000] {dag.py:3823} INFO - Setting next_dagrun for latest_only_with_trigger to 2026-03-11 08:00:00+00:00, run_after=2026-03-11 12:00:00+00:00
[2026-03-11T15:16:13.642+0000] {processor.py:183} INFO - Processing /home/airflow/.local/lib/python3.8/site-packages/airflow/example_dags/example_latest_only_with_trigger.py took 0.112 seconds
[2026-03-11T15:16:43.715+0000] {processor.py:161} INFO - Started process (PID=878) to work on /home/airflow/.local/lib/python3.8/site-packages/airflow/example_dags/example_latest_only_with_trigger.py
[2026-03-11T15:16:43.718+0000] {processor.py:830} INFO - Processing file /home/airflow/.local/lib/python3.8/site-packages/airflow/example_dags/example_latest_only_with_trigger.py for tasks to queue
[2026-03-11T15:16:43.722+0000] {logging_mixin.py:188} INFO - [2026-03-11T15:16:43.721+0000] {dagbag.py:538} INFO - Filling up the DagBag from /home/airflow/.local/lib/python3.8/site-packages/airflow/example_dags/example_latest_only_with_trigger.py
[2026-03-11T15:16:43.732+0000] {processor.py:840} INFO - DAG(s) 'latest_only_with_trigger' retrieved from /home/airflow/.local/lib/python3.8/site-packages/airflow/example_dags/example_latest_only_with_trigger.py
[2026-03-11T15:16:43.770+0000] {logging_mixin.py:188} INFO - [2026-03-11T15:16:43.769+0000] {dag.py:3036} INFO - Sync 1 DAGs
[2026-03-11T15:16:43.802+0000] {logging_mixin.py:188} INFO - [2026-03-11T15:16:43.802+0000] {dag.py:3823} INFO - Setting next_dagrun for latest_only_with_trigger to 2026-03-11 08:00:00+00:00, run_after=2026-03-11 12:00:00+00:00
[2026-03-11T15:16:43.871+0000] {processor.py:183} INFO - Processing /home/airflow/.local/lib/python3.8/site-packages/airflow/example_dags/example_latest_only_with_trigger.py took 0.164 seconds
[2026-03-11T15:17:14.037+0000] {processor.py:161} INFO - Started process (PID=934) to work on /home/airflow/.local/lib/python3.8/site-packages/airflow/example_dags/example_latest_only_with_trigger.py
[2026-03-11T15:17:14.038+0000] {processor.py:830} INFO - Processing file /home/airflow/.local/lib/python3.8/site-packages/airflow/example_dags/example_latest_only_with_trigger.py for tasks to queue
[2026-03-11T15:17:14.041+0000] {logging_mixin.py:188} INFO - [2026-03-11T15:17:14.040+0000] {dagbag.py:538} INFO - Filling up the DagBag from /home/airflow/.local/lib/python3.8/site-packages/airflow/example_dags/example_latest_only_with_trigger.py
[2026-03-11T15:17:14.049+0000] {processor.py:840} INFO - DAG(s) 'latest_only_with_trigger' retrieved from /home/airflow/.local/lib/python3.8/site-packages/airflow/example_dags/example_latest_only_with_trigger.py
[2026-03-11T15:17:14.081+0000] {logging_mixin.py:188} INFO - [2026-03-11T15:17:14.081+0000] {dag.py:3036} INFO - Sync 1 DAGs
[2026-03-11T15:17:14.116+0000] {logging_mixin.py:188} INFO - [2026-03-11T15:17:14.116+0000] {dag.py:3823} INFO - Setting next_dagrun for latest_only_with_trigger to 2026-03-11 08:00:00+00:00, run_after=2026-03-11 12:00:00+00:00
[2026-03-11T15:17:14.144+0000] {processor.py:183} INFO - Processing /home/airflow/.local/lib/python3.8/site-packages/airflow/example_dags/example_latest_only_with_trigger.py took 0.113 seconds
[2026-03-11T15:17:44.190+0000] {processor.py:161} INFO - Started process (PID=990) to work on /home/airflow/.local/lib/python3.8/site-packages/airflow/example_dags/example_latest_only_with_trigger.py
[2026-03-11T15:17:44.192+0000] {processor.py:830} INFO - Processing file /home/airflow/.local/lib/python3.8/site-packages/airflow/example_dags/example_latest_only_with_trigger.py for tasks to queue
[2026-03-11T15:17:44.195+0000] {logging_mixin.py:188} INFO - [2026-03-11T15:17:44.194+0000] {dagbag.py:538} INFO - Filling up the DagBag from /home/airflow/.local/lib/python3.8/site-packages/airflow/example_dags/example_latest_only_with_trigger.py
[2026-03-11T15:17:44.205+0000] {processor.py:840} INFO - DAG(s) 'latest_only_with_trigger' retrieved from /home/airflow/.local/lib/python3.8/site-packages/airflow/example_dags/example_latest_only_with_trigger.py
[2026-03-11T15:17:44.250+0000] {logging_mixin.py:188} INFO - [2026-03-11T15:17:44.250+0000] {dag.py:3036} INFO - Sync 1 DAGs
[2026-03-11T15:17:44.288+0000] {logging_mixin.py:188} INFO - [2026-03-11T15:17:44.287+0000] {dag.py:3823} INFO - Setting next_dagrun for latest_only_with_trigger to 2026-03-11 08:00:00+00:00, run_after=2026-03-11 12:00:00+00:00
[2026-03-11T15:17:44.323+0000] {processor.py:183} INFO - Processing /home/airflow/.local/lib/python3.8/site-packages/airflow/example_dags/example_latest_only_with_trigger.py took 0.138 seconds
[2026-03-11T15:18:14.428+0000] {processor.py:161} INFO - Started process (PID=1046) to work on /home/airflow/.local/lib/python3.8/site-packages/airflow/example_dags/example_latest_only_with_trigger.py
[2026-03-11T15:18:14.429+0000] {processor.py:830} INFO - Processing file /home/airflow/.local/lib/python3.8/site-packages/airflow/example_dags/example_latest_only_with_trigger.py for tasks to queue
[2026-03-11T15:18:14.432+0000] {logging_mixin.py:188} INFO - [2026-03-11T15:18:14.431+0000] {dagbag.py:538} INFO - Filling up the DagBag from /home/airflow/.local/lib/python3.8/site-packages/airflow/example_dags/example_latest_only_with_trigger.py
[2026-03-11T15:18:14.440+0000] {processor.py:840} INFO - DAG(s) 'latest_only_with_trigger' retrieved from /home/airflow/.local/lib/python3.8/site-packages/airflow/example_dags/example_latest_only_with_trigger.py
[2026-03-11T15:18:14.472+0000] {logging_mixin.py:188} INFO - [2026-03-11T15:18:14.472+0000] {dag.py:3036} INFO - Sync 1 DAGs
[2026-03-11T15:18:14.503+0000] {logging_mixin.py:188} INFO - [2026-03-11T15:18:14.503+0000] {dag.py:3823} INFO - Setting next_dagrun for latest_only_with_trigger to 2026-03-11 08:00:00+00:00, run_after=2026-03-11 12:00:00+00:00
[2026-03-11T15:18:14.531+0000] {processor.py:183} INFO - Processing /home/airflow/.local/lib/python3.8/site-packages/airflow/example_dags/example_latest_only_with_trigger.py took 0.107 seconds
