[2026-03-11T15:09:36.682+0000] {processor.py:161} INFO - Started process (PID=98) to work on /home/airflow/.local/lib/python3.8/site-packages/airflow/example_dags/example_branch_labels.py
[2026-03-11T15:09:36.685+0000] {processor.py:830} INFO - Processing file /home/airflow/.local/lib/python3.8/site-packages/airflow/example_dags/example_branch_labels.py for tasks to queue
[2026-03-11T15:09:36.691+0000] {logging_mixin.py:188} INFO - [2026-03-11T15:09:36.690+0000] {dagbag.py:538} INFO - Filling up the DagBag from /home/airflow/.local/lib/python3.8/site-packages/airflow/example_dags/example_branch_labels.py
[2026-03-11T15:09:36.711+0000] {processor.py:840} INFO - DAG(s) 'example_branch_labels' retrieved from /home/airflow/.local/lib/python3.8/site-packages/airflow/example_dags/example_branch_labels.py
[2026-03-11T15:09:36.891+0000] {logging_mixin.py:188} INFO - [2026-03-11T15:09:36.891+0000] {dag.py:3036} INFO - Sync 1 DAGs
[2026-03-11T15:09:36.940+0000] {logging_mixin.py:188} INFO - [2026-03-11T15:09:36.939+0000] {dag.py:3823} INFO - Setting next_dagrun for example_branch_labels to 2026-03-10 00:00:00+00:00, run_after=2026-03-11 00:00:00+00:00
[2026-03-11T15:09:36.980+0000] {processor.py:183} INFO - Processing /home/airflow/.local/lib/python3.8/site-packages/airflow/example_dags/example_branch_labels.py took 0.323 seconds
[2026-03-11T15:10:07.074+0000] {processor.py:161} INFO - Started process (PID=154) to work on /home/airflow/.local/lib/python3.8/site-packages/airflow/example_dags/example_branch_labels.py
[2026-03-11T15:10:07.076+0000] {processor.py:830} INFO - Processing file /home/airflow/.local/lib/python3.8/site-packages/airflow/example_dags/example_branch_labels.py for tasks to queue
[2026-03-11T15:10:07.078+0000] {logging_mixin.py:188} INFO - [2026-03-11T15:10:07.078+0000] {dagbag.py:538} INFO - Filling up the DagBag from /home/airflow/.local/lib/python3.8/site-packages/airflow/example_dags/example_branch_labels.py
[2026-03-11T15:10:07.088+0000] {processor.py:840} INFO - DAG(s) 'example_branch_labels' retrieved from /home/airflow/.local/lib/python3.8/site-packages/airflow/example_dags/example_branch_labels.py
[2026-03-11T15:10:07.116+0000] {logging_mixin.py:188} INFO - [2026-03-11T15:10:07.116+0000] {dag.py:3036} INFO - Sync 1 DAGs
[2026-03-11T15:10:07.143+0000] {logging_mixin.py:188} INFO - [2026-03-11T15:10:07.143+0000] {dag.py:3823} INFO - Setting next_dagrun for example_branch_labels to 2026-03-10 00:00:00+00:00, run_after=2026-03-11 00:00:00+00:00
[2026-03-11T15:10:07.163+0000] {processor.py:183} INFO - Processing /home/airflow/.local/lib/python3.8/site-packages/airflow/example_dags/example_branch_labels.py took 0.093 seconds
[2026-03-11T15:10:38.106+0000] {processor.py:161} INFO - Started process (PID=210) to work on /home/airflow/.local/lib/python3.8/site-packages/airflow/example_dags/example_branch_labels.py
[2026-03-11T15:10:38.108+0000] {processor.py:830} INFO - Processing file /home/airflow/.local/lib/python3.8/site-packages/airflow/example_dags/example_branch_labels.py for tasks to queue
[2026-03-11T15:10:38.111+0000] {logging_mixin.py:188} INFO - [2026-03-11T15:10:38.110+0000] {dagbag.py:538} INFO - Filling up the DagBag from /home/airflow/.local/lib/python3.8/site-packages/airflow/example_dags/example_branch_labels.py
[2026-03-11T15:10:38.122+0000] {processor.py:840} INFO - DAG(s) 'example_branch_labels' retrieved from /home/airflow/.local/lib/python3.8/site-packages/airflow/example_dags/example_branch_labels.py
[2026-03-11T15:10:38.150+0000] {logging_mixin.py:188} INFO - [2026-03-11T15:10:38.150+0000] {dag.py:3036} INFO - Sync 1 DAGs
[2026-03-11T15:10:38.182+0000] {logging_mixin.py:188} INFO - [2026-03-11T15:10:38.182+0000] {dag.py:3823} INFO - Setting next_dagrun for example_branch_labels to 2026-03-10 00:00:00+00:00, run_after=2026-03-11 00:00:00+00:00
[2026-03-11T15:10:38.204+0000] {processor.py:183} INFO - Processing /home/airflow/.local/lib/python3.8/site-packages/airflow/example_dags/example_branch_labels.py took 0.103 seconds
[2026-03-11T15:11:08.816+0000] {processor.py:161} INFO - Started process (PID=266) to work on /home/airflow/.local/lib/python3.8/site-packages/airflow/example_dags/example_branch_labels.py
[2026-03-11T15:11:08.818+0000] {processor.py:830} INFO - Processing file /home/airflow/.local/lib/python3.8/site-packages/airflow/example_dags/example_branch_labels.py for tasks to queue
[2026-03-11T15:11:08.820+0000] {logging_mixin.py:188} INFO - [2026-03-11T15:11:08.820+0000] {dagbag.py:538} INFO - Filling up the DagBag from /home/airflow/.local/lib/python3.8/site-packages/airflow/example_dags/example_branch_labels.py
[2026-03-11T15:11:08.832+0000] {processor.py:840} INFO - DAG(s) 'example_branch_labels' retrieved from /home/airflow/.local/lib/python3.8/site-packages/airflow/example_dags/example_branch_labels.py
[2026-03-11T15:11:08.864+0000] {logging_mixin.py:188} INFO - [2026-03-11T15:11:08.863+0000] {dag.py:3036} INFO - Sync 1 DAGs
[2026-03-11T15:11:08.896+0000] {logging_mixin.py:188} INFO - [2026-03-11T15:11:08.896+0000] {dag.py:3823} INFO - Setting next_dagrun for example_branch_labels to 2026-03-10 00:00:00+00:00, run_after=2026-03-11 00:00:00+00:00
[2026-03-11T15:11:08.921+0000] {processor.py:183} INFO - Processing /home/airflow/.local/lib/python3.8/site-packages/airflow/example_dags/example_branch_labels.py took 0.111 seconds
[2026-03-11T15:11:39.003+0000] {processor.py:161} INFO - Started process (PID=322) to work on /home/airflow/.local/lib/python3.8/site-packages/airflow/example_dags/example_branch_labels.py
[2026-03-11T15:11:39.006+0000] {processor.py:830} INFO - Processing file /home/airflow/.local/lib/python3.8/site-packages/airflow/example_dags/example_branch_labels.py for tasks to queue
[2026-03-11T15:11:39.009+0000] {logging_mixin.py:188} INFO - [2026-03-11T15:11:39.009+0000] {dagbag.py:538} INFO - Filling up the DagBag from /home/airflow/.local/lib/python3.8/site-packages/airflow/example_dags/example_branch_labels.py
[2026-03-11T15:11:39.021+0000] {processor.py:840} INFO - DAG(s) 'example_branch_labels' retrieved from /home/airflow/.local/lib/python3.8/site-packages/airflow/example_dags/example_branch_labels.py
[2026-03-11T15:11:39.130+0000] {logging_mixin.py:188} INFO - [2026-03-11T15:11:39.093+0000] {dag.py:3036} INFO - Sync 1 DAGs
[2026-03-11T15:11:39.181+0000] {logging_mixin.py:188} INFO - [2026-03-11T15:11:39.181+0000] {dag.py:3823} INFO - Setting next_dagrun for example_branch_labels to 2026-03-10 00:00:00+00:00, run_after=2026-03-11 00:00:00+00:00
[2026-03-11T15:11:39.234+0000] {processor.py:183} INFO - Processing /home/airflow/.local/lib/python3.8/site-packages/airflow/example_dags/example_branch_labels.py took 0.235 seconds
[2026-03-11T15:12:10.613+0000] {processor.py:161} INFO - Started process (PID=378) to work on /home/airflow/.local/lib/python3.8/site-packages/airflow/example_dags/example_branch_labels.py
[2026-03-11T15:12:10.615+0000] {processor.py:830} INFO - Processing file /home/airflow/.local/lib/python3.8/site-packages/airflow/example_dags/example_branch_labels.py for tasks to queue
[2026-03-11T15:12:10.621+0000] {logging_mixin.py:188} INFO - [2026-03-11T15:12:10.620+0000] {dagbag.py:538} INFO - Filling up the DagBag from /home/airflow/.local/lib/python3.8/site-packages/airflow/example_dags/example_branch_labels.py
[2026-03-11T15:12:10.635+0000] {processor.py:840} INFO - DAG(s) 'example_branch_labels' retrieved from /home/airflow/.local/lib/python3.8/site-packages/airflow/example_dags/example_branch_labels.py
[2026-03-11T15:12:10.689+0000] {logging_mixin.py:188} INFO - [2026-03-11T15:12:10.689+0000] {dag.py:3036} INFO - Sync 1 DAGs
[2026-03-11T15:12:10.763+0000] {logging_mixin.py:188} INFO - [2026-03-11T15:12:10.763+0000] {dag.py:3823} INFO - Setting next_dagrun for example_branch_labels to 2026-03-10 00:00:00+00:00, run_after=2026-03-11 00:00:00+00:00
[2026-03-11T15:12:10.825+0000] {processor.py:183} INFO - Processing /home/airflow/.local/lib/python3.8/site-packages/airflow/example_dags/example_branch_labels.py took 0.220 seconds
[2026-03-11T15:12:41.575+0000] {processor.py:161} INFO - Started process (PID=434) to work on /home/airflow/.local/lib/python3.8/site-packages/airflow/example_dags/example_branch_labels.py
[2026-03-11T15:12:41.577+0000] {processor.py:830} INFO - Processing file /home/airflow/.local/lib/python3.8/site-packages/airflow/example_dags/example_branch_labels.py for tasks to queue
[2026-03-11T15:12:41.580+0000] {logging_mixin.py:188} INFO - [2026-03-11T15:12:41.579+0000] {dagbag.py:538} INFO - Filling up the DagBag from /home/airflow/.local/lib/python3.8/site-packages/airflow/example_dags/example_branch_labels.py
[2026-03-11T15:12:41.591+0000] {processor.py:840} INFO - DAG(s) 'example_branch_labels' retrieved from /home/airflow/.local/lib/python3.8/site-packages/airflow/example_dags/example_branch_labels.py
[2026-03-11T15:12:41.626+0000] {logging_mixin.py:188} INFO - [2026-03-11T15:12:41.626+0000] {dag.py:3036} INFO - Sync 1 DAGs
[2026-03-11T15:12:41.654+0000] {logging_mixin.py:188} INFO - [2026-03-11T15:12:41.654+0000] {dag.py:3823} INFO - Setting next_dagrun for example_branch_labels to 2026-03-10 00:00:00+00:00, run_after=2026-03-11 00:00:00+00:00
[2026-03-11T15:12:41.674+0000] {processor.py:183} INFO - Processing /home/airflow/.local/lib/python3.8/site-packages/airflow/example_dags/example_branch_labels.py took 0.103 seconds
[2026-03-11T15:13:11.747+0000] {processor.py:161} INFO - Started process (PID=490) to work on /home/airflow/.local/lib/python3.8/site-packages/airflow/example_dags/example_branch_labels.py
[2026-03-11T15:13:11.748+0000] {processor.py:830} INFO - Processing file /home/airflow/.local/lib/python3.8/site-packages/airflow/example_dags/example_branch_labels.py for tasks to queue
[2026-03-11T15:13:11.751+0000] {logging_mixin.py:188} INFO - [2026-03-11T15:13:11.751+0000] {dagbag.py:538} INFO - Filling up the DagBag from /home/airflow/.local/lib/python3.8/site-packages/airflow/example_dags/example_branch_labels.py
[2026-03-11T15:13:11.763+0000] {processor.py:840} INFO - DAG(s) 'example_branch_labels' retrieved from /home/airflow/.local/lib/python3.8/site-packages/airflow/example_dags/example_branch_labels.py
[2026-03-11T15:13:11.786+0000] {logging_mixin.py:188} INFO - [2026-03-11T15:13:11.786+0000] {dag.py:3036} INFO - Sync 1 DAGs
[2026-03-11T15:13:11.813+0000] {logging_mixin.py:188} INFO - [2026-03-11T15:13:11.812+0000] {dag.py:3823} INFO - Setting next_dagrun for example_branch_labels to 2026-03-10 00:00:00+00:00, run_after=2026-03-11 00:00:00+00:00
[2026-03-11T15:13:11.832+0000] {processor.py:183} INFO - Processing /home/airflow/.local/lib/python3.8/site-packages/airflow/example_dags/example_branch_labels.py took 0.089 seconds
[2026-03-11T15:13:41.871+0000] {processor.py:161} INFO - Started process (PID=546) to work on /home/airflow/.local/lib/python3.8/site-packages/airflow/example_dags/example_branch_labels.py
[2026-03-11T15:13:41.872+0000] {processor.py:830} INFO - Processing file /home/airflow/.local/lib/python3.8/site-packages/airflow/example_dags/example_branch_labels.py for tasks to queue
[2026-03-11T15:13:41.875+0000] {logging_mixin.py:188} INFO - [2026-03-11T15:13:41.874+0000] {dagbag.py:538} INFO - Filling up the DagBag from /home/airflow/.local/lib/python3.8/site-packages/airflow/example_dags/example_branch_labels.py
[2026-03-11T15:13:41.887+0000] {processor.py:840} INFO - DAG(s) 'example_branch_labels' retrieved from /home/airflow/.local/lib/python3.8/site-packages/airflow/example_dags/example_branch_labels.py
[2026-03-11T15:13:41.920+0000] {logging_mixin.py:188} INFO - [2026-03-11T15:13:41.919+0000] {dag.py:3036} INFO - Sync 1 DAGs
[2026-03-11T15:13:41.994+0000] {logging_mixin.py:188} INFO - [2026-03-11T15:13:41.993+0000] {dag.py:3823} INFO - Setting next_dagrun for example_branch_labels to 2026-03-10 00:00:00+00:00, run_after=2026-03-11 00:00:00+00:00
[2026-03-11T15:13:42.030+0000] {processor.py:183} INFO - Processing /home/airflow/.local/lib/python3.8/site-packages/airflow/example_dags/example_branch_labels.py took 0.163 seconds
[2026-03-11T15:14:12.418+0000] {processor.py:161} INFO - Started process (PID=602) to work on /home/airflow/.local/lib/python3.8/site-packages/airflow/example_dags/example_branch_labels.py
[2026-03-11T15:14:12.423+0000] {processor.py:830} INFO - Processing file /home/airflow/.local/lib/python3.8/site-packages/airflow/example_dags/example_branch_labels.py for tasks to queue
[2026-03-11T15:14:12.427+0000] {logging_mixin.py:188} INFO - [2026-03-11T15:14:12.426+0000] {dagbag.py:538} INFO - Filling up the DagBag from /home/airflow/.local/lib/python3.8/site-packages/airflow/example_dags/example_branch_labels.py
[2026-03-11T15:14:12.453+0000] {processor.py:840} INFO - DAG(s) 'example_branch_labels' retrieved from /home/airflow/.local/lib/python3.8/site-packages/airflow/example_dags/example_branch_labels.py
[2026-03-11T15:14:12.493+0000] {logging_mixin.py:188} INFO - [2026-03-11T15:14:12.492+0000] {dag.py:3036} INFO - Sync 1 DAGs
[2026-03-11T15:14:12.542+0000] {logging_mixin.py:188} INFO - [2026-03-11T15:14:12.541+0000] {dag.py:3823} INFO - Setting next_dagrun for example_branch_labels to 2026-03-10 00:00:00+00:00, run_after=2026-03-11 00:00:00+00:00
[2026-03-11T15:14:12.599+0000] {processor.py:183} INFO - Processing /home/airflow/.local/lib/python3.8/site-packages/airflow/example_dags/example_branch_labels.py took 0.202 seconds
[2026-03-11T15:14:43.061+0000] {processor.py:161} INFO - Started process (PID=658) to work on /home/airflow/.local/lib/python3.8/site-packages/airflow/example_dags/example_branch_labels.py
[2026-03-11T15:14:43.063+0000] {processor.py:830} INFO - Processing file /home/airflow/.local/lib/python3.8/site-packages/airflow/example_dags/example_branch_labels.py for tasks to queue
[2026-03-11T15:14:43.066+0000] {logging_mixin.py:188} INFO - [2026-03-11T15:14:43.066+0000] {dagbag.py:538} INFO - Filling up the DagBag from /home/airflow/.local/lib/python3.8/site-packages/airflow/example_dags/example_branch_labels.py
[2026-03-11T15:14:43.081+0000] {processor.py:840} INFO - DAG(s) 'example_branch_labels' retrieved from /home/airflow/.local/lib/python3.8/site-packages/airflow/example_dags/example_branch_labels.py
[2026-03-11T15:14:43.116+0000] {logging_mixin.py:188} INFO - [2026-03-11T15:14:43.115+0000] {dag.py:3036} INFO - Sync 1 DAGs
[2026-03-11T15:14:43.151+0000] {logging_mixin.py:188} INFO - [2026-03-11T15:14:43.150+0000] {dag.py:3823} INFO - Setting next_dagrun for example_branch_labels to 2026-03-10 00:00:00+00:00, run_after=2026-03-11 00:00:00+00:00
[2026-03-11T15:14:43.184+0000] {processor.py:183} INFO - Processing /home/airflow/.local/lib/python3.8/site-packages/airflow/example_dags/example_branch_labels.py took 0.129 seconds
[2026-03-11T15:15:13.376+0000] {processor.py:161} INFO - Started process (PID=714) to work on /home/airflow/.local/lib/python3.8/site-packages/airflow/example_dags/example_branch_labels.py
[2026-03-11T15:15:13.377+0000] {processor.py:830} INFO - Processing file /home/airflow/.local/lib/python3.8/site-packages/airflow/example_dags/example_branch_labels.py for tasks to queue
[2026-03-11T15:15:13.380+0000] {logging_mixin.py:188} INFO - [2026-03-11T15:15:13.379+0000] {dagbag.py:538} INFO - Filling up the DagBag from /home/airflow/.local/lib/python3.8/site-packages/airflow/example_dags/example_branch_labels.py
[2026-03-11T15:15:13.390+0000] {processor.py:840} INFO - DAG(s) 'example_branch_labels' retrieved from /home/airflow/.local/lib/python3.8/site-packages/airflow/example_dags/example_branch_labels.py
[2026-03-11T15:15:13.418+0000] {logging_mixin.py:188} INFO - [2026-03-11T15:15:13.418+0000] {dag.py:3036} INFO - Sync 1 DAGs
[2026-03-11T15:15:13.444+0000] {logging_mixin.py:188} INFO - [2026-03-11T15:15:13.443+0000] {dag.py:3823} INFO - Setting next_dagrun for example_branch_labels to 2026-03-10 00:00:00+00:00, run_after=2026-03-11 00:00:00+00:00
[2026-03-11T15:15:13.467+0000] {processor.py:183} INFO - Processing /home/airflow/.local/lib/python3.8/site-packages/airflow/example_dags/example_branch_labels.py took 0.095 seconds
[2026-03-11T15:15:43.579+0000] {processor.py:161} INFO - Started process (PID=770) to work on /home/airflow/.local/lib/python3.8/site-packages/airflow/example_dags/example_branch_labels.py
[2026-03-11T15:15:43.580+0000] {processor.py:830} INFO - Processing file /home/airflow/.local/lib/python3.8/site-packages/airflow/example_dags/example_branch_labels.py for tasks to queue
[2026-03-11T15:15:43.584+0000] {logging_mixin.py:188} INFO - [2026-03-11T15:15:43.583+0000] {dagbag.py:538} INFO - Filling up the DagBag from /home/airflow/.local/lib/python3.8/site-packages/airflow/example_dags/example_branch_labels.py
[2026-03-11T15:15:43.594+0000] {processor.py:840} INFO - DAG(s) 'example_branch_labels' retrieved from /home/airflow/.local/lib/python3.8/site-packages/airflow/example_dags/example_branch_labels.py
[2026-03-11T15:15:43.624+0000] {logging_mixin.py:188} INFO - [2026-03-11T15:15:43.624+0000] {dag.py:3036} INFO - Sync 1 DAGs
[2026-03-11T15:15:43.650+0000] {logging_mixin.py:188} INFO - [2026-03-11T15:15:43.650+0000] {dag.py:3823} INFO - Setting next_dagrun for example_branch_labels to 2026-03-10 00:00:00+00:00, run_after=2026-03-11 00:00:00+00:00
[2026-03-11T15:15:43.669+0000] {processor.py:183} INFO - Processing /home/airflow/.local/lib/python3.8/site-packages/airflow/example_dags/example_branch_labels.py took 0.095 seconds
[2026-03-11T15:16:13.818+0000] {processor.py:161} INFO - Started process (PID=826) to work on /home/airflow/.local/lib/python3.8/site-packages/airflow/example_dags/example_branch_labels.py
[2026-03-11T15:16:13.819+0000] {processor.py:830} INFO - Processing file /home/airflow/.local/lib/python3.8/site-packages/airflow/example_dags/example_branch_labels.py for tasks to queue
[2026-03-11T15:16:13.822+0000] {logging_mixin.py:188} INFO - [2026-03-11T15:16:13.821+0000] {dagbag.py:538} INFO - Filling up the DagBag from /home/airflow/.local/lib/python3.8/site-packages/airflow/example_dags/example_branch_labels.py
[2026-03-11T15:16:13.832+0000] {processor.py:840} INFO - DAG(s) 'example_branch_labels' retrieved from /home/airflow/.local/lib/python3.8/site-packages/airflow/example_dags/example_branch_labels.py
[2026-03-11T15:16:13.862+0000] {logging_mixin.py:188} INFO - [2026-03-11T15:16:13.861+0000] {dag.py:3036} INFO - Sync 1 DAGs
[2026-03-11T15:16:13.898+0000] {logging_mixin.py:188} INFO - [2026-03-11T15:16:13.898+0000] {dag.py:3823} INFO - Setting next_dagrun for example_branch_labels to 2026-03-10 00:00:00+00:00, run_after=2026-03-11 00:00:00+00:00
[2026-03-11T15:16:13.928+0000] {processor.py:183} INFO - Processing /home/airflow/.local/lib/python3.8/site-packages/airflow/example_dags/example_branch_labels.py took 0.114 seconds
[2026-03-11T15:16:44.047+0000] {processor.py:161} INFO - Started process (PID=882) to work on /home/airflow/.local/lib/python3.8/site-packages/airflow/example_dags/example_branch_labels.py
[2026-03-11T15:16:44.049+0000] {processor.py:830} INFO - Processing file /home/airflow/.local/lib/python3.8/site-packages/airflow/example_dags/example_branch_labels.py for tasks to queue
[2026-03-11T15:16:44.052+0000] {logging_mixin.py:188} INFO - [2026-03-11T15:16:44.051+0000] {dagbag.py:538} INFO - Filling up the DagBag from /home/airflow/.local/lib/python3.8/site-packages/airflow/example_dags/example_branch_labels.py
[2026-03-11T15:16:44.065+0000] {processor.py:840} INFO - DAG(s) 'example_branch_labels' retrieved from /home/airflow/.local/lib/python3.8/site-packages/airflow/example_dags/example_branch_labels.py
[2026-03-11T15:16:44.100+0000] {logging_mixin.py:188} INFO - [2026-03-11T15:16:44.100+0000] {dag.py:3036} INFO - Sync 1 DAGs
[2026-03-11T15:16:44.143+0000] {logging_mixin.py:188} INFO - [2026-03-11T15:16:44.143+0000] {dag.py:3823} INFO - Setting next_dagrun for example_branch_labels to 2026-03-10 00:00:00+00:00, run_after=2026-03-11 00:00:00+00:00
[2026-03-11T15:16:44.170+0000] {processor.py:183} INFO - Processing /home/airflow/.local/lib/python3.8/site-packages/airflow/example_dags/example_branch_labels.py took 0.129 seconds
[2026-03-11T15:17:14.308+0000] {processor.py:161} INFO - Started process (PID=938) to work on /home/airflow/.local/lib/python3.8/site-packages/airflow/example_dags/example_branch_labels.py
[2026-03-11T15:17:14.310+0000] {processor.py:830} INFO - Processing file /home/airflow/.local/lib/python3.8/site-packages/airflow/example_dags/example_branch_labels.py for tasks to queue
[2026-03-11T15:17:14.314+0000] {logging_mixin.py:188} INFO - [2026-03-11T15:17:14.313+0000] {dagbag.py:538} INFO - Filling up the DagBag from /home/airflow/.local/lib/python3.8/site-packages/airflow/example_dags/example_branch_labels.py
[2026-03-11T15:17:14.326+0000] {processor.py:840} INFO - DAG(s) 'example_branch_labels' retrieved from /home/airflow/.local/lib/python3.8/site-packages/airflow/example_dags/example_branch_labels.py
[2026-03-11T15:17:14.356+0000] {logging_mixin.py:188} INFO - [2026-03-11T15:17:14.356+0000] {dag.py:3036} INFO - Sync 1 DAGs
[2026-03-11T15:17:14.388+0000] {logging_mixin.py:188} INFO - [2026-03-11T15:17:14.388+0000] {dag.py:3823} INFO - Setting next_dagrun for example_branch_labels to 2026-03-10 00:00:00+00:00, run_after=2026-03-11 00:00:00+00:00
[2026-03-11T15:17:14.415+0000] {processor.py:183} INFO - Processing /home/airflow/.local/lib/python3.8/site-packages/airflow/example_dags/example_branch_labels.py took 0.112 seconds
[2026-03-11T15:17:44.579+0000] {processor.py:161} INFO - Started process (PID=994) to work on /home/airflow/.local/lib/python3.8/site-packages/airflow/example_dags/example_branch_labels.py
[2026-03-11T15:17:44.588+0000] {processor.py:830} INFO - Processing file /home/airflow/.local/lib/python3.8/site-packages/airflow/example_dags/example_branch_labels.py for tasks to queue
[2026-03-11T15:17:44.591+0000] {logging_mixin.py:188} INFO - [2026-03-11T15:17:44.591+0000] {dagbag.py:538} INFO - Filling up the DagBag from /home/airflow/.local/lib/python3.8/site-packages/airflow/example_dags/example_branch_labels.py
[2026-03-11T15:17:44.609+0000] {processor.py:840} INFO - DAG(s) 'example_branch_labels' retrieved from /home/airflow/.local/lib/python3.8/site-packages/airflow/example_dags/example_branch_labels.py
[2026-03-11T15:17:44.645+0000] {logging_mixin.py:188} INFO - [2026-03-11T15:17:44.644+0000] {dag.py:3036} INFO - Sync 1 DAGs
[2026-03-11T15:17:44.683+0000] {logging_mixin.py:188} INFO - [2026-03-11T15:17:44.682+0000] {dag.py:3823} INFO - Setting next_dagrun for example_branch_labels to 2026-03-10 00:00:00+00:00, run_after=2026-03-11 00:00:00+00:00
[2026-03-11T15:17:44.712+0000] {processor.py:183} INFO - Processing /home/airflow/.local/lib/python3.8/site-packages/airflow/example_dags/example_branch_labels.py took 0.205 seconds
[2026-03-11T15:18:14.738+0000] {processor.py:161} INFO - Started process (PID=1050) to work on /home/airflow/.local/lib/python3.8/site-packages/airflow/example_dags/example_branch_labels.py
[2026-03-11T15:18:14.739+0000] {processor.py:830} INFO - Processing file /home/airflow/.local/lib/python3.8/site-packages/airflow/example_dags/example_branch_labels.py for tasks to queue
[2026-03-11T15:18:14.741+0000] {logging_mixin.py:188} INFO - [2026-03-11T15:18:14.741+0000] {dagbag.py:538} INFO - Filling up the DagBag from /home/airflow/.local/lib/python3.8/site-packages/airflow/example_dags/example_branch_labels.py
[2026-03-11T15:18:14.752+0000] {processor.py:840} INFO - DAG(s) 'example_branch_labels' retrieved from /home/airflow/.local/lib/python3.8/site-packages/airflow/example_dags/example_branch_labels.py
[2026-03-11T15:18:14.779+0000] {logging_mixin.py:188} INFO - [2026-03-11T15:18:14.779+0000] {dag.py:3036} INFO - Sync 1 DAGs
[2026-03-11T15:18:14.810+0000] {logging_mixin.py:188} INFO - [2026-03-11T15:18:14.810+0000] {dag.py:3823} INFO - Setting next_dagrun for example_branch_labels to 2026-03-10 00:00:00+00:00, run_after=2026-03-11 00:00:00+00:00
[2026-03-11T15:18:14.832+0000] {processor.py:183} INFO - Processing /home/airflow/.local/lib/python3.8/site-packages/airflow/example_dags/example_branch_labels.py took 0.099 seconds
