[2026-03-11T15:09:31.609+0000] {processor.py:161} INFO - Started process (PID=73) to work on /home/airflow/.local/lib/python3.8/site-packages/airflow/example_dags/example_params_trigger_ui.py
[2026-03-11T15:09:31.611+0000] {processor.py:830} INFO - Processing file /home/airflow/.local/lib/python3.8/site-packages/airflow/example_dags/example_params_trigger_ui.py for tasks to queue
[2026-03-11T15:09:31.616+0000] {logging_mixin.py:188} INFO - [2026-03-11T15:09:31.615+0000] {dagbag.py:538} INFO - Filling up the DagBag from /home/airflow/.local/lib/python3.8/site-packages/airflow/example_dags/example_params_trigger_ui.py
[2026-03-11T15:09:31.797+0000] {processor.py:840} INFO - DAG(s) 'example_params_trigger_ui' retrieved from /home/airflow/.local/lib/python3.8/site-packages/airflow/example_dags/example_params_trigger_ui.py
[2026-03-11T15:09:31.837+0000] {logging_mixin.py:188} INFO - [2026-03-11T15:09:31.836+0000] {dag.py:3036} INFO - Sync 1 DAGs
[2026-03-11T15:09:31.893+0000] {logging_mixin.py:188} INFO - [2026-03-11T15:09:31.892+0000] {dag.py:3823} INFO - Setting next_dagrun for example_params_trigger_ui to None, run_after=None
[2026-03-11T15:09:31.954+0000] {processor.py:183} INFO - Processing /home/airflow/.local/lib/python3.8/site-packages/airflow/example_dags/example_params_trigger_ui.py took 0.353 seconds
[2026-03-11T15:10:02.367+0000] {processor.py:161} INFO - Started process (PID=129) to work on /home/airflow/.local/lib/python3.8/site-packages/airflow/example_dags/example_params_trigger_ui.py
[2026-03-11T15:10:02.368+0000] {processor.py:830} INFO - Processing file /home/airflow/.local/lib/python3.8/site-packages/airflow/example_dags/example_params_trigger_ui.py for tasks to queue
[2026-03-11T15:10:02.372+0000] {logging_mixin.py:188} INFO - [2026-03-11T15:10:02.371+0000] {dagbag.py:538} INFO - Filling up the DagBag from /home/airflow/.local/lib/python3.8/site-packages/airflow/example_dags/example_params_trigger_ui.py
[2026-03-11T15:10:02.392+0000] {processor.py:840} INFO - DAG(s) 'example_params_trigger_ui' retrieved from /home/airflow/.local/lib/python3.8/site-packages/airflow/example_dags/example_params_trigger_ui.py
[2026-03-11T15:10:02.674+0000] {logging_mixin.py:188} INFO - [2026-03-11T15:10:02.673+0000] {dag.py:3036} INFO - Sync 1 DAGs
[2026-03-11T15:10:02.723+0000] {logging_mixin.py:188} INFO - [2026-03-11T15:10:02.722+0000] {dag.py:3823} INFO - Setting next_dagrun for example_params_trigger_ui to None, run_after=None
[2026-03-11T15:10:02.776+0000] {processor.py:183} INFO - Processing /home/airflow/.local/lib/python3.8/site-packages/airflow/example_dags/example_params_trigger_ui.py took 0.415 seconds
[2026-03-11T15:10:33.161+0000] {processor.py:161} INFO - Started process (PID=185) to work on /home/airflow/.local/lib/python3.8/site-packages/airflow/example_dags/example_params_trigger_ui.py
[2026-03-11T15:10:33.163+0000] {processor.py:830} INFO - Processing file /home/airflow/.local/lib/python3.8/site-packages/airflow/example_dags/example_params_trigger_ui.py for tasks to queue
[2026-03-11T15:10:33.168+0000] {logging_mixin.py:188} INFO - [2026-03-11T15:10:33.167+0000] {dagbag.py:538} INFO - Filling up the DagBag from /home/airflow/.local/lib/python3.8/site-packages/airflow/example_dags/example_params_trigger_ui.py
[2026-03-11T15:10:33.197+0000] {processor.py:840} INFO - DAG(s) 'example_params_trigger_ui' retrieved from /home/airflow/.local/lib/python3.8/site-packages/airflow/example_dags/example_params_trigger_ui.py
[2026-03-11T15:10:33.312+0000] {logging_mixin.py:188} INFO - [2026-03-11T15:10:33.312+0000] {dag.py:3036} INFO - Sync 1 DAGs
[2026-03-11T15:10:33.342+0000] {logging_mixin.py:188} INFO - [2026-03-11T15:10:33.341+0000] {dag.py:3823} INFO - Setting next_dagrun for example_params_trigger_ui to None, run_after=None
[2026-03-11T15:10:33.379+0000] {processor.py:183} INFO - Processing /home/airflow/.local/lib/python3.8/site-packages/airflow/example_dags/example_params_trigger_ui.py took 0.226 seconds
[2026-03-11T15:11:04.128+0000] {processor.py:161} INFO - Started process (PID=241) to work on /home/airflow/.local/lib/python3.8/site-packages/airflow/example_dags/example_params_trigger_ui.py
[2026-03-11T15:11:04.131+0000] {processor.py:830} INFO - Processing file /home/airflow/.local/lib/python3.8/site-packages/airflow/example_dags/example_params_trigger_ui.py for tasks to queue
[2026-03-11T15:11:04.134+0000] {logging_mixin.py:188} INFO - [2026-03-11T15:11:04.133+0000] {dagbag.py:538} INFO - Filling up the DagBag from /home/airflow/.local/lib/python3.8/site-packages/airflow/example_dags/example_params_trigger_ui.py
[2026-03-11T15:11:04.157+0000] {processor.py:840} INFO - DAG(s) 'example_params_trigger_ui' retrieved from /home/airflow/.local/lib/python3.8/site-packages/airflow/example_dags/example_params_trigger_ui.py
[2026-03-11T15:11:04.241+0000] {logging_mixin.py:188} INFO - [2026-03-11T15:11:04.241+0000] {dag.py:3036} INFO - Sync 1 DAGs
[2026-03-11T15:11:04.258+0000] {logging_mixin.py:188} INFO - [2026-03-11T15:11:04.258+0000] {dag.py:3823} INFO - Setting next_dagrun for example_params_trigger_ui to None, run_after=None
[2026-03-11T15:11:04.282+0000] {processor.py:183} INFO - Processing /home/airflow/.local/lib/python3.8/site-packages/airflow/example_dags/example_params_trigger_ui.py took 0.159 seconds
[2026-03-11T15:11:35.010+0000] {processor.py:161} INFO - Started process (PID=297) to work on /home/airflow/.local/lib/python3.8/site-packages/airflow/example_dags/example_params_trigger_ui.py
[2026-03-11T15:11:35.014+0000] {processor.py:830} INFO - Processing file /home/airflow/.local/lib/python3.8/site-packages/airflow/example_dags/example_params_trigger_ui.py for tasks to queue
[2026-03-11T15:11:35.017+0000] {logging_mixin.py:188} INFO - [2026-03-11T15:11:35.016+0000] {dagbag.py:538} INFO - Filling up the DagBag from /home/airflow/.local/lib/python3.8/site-packages/airflow/example_dags/example_params_trigger_ui.py
[2026-03-11T15:11:35.044+0000] {processor.py:840} INFO - DAG(s) 'example_params_trigger_ui' retrieved from /home/airflow/.local/lib/python3.8/site-packages/airflow/example_dags/example_params_trigger_ui.py
[2026-03-11T15:11:35.167+0000] {logging_mixin.py:188} INFO - [2026-03-11T15:11:35.166+0000] {dag.py:3036} INFO - Sync 1 DAGs
[2026-03-11T15:11:35.198+0000] {logging_mixin.py:188} INFO - [2026-03-11T15:11:35.198+0000] {dag.py:3823} INFO - Setting next_dagrun for example_params_trigger_ui to None, run_after=None
[2026-03-11T15:11:35.237+0000] {processor.py:183} INFO - Processing /home/airflow/.local/lib/python3.8/site-packages/airflow/example_dags/example_params_trigger_ui.py took 0.234 seconds
[2026-03-11T15:12:05.451+0000] {processor.py:161} INFO - Started process (PID=353) to work on /home/airflow/.local/lib/python3.8/site-packages/airflow/example_dags/example_params_trigger_ui.py
[2026-03-11T15:12:05.453+0000] {processor.py:830} INFO - Processing file /home/airflow/.local/lib/python3.8/site-packages/airflow/example_dags/example_params_trigger_ui.py for tasks to queue
[2026-03-11T15:12:05.457+0000] {logging_mixin.py:188} INFO - [2026-03-11T15:12:05.456+0000] {dagbag.py:538} INFO - Filling up the DagBag from /home/airflow/.local/lib/python3.8/site-packages/airflow/example_dags/example_params_trigger_ui.py
[2026-03-11T15:12:05.491+0000] {processor.py:840} INFO - DAG(s) 'example_params_trigger_ui' retrieved from /home/airflow/.local/lib/python3.8/site-packages/airflow/example_dags/example_params_trigger_ui.py
[2026-03-11T15:12:05.582+0000] {logging_mixin.py:188} INFO - [2026-03-11T15:12:05.582+0000] {dag.py:3036} INFO - Sync 1 DAGs
[2026-03-11T15:12:05.605+0000] {logging_mixin.py:188} INFO - [2026-03-11T15:12:05.604+0000] {dag.py:3823} INFO - Setting next_dagrun for example_params_trigger_ui to None, run_after=None
[2026-03-11T15:12:05.636+0000] {processor.py:183} INFO - Processing /home/airflow/.local/lib/python3.8/site-packages/airflow/example_dags/example_params_trigger_ui.py took 0.189 seconds
[2026-03-11T15:12:35.949+0000] {processor.py:161} INFO - Started process (PID=409) to work on /home/airflow/.local/lib/python3.8/site-packages/airflow/example_dags/example_params_trigger_ui.py
[2026-03-11T15:12:35.951+0000] {processor.py:830} INFO - Processing file /home/airflow/.local/lib/python3.8/site-packages/airflow/example_dags/example_params_trigger_ui.py for tasks to queue
[2026-03-11T15:12:35.954+0000] {logging_mixin.py:188} INFO - [2026-03-11T15:12:35.954+0000] {dagbag.py:538} INFO - Filling up the DagBag from /home/airflow/.local/lib/python3.8/site-packages/airflow/example_dags/example_params_trigger_ui.py
[2026-03-11T15:12:35.978+0000] {processor.py:840} INFO - DAG(s) 'example_params_trigger_ui' retrieved from /home/airflow/.local/lib/python3.8/site-packages/airflow/example_dags/example_params_trigger_ui.py
[2026-03-11T15:12:36.049+0000] {logging_mixin.py:188} INFO - [2026-03-11T15:12:36.048+0000] {dag.py:3036} INFO - Sync 1 DAGs
[2026-03-11T15:12:36.071+0000] {logging_mixin.py:188} INFO - [2026-03-11T15:12:36.071+0000] {dag.py:3823} INFO - Setting next_dagrun for example_params_trigger_ui to None, run_after=None
[2026-03-11T15:12:36.123+0000] {processor.py:183} INFO - Processing /home/airflow/.local/lib/python3.8/site-packages/airflow/example_dags/example_params_trigger_ui.py took 0.179 seconds
[2026-03-11T15:13:06.893+0000] {processor.py:161} INFO - Started process (PID=465) to work on /home/airflow/.local/lib/python3.8/site-packages/airflow/example_dags/example_params_trigger_ui.py
[2026-03-11T15:13:06.894+0000] {processor.py:830} INFO - Processing file /home/airflow/.local/lib/python3.8/site-packages/airflow/example_dags/example_params_trigger_ui.py for tasks to queue
[2026-03-11T15:13:06.897+0000] {logging_mixin.py:188} INFO - [2026-03-11T15:13:06.897+0000] {dagbag.py:538} INFO - Filling up the DagBag from /home/airflow/.local/lib/python3.8/site-packages/airflow/example_dags/example_params_trigger_ui.py
[2026-03-11T15:13:06.919+0000] {processor.py:840} INFO - DAG(s) 'example_params_trigger_ui' retrieved from /home/airflow/.local/lib/python3.8/site-packages/airflow/example_dags/example_params_trigger_ui.py
[2026-03-11T15:13:06.991+0000] {logging_mixin.py:188} INFO - [2026-03-11T15:13:06.990+0000] {dag.py:3036} INFO - Sync 1 DAGs
[2026-03-11T15:13:07.006+0000] {logging_mixin.py:188} INFO - [2026-03-11T15:13:07.006+0000] {dag.py:3823} INFO - Setting next_dagrun for example_params_trigger_ui to None, run_after=None
[2026-03-11T15:13:07.033+0000] {processor.py:183} INFO - Processing /home/airflow/.local/lib/python3.8/site-packages/airflow/example_dags/example_params_trigger_ui.py took 0.145 seconds
[2026-03-11T15:13:37.074+0000] {processor.py:161} INFO - Started process (PID=521) to work on /home/airflow/.local/lib/python3.8/site-packages/airflow/example_dags/example_params_trigger_ui.py
[2026-03-11T15:13:37.075+0000] {processor.py:830} INFO - Processing file /home/airflow/.local/lib/python3.8/site-packages/airflow/example_dags/example_params_trigger_ui.py for tasks to queue
[2026-03-11T15:13:37.078+0000] {logging_mixin.py:188} INFO - [2026-03-11T15:13:37.078+0000] {dagbag.py:538} INFO - Filling up the DagBag from /home/airflow/.local/lib/python3.8/site-packages/airflow/example_dags/example_params_trigger_ui.py
[2026-03-11T15:13:37.098+0000] {processor.py:840} INFO - DAG(s) 'example_params_trigger_ui' retrieved from /home/airflow/.local/lib/python3.8/site-packages/airflow/example_dags/example_params_trigger_ui.py
[2026-03-11T15:13:37.183+0000] {logging_mixin.py:188} INFO - [2026-03-11T15:13:37.183+0000] {dag.py:3036} INFO - Sync 1 DAGs
[2026-03-11T15:13:37.211+0000] {logging_mixin.py:188} INFO - [2026-03-11T15:13:37.211+0000] {dag.py:3823} INFO - Setting next_dagrun for example_params_trigger_ui to None, run_after=None
[2026-03-11T15:13:37.243+0000] {processor.py:183} INFO - Processing /home/airflow/.local/lib/python3.8/site-packages/airflow/example_dags/example_params_trigger_ui.py took 0.174 seconds
[2026-03-11T15:14:07.335+0000] {processor.py:161} INFO - Started process (PID=577) to work on /home/airflow/.local/lib/python3.8/site-packages/airflow/example_dags/example_params_trigger_ui.py
[2026-03-11T15:14:07.337+0000] {processor.py:830} INFO - Processing file /home/airflow/.local/lib/python3.8/site-packages/airflow/example_dags/example_params_trigger_ui.py for tasks to queue
[2026-03-11T15:14:07.340+0000] {logging_mixin.py:188} INFO - [2026-03-11T15:14:07.340+0000] {dagbag.py:538} INFO - Filling up the DagBag from /home/airflow/.local/lib/python3.8/site-packages/airflow/example_dags/example_params_trigger_ui.py
[2026-03-11T15:14:07.359+0000] {processor.py:840} INFO - DAG(s) 'example_params_trigger_ui' retrieved from /home/airflow/.local/lib/python3.8/site-packages/airflow/example_dags/example_params_trigger_ui.py
[2026-03-11T15:14:07.419+0000] {logging_mixin.py:188} INFO - [2026-03-11T15:14:07.418+0000] {dag.py:3036} INFO - Sync 1 DAGs
[2026-03-11T15:14:07.431+0000] {logging_mixin.py:188} INFO - [2026-03-11T15:14:07.430+0000] {dag.py:3823} INFO - Setting next_dagrun for example_params_trigger_ui to None, run_after=None
[2026-03-11T15:14:07.451+0000] {processor.py:183} INFO - Processing /home/airflow/.local/lib/python3.8/site-packages/airflow/example_dags/example_params_trigger_ui.py took 0.120 seconds
[2026-03-11T15:14:37.573+0000] {processor.py:161} INFO - Started process (PID=633) to work on /home/airflow/.local/lib/python3.8/site-packages/airflow/example_dags/example_params_trigger_ui.py
[2026-03-11T15:14:37.575+0000] {processor.py:830} INFO - Processing file /home/airflow/.local/lib/python3.8/site-packages/airflow/example_dags/example_params_trigger_ui.py for tasks to queue
[2026-03-11T15:14:37.581+0000] {logging_mixin.py:188} INFO - [2026-03-11T15:14:37.580+0000] {dagbag.py:538} INFO - Filling up the DagBag from /home/airflow/.local/lib/python3.8/site-packages/airflow/example_dags/example_params_trigger_ui.py
[2026-03-11T15:14:37.603+0000] {processor.py:840} INFO - DAG(s) 'example_params_trigger_ui' retrieved from /home/airflow/.local/lib/python3.8/site-packages/airflow/example_dags/example_params_trigger_ui.py
[2026-03-11T15:14:37.678+0000] {logging_mixin.py:188} INFO - [2026-03-11T15:14:37.678+0000] {dag.py:3036} INFO - Sync 1 DAGs
[2026-03-11T15:14:37.696+0000] {logging_mixin.py:188} INFO - [2026-03-11T15:14:37.696+0000] {dag.py:3823} INFO - Setting next_dagrun for example_params_trigger_ui to None, run_after=None
[2026-03-11T15:14:37.733+0000] {processor.py:183} INFO - Processing /home/airflow/.local/lib/python3.8/site-packages/airflow/example_dags/example_params_trigger_ui.py took 0.165 seconds
[2026-03-11T15:15:07.838+0000] {processor.py:161} INFO - Started process (PID=688) to work on /home/airflow/.local/lib/python3.8/site-packages/airflow/example_dags/example_params_trigger_ui.py
[2026-03-11T15:15:07.839+0000] {processor.py:830} INFO - Processing file /home/airflow/.local/lib/python3.8/site-packages/airflow/example_dags/example_params_trigger_ui.py for tasks to queue
[2026-03-11T15:15:07.841+0000] {logging_mixin.py:188} INFO - [2026-03-11T15:15:07.841+0000] {dagbag.py:538} INFO - Filling up the DagBag from /home/airflow/.local/lib/python3.8/site-packages/airflow/example_dags/example_params_trigger_ui.py
[2026-03-11T15:15:07.857+0000] {processor.py:840} INFO - DAG(s) 'example_params_trigger_ui' retrieved from /home/airflow/.local/lib/python3.8/site-packages/airflow/example_dags/example_params_trigger_ui.py
[2026-03-11T15:15:07.919+0000] {logging_mixin.py:188} INFO - [2026-03-11T15:15:07.918+0000] {dag.py:3036} INFO - Sync 1 DAGs
[2026-03-11T15:15:07.933+0000] {logging_mixin.py:188} INFO - [2026-03-11T15:15:07.933+0000] {dag.py:3823} INFO - Setting next_dagrun for example_params_trigger_ui to None, run_after=None
[2026-03-11T15:15:07.955+0000] {processor.py:183} INFO - Processing /home/airflow/.local/lib/python3.8/site-packages/airflow/example_dags/example_params_trigger_ui.py took 0.120 seconds
[2026-03-11T15:15:38.708+0000] {processor.py:161} INFO - Started process (PID=745) to work on /home/airflow/.local/lib/python3.8/site-packages/airflow/example_dags/example_params_trigger_ui.py
[2026-03-11T15:15:38.710+0000] {processor.py:830} INFO - Processing file /home/airflow/.local/lib/python3.8/site-packages/airflow/example_dags/example_params_trigger_ui.py for tasks to queue
[2026-03-11T15:15:38.712+0000] {logging_mixin.py:188} INFO - [2026-03-11T15:15:38.712+0000] {dagbag.py:538} INFO - Filling up the DagBag from /home/airflow/.local/lib/python3.8/site-packages/airflow/example_dags/example_params_trigger_ui.py
[2026-03-11T15:15:38.731+0000] {processor.py:840} INFO - DAG(s) 'example_params_trigger_ui' retrieved from /home/airflow/.local/lib/python3.8/site-packages/airflow/example_dags/example_params_trigger_ui.py
[2026-03-11T15:15:38.793+0000] {logging_mixin.py:188} INFO - [2026-03-11T15:15:38.793+0000] {dag.py:3036} INFO - Sync 1 DAGs
[2026-03-11T15:15:38.807+0000] {logging_mixin.py:188} INFO - [2026-03-11T15:15:38.807+0000] {dag.py:3823} INFO - Setting next_dagrun for example_params_trigger_ui to None, run_after=None
[2026-03-11T15:15:38.827+0000] {processor.py:183} INFO - Processing /home/airflow/.local/lib/python3.8/site-packages/airflow/example_dags/example_params_trigger_ui.py took 0.124 seconds
[2026-03-11T15:16:09.881+0000] {processor.py:161} INFO - Started process (PID=801) to work on /home/airflow/.local/lib/python3.8/site-packages/airflow/example_dags/example_params_trigger_ui.py
[2026-03-11T15:16:09.883+0000] {processor.py:830} INFO - Processing file /home/airflow/.local/lib/python3.8/site-packages/airflow/example_dags/example_params_trigger_ui.py for tasks to queue
[2026-03-11T15:16:09.886+0000] {logging_mixin.py:188} INFO - [2026-03-11T15:16:09.885+0000] {dagbag.py:538} INFO - Filling up the DagBag from /home/airflow/.local/lib/python3.8/site-packages/airflow/example_dags/example_params_trigger_ui.py
[2026-03-11T15:16:09.905+0000] {processor.py:840} INFO - DAG(s) 'example_params_trigger_ui' retrieved from /home/airflow/.local/lib/python3.8/site-packages/airflow/example_dags/example_params_trigger_ui.py
[2026-03-11T15:16:09.976+0000] {logging_mixin.py:188} INFO - [2026-03-11T15:16:09.976+0000] {dag.py:3036} INFO - Sync 1 DAGs
[2026-03-11T15:16:09.992+0000] {logging_mixin.py:188} INFO - [2026-03-11T15:16:09.992+0000] {dag.py:3823} INFO - Setting next_dagrun for example_params_trigger_ui to None, run_after=None
[2026-03-11T15:16:10.019+0000] {processor.py:183} INFO - Processing /home/airflow/.local/lib/python3.8/site-packages/airflow/example_dags/example_params_trigger_ui.py took 0.142 seconds
[2026-03-11T15:16:40.455+0000] {processor.py:161} INFO - Started process (PID=857) to work on /home/airflow/.local/lib/python3.8/site-packages/airflow/example_dags/example_params_trigger_ui.py
[2026-03-11T15:16:40.456+0000] {processor.py:830} INFO - Processing file /home/airflow/.local/lib/python3.8/site-packages/airflow/example_dags/example_params_trigger_ui.py for tasks to queue
[2026-03-11T15:16:40.460+0000] {logging_mixin.py:188} INFO - [2026-03-11T15:16:40.459+0000] {dagbag.py:538} INFO - Filling up the DagBag from /home/airflow/.local/lib/python3.8/site-packages/airflow/example_dags/example_params_trigger_ui.py
[2026-03-11T15:16:40.482+0000] {processor.py:840} INFO - DAG(s) 'example_params_trigger_ui' retrieved from /home/airflow/.local/lib/python3.8/site-packages/airflow/example_dags/example_params_trigger_ui.py
[2026-03-11T15:16:40.592+0000] {logging_mixin.py:188} INFO - [2026-03-11T15:16:40.592+0000] {dag.py:3036} INFO - Sync 1 DAGs
[2026-03-11T15:16:40.617+0000] {logging_mixin.py:188} INFO - [2026-03-11T15:16:40.617+0000] {dag.py:3823} INFO - Setting next_dagrun for example_params_trigger_ui to None, run_after=None
[2026-03-11T15:16:40.650+0000] {processor.py:183} INFO - Processing /home/airflow/.local/lib/python3.8/site-packages/airflow/example_dags/example_params_trigger_ui.py took 0.201 seconds
[2026-03-11T15:17:11.467+0000] {processor.py:161} INFO - Started process (PID=913) to work on /home/airflow/.local/lib/python3.8/site-packages/airflow/example_dags/example_params_trigger_ui.py
[2026-03-11T15:17:11.469+0000] {processor.py:830} INFO - Processing file /home/airflow/.local/lib/python3.8/site-packages/airflow/example_dags/example_params_trigger_ui.py for tasks to queue
[2026-03-11T15:17:11.472+0000] {logging_mixin.py:188} INFO - [2026-03-11T15:17:11.471+0000] {dagbag.py:538} INFO - Filling up the DagBag from /home/airflow/.local/lib/python3.8/site-packages/airflow/example_dags/example_params_trigger_ui.py
[2026-03-11T15:17:11.492+0000] {processor.py:840} INFO - DAG(s) 'example_params_trigger_ui' retrieved from /home/airflow/.local/lib/python3.8/site-packages/airflow/example_dags/example_params_trigger_ui.py
[2026-03-11T15:17:11.574+0000] {logging_mixin.py:188} INFO - [2026-03-11T15:17:11.573+0000] {dag.py:3036} INFO - Sync 1 DAGs
[2026-03-11T15:17:11.590+0000] {logging_mixin.py:188} INFO - [2026-03-11T15:17:11.590+0000] {dag.py:3823} INFO - Setting next_dagrun for example_params_trigger_ui to None, run_after=None
[2026-03-11T15:17:11.612+0000] {processor.py:183} INFO - Processing /home/airflow/.local/lib/python3.8/site-packages/airflow/example_dags/example_params_trigger_ui.py took 0.149 seconds
[2026-03-11T15:17:41.841+0000] {processor.py:161} INFO - Started process (PID=969) to work on /home/airflow/.local/lib/python3.8/site-packages/airflow/example_dags/example_params_trigger_ui.py
[2026-03-11T15:17:41.844+0000] {processor.py:830} INFO - Processing file /home/airflow/.local/lib/python3.8/site-packages/airflow/example_dags/example_params_trigger_ui.py for tasks to queue
[2026-03-11T15:17:41.853+0000] {logging_mixin.py:188} INFO - [2026-03-11T15:17:41.852+0000] {dagbag.py:538} INFO - Filling up the DagBag from /home/airflow/.local/lib/python3.8/site-packages/airflow/example_dags/example_params_trigger_ui.py
[2026-03-11T15:17:41.904+0000] {processor.py:840} INFO - DAG(s) 'example_params_trigger_ui' retrieved from /home/airflow/.local/lib/python3.8/site-packages/airflow/example_dags/example_params_trigger_ui.py
[2026-03-11T15:17:42.409+0000] {logging_mixin.py:188} INFO - [2026-03-11T15:17:42.408+0000] {dag.py:3036} INFO - Sync 1 DAGs
[2026-03-11T15:17:42.448+0000] {logging_mixin.py:188} INFO - [2026-03-11T15:17:42.448+0000] {dag.py:3823} INFO - Setting next_dagrun for example_params_trigger_ui to None, run_after=None
[2026-03-11T15:17:42.498+0000] {processor.py:183} INFO - Processing /home/airflow/.local/lib/python3.8/site-packages/airflow/example_dags/example_params_trigger_ui.py took 0.665 seconds
[2026-03-11T15:18:12.655+0000] {processor.py:161} INFO - Started process (PID=1024) to work on /home/airflow/.local/lib/python3.8/site-packages/airflow/example_dags/example_params_trigger_ui.py
[2026-03-11T15:18:12.656+0000] {processor.py:830} INFO - Processing file /home/airflow/.local/lib/python3.8/site-packages/airflow/example_dags/example_params_trigger_ui.py for tasks to queue
[2026-03-11T15:18:12.659+0000] {logging_mixin.py:188} INFO - [2026-03-11T15:18:12.659+0000] {dagbag.py:538} INFO - Filling up the DagBag from /home/airflow/.local/lib/python3.8/site-packages/airflow/example_dags/example_params_trigger_ui.py
[2026-03-11T15:18:12.680+0000] {processor.py:840} INFO - DAG(s) 'example_params_trigger_ui' retrieved from /home/airflow/.local/lib/python3.8/site-packages/airflow/example_dags/example_params_trigger_ui.py
[2026-03-11T15:18:12.757+0000] {logging_mixin.py:188} INFO - [2026-03-11T15:18:12.757+0000] {dag.py:3036} INFO - Sync 1 DAGs
[2026-03-11T15:18:12.775+0000] {logging_mixin.py:188} INFO - [2026-03-11T15:18:12.775+0000] {dag.py:3823} INFO - Setting next_dagrun for example_params_trigger_ui to None, run_after=None
[2026-03-11T15:18:12.807+0000] {processor.py:183} INFO - Processing /home/airflow/.local/lib/python3.8/site-packages/airflow/example_dags/example_params_trigger_ui.py took 0.157 seconds
