[2026-03-11T15:09:38.481+0000] {processor.py:161} INFO - Started process (PID=105) to work on /home/airflow/.local/lib/python3.8/site-packages/airflow/example_dags/example_python_operator.py
[2026-03-11T15:09:38.483+0000] {processor.py:830} INFO - Processing file /home/airflow/.local/lib/python3.8/site-packages/airflow/example_dags/example_python_operator.py for tasks to queue
[2026-03-11T15:09:38.486+0000] {logging_mixin.py:188} INFO - [2026-03-11T15:09:38.486+0000] {dagbag.py:538} INFO - Filling up the DagBag from /home/airflow/.local/lib/python3.8/site-packages/airflow/example_dags/example_python_operator.py
[2026-03-11T15:09:38.513+0000] {processor.py:840} INFO - DAG(s) 'example_python_operator' retrieved from /home/airflow/.local/lib/python3.8/site-packages/airflow/example_dags/example_python_operator.py
[2026-03-11T15:09:38.646+0000] {logging_mixin.py:188} INFO - [2026-03-11T15:09:38.646+0000] {dag.py:3036} INFO - Sync 1 DAGs
[2026-03-11T15:09:38.660+0000] {logging_mixin.py:188} INFO - [2026-03-11T15:09:38.660+0000] {dag.py:3823} INFO - Setting next_dagrun for example_python_operator to None, run_after=None
[2026-03-11T15:09:38.684+0000] {processor.py:183} INFO - Processing /home/airflow/.local/lib/python3.8/site-packages/airflow/example_dags/example_python_operator.py took 0.209 seconds
[2026-03-11T15:10:08.739+0000] {processor.py:161} INFO - Started process (PID=161) to work on /home/airflow/.local/lib/python3.8/site-packages/airflow/example_dags/example_python_operator.py
[2026-03-11T15:10:08.740+0000] {processor.py:830} INFO - Processing file /home/airflow/.local/lib/python3.8/site-packages/airflow/example_dags/example_python_operator.py for tasks to queue
[2026-03-11T15:10:08.743+0000] {logging_mixin.py:188} INFO - [2026-03-11T15:10:08.743+0000] {dagbag.py:538} INFO - Filling up the DagBag from /home/airflow/.local/lib/python3.8/site-packages/airflow/example_dags/example_python_operator.py
[2026-03-11T15:10:08.757+0000] {processor.py:840} INFO - DAG(s) 'example_python_operator' retrieved from /home/airflow/.local/lib/python3.8/site-packages/airflow/example_dags/example_python_operator.py
[2026-03-11T15:10:08.781+0000] {logging_mixin.py:188} INFO - [2026-03-11T15:10:08.781+0000] {dag.py:3036} INFO - Sync 1 DAGs
[2026-03-11T15:10:08.795+0000] {logging_mixin.py:188} INFO - [2026-03-11T15:10:08.795+0000] {dag.py:3823} INFO - Setting next_dagrun for example_python_operator to None, run_after=None
[2026-03-11T15:10:08.817+0000] {processor.py:183} INFO - Processing /home/airflow/.local/lib/python3.8/site-packages/airflow/example_dags/example_python_operator.py took 0.082 seconds
[2026-03-11T15:10:39.710+0000] {processor.py:161} INFO - Started process (PID=217) to work on /home/airflow/.local/lib/python3.8/site-packages/airflow/example_dags/example_python_operator.py
[2026-03-11T15:10:39.713+0000] {processor.py:830} INFO - Processing file /home/airflow/.local/lib/python3.8/site-packages/airflow/example_dags/example_python_operator.py for tasks to queue
[2026-03-11T15:10:39.717+0000] {logging_mixin.py:188} INFO - [2026-03-11T15:10:39.717+0000] {dagbag.py:538} INFO - Filling up the DagBag from /home/airflow/.local/lib/python3.8/site-packages/airflow/example_dags/example_python_operator.py
[2026-03-11T15:10:39.733+0000] {processor.py:840} INFO - DAG(s) 'example_python_operator' retrieved from /home/airflow/.local/lib/python3.8/site-packages/airflow/example_dags/example_python_operator.py
[2026-03-11T15:10:39.768+0000] {logging_mixin.py:188} INFO - [2026-03-11T15:10:39.768+0000] {dag.py:3036} INFO - Sync 1 DAGs
[2026-03-11T15:10:39.786+0000] {logging_mixin.py:188} INFO - [2026-03-11T15:10:39.785+0000] {dag.py:3823} INFO - Setting next_dagrun for example_python_operator to None, run_after=None
[2026-03-11T15:10:39.830+0000] {processor.py:183} INFO - Processing /home/airflow/.local/lib/python3.8/site-packages/airflow/example_dags/example_python_operator.py took 0.126 seconds
[2026-03-11T15:11:10.249+0000] {processor.py:161} INFO - Started process (PID=273) to work on /home/airflow/.local/lib/python3.8/site-packages/airflow/example_dags/example_python_operator.py
[2026-03-11T15:11:10.251+0000] {processor.py:830} INFO - Processing file /home/airflow/.local/lib/python3.8/site-packages/airflow/example_dags/example_python_operator.py for tasks to queue
[2026-03-11T15:11:10.254+0000] {logging_mixin.py:188} INFO - [2026-03-11T15:11:10.253+0000] {dagbag.py:538} INFO - Filling up the DagBag from /home/airflow/.local/lib/python3.8/site-packages/airflow/example_dags/example_python_operator.py
[2026-03-11T15:11:10.267+0000] {processor.py:840} INFO - DAG(s) 'example_python_operator' retrieved from /home/airflow/.local/lib/python3.8/site-packages/airflow/example_dags/example_python_operator.py
[2026-03-11T15:11:10.292+0000] {logging_mixin.py:188} INFO - [2026-03-11T15:11:10.291+0000] {dag.py:3036} INFO - Sync 1 DAGs
[2026-03-11T15:11:10.307+0000] {logging_mixin.py:188} INFO - [2026-03-11T15:11:10.306+0000] {dag.py:3823} INFO - Setting next_dagrun for example_python_operator to None, run_after=None
[2026-03-11T15:11:10.328+0000] {processor.py:183} INFO - Processing /home/airflow/.local/lib/python3.8/site-packages/airflow/example_dags/example_python_operator.py took 0.084 seconds
[2026-03-11T15:11:40.534+0000] {processor.py:161} INFO - Started process (PID=329) to work on /home/airflow/.local/lib/python3.8/site-packages/airflow/example_dags/example_python_operator.py
[2026-03-11T15:11:40.535+0000] {processor.py:830} INFO - Processing file /home/airflow/.local/lib/python3.8/site-packages/airflow/example_dags/example_python_operator.py for tasks to queue
[2026-03-11T15:11:40.538+0000] {logging_mixin.py:188} INFO - [2026-03-11T15:11:40.537+0000] {dagbag.py:538} INFO - Filling up the DagBag from /home/airflow/.local/lib/python3.8/site-packages/airflow/example_dags/example_python_operator.py
[2026-03-11T15:11:40.555+0000] {processor.py:840} INFO - DAG(s) 'example_python_operator' retrieved from /home/airflow/.local/lib/python3.8/site-packages/airflow/example_dags/example_python_operator.py
[2026-03-11T15:11:40.584+0000] {logging_mixin.py:188} INFO - [2026-03-11T15:11:40.584+0000] {dag.py:3036} INFO - Sync 1 DAGs
[2026-03-11T15:11:40.602+0000] {logging_mixin.py:188} INFO - [2026-03-11T15:11:40.601+0000] {dag.py:3823} INFO - Setting next_dagrun for example_python_operator to None, run_after=None
[2026-03-11T15:11:40.625+0000] {processor.py:183} INFO - Processing /home/airflow/.local/lib/python3.8/site-packages/airflow/example_dags/example_python_operator.py took 0.095 seconds
[2026-03-11T15:12:11.894+0000] {processor.py:161} INFO - Started process (PID=385) to work on /home/airflow/.local/lib/python3.8/site-packages/airflow/example_dags/example_python_operator.py
[2026-03-11T15:12:11.904+0000] {processor.py:830} INFO - Processing file /home/airflow/.local/lib/python3.8/site-packages/airflow/example_dags/example_python_operator.py for tasks to queue
[2026-03-11T15:12:11.911+0000] {logging_mixin.py:188} INFO - [2026-03-11T15:12:11.909+0000] {dagbag.py:538} INFO - Filling up the DagBag from /home/airflow/.local/lib/python3.8/site-packages/airflow/example_dags/example_python_operator.py
[2026-03-11T15:12:11.960+0000] {processor.py:840} INFO - DAG(s) 'example_python_operator' retrieved from /home/airflow/.local/lib/python3.8/site-packages/airflow/example_dags/example_python_operator.py
[2026-03-11T15:12:12.086+0000] {logging_mixin.py:188} INFO - [2026-03-11T15:12:12.082+0000] {dag.py:3036} INFO - Sync 1 DAGs
[2026-03-11T15:12:12.143+0000] {logging_mixin.py:188} INFO - [2026-03-11T15:12:12.143+0000] {dag.py:3823} INFO - Setting next_dagrun for example_python_operator to None, run_after=None
[2026-03-11T15:12:12.220+0000] {processor.py:183} INFO - Processing /home/airflow/.local/lib/python3.8/site-packages/airflow/example_dags/example_python_operator.py took 0.345 seconds
[2026-03-11T15:12:42.639+0000] {processor.py:161} INFO - Started process (PID=441) to work on /home/airflow/.local/lib/python3.8/site-packages/airflow/example_dags/example_python_operator.py
[2026-03-11T15:12:42.640+0000] {processor.py:830} INFO - Processing file /home/airflow/.local/lib/python3.8/site-packages/airflow/example_dags/example_python_operator.py for tasks to queue
[2026-03-11T15:12:42.644+0000] {logging_mixin.py:188} INFO - [2026-03-11T15:12:42.643+0000] {dagbag.py:538} INFO - Filling up the DagBag from /home/airflow/.local/lib/python3.8/site-packages/airflow/example_dags/example_python_operator.py
[2026-03-11T15:12:42.667+0000] {processor.py:840} INFO - DAG(s) 'example_python_operator' retrieved from /home/airflow/.local/lib/python3.8/site-packages/airflow/example_dags/example_python_operator.py
[2026-03-11T15:12:42.707+0000] {logging_mixin.py:188} INFO - [2026-03-11T15:12:42.706+0000] {dag.py:3036} INFO - Sync 1 DAGs
[2026-03-11T15:12:42.730+0000] {logging_mixin.py:188} INFO - [2026-03-11T15:12:42.730+0000] {dag.py:3823} INFO - Setting next_dagrun for example_python_operator to None, run_after=None
[2026-03-11T15:12:42.764+0000] {processor.py:183} INFO - Processing /home/airflow/.local/lib/python3.8/site-packages/airflow/example_dags/example_python_operator.py took 0.130 seconds
[2026-03-11T15:13:13.347+0000] {processor.py:161} INFO - Started process (PID=497) to work on /home/airflow/.local/lib/python3.8/site-packages/airflow/example_dags/example_python_operator.py
[2026-03-11T15:13:13.348+0000] {processor.py:830} INFO - Processing file /home/airflow/.local/lib/python3.8/site-packages/airflow/example_dags/example_python_operator.py for tasks to queue
[2026-03-11T15:13:13.351+0000] {logging_mixin.py:188} INFO - [2026-03-11T15:13:13.350+0000] {dagbag.py:538} INFO - Filling up the DagBag from /home/airflow/.local/lib/python3.8/site-packages/airflow/example_dags/example_python_operator.py
[2026-03-11T15:13:13.365+0000] {processor.py:840} INFO - DAG(s) 'example_python_operator' retrieved from /home/airflow/.local/lib/python3.8/site-packages/airflow/example_dags/example_python_operator.py
[2026-03-11T15:13:13.395+0000] {logging_mixin.py:188} INFO - [2026-03-11T15:13:13.395+0000] {dag.py:3036} INFO - Sync 1 DAGs
[2026-03-11T15:13:13.413+0000] {logging_mixin.py:188} INFO - [2026-03-11T15:13:13.413+0000] {dag.py:3823} INFO - Setting next_dagrun for example_python_operator to None, run_after=None
[2026-03-11T15:13:13.444+0000] {processor.py:183} INFO - Processing /home/airflow/.local/lib/python3.8/site-packages/airflow/example_dags/example_python_operator.py took 0.101 seconds
[2026-03-11T15:13:43.503+0000] {processor.py:161} INFO - Started process (PID=553) to work on /home/airflow/.local/lib/python3.8/site-packages/airflow/example_dags/example_python_operator.py
[2026-03-11T15:13:43.505+0000] {processor.py:830} INFO - Processing file /home/airflow/.local/lib/python3.8/site-packages/airflow/example_dags/example_python_operator.py for tasks to queue
[2026-03-11T15:13:43.508+0000] {logging_mixin.py:188} INFO - [2026-03-11T15:13:43.508+0000] {dagbag.py:538} INFO - Filling up the DagBag from /home/airflow/.local/lib/python3.8/site-packages/airflow/example_dags/example_python_operator.py
[2026-03-11T15:13:43.525+0000] {processor.py:840} INFO - DAG(s) 'example_python_operator' retrieved from /home/airflow/.local/lib/python3.8/site-packages/airflow/example_dags/example_python_operator.py
[2026-03-11T15:13:43.555+0000] {logging_mixin.py:188} INFO - [2026-03-11T15:13:43.555+0000] {dag.py:3036} INFO - Sync 1 DAGs
[2026-03-11T15:13:43.572+0000] {logging_mixin.py:188} INFO - [2026-03-11T15:13:43.572+0000] {dag.py:3823} INFO - Setting next_dagrun for example_python_operator to None, run_after=None
[2026-03-11T15:13:43.596+0000] {processor.py:183} INFO - Processing /home/airflow/.local/lib/python3.8/site-packages/airflow/example_dags/example_python_operator.py took 0.098 seconds
[2026-03-11T15:14:14.178+0000] {processor.py:161} INFO - Started process (PID=609) to work on /home/airflow/.local/lib/python3.8/site-packages/airflow/example_dags/example_python_operator.py
[2026-03-11T15:14:14.180+0000] {processor.py:830} INFO - Processing file /home/airflow/.local/lib/python3.8/site-packages/airflow/example_dags/example_python_operator.py for tasks to queue
[2026-03-11T15:14:14.185+0000] {logging_mixin.py:188} INFO - [2026-03-11T15:14:14.184+0000] {dagbag.py:538} INFO - Filling up the DagBag from /home/airflow/.local/lib/python3.8/site-packages/airflow/example_dags/example_python_operator.py
[2026-03-11T15:14:14.208+0000] {processor.py:840} INFO - DAG(s) 'example_python_operator' retrieved from /home/airflow/.local/lib/python3.8/site-packages/airflow/example_dags/example_python_operator.py
[2026-03-11T15:14:14.248+0000] {logging_mixin.py:188} INFO - [2026-03-11T15:14:14.248+0000] {dag.py:3036} INFO - Sync 1 DAGs
[2026-03-11T15:14:14.275+0000] {logging_mixin.py:188} INFO - [2026-03-11T15:14:14.275+0000] {dag.py:3823} INFO - Setting next_dagrun for example_python_operator to None, run_after=None
[2026-03-11T15:14:14.317+0000] {processor.py:183} INFO - Processing /home/airflow/.local/lib/python3.8/site-packages/airflow/example_dags/example_python_operator.py took 0.145 seconds
[2026-03-11T15:14:44.599+0000] {processor.py:161} INFO - Started process (PID=665) to work on /home/airflow/.local/lib/python3.8/site-packages/airflow/example_dags/example_python_operator.py
[2026-03-11T15:14:44.601+0000] {processor.py:830} INFO - Processing file /home/airflow/.local/lib/python3.8/site-packages/airflow/example_dags/example_python_operator.py for tasks to queue
[2026-03-11T15:14:44.604+0000] {logging_mixin.py:188} INFO - [2026-03-11T15:14:44.603+0000] {dagbag.py:538} INFO - Filling up the DagBag from /home/airflow/.local/lib/python3.8/site-packages/airflow/example_dags/example_python_operator.py
[2026-03-11T15:14:44.620+0000] {processor.py:840} INFO - DAG(s) 'example_python_operator' retrieved from /home/airflow/.local/lib/python3.8/site-packages/airflow/example_dags/example_python_operator.py
[2026-03-11T15:14:44.654+0000] {logging_mixin.py:188} INFO - [2026-03-11T15:14:44.653+0000] {dag.py:3036} INFO - Sync 1 DAGs
[2026-03-11T15:14:44.671+0000] {logging_mixin.py:188} INFO - [2026-03-11T15:14:44.671+0000] {dag.py:3823} INFO - Setting next_dagrun for example_python_operator to None, run_after=None
[2026-03-11T15:14:44.701+0000] {processor.py:183} INFO - Processing /home/airflow/.local/lib/python3.8/site-packages/airflow/example_dags/example_python_operator.py took 0.107 seconds
[2026-03-11T15:15:14.907+0000] {processor.py:161} INFO - Started process (PID=721) to work on /home/airflow/.local/lib/python3.8/site-packages/airflow/example_dags/example_python_operator.py
[2026-03-11T15:15:14.908+0000] {processor.py:830} INFO - Processing file /home/airflow/.local/lib/python3.8/site-packages/airflow/example_dags/example_python_operator.py for tasks to queue
[2026-03-11T15:15:14.915+0000] {logging_mixin.py:188} INFO - [2026-03-11T15:15:14.914+0000] {dagbag.py:538} INFO - Filling up the DagBag from /home/airflow/.local/lib/python3.8/site-packages/airflow/example_dags/example_python_operator.py
[2026-03-11T15:15:14.933+0000] {processor.py:840} INFO - DAG(s) 'example_python_operator' retrieved from /home/airflow/.local/lib/python3.8/site-packages/airflow/example_dags/example_python_operator.py
[2026-03-11T15:15:14.980+0000] {logging_mixin.py:188} INFO - [2026-03-11T15:15:14.979+0000] {dag.py:3036} INFO - Sync 1 DAGs
[2026-03-11T15:15:14.998+0000] {logging_mixin.py:188} INFO - [2026-03-11T15:15:14.997+0000] {dag.py:3823} INFO - Setting next_dagrun for example_python_operator to None, run_after=None
[2026-03-11T15:15:15.028+0000] {processor.py:183} INFO - Processing /home/airflow/.local/lib/python3.8/site-packages/airflow/example_dags/example_python_operator.py took 0.128 seconds
[2026-03-11T15:15:45.186+0000] {processor.py:161} INFO - Started process (PID=777) to work on /home/airflow/.local/lib/python3.8/site-packages/airflow/example_dags/example_python_operator.py
[2026-03-11T15:15:45.188+0000] {processor.py:830} INFO - Processing file /home/airflow/.local/lib/python3.8/site-packages/airflow/example_dags/example_python_operator.py for tasks to queue
[2026-03-11T15:15:45.191+0000] {logging_mixin.py:188} INFO - [2026-03-11T15:15:45.190+0000] {dagbag.py:538} INFO - Filling up the DagBag from /home/airflow/.local/lib/python3.8/site-packages/airflow/example_dags/example_python_operator.py
[2026-03-11T15:15:45.207+0000] {processor.py:840} INFO - DAG(s) 'example_python_operator' retrieved from /home/airflow/.local/lib/python3.8/site-packages/airflow/example_dags/example_python_operator.py
[2026-03-11T15:15:45.242+0000] {logging_mixin.py:188} INFO - [2026-03-11T15:15:45.241+0000] {dag.py:3036} INFO - Sync 1 DAGs
[2026-03-11T15:15:45.260+0000] {logging_mixin.py:188} INFO - [2026-03-11T15:15:45.259+0000] {dag.py:3823} INFO - Setting next_dagrun for example_python_operator to None, run_after=None
[2026-03-11T15:15:45.289+0000] {processor.py:183} INFO - Processing /home/airflow/.local/lib/python3.8/site-packages/airflow/example_dags/example_python_operator.py took 0.108 seconds
[2026-03-11T15:16:15.397+0000] {processor.py:161} INFO - Started process (PID=833) to work on /home/airflow/.local/lib/python3.8/site-packages/airflow/example_dags/example_python_operator.py
[2026-03-11T15:16:15.398+0000] {processor.py:830} INFO - Processing file /home/airflow/.local/lib/python3.8/site-packages/airflow/example_dags/example_python_operator.py for tasks to queue
[2026-03-11T15:16:15.401+0000] {logging_mixin.py:188} INFO - [2026-03-11T15:16:15.401+0000] {dagbag.py:538} INFO - Filling up the DagBag from /home/airflow/.local/lib/python3.8/site-packages/airflow/example_dags/example_python_operator.py
[2026-03-11T15:16:15.420+0000] {processor.py:840} INFO - DAG(s) 'example_python_operator' retrieved from /home/airflow/.local/lib/python3.8/site-packages/airflow/example_dags/example_python_operator.py
[2026-03-11T15:16:15.458+0000] {logging_mixin.py:188} INFO - [2026-03-11T15:16:15.457+0000] {dag.py:3036} INFO - Sync 1 DAGs
[2026-03-11T15:16:15.474+0000] {logging_mixin.py:188} INFO - [2026-03-11T15:16:15.473+0000] {dag.py:3823} INFO - Setting next_dagrun for example_python_operator to None, run_after=None
[2026-03-11T15:16:15.503+0000] {processor.py:183} INFO - Processing /home/airflow/.local/lib/python3.8/site-packages/airflow/example_dags/example_python_operator.py took 0.111 seconds
[2026-03-11T15:16:45.651+0000] {processor.py:161} INFO - Started process (PID=889) to work on /home/airflow/.local/lib/python3.8/site-packages/airflow/example_dags/example_python_operator.py
[2026-03-11T15:16:45.654+0000] {processor.py:830} INFO - Processing file /home/airflow/.local/lib/python3.8/site-packages/airflow/example_dags/example_python_operator.py for tasks to queue
[2026-03-11T15:16:45.659+0000] {logging_mixin.py:188} INFO - [2026-03-11T15:16:45.658+0000] {dagbag.py:538} INFO - Filling up the DagBag from /home/airflow/.local/lib/python3.8/site-packages/airflow/example_dags/example_python_operator.py
[2026-03-11T15:16:45.681+0000] {processor.py:840} INFO - DAG(s) 'example_python_operator' retrieved from /home/airflow/.local/lib/python3.8/site-packages/airflow/example_dags/example_python_operator.py
[2026-03-11T15:16:45.738+0000] {logging_mixin.py:188} INFO - [2026-03-11T15:16:45.737+0000] {dag.py:3036} INFO - Sync 1 DAGs
[2026-03-11T15:16:45.758+0000] {logging_mixin.py:188} INFO - [2026-03-11T15:16:45.758+0000] {dag.py:3823} INFO - Setting next_dagrun for example_python_operator to None, run_after=None
[2026-03-11T15:16:45.794+0000] {processor.py:183} INFO - Processing /home/airflow/.local/lib/python3.8/site-packages/airflow/example_dags/example_python_operator.py took 0.151 seconds
[2026-03-11T15:17:16.745+0000] {processor.py:161} INFO - Started process (PID=945) to work on /home/airflow/.local/lib/python3.8/site-packages/airflow/example_dags/example_python_operator.py
[2026-03-11T15:17:16.749+0000] {processor.py:830} INFO - Processing file /home/airflow/.local/lib/python3.8/site-packages/airflow/example_dags/example_python_operator.py for tasks to queue
[2026-03-11T15:17:16.756+0000] {logging_mixin.py:188} INFO - [2026-03-11T15:17:16.756+0000] {dagbag.py:538} INFO - Filling up the DagBag from /home/airflow/.local/lib/python3.8/site-packages/airflow/example_dags/example_python_operator.py
[2026-03-11T15:17:16.813+0000] {processor.py:840} INFO - DAG(s) 'example_python_operator' retrieved from /home/airflow/.local/lib/python3.8/site-packages/airflow/example_dags/example_python_operator.py
[2026-03-11T15:17:16.950+0000] {logging_mixin.py:188} INFO - [2026-03-11T15:17:16.950+0000] {dag.py:3036} INFO - Sync 1 DAGs
[2026-03-11T15:17:16.986+0000] {logging_mixin.py:188} INFO - [2026-03-11T15:17:16.986+0000] {dag.py:3823} INFO - Setting next_dagrun for example_python_operator to None, run_after=None
[2026-03-11T15:17:17.064+0000] {processor.py:183} INFO - Processing /home/airflow/.local/lib/python3.8/site-packages/airflow/example_dags/example_python_operator.py took 0.380 seconds
[2026-03-11T15:17:47.110+0000] {processor.py:161} INFO - Started process (PID=1000) to work on /home/airflow/.local/lib/python3.8/site-packages/airflow/example_dags/example_python_operator.py
[2026-03-11T15:17:47.112+0000] {processor.py:830} INFO - Processing file /home/airflow/.local/lib/python3.8/site-packages/airflow/example_dags/example_python_operator.py for tasks to queue
[2026-03-11T15:17:47.117+0000] {logging_mixin.py:188} INFO - [2026-03-11T15:17:47.116+0000] {dagbag.py:538} INFO - Filling up the DagBag from /home/airflow/.local/lib/python3.8/site-packages/airflow/example_dags/example_python_operator.py
[2026-03-11T15:17:47.139+0000] {processor.py:840} INFO - DAG(s) 'example_python_operator' retrieved from /home/airflow/.local/lib/python3.8/site-packages/airflow/example_dags/example_python_operator.py
[2026-03-11T15:17:47.231+0000] {logging_mixin.py:188} INFO - [2026-03-11T15:17:47.230+0000] {dag.py:3036} INFO - Sync 1 DAGs
[2026-03-11T15:17:47.253+0000] {logging_mixin.py:188} INFO - [2026-03-11T15:17:47.252+0000] {dag.py:3823} INFO - Setting next_dagrun for example_python_operator to None, run_after=None
[2026-03-11T15:17:47.289+0000] {processor.py:183} INFO - Processing /home/airflow/.local/lib/python3.8/site-packages/airflow/example_dags/example_python_operator.py took 0.190 seconds
[2026-03-11T15:18:18.101+0000] {processor.py:161} INFO - Started process (PID=1057) to work on /home/airflow/.local/lib/python3.8/site-packages/airflow/example_dags/example_python_operator.py
[2026-03-11T15:18:18.102+0000] {processor.py:830} INFO - Processing file /home/airflow/.local/lib/python3.8/site-packages/airflow/example_dags/example_python_operator.py for tasks to queue
[2026-03-11T15:18:18.108+0000] {logging_mixin.py:188} INFO - [2026-03-11T15:18:18.108+0000] {dagbag.py:538} INFO - Filling up the DagBag from /home/airflow/.local/lib/python3.8/site-packages/airflow/example_dags/example_python_operator.py
[2026-03-11T15:18:18.124+0000] {processor.py:840} INFO - DAG(s) 'example_python_operator' retrieved from /home/airflow/.local/lib/python3.8/site-packages/airflow/example_dags/example_python_operator.py
[2026-03-11T15:18:18.149+0000] {logging_mixin.py:188} INFO - [2026-03-11T15:18:18.148+0000] {dag.py:3036} INFO - Sync 1 DAGs
[2026-03-11T15:18:18.163+0000] {logging_mixin.py:188} INFO - [2026-03-11T15:18:18.162+0000] {dag.py:3823} INFO - Setting next_dagrun for example_python_operator to None, run_after=None
[2026-03-11T15:18:18.184+0000] {processor.py:183} INFO - Processing /home/airflow/.local/lib/python3.8/site-packages/airflow/example_dags/example_python_operator.py took 0.086 seconds
