[2026-03-11T15:09:35.139+0000] {processor.py:161} INFO - Started process (PID=90) to work on /home/airflow/.local/lib/python3.8/site-packages/airflow/example_dags/example_short_circuit_decorator.py
[2026-03-11T15:09:35.141+0000] {processor.py:830} INFO - Processing file /home/airflow/.local/lib/python3.8/site-packages/airflow/example_dags/example_short_circuit_decorator.py for tasks to queue
[2026-03-11T15:09:35.145+0000] {logging_mixin.py:188} INFO - [2026-03-11T15:09:35.144+0000] {dagbag.py:538} INFO - Filling up the DagBag from /home/airflow/.local/lib/python3.8/site-packages/airflow/example_dags/example_short_circuit_decorator.py
[2026-03-11T15:09:35.172+0000] {processor.py:840} INFO - DAG(s) 'example_short_circuit_decorator' retrieved from /home/airflow/.local/lib/python3.8/site-packages/airflow/example_dags/example_short_circuit_decorator.py
[2026-03-11T15:09:35.372+0000] {logging_mixin.py:188} INFO - [2026-03-11T15:09:35.371+0000] {dag.py:3036} INFO - Sync 1 DAGs
[2026-03-11T15:09:35.402+0000] {logging_mixin.py:188} INFO - [2026-03-11T15:09:35.401+0000] {dag.py:3823} INFO - Setting next_dagrun for example_short_circuit_decorator to 2026-03-10 00:00:00+00:00, run_after=2026-03-11 00:00:00+00:00
[2026-03-11T15:09:35.432+0000] {processor.py:183} INFO - Processing /home/airflow/.local/lib/python3.8/site-packages/airflow/example_dags/example_short_circuit_decorator.py took 0.299 seconds
[2026-03-11T15:10:06.545+0000] {processor.py:161} INFO - Started process (PID=146) to work on /home/airflow/.local/lib/python3.8/site-packages/airflow/example_dags/example_short_circuit_decorator.py
[2026-03-11T15:10:06.547+0000] {processor.py:830} INFO - Processing file /home/airflow/.local/lib/python3.8/site-packages/airflow/example_dags/example_short_circuit_decorator.py for tasks to queue
[2026-03-11T15:10:06.552+0000] {logging_mixin.py:188} INFO - [2026-03-11T15:10:06.552+0000] {dagbag.py:538} INFO - Filling up the DagBag from /home/airflow/.local/lib/python3.8/site-packages/airflow/example_dags/example_short_circuit_decorator.py
[2026-03-11T15:10:06.564+0000] {processor.py:840} INFO - DAG(s) 'example_short_circuit_decorator' retrieved from /home/airflow/.local/lib/python3.8/site-packages/airflow/example_dags/example_short_circuit_decorator.py
[2026-03-11T15:10:06.592+0000] {logging_mixin.py:188} INFO - [2026-03-11T15:10:06.592+0000] {dag.py:3036} INFO - Sync 1 DAGs
[2026-03-11T15:10:06.620+0000] {logging_mixin.py:188} INFO - [2026-03-11T15:10:06.620+0000] {dag.py:3823} INFO - Setting next_dagrun for example_short_circuit_decorator to 2026-03-10 00:00:00+00:00, run_after=2026-03-11 00:00:00+00:00
[2026-03-11T15:10:06.644+0000] {processor.py:183} INFO - Processing /home/airflow/.local/lib/python3.8/site-packages/airflow/example_dags/example_short_circuit_decorator.py took 0.104 seconds
[2026-03-11T15:10:37.500+0000] {processor.py:161} INFO - Started process (PID=202) to work on /home/airflow/.local/lib/python3.8/site-packages/airflow/example_dags/example_short_circuit_decorator.py
[2026-03-11T15:10:37.503+0000] {processor.py:830} INFO - Processing file /home/airflow/.local/lib/python3.8/site-packages/airflow/example_dags/example_short_circuit_decorator.py for tasks to queue
[2026-03-11T15:10:37.506+0000] {logging_mixin.py:188} INFO - [2026-03-11T15:10:37.506+0000] {dagbag.py:538} INFO - Filling up the DagBag from /home/airflow/.local/lib/python3.8/site-packages/airflow/example_dags/example_short_circuit_decorator.py
[2026-03-11T15:10:37.525+0000] {processor.py:840} INFO - DAG(s) 'example_short_circuit_decorator' retrieved from /home/airflow/.local/lib/python3.8/site-packages/airflow/example_dags/example_short_circuit_decorator.py
[2026-03-11T15:10:37.570+0000] {logging_mixin.py:188} INFO - [2026-03-11T15:10:37.570+0000] {dag.py:3036} INFO - Sync 1 DAGs
[2026-03-11T15:10:37.605+0000] {logging_mixin.py:188} INFO - [2026-03-11T15:10:37.605+0000] {dag.py:3823} INFO - Setting next_dagrun for example_short_circuit_decorator to 2026-03-10 00:00:00+00:00, run_after=2026-03-11 00:00:00+00:00
[2026-03-11T15:10:37.630+0000] {processor.py:183} INFO - Processing /home/airflow/.local/lib/python3.8/site-packages/airflow/example_dags/example_short_circuit_decorator.py took 0.136 seconds
[2026-03-11T15:11:08.238+0000] {processor.py:161} INFO - Started process (PID=258) to work on /home/airflow/.local/lib/python3.8/site-packages/airflow/example_dags/example_short_circuit_decorator.py
[2026-03-11T15:11:08.241+0000] {processor.py:830} INFO - Processing file /home/airflow/.local/lib/python3.8/site-packages/airflow/example_dags/example_short_circuit_decorator.py for tasks to queue
[2026-03-11T15:11:08.245+0000] {logging_mixin.py:188} INFO - [2026-03-11T15:11:08.245+0000] {dagbag.py:538} INFO - Filling up the DagBag from /home/airflow/.local/lib/python3.8/site-packages/airflow/example_dags/example_short_circuit_decorator.py
[2026-03-11T15:11:08.261+0000] {processor.py:840} INFO - DAG(s) 'example_short_circuit_decorator' retrieved from /home/airflow/.local/lib/python3.8/site-packages/airflow/example_dags/example_short_circuit_decorator.py
[2026-03-11T15:11:08.298+0000] {logging_mixin.py:188} INFO - [2026-03-11T15:11:08.298+0000] {dag.py:3036} INFO - Sync 1 DAGs
[2026-03-11T15:11:08.332+0000] {logging_mixin.py:188} INFO - [2026-03-11T15:11:08.332+0000] {dag.py:3823} INFO - Setting next_dagrun for example_short_circuit_decorator to 2026-03-10 00:00:00+00:00, run_after=2026-03-11 00:00:00+00:00
[2026-03-11T15:11:08.359+0000] {processor.py:183} INFO - Processing /home/airflow/.local/lib/python3.8/site-packages/airflow/example_dags/example_short_circuit_decorator.py took 0.126 seconds
[2026-03-11T15:11:38.495+0000] {processor.py:161} INFO - Started process (PID=314) to work on /home/airflow/.local/lib/python3.8/site-packages/airflow/example_dags/example_short_circuit_decorator.py
[2026-03-11T15:11:38.497+0000] {processor.py:830} INFO - Processing file /home/airflow/.local/lib/python3.8/site-packages/airflow/example_dags/example_short_circuit_decorator.py for tasks to queue
[2026-03-11T15:11:38.501+0000] {logging_mixin.py:188} INFO - [2026-03-11T15:11:38.500+0000] {dagbag.py:538} INFO - Filling up the DagBag from /home/airflow/.local/lib/python3.8/site-packages/airflow/example_dags/example_short_circuit_decorator.py
[2026-03-11T15:11:38.516+0000] {processor.py:840} INFO - DAG(s) 'example_short_circuit_decorator' retrieved from /home/airflow/.local/lib/python3.8/site-packages/airflow/example_dags/example_short_circuit_decorator.py
[2026-03-11T15:11:38.547+0000] {logging_mixin.py:188} INFO - [2026-03-11T15:11:38.546+0000] {dag.py:3036} INFO - Sync 1 DAGs
[2026-03-11T15:11:38.577+0000] {logging_mixin.py:188} INFO - [2026-03-11T15:11:38.577+0000] {dag.py:3823} INFO - Setting next_dagrun for example_short_circuit_decorator to 2026-03-10 00:00:00+00:00, run_after=2026-03-11 00:00:00+00:00
[2026-03-11T15:11:38.601+0000] {processor.py:183} INFO - Processing /home/airflow/.local/lib/python3.8/site-packages/airflow/example_dags/example_short_circuit_decorator.py took 0.111 seconds
[2026-03-11T15:12:09.499+0000] {processor.py:161} INFO - Started process (PID=370) to work on /home/airflow/.local/lib/python3.8/site-packages/airflow/example_dags/example_short_circuit_decorator.py
[2026-03-11T15:12:09.503+0000] {processor.py:830} INFO - Processing file /home/airflow/.local/lib/python3.8/site-packages/airflow/example_dags/example_short_circuit_decorator.py for tasks to queue
[2026-03-11T15:12:09.507+0000] {logging_mixin.py:188} INFO - [2026-03-11T15:12:09.506+0000] {dagbag.py:538} INFO - Filling up the DagBag from /home/airflow/.local/lib/python3.8/site-packages/airflow/example_dags/example_short_circuit_decorator.py
[2026-03-11T15:12:09.532+0000] {processor.py:840} INFO - DAG(s) 'example_short_circuit_decorator' retrieved from /home/airflow/.local/lib/python3.8/site-packages/airflow/example_dags/example_short_circuit_decorator.py
[2026-03-11T15:12:09.588+0000] {logging_mixin.py:188} INFO - [2026-03-11T15:12:09.588+0000] {dag.py:3036} INFO - Sync 1 DAGs
[2026-03-11T15:12:09.662+0000] {logging_mixin.py:188} INFO - [2026-03-11T15:12:09.662+0000] {dag.py:3823} INFO - Setting next_dagrun for example_short_circuit_decorator to 2026-03-10 00:00:00+00:00, run_after=2026-03-11 00:00:00+00:00
[2026-03-11T15:12:09.705+0000] {processor.py:183} INFO - Processing /home/airflow/.local/lib/python3.8/site-packages/airflow/example_dags/example_short_circuit_decorator.py took 0.216 seconds
[2026-03-11T15:12:39.891+0000] {processor.py:161} INFO - Started process (PID=426) to work on /home/airflow/.local/lib/python3.8/site-packages/airflow/example_dags/example_short_circuit_decorator.py
[2026-03-11T15:12:39.892+0000] {processor.py:830} INFO - Processing file /home/airflow/.local/lib/python3.8/site-packages/airflow/example_dags/example_short_circuit_decorator.py for tasks to queue
[2026-03-11T15:12:39.897+0000] {logging_mixin.py:188} INFO - [2026-03-11T15:12:39.896+0000] {dagbag.py:538} INFO - Filling up the DagBag from /home/airflow/.local/lib/python3.8/site-packages/airflow/example_dags/example_short_circuit_decorator.py
[2026-03-11T15:12:39.912+0000] {processor.py:840} INFO - DAG(s) 'example_short_circuit_decorator' retrieved from /home/airflow/.local/lib/python3.8/site-packages/airflow/example_dags/example_short_circuit_decorator.py
[2026-03-11T15:12:39.952+0000] {logging_mixin.py:188} INFO - [2026-03-11T15:12:39.952+0000] {dag.py:3036} INFO - Sync 1 DAGs
[2026-03-11T15:12:39.980+0000] {logging_mixin.py:188} INFO - [2026-03-11T15:12:39.980+0000] {dag.py:3823} INFO - Setting next_dagrun for example_short_circuit_decorator to 2026-03-10 00:00:00+00:00, run_after=2026-03-11 00:00:00+00:00
[2026-03-11T15:12:40.002+0000] {processor.py:183} INFO - Processing /home/airflow/.local/lib/python3.8/site-packages/airflow/example_dags/example_short_circuit_decorator.py took 0.117 seconds
[2026-03-11T15:13:10.090+0000] {processor.py:161} INFO - Started process (PID=482) to work on /home/airflow/.local/lib/python3.8/site-packages/airflow/example_dags/example_short_circuit_decorator.py
[2026-03-11T15:13:10.092+0000] {processor.py:830} INFO - Processing file /home/airflow/.local/lib/python3.8/site-packages/airflow/example_dags/example_short_circuit_decorator.py for tasks to queue
[2026-03-11T15:13:10.095+0000] {logging_mixin.py:188} INFO - [2026-03-11T15:13:10.095+0000] {dagbag.py:538} INFO - Filling up the DagBag from /home/airflow/.local/lib/python3.8/site-packages/airflow/example_dags/example_short_circuit_decorator.py
[2026-03-11T15:13:10.108+0000] {processor.py:840} INFO - DAG(s) 'example_short_circuit_decorator' retrieved from /home/airflow/.local/lib/python3.8/site-packages/airflow/example_dags/example_short_circuit_decorator.py
[2026-03-11T15:13:10.139+0000] {logging_mixin.py:188} INFO - [2026-03-11T15:13:10.139+0000] {dag.py:3036} INFO - Sync 1 DAGs
[2026-03-11T15:13:10.171+0000] {logging_mixin.py:188} INFO - [2026-03-11T15:13:10.171+0000] {dag.py:3823} INFO - Setting next_dagrun for example_short_circuit_decorator to 2026-03-10 00:00:00+00:00, run_after=2026-03-11 00:00:00+00:00
[2026-03-11T15:13:10.197+0000] {processor.py:183} INFO - Processing /home/airflow/.local/lib/python3.8/site-packages/airflow/example_dags/example_short_circuit_decorator.py took 0.111 seconds
[2026-03-11T15:13:40.288+0000] {processor.py:161} INFO - Started process (PID=538) to work on /home/airflow/.local/lib/python3.8/site-packages/airflow/example_dags/example_short_circuit_decorator.py
[2026-03-11T15:13:40.289+0000] {processor.py:830} INFO - Processing file /home/airflow/.local/lib/python3.8/site-packages/airflow/example_dags/example_short_circuit_decorator.py for tasks to queue
[2026-03-11T15:13:40.292+0000] {logging_mixin.py:188} INFO - [2026-03-11T15:13:40.291+0000] {dagbag.py:538} INFO - Filling up the DagBag from /home/airflow/.local/lib/python3.8/site-packages/airflow/example_dags/example_short_circuit_decorator.py
[2026-03-11T15:13:40.305+0000] {processor.py:840} INFO - DAG(s) 'example_short_circuit_decorator' retrieved from /home/airflow/.local/lib/python3.8/site-packages/airflow/example_dags/example_short_circuit_decorator.py
[2026-03-11T15:13:40.340+0000] {logging_mixin.py:188} INFO - [2026-03-11T15:13:40.339+0000] {dag.py:3036} INFO - Sync 1 DAGs
[2026-03-11T15:13:40.372+0000] {logging_mixin.py:188} INFO - [2026-03-11T15:13:40.372+0000] {dag.py:3823} INFO - Setting next_dagrun for example_short_circuit_decorator to 2026-03-10 00:00:00+00:00, run_after=2026-03-11 00:00:00+00:00
[2026-03-11T15:13:40.398+0000] {processor.py:183} INFO - Processing /home/airflow/.local/lib/python3.8/site-packages/airflow/example_dags/example_short_circuit_decorator.py took 0.115 seconds
[2026-03-11T15:14:10.918+0000] {processor.py:161} INFO - Started process (PID=594) to work on /home/airflow/.local/lib/python3.8/site-packages/airflow/example_dags/example_short_circuit_decorator.py
[2026-03-11T15:14:10.921+0000] {processor.py:830} INFO - Processing file /home/airflow/.local/lib/python3.8/site-packages/airflow/example_dags/example_short_circuit_decorator.py for tasks to queue
[2026-03-11T15:14:10.929+0000] {logging_mixin.py:188} INFO - [2026-03-11T15:14:10.928+0000] {dagbag.py:538} INFO - Filling up the DagBag from /home/airflow/.local/lib/python3.8/site-packages/airflow/example_dags/example_short_circuit_decorator.py
[2026-03-11T15:14:10.952+0000] {processor.py:840} INFO - DAG(s) 'example_short_circuit_decorator' retrieved from /home/airflow/.local/lib/python3.8/site-packages/airflow/example_dags/example_short_circuit_decorator.py
[2026-03-11T15:14:11.015+0000] {logging_mixin.py:188} INFO - [2026-03-11T15:14:11.015+0000] {dag.py:3036} INFO - Sync 1 DAGs
[2026-03-11T15:14:11.074+0000] {logging_mixin.py:188} INFO - [2026-03-11T15:14:11.073+0000] {dag.py:3823} INFO - Setting next_dagrun for example_short_circuit_decorator to 2026-03-10 00:00:00+00:00, run_after=2026-03-11 00:00:00+00:00
[2026-03-11T15:14:11.122+0000] {processor.py:183} INFO - Processing /home/airflow/.local/lib/python3.8/site-packages/airflow/example_dags/example_short_circuit_decorator.py took 0.211 seconds
[2026-03-11T15:14:41.315+0000] {processor.py:161} INFO - Started process (PID=650) to work on /home/airflow/.local/lib/python3.8/site-packages/airflow/example_dags/example_short_circuit_decorator.py
[2026-03-11T15:14:41.317+0000] {processor.py:830} INFO - Processing file /home/airflow/.local/lib/python3.8/site-packages/airflow/example_dags/example_short_circuit_decorator.py for tasks to queue
[2026-03-11T15:14:41.322+0000] {logging_mixin.py:188} INFO - [2026-03-11T15:14:41.321+0000] {dagbag.py:538} INFO - Filling up the DagBag from /home/airflow/.local/lib/python3.8/site-packages/airflow/example_dags/example_short_circuit_decorator.py
[2026-03-11T15:14:41.339+0000] {processor.py:840} INFO - DAG(s) 'example_short_circuit_decorator' retrieved from /home/airflow/.local/lib/python3.8/site-packages/airflow/example_dags/example_short_circuit_decorator.py
[2026-03-11T15:14:41.379+0000] {logging_mixin.py:188} INFO - [2026-03-11T15:14:41.379+0000] {dag.py:3036} INFO - Sync 1 DAGs
[2026-03-11T15:14:41.408+0000] {logging_mixin.py:188} INFO - [2026-03-11T15:14:41.407+0000] {dag.py:3823} INFO - Setting next_dagrun for example_short_circuit_decorator to 2026-03-10 00:00:00+00:00, run_after=2026-03-11 00:00:00+00:00
[2026-03-11T15:14:41.431+0000] {processor.py:183} INFO - Processing /home/airflow/.local/lib/python3.8/site-packages/airflow/example_dags/example_short_circuit_decorator.py took 0.123 seconds
[2026-03-11T15:15:11.478+0000] {processor.py:161} INFO - Started process (PID=706) to work on /home/airflow/.local/lib/python3.8/site-packages/airflow/example_dags/example_short_circuit_decorator.py
[2026-03-11T15:15:11.481+0000] {processor.py:830} INFO - Processing file /home/airflow/.local/lib/python3.8/site-packages/airflow/example_dags/example_short_circuit_decorator.py for tasks to queue
[2026-03-11T15:15:11.484+0000] {logging_mixin.py:188} INFO - [2026-03-11T15:15:11.484+0000] {dagbag.py:538} INFO - Filling up the DagBag from /home/airflow/.local/lib/python3.8/site-packages/airflow/example_dags/example_short_circuit_decorator.py
[2026-03-11T15:15:11.498+0000] {processor.py:840} INFO - DAG(s) 'example_short_circuit_decorator' retrieved from /home/airflow/.local/lib/python3.8/site-packages/airflow/example_dags/example_short_circuit_decorator.py
[2026-03-11T15:15:11.529+0000] {logging_mixin.py:188} INFO - [2026-03-11T15:15:11.529+0000] {dag.py:3036} INFO - Sync 1 DAGs
[2026-03-11T15:15:11.558+0000] {logging_mixin.py:188} INFO - [2026-03-11T15:15:11.557+0000] {dag.py:3823} INFO - Setting next_dagrun for example_short_circuit_decorator to 2026-03-10 00:00:00+00:00, run_after=2026-03-11 00:00:00+00:00
[2026-03-11T15:15:11.582+0000] {processor.py:183} INFO - Processing /home/airflow/.local/lib/python3.8/site-packages/airflow/example_dags/example_short_circuit_decorator.py took 0.108 seconds
[2026-03-11T15:15:41.927+0000] {processor.py:161} INFO - Started process (PID=762) to work on /home/airflow/.local/lib/python3.8/site-packages/airflow/example_dags/example_short_circuit_decorator.py
[2026-03-11T15:15:41.928+0000] {processor.py:830} INFO - Processing file /home/airflow/.local/lib/python3.8/site-packages/airflow/example_dags/example_short_circuit_decorator.py for tasks to queue
[2026-03-11T15:15:41.932+0000] {logging_mixin.py:188} INFO - [2026-03-11T15:15:41.931+0000] {dagbag.py:538} INFO - Filling up the DagBag from /home/airflow/.local/lib/python3.8/site-packages/airflow/example_dags/example_short_circuit_decorator.py
[2026-03-11T15:15:41.946+0000] {processor.py:840} INFO - DAG(s) 'example_short_circuit_decorator' retrieved from /home/airflow/.local/lib/python3.8/site-packages/airflow/example_dags/example_short_circuit_decorator.py
[2026-03-11T15:15:41.982+0000] {logging_mixin.py:188} INFO - [2026-03-11T15:15:41.982+0000] {dag.py:3036} INFO - Sync 1 DAGs
[2026-03-11T15:15:42.015+0000] {logging_mixin.py:188} INFO - [2026-03-11T15:15:42.015+0000] {dag.py:3823} INFO - Setting next_dagrun for example_short_circuit_decorator to 2026-03-10 00:00:00+00:00, run_after=2026-03-11 00:00:00+00:00
[2026-03-11T15:15:42.044+0000] {processor.py:183} INFO - Processing /home/airflow/.local/lib/python3.8/site-packages/airflow/example_dags/example_short_circuit_decorator.py took 0.122 seconds
[2026-03-11T15:16:12.312+0000] {processor.py:161} INFO - Started process (PID=818) to work on /home/airflow/.local/lib/python3.8/site-packages/airflow/example_dags/example_short_circuit_decorator.py
[2026-03-11T15:16:12.313+0000] {processor.py:830} INFO - Processing file /home/airflow/.local/lib/python3.8/site-packages/airflow/example_dags/example_short_circuit_decorator.py for tasks to queue
[2026-03-11T15:16:12.318+0000] {logging_mixin.py:188} INFO - [2026-03-11T15:16:12.318+0000] {dagbag.py:538} INFO - Filling up the DagBag from /home/airflow/.local/lib/python3.8/site-packages/airflow/example_dags/example_short_circuit_decorator.py
[2026-03-11T15:16:12.330+0000] {processor.py:840} INFO - DAG(s) 'example_short_circuit_decorator' retrieved from /home/airflow/.local/lib/python3.8/site-packages/airflow/example_dags/example_short_circuit_decorator.py
[2026-03-11T15:16:12.362+0000] {logging_mixin.py:188} INFO - [2026-03-11T15:16:12.362+0000] {dag.py:3036} INFO - Sync 1 DAGs
[2026-03-11T15:16:12.395+0000] {logging_mixin.py:188} INFO - [2026-03-11T15:16:12.394+0000] {dag.py:3823} INFO - Setting next_dagrun for example_short_circuit_decorator to 2026-03-10 00:00:00+00:00, run_after=2026-03-11 00:00:00+00:00
[2026-03-11T15:16:12.420+0000] {processor.py:183} INFO - Processing /home/airflow/.local/lib/python3.8/site-packages/airflow/example_dags/example_short_circuit_decorator.py took 0.112 seconds
[2026-03-11T15:16:43.326+0000] {processor.py:161} INFO - Started process (PID=874) to work on /home/airflow/.local/lib/python3.8/site-packages/airflow/example_dags/example_short_circuit_decorator.py
[2026-03-11T15:16:43.327+0000] {processor.py:830} INFO - Processing file /home/airflow/.local/lib/python3.8/site-packages/airflow/example_dags/example_short_circuit_decorator.py for tasks to queue
[2026-03-11T15:16:43.332+0000] {logging_mixin.py:188} INFO - [2026-03-11T15:16:43.332+0000] {dagbag.py:538} INFO - Filling up the DagBag from /home/airflow/.local/lib/python3.8/site-packages/airflow/example_dags/example_short_circuit_decorator.py
[2026-03-11T15:16:43.354+0000] {processor.py:840} INFO - DAG(s) 'example_short_circuit_decorator' retrieved from /home/airflow/.local/lib/python3.8/site-packages/airflow/example_dags/example_short_circuit_decorator.py
[2026-03-11T15:16:43.396+0000] {logging_mixin.py:188} INFO - [2026-03-11T15:16:43.396+0000] {dag.py:3036} INFO - Sync 1 DAGs
[2026-03-11T15:16:43.434+0000] {logging_mixin.py:188} INFO - [2026-03-11T15:16:43.434+0000] {dag.py:3823} INFO - Setting next_dagrun for example_short_circuit_decorator to 2026-03-10 00:00:00+00:00, run_after=2026-03-11 00:00:00+00:00
[2026-03-11T15:16:43.472+0000] {processor.py:183} INFO - Processing /home/airflow/.local/lib/python3.8/site-packages/airflow/example_dags/example_short_circuit_decorator.py took 0.153 seconds
[2026-03-11T15:17:13.710+0000] {processor.py:161} INFO - Started process (PID=930) to work on /home/airflow/.local/lib/python3.8/site-packages/airflow/example_dags/example_short_circuit_decorator.py
[2026-03-11T15:17:13.712+0000] {processor.py:830} INFO - Processing file /home/airflow/.local/lib/python3.8/site-packages/airflow/example_dags/example_short_circuit_decorator.py for tasks to queue
[2026-03-11T15:17:13.716+0000] {logging_mixin.py:188} INFO - [2026-03-11T15:17:13.716+0000] {dagbag.py:538} INFO - Filling up the DagBag from /home/airflow/.local/lib/python3.8/site-packages/airflow/example_dags/example_short_circuit_decorator.py
[2026-03-11T15:17:13.729+0000] {processor.py:840} INFO - DAG(s) 'example_short_circuit_decorator' retrieved from /home/airflow/.local/lib/python3.8/site-packages/airflow/example_dags/example_short_circuit_decorator.py
[2026-03-11T15:17:13.766+0000] {logging_mixin.py:188} INFO - [2026-03-11T15:17:13.766+0000] {dag.py:3036} INFO - Sync 1 DAGs
[2026-03-11T15:17:13.800+0000] {logging_mixin.py:188} INFO - [2026-03-11T15:17:13.800+0000] {dag.py:3823} INFO - Setting next_dagrun for example_short_circuit_decorator to 2026-03-10 00:00:00+00:00, run_after=2026-03-11 00:00:00+00:00
[2026-03-11T15:17:13.829+0000] {processor.py:183} INFO - Processing /home/airflow/.local/lib/python3.8/site-packages/airflow/example_dags/example_short_circuit_decorator.py took 0.124 seconds
[2026-03-11T15:17:43.897+0000] {processor.py:161} INFO - Started process (PID=986) to work on /home/airflow/.local/lib/python3.8/site-packages/airflow/example_dags/example_short_circuit_decorator.py
[2026-03-11T15:17:43.899+0000] {processor.py:830} INFO - Processing file /home/airflow/.local/lib/python3.8/site-packages/airflow/example_dags/example_short_circuit_decorator.py for tasks to queue
[2026-03-11T15:17:43.901+0000] {logging_mixin.py:188} INFO - [2026-03-11T15:17:43.901+0000] {dagbag.py:538} INFO - Filling up the DagBag from /home/airflow/.local/lib/python3.8/site-packages/airflow/example_dags/example_short_circuit_decorator.py
[2026-03-11T15:17:43.915+0000] {processor.py:840} INFO - DAG(s) 'example_short_circuit_decorator' retrieved from /home/airflow/.local/lib/python3.8/site-packages/airflow/example_dags/example_short_circuit_decorator.py
[2026-03-11T15:17:43.951+0000] {logging_mixin.py:188} INFO - [2026-03-11T15:17:43.951+0000] {dag.py:3036} INFO - Sync 1 DAGs
[2026-03-11T15:17:43.981+0000] {logging_mixin.py:188} INFO - [2026-03-11T15:17:43.981+0000] {dag.py:3823} INFO - Setting next_dagrun for example_short_circuit_decorator to 2026-03-10 00:00:00+00:00, run_after=2026-03-11 00:00:00+00:00
[2026-03-11T15:17:44.006+0000] {processor.py:183} INFO - Processing /home/airflow/.local/lib/python3.8/site-packages/airflow/example_dags/example_short_circuit_decorator.py took 0.113 seconds
[2026-03-11T15:18:14.130+0000] {processor.py:161} INFO - Started process (PID=1042) to work on /home/airflow/.local/lib/python3.8/site-packages/airflow/example_dags/example_short_circuit_decorator.py
[2026-03-11T15:18:14.131+0000] {processor.py:830} INFO - Processing file /home/airflow/.local/lib/python3.8/site-packages/airflow/example_dags/example_short_circuit_decorator.py for tasks to queue
[2026-03-11T15:18:14.134+0000] {logging_mixin.py:188} INFO - [2026-03-11T15:18:14.133+0000] {dagbag.py:538} INFO - Filling up the DagBag from /home/airflow/.local/lib/python3.8/site-packages/airflow/example_dags/example_short_circuit_decorator.py
[2026-03-11T15:18:14.147+0000] {processor.py:840} INFO - DAG(s) 'example_short_circuit_decorator' retrieved from /home/airflow/.local/lib/python3.8/site-packages/airflow/example_dags/example_short_circuit_decorator.py
[2026-03-11T15:18:14.178+0000] {logging_mixin.py:188} INFO - [2026-03-11T15:18:14.178+0000] {dag.py:3036} INFO - Sync 1 DAGs
[2026-03-11T15:18:14.209+0000] {logging_mixin.py:188} INFO - [2026-03-11T15:18:14.209+0000] {dag.py:3823} INFO - Setting next_dagrun for example_short_circuit_decorator to 2026-03-10 00:00:00+00:00, run_after=2026-03-11 00:00:00+00:00
[2026-03-11T15:18:14.235+0000] {processor.py:183} INFO - Processing /home/airflow/.local/lib/python3.8/site-packages/airflow/example_dags/example_short_circuit_decorator.py took 0.110 seconds
