[2026-03-11T15:09:32.055+0000] {processor.py:161} INFO - Started process (PID=75) to work on /home/airflow/.local/lib/python3.8/site-packages/airflow/example_dags/example_latest_only.py
[2026-03-11T15:09:32.057+0000] {processor.py:830} INFO - Processing file /home/airflow/.local/lib/python3.8/site-packages/airflow/example_dags/example_latest_only.py for tasks to queue
[2026-03-11T15:09:32.062+0000] {logging_mixin.py:188} INFO - [2026-03-11T15:09:32.061+0000] {dagbag.py:538} INFO - Filling up the DagBag from /home/airflow/.local/lib/python3.8/site-packages/airflow/example_dags/example_latest_only.py
[2026-03-11T15:09:32.082+0000] {processor.py:840} INFO - DAG(s) 'latest_only' retrieved from /home/airflow/.local/lib/python3.8/site-packages/airflow/example_dags/example_latest_only.py
[2026-03-11T15:09:32.109+0000] {logging_mixin.py:188} INFO - [2026-03-11T15:09:32.108+0000] {dag.py:3036} INFO - Sync 1 DAGs
[2026-03-11T15:09:32.158+0000] {logging_mixin.py:188} INFO - [2026-03-11T15:09:32.157+0000] {dag.py:3823} INFO - Setting next_dagrun for latest_only to 2026-03-11 08:00:00+00:00, run_after=2026-03-11 12:00:00+00:00
[2026-03-11T15:09:32.203+0000] {processor.py:183} INFO - Processing /home/airflow/.local/lib/python3.8/site-packages/airflow/example_dags/example_latest_only.py took 0.158 seconds
[2026-03-11T15:10:02.883+0000] {processor.py:161} INFO - Started process (PID=131) to work on /home/airflow/.local/lib/python3.8/site-packages/airflow/example_dags/example_latest_only.py
[2026-03-11T15:10:02.891+0000] {processor.py:830} INFO - Processing file /home/airflow/.local/lib/python3.8/site-packages/airflow/example_dags/example_latest_only.py for tasks to queue
[2026-03-11T15:10:02.895+0000] {logging_mixin.py:188} INFO - [2026-03-11T15:10:02.894+0000] {dagbag.py:538} INFO - Filling up the DagBag from /home/airflow/.local/lib/python3.8/site-packages/airflow/example_dags/example_latest_only.py
[2026-03-11T15:10:02.909+0000] {processor.py:840} INFO - DAG(s) 'latest_only' retrieved from /home/airflow/.local/lib/python3.8/site-packages/airflow/example_dags/example_latest_only.py
[2026-03-11T15:10:03.287+0000] {logging_mixin.py:188} INFO - [2026-03-11T15:10:03.287+0000] {dag.py:3036} INFO - Sync 1 DAGs
[2026-03-11T15:10:03.342+0000] {logging_mixin.py:188} INFO - [2026-03-11T15:10:03.341+0000] {dag.py:3823} INFO - Setting next_dagrun for latest_only to 2026-03-11 08:00:00+00:00, run_after=2026-03-11 12:00:00+00:00
[2026-03-11T15:10:03.388+0000] {processor.py:183} INFO - Processing /home/airflow/.local/lib/python3.8/site-packages/airflow/example_dags/example_latest_only.py took 0.541 seconds
[2026-03-11T15:10:33.488+0000] {processor.py:161} INFO - Started process (PID=187) to work on /home/airflow/.local/lib/python3.8/site-packages/airflow/example_dags/example_latest_only.py
[2026-03-11T15:10:33.490+0000] {processor.py:830} INFO - Processing file /home/airflow/.local/lib/python3.8/site-packages/airflow/example_dags/example_latest_only.py for tasks to queue
[2026-03-11T15:10:33.493+0000] {logging_mixin.py:188} INFO - [2026-03-11T15:10:33.493+0000] {dagbag.py:538} INFO - Filling up the DagBag from /home/airflow/.local/lib/python3.8/site-packages/airflow/example_dags/example_latest_only.py
[2026-03-11T15:10:33.502+0000] {processor.py:840} INFO - DAG(s) 'latest_only' retrieved from /home/airflow/.local/lib/python3.8/site-packages/airflow/example_dags/example_latest_only.py
[2026-03-11T15:10:33.535+0000] {logging_mixin.py:188} INFO - [2026-03-11T15:10:33.535+0000] {dag.py:3036} INFO - Sync 1 DAGs
[2026-03-11T15:10:33.569+0000] {logging_mixin.py:188} INFO - [2026-03-11T15:10:33.569+0000] {dag.py:3823} INFO - Setting next_dagrun for latest_only to 2026-03-11 08:00:00+00:00, run_after=2026-03-11 12:00:00+00:00
[2026-03-11T15:10:33.598+0000] {processor.py:183} INFO - Processing /home/airflow/.local/lib/python3.8/site-packages/airflow/example_dags/example_latest_only.py took 0.115 seconds
[2026-03-11T15:11:04.307+0000] {processor.py:161} INFO - Started process (PID=243) to work on /home/airflow/.local/lib/python3.8/site-packages/airflow/example_dags/example_latest_only.py
[2026-03-11T15:11:04.308+0000] {processor.py:830} INFO - Processing file /home/airflow/.local/lib/python3.8/site-packages/airflow/example_dags/example_latest_only.py for tasks to queue
[2026-03-11T15:11:04.311+0000] {logging_mixin.py:188} INFO - [2026-03-11T15:11:04.311+0000] {dagbag.py:538} INFO - Filling up the DagBag from /home/airflow/.local/lib/python3.8/site-packages/airflow/example_dags/example_latest_only.py
[2026-03-11T15:11:04.318+0000] {processor.py:840} INFO - DAG(s) 'latest_only' retrieved from /home/airflow/.local/lib/python3.8/site-packages/airflow/example_dags/example_latest_only.py
[2026-03-11T15:11:04.348+0000] {logging_mixin.py:188} INFO - [2026-03-11T15:11:04.348+0000] {dag.py:3036} INFO - Sync 1 DAGs
[2026-03-11T15:11:04.380+0000] {logging_mixin.py:188} INFO - [2026-03-11T15:11:04.380+0000] {dag.py:3823} INFO - Setting next_dagrun for latest_only to 2026-03-11 08:00:00+00:00, run_after=2026-03-11 12:00:00+00:00
[2026-03-11T15:11:04.404+0000] {processor.py:183} INFO - Processing /home/airflow/.local/lib/python3.8/site-packages/airflow/example_dags/example_latest_only.py took 0.102 seconds
[2026-03-11T15:11:35.276+0000] {processor.py:161} INFO - Started process (PID=299) to work on /home/airflow/.local/lib/python3.8/site-packages/airflow/example_dags/example_latest_only.py
[2026-03-11T15:11:35.279+0000] {processor.py:830} INFO - Processing file /home/airflow/.local/lib/python3.8/site-packages/airflow/example_dags/example_latest_only.py for tasks to queue
[2026-03-11T15:11:35.282+0000] {logging_mixin.py:188} INFO - [2026-03-11T15:11:35.281+0000] {dagbag.py:538} INFO - Filling up the DagBag from /home/airflow/.local/lib/python3.8/site-packages/airflow/example_dags/example_latest_only.py
[2026-03-11T15:11:35.290+0000] {processor.py:840} INFO - DAG(s) 'latest_only' retrieved from /home/airflow/.local/lib/python3.8/site-packages/airflow/example_dags/example_latest_only.py
[2026-03-11T15:11:35.330+0000] {logging_mixin.py:188} INFO - [2026-03-11T15:11:35.330+0000] {dag.py:3036} INFO - Sync 1 DAGs
[2026-03-11T15:11:35.368+0000] {logging_mixin.py:188} INFO - [2026-03-11T15:11:35.368+0000] {dag.py:3823} INFO - Setting next_dagrun for latest_only to 2026-03-11 08:00:00+00:00, run_after=2026-03-11 12:00:00+00:00
[2026-03-11T15:11:35.396+0000] {processor.py:183} INFO - Processing /home/airflow/.local/lib/python3.8/site-packages/airflow/example_dags/example_latest_only.py took 0.126 seconds
[2026-03-11T15:12:05.667+0000] {processor.py:161} INFO - Started process (PID=355) to work on /home/airflow/.local/lib/python3.8/site-packages/airflow/example_dags/example_latest_only.py
[2026-03-11T15:12:05.669+0000] {processor.py:830} INFO - Processing file /home/airflow/.local/lib/python3.8/site-packages/airflow/example_dags/example_latest_only.py for tasks to queue
[2026-03-11T15:12:05.671+0000] {logging_mixin.py:188} INFO - [2026-03-11T15:12:05.671+0000] {dagbag.py:538} INFO - Filling up the DagBag from /home/airflow/.local/lib/python3.8/site-packages/airflow/example_dags/example_latest_only.py
[2026-03-11T15:12:05.680+0000] {processor.py:840} INFO - DAG(s) 'latest_only' retrieved from /home/airflow/.local/lib/python3.8/site-packages/airflow/example_dags/example_latest_only.py
[2026-03-11T15:12:05.714+0000] {logging_mixin.py:188} INFO - [2026-03-11T15:12:05.713+0000] {dag.py:3036} INFO - Sync 1 DAGs
[2026-03-11T15:12:05.748+0000] {logging_mixin.py:188} INFO - [2026-03-11T15:12:05.747+0000] {dag.py:3823} INFO - Setting next_dagrun for latest_only to 2026-03-11 08:00:00+00:00, run_after=2026-03-11 12:00:00+00:00
[2026-03-11T15:12:05.777+0000] {processor.py:183} INFO - Processing /home/airflow/.local/lib/python3.8/site-packages/airflow/example_dags/example_latest_only.py took 0.116 seconds
[2026-03-11T15:12:36.117+0000] {processor.py:161} INFO - Started process (PID=411) to work on /home/airflow/.local/lib/python3.8/site-packages/airflow/example_dags/example_latest_only.py
[2026-03-11T15:12:36.120+0000] {processor.py:830} INFO - Processing file /home/airflow/.local/lib/python3.8/site-packages/airflow/example_dags/example_latest_only.py for tasks to queue
[2026-03-11T15:12:36.130+0000] {logging_mixin.py:188} INFO - [2026-03-11T15:12:36.129+0000] {dagbag.py:538} INFO - Filling up the DagBag from /home/airflow/.local/lib/python3.8/site-packages/airflow/example_dags/example_latest_only.py
[2026-03-11T15:12:36.146+0000] {processor.py:840} INFO - DAG(s) 'latest_only' retrieved from /home/airflow/.local/lib/python3.8/site-packages/airflow/example_dags/example_latest_only.py
[2026-03-11T15:12:36.200+0000] {logging_mixin.py:188} INFO - [2026-03-11T15:12:36.199+0000] {dag.py:3036} INFO - Sync 1 DAGs
[2026-03-11T15:12:36.238+0000] {logging_mixin.py:188} INFO - [2026-03-11T15:12:36.237+0000] {dag.py:3823} INFO - Setting next_dagrun for latest_only to 2026-03-11 08:00:00+00:00, run_after=2026-03-11 12:00:00+00:00
[2026-03-11T15:12:36.264+0000] {processor.py:183} INFO - Processing /home/airflow/.local/lib/python3.8/site-packages/airflow/example_dags/example_latest_only.py took 0.158 seconds
[2026-03-11T15:13:07.066+0000] {processor.py:161} INFO - Started process (PID=467) to work on /home/airflow/.local/lib/python3.8/site-packages/airflow/example_dags/example_latest_only.py
[2026-03-11T15:13:07.067+0000] {processor.py:830} INFO - Processing file /home/airflow/.local/lib/python3.8/site-packages/airflow/example_dags/example_latest_only.py for tasks to queue
[2026-03-11T15:13:07.070+0000] {logging_mixin.py:188} INFO - [2026-03-11T15:13:07.070+0000] {dagbag.py:538} INFO - Filling up the DagBag from /home/airflow/.local/lib/python3.8/site-packages/airflow/example_dags/example_latest_only.py
[2026-03-11T15:13:07.077+0000] {processor.py:840} INFO - DAG(s) 'latest_only' retrieved from /home/airflow/.local/lib/python3.8/site-packages/airflow/example_dags/example_latest_only.py
[2026-03-11T15:13:07.105+0000] {logging_mixin.py:188} INFO - [2026-03-11T15:13:07.105+0000] {dag.py:3036} INFO - Sync 1 DAGs
[2026-03-11T15:13:07.142+0000] {logging_mixin.py:188} INFO - [2026-03-11T15:13:07.142+0000] {dag.py:3823} INFO - Setting next_dagrun for latest_only to 2026-03-11 08:00:00+00:00, run_after=2026-03-11 12:00:00+00:00
[2026-03-11T15:13:07.173+0000] {processor.py:183} INFO - Processing /home/airflow/.local/lib/python3.8/site-packages/airflow/example_dags/example_latest_only.py took 0.113 seconds
[2026-03-11T15:13:37.276+0000] {processor.py:161} INFO - Started process (PID=523) to work on /home/airflow/.local/lib/python3.8/site-packages/airflow/example_dags/example_latest_only.py
[2026-03-11T15:13:37.278+0000] {processor.py:830} INFO - Processing file /home/airflow/.local/lib/python3.8/site-packages/airflow/example_dags/example_latest_only.py for tasks to queue
[2026-03-11T15:13:37.281+0000] {logging_mixin.py:188} INFO - [2026-03-11T15:13:37.281+0000] {dagbag.py:538} INFO - Filling up the DagBag from /home/airflow/.local/lib/python3.8/site-packages/airflow/example_dags/example_latest_only.py
[2026-03-11T15:13:37.291+0000] {processor.py:840} INFO - DAG(s) 'latest_only' retrieved from /home/airflow/.local/lib/python3.8/site-packages/airflow/example_dags/example_latest_only.py
[2026-03-11T15:13:37.323+0000] {logging_mixin.py:188} INFO - [2026-03-11T15:13:37.322+0000] {dag.py:3036} INFO - Sync 1 DAGs
[2026-03-11T15:13:37.357+0000] {logging_mixin.py:188} INFO - [2026-03-11T15:13:37.357+0000] {dag.py:3823} INFO - Setting next_dagrun for latest_only to 2026-03-11 08:00:00+00:00, run_after=2026-03-11 12:00:00+00:00
[2026-03-11T15:13:37.386+0000] {processor.py:183} INFO - Processing /home/airflow/.local/lib/python3.8/site-packages/airflow/example_dags/example_latest_only.py took 0.115 seconds
[2026-03-11T15:14:07.490+0000] {processor.py:161} INFO - Started process (PID=579) to work on /home/airflow/.local/lib/python3.8/site-packages/airflow/example_dags/example_latest_only.py
[2026-03-11T15:14:07.491+0000] {processor.py:830} INFO - Processing file /home/airflow/.local/lib/python3.8/site-packages/airflow/example_dags/example_latest_only.py for tasks to queue
[2026-03-11T15:14:07.493+0000] {logging_mixin.py:188} INFO - [2026-03-11T15:14:07.493+0000] {dagbag.py:538} INFO - Filling up the DagBag from /home/airflow/.local/lib/python3.8/site-packages/airflow/example_dags/example_latest_only.py
[2026-03-11T15:14:07.499+0000] {processor.py:840} INFO - DAG(s) 'latest_only' retrieved from /home/airflow/.local/lib/python3.8/site-packages/airflow/example_dags/example_latest_only.py
[2026-03-11T15:14:07.523+0000] {logging_mixin.py:188} INFO - [2026-03-11T15:14:07.523+0000] {dag.py:3036} INFO - Sync 1 DAGs
[2026-03-11T15:14:07.551+0000] {logging_mixin.py:188} INFO - [2026-03-11T15:14:07.551+0000] {dag.py:3823} INFO - Setting next_dagrun for latest_only to 2026-03-11 08:00:00+00:00, run_after=2026-03-11 12:00:00+00:00
[2026-03-11T15:14:07.578+0000] {processor.py:183} INFO - Processing /home/airflow/.local/lib/python3.8/site-packages/airflow/example_dags/example_latest_only.py took 0.092 seconds
[2026-03-11T15:14:37.913+0000] {processor.py:161} INFO - Started process (PID=635) to work on /home/airflow/.local/lib/python3.8/site-packages/airflow/example_dags/example_latest_only.py
[2026-03-11T15:14:37.916+0000] {processor.py:830} INFO - Processing file /home/airflow/.local/lib/python3.8/site-packages/airflow/example_dags/example_latest_only.py for tasks to queue
[2026-03-11T15:14:37.919+0000] {logging_mixin.py:188} INFO - [2026-03-11T15:14:37.918+0000] {dagbag.py:538} INFO - Filling up the DagBag from /home/airflow/.local/lib/python3.8/site-packages/airflow/example_dags/example_latest_only.py
[2026-03-11T15:14:37.927+0000] {processor.py:840} INFO - DAG(s) 'latest_only' retrieved from /home/airflow/.local/lib/python3.8/site-packages/airflow/example_dags/example_latest_only.py
[2026-03-11T15:14:37.958+0000] {logging_mixin.py:188} INFO - [2026-03-11T15:14:37.958+0000] {dag.py:3036} INFO - Sync 1 DAGs
[2026-03-11T15:14:37.992+0000] {logging_mixin.py:188} INFO - [2026-03-11T15:14:37.992+0000] {dag.py:3823} INFO - Setting next_dagrun for latest_only to 2026-03-11 08:00:00+00:00, run_after=2026-03-11 12:00:00+00:00
[2026-03-11T15:14:38.020+0000] {processor.py:183} INFO - Processing /home/airflow/.local/lib/python3.8/site-packages/airflow/example_dags/example_latest_only.py took 0.112 seconds
[2026-03-11T15:15:08.124+0000] {processor.py:161} INFO - Started process (PID=691) to work on /home/airflow/.local/lib/python3.8/site-packages/airflow/example_dags/example_latest_only.py
[2026-03-11T15:15:08.129+0000] {processor.py:830} INFO - Processing file /home/airflow/.local/lib/python3.8/site-packages/airflow/example_dags/example_latest_only.py for tasks to queue
[2026-03-11T15:15:08.132+0000] {logging_mixin.py:188} INFO - [2026-03-11T15:15:08.132+0000] {dagbag.py:538} INFO - Filling up the DagBag from /home/airflow/.local/lib/python3.8/site-packages/airflow/example_dags/example_latest_only.py
[2026-03-11T15:15:08.140+0000] {processor.py:840} INFO - DAG(s) 'latest_only' retrieved from /home/airflow/.local/lib/python3.8/site-packages/airflow/example_dags/example_latest_only.py
[2026-03-11T15:15:08.177+0000] {logging_mixin.py:188} INFO - [2026-03-11T15:15:08.176+0000] {dag.py:3036} INFO - Sync 1 DAGs
[2026-03-11T15:15:08.235+0000] {logging_mixin.py:188} INFO - [2026-03-11T15:15:08.234+0000] {dag.py:3823} INFO - Setting next_dagrun for latest_only to 2026-03-11 08:00:00+00:00, run_after=2026-03-11 12:00:00+00:00
[2026-03-11T15:15:08.268+0000] {processor.py:183} INFO - Processing /home/airflow/.local/lib/python3.8/site-packages/airflow/example_dags/example_latest_only.py took 0.149 seconds
[2026-03-11T15:15:38.850+0000] {processor.py:161} INFO - Started process (PID=747) to work on /home/airflow/.local/lib/python3.8/site-packages/airflow/example_dags/example_latest_only.py
[2026-03-11T15:15:38.851+0000] {processor.py:830} INFO - Processing file /home/airflow/.local/lib/python3.8/site-packages/airflow/example_dags/example_latest_only.py for tasks to queue
[2026-03-11T15:15:38.854+0000] {logging_mixin.py:188} INFO - [2026-03-11T15:15:38.853+0000] {dagbag.py:538} INFO - Filling up the DagBag from /home/airflow/.local/lib/python3.8/site-packages/airflow/example_dags/example_latest_only.py
[2026-03-11T15:15:38.861+0000] {processor.py:840} INFO - DAG(s) 'latest_only' retrieved from /home/airflow/.local/lib/python3.8/site-packages/airflow/example_dags/example_latest_only.py
[2026-03-11T15:15:38.890+0000] {logging_mixin.py:188} INFO - [2026-03-11T15:15:38.890+0000] {dag.py:3036} INFO - Sync 1 DAGs
[2026-03-11T15:15:38.938+0000] {logging_mixin.py:188} INFO - [2026-03-11T15:15:38.938+0000] {dag.py:3823} INFO - Setting next_dagrun for latest_only to 2026-03-11 08:00:00+00:00, run_after=2026-03-11 12:00:00+00:00
[2026-03-11T15:15:38.989+0000] {processor.py:183} INFO - Processing /home/airflow/.local/lib/python3.8/site-packages/airflow/example_dags/example_latest_only.py took 0.144 seconds
[2026-03-11T15:16:10.050+0000] {processor.py:161} INFO - Started process (PID=803) to work on /home/airflow/.local/lib/python3.8/site-packages/airflow/example_dags/example_latest_only.py
[2026-03-11T15:16:10.052+0000] {processor.py:830} INFO - Processing file /home/airflow/.local/lib/python3.8/site-packages/airflow/example_dags/example_latest_only.py for tasks to queue
[2026-03-11T15:16:10.054+0000] {logging_mixin.py:188} INFO - [2026-03-11T15:16:10.054+0000] {dagbag.py:538} INFO - Filling up the DagBag from /home/airflow/.local/lib/python3.8/site-packages/airflow/example_dags/example_latest_only.py
[2026-03-11T15:16:10.061+0000] {processor.py:840} INFO - DAG(s) 'latest_only' retrieved from /home/airflow/.local/lib/python3.8/site-packages/airflow/example_dags/example_latest_only.py
[2026-03-11T15:16:10.090+0000] {logging_mixin.py:188} INFO - [2026-03-11T15:16:10.089+0000] {dag.py:3036} INFO - Sync 1 DAGs
[2026-03-11T15:16:10.120+0000] {logging_mixin.py:188} INFO - [2026-03-11T15:16:10.119+0000] {dag.py:3823} INFO - Setting next_dagrun for latest_only to 2026-03-11 08:00:00+00:00, run_after=2026-03-11 12:00:00+00:00
[2026-03-11T15:16:10.143+0000] {processor.py:183} INFO - Processing /home/airflow/.local/lib/python3.8/site-packages/airflow/example_dags/example_latest_only.py took 0.101 seconds
[2026-03-11T15:16:40.691+0000] {processor.py:161} INFO - Started process (PID=859) to work on /home/airflow/.local/lib/python3.8/site-packages/airflow/example_dags/example_latest_only.py
[2026-03-11T15:16:40.694+0000] {processor.py:830} INFO - Processing file /home/airflow/.local/lib/python3.8/site-packages/airflow/example_dags/example_latest_only.py for tasks to queue
[2026-03-11T15:16:40.698+0000] {logging_mixin.py:188} INFO - [2026-03-11T15:16:40.697+0000] {dagbag.py:538} INFO - Filling up the DagBag from /home/airflow/.local/lib/python3.8/site-packages/airflow/example_dags/example_latest_only.py
[2026-03-11T15:16:40.710+0000] {processor.py:840} INFO - DAG(s) 'latest_only' retrieved from /home/airflow/.local/lib/python3.8/site-packages/airflow/example_dags/example_latest_only.py
[2026-03-11T15:16:40.753+0000] {logging_mixin.py:188} INFO - [2026-03-11T15:16:40.753+0000] {dag.py:3036} INFO - Sync 1 DAGs
[2026-03-11T15:16:40.796+0000] {logging_mixin.py:188} INFO - [2026-03-11T15:16:40.795+0000] {dag.py:3823} INFO - Setting next_dagrun for latest_only to 2026-03-11 08:00:00+00:00, run_after=2026-03-11 12:00:00+00:00
[2026-03-11T15:16:40.834+0000] {processor.py:183} INFO - Processing /home/airflow/.local/lib/python3.8/site-packages/airflow/example_dags/example_latest_only.py took 0.152 seconds
[2026-03-11T15:17:11.653+0000] {processor.py:161} INFO - Started process (PID=915) to work on /home/airflow/.local/lib/python3.8/site-packages/airflow/example_dags/example_latest_only.py
[2026-03-11T15:17:11.654+0000] {processor.py:830} INFO - Processing file /home/airflow/.local/lib/python3.8/site-packages/airflow/example_dags/example_latest_only.py for tasks to queue
[2026-03-11T15:17:11.657+0000] {logging_mixin.py:188} INFO - [2026-03-11T15:17:11.656+0000] {dagbag.py:538} INFO - Filling up the DagBag from /home/airflow/.local/lib/python3.8/site-packages/airflow/example_dags/example_latest_only.py
[2026-03-11T15:17:11.663+0000] {processor.py:840} INFO - DAG(s) 'latest_only' retrieved from /home/airflow/.local/lib/python3.8/site-packages/airflow/example_dags/example_latest_only.py
[2026-03-11T15:17:11.688+0000] {logging_mixin.py:188} INFO - [2026-03-11T15:17:11.688+0000] {dag.py:3036} INFO - Sync 1 DAGs
[2026-03-11T15:17:11.714+0000] {logging_mixin.py:188} INFO - [2026-03-11T15:17:11.714+0000] {dag.py:3823} INFO - Setting next_dagrun for latest_only to 2026-03-11 08:00:00+00:00, run_after=2026-03-11 12:00:00+00:00
[2026-03-11T15:17:11.734+0000] {processor.py:183} INFO - Processing /home/airflow/.local/lib/python3.8/site-packages/airflow/example_dags/example_latest_only.py took 0.084 seconds
[2026-03-11T15:17:42.754+0000] {processor.py:161} INFO - Started process (PID=971) to work on /home/airflow/.local/lib/python3.8/site-packages/airflow/example_dags/example_latest_only.py
[2026-03-11T15:17:42.756+0000] {processor.py:830} INFO - Processing file /home/airflow/.local/lib/python3.8/site-packages/airflow/example_dags/example_latest_only.py for tasks to queue
[2026-03-11T15:17:42.759+0000] {logging_mixin.py:188} INFO - [2026-03-11T15:17:42.759+0000] {dagbag.py:538} INFO - Filling up the DagBag from /home/airflow/.local/lib/python3.8/site-packages/airflow/example_dags/example_latest_only.py
[2026-03-11T15:17:42.769+0000] {processor.py:840} INFO - DAG(s) 'latest_only' retrieved from /home/airflow/.local/lib/python3.8/site-packages/airflow/example_dags/example_latest_only.py
[2026-03-11T15:17:42.800+0000] {logging_mixin.py:188} INFO - [2026-03-11T15:17:42.799+0000] {dag.py:3036} INFO - Sync 1 DAGs
[2026-03-11T15:17:42.837+0000] {logging_mixin.py:188} INFO - [2026-03-11T15:17:42.836+0000] {dag.py:3823} INFO - Setting next_dagrun for latest_only to 2026-03-11 08:00:00+00:00, run_after=2026-03-11 12:00:00+00:00
[2026-03-11T15:17:42.873+0000] {processor.py:183} INFO - Processing /home/airflow/.local/lib/python3.8/site-packages/airflow/example_dags/example_latest_only.py took 0.124 seconds
[2026-03-11T15:18:12.907+0000] {processor.py:161} INFO - Started process (PID=1027) to work on /home/airflow/.local/lib/python3.8/site-packages/airflow/example_dags/example_latest_only.py
[2026-03-11T15:18:12.908+0000] {processor.py:830} INFO - Processing file /home/airflow/.local/lib/python3.8/site-packages/airflow/example_dags/example_latest_only.py for tasks to queue
[2026-03-11T15:18:12.911+0000] {logging_mixin.py:188} INFO - [2026-03-11T15:18:12.911+0000] {dagbag.py:538} INFO - Filling up the DagBag from /home/airflow/.local/lib/python3.8/site-packages/airflow/example_dags/example_latest_only.py
[2026-03-11T15:18:12.918+0000] {processor.py:840} INFO - DAG(s) 'latest_only' retrieved from /home/airflow/.local/lib/python3.8/site-packages/airflow/example_dags/example_latest_only.py
[2026-03-11T15:18:12.948+0000] {logging_mixin.py:188} INFO - [2026-03-11T15:18:12.948+0000] {dag.py:3036} INFO - Sync 1 DAGs
[2026-03-11T15:18:12.978+0000] {logging_mixin.py:188} INFO - [2026-03-11T15:18:12.978+0000] {dag.py:3823} INFO - Setting next_dagrun for latest_only to 2026-03-11 08:00:00+00:00, run_after=2026-03-11 12:00:00+00:00
[2026-03-11T15:18:13.003+0000] {processor.py:183} INFO - Processing /home/airflow/.local/lib/python3.8/site-packages/airflow/example_dags/example_latest_only.py took 0.100 seconds
