[2026-03-11T15:09:38.721+0000] {processor.py:161} INFO - Started process (PID=107) to work on /home/airflow/.local/lib/python3.8/site-packages/airflow/example_dags/example_kubernetes_executor.py
[2026-03-11T15:09:38.723+0000] {processor.py:830} INFO - Processing file /home/airflow/.local/lib/python3.8/site-packages/airflow/example_dags/example_kubernetes_executor.py for tasks to queue
[2026-03-11T15:09:38.726+0000] {logging_mixin.py:188} INFO - [2026-03-11T15:09:38.726+0000] {dagbag.py:538} INFO - Filling up the DagBag from /home/airflow/.local/lib/python3.8/site-packages/airflow/example_dags/example_kubernetes_executor.py
[2026-03-11T15:09:38.753+0000] {processor.py:840} INFO - DAG(s) 'example_kubernetes_executor' retrieved from /home/airflow/.local/lib/python3.8/site-packages/airflow/example_dags/example_kubernetes_executor.py
[2026-03-11T15:09:38.933+0000] {logging_mixin.py:188} INFO - [2026-03-11T15:09:38.933+0000] {dag.py:3036} INFO - Sync 1 DAGs
[2026-03-11T15:09:38.946+0000] {logging_mixin.py:188} INFO - [2026-03-11T15:09:38.946+0000] {dag.py:3823} INFO - Setting next_dagrun for example_kubernetes_executor to None, run_after=None
[2026-03-11T15:09:38.966+0000] {processor.py:183} INFO - Processing /home/airflow/.local/lib/python3.8/site-packages/airflow/example_dags/example_kubernetes_executor.py took 0.251 seconds
[2026-03-11T15:10:09.859+0000] {processor.py:161} INFO - Started process (PID=163) to work on /home/airflow/.local/lib/python3.8/site-packages/airflow/example_dags/example_kubernetes_executor.py
[2026-03-11T15:10:09.869+0000] {processor.py:830} INFO - Processing file /home/airflow/.local/lib/python3.8/site-packages/airflow/example_dags/example_kubernetes_executor.py for tasks to queue
[2026-03-11T15:10:09.888+0000] {logging_mixin.py:188} INFO - [2026-03-11T15:10:09.887+0000] {dagbag.py:538} INFO - Filling up the DagBag from /home/airflow/.local/lib/python3.8/site-packages/airflow/example_dags/example_kubernetes_executor.py
[2026-03-11T15:10:09.926+0000] {processor.py:840} INFO - DAG(s) 'example_kubernetes_executor' retrieved from /home/airflow/.local/lib/python3.8/site-packages/airflow/example_dags/example_kubernetes_executor.py
[2026-03-11T15:10:10.000+0000] {logging_mixin.py:188} INFO - [2026-03-11T15:10:10.000+0000] {dag.py:3036} INFO - Sync 1 DAGs
[2026-03-11T15:10:10.023+0000] {logging_mixin.py:188} INFO - [2026-03-11T15:10:10.022+0000] {dag.py:3823} INFO - Setting next_dagrun for example_kubernetes_executor to None, run_after=None
[2026-03-11T15:10:10.052+0000] {processor.py:183} INFO - Processing /home/airflow/.local/lib/python3.8/site-packages/airflow/example_dags/example_kubernetes_executor.py took 0.198 seconds
[2026-03-11T15:10:40.912+0000] {processor.py:161} INFO - Started process (PID=219) to work on /home/airflow/.local/lib/python3.8/site-packages/airflow/example_dags/example_kubernetes_executor.py
[2026-03-11T15:10:40.914+0000] {processor.py:830} INFO - Processing file /home/airflow/.local/lib/python3.8/site-packages/airflow/example_dags/example_kubernetes_executor.py for tasks to queue
[2026-03-11T15:10:40.917+0000] {logging_mixin.py:188} INFO - [2026-03-11T15:10:40.916+0000] {dagbag.py:538} INFO - Filling up the DagBag from /home/airflow/.local/lib/python3.8/site-packages/airflow/example_dags/example_kubernetes_executor.py
[2026-03-11T15:10:40.941+0000] {processor.py:840} INFO - DAG(s) 'example_kubernetes_executor' retrieved from /home/airflow/.local/lib/python3.8/site-packages/airflow/example_dags/example_kubernetes_executor.py
[2026-03-11T15:10:41.007+0000] {logging_mixin.py:188} INFO - [2026-03-11T15:10:41.007+0000] {dag.py:3036} INFO - Sync 1 DAGs
[2026-03-11T15:10:41.024+0000] {logging_mixin.py:188} INFO - [2026-03-11T15:10:41.024+0000] {dag.py:3823} INFO - Setting next_dagrun for example_kubernetes_executor to None, run_after=None
[2026-03-11T15:10:41.053+0000] {processor.py:183} INFO - Processing /home/airflow/.local/lib/python3.8/site-packages/airflow/example_dags/example_kubernetes_executor.py took 0.146 seconds
[2026-03-11T15:11:11.359+0000] {processor.py:161} INFO - Started process (PID=275) to work on /home/airflow/.local/lib/python3.8/site-packages/airflow/example_dags/example_kubernetes_executor.py
[2026-03-11T15:11:11.360+0000] {processor.py:830} INFO - Processing file /home/airflow/.local/lib/python3.8/site-packages/airflow/example_dags/example_kubernetes_executor.py for tasks to queue
[2026-03-11T15:11:11.362+0000] {logging_mixin.py:188} INFO - [2026-03-11T15:11:11.361+0000] {dagbag.py:538} INFO - Filling up the DagBag from /home/airflow/.local/lib/python3.8/site-packages/airflow/example_dags/example_kubernetes_executor.py
[2026-03-11T15:11:11.379+0000] {processor.py:840} INFO - DAG(s) 'example_kubernetes_executor' retrieved from /home/airflow/.local/lib/python3.8/site-packages/airflow/example_dags/example_kubernetes_executor.py
[2026-03-11T15:11:11.418+0000] {logging_mixin.py:188} INFO - [2026-03-11T15:11:11.418+0000] {dag.py:3036} INFO - Sync 1 DAGs
[2026-03-11T15:11:11.431+0000] {logging_mixin.py:188} INFO - [2026-03-11T15:11:11.431+0000] {dag.py:3823} INFO - Setting next_dagrun for example_kubernetes_executor to None, run_after=None
[2026-03-11T15:11:11.455+0000] {processor.py:183} INFO - Processing /home/airflow/.local/lib/python3.8/site-packages/airflow/example_dags/example_kubernetes_executor.py took 0.100 seconds
[2026-03-11T15:11:41.670+0000] {processor.py:161} INFO - Started process (PID=331) to work on /home/airflow/.local/lib/python3.8/site-packages/airflow/example_dags/example_kubernetes_executor.py
[2026-03-11T15:11:41.671+0000] {processor.py:830} INFO - Processing file /home/airflow/.local/lib/python3.8/site-packages/airflow/example_dags/example_kubernetes_executor.py for tasks to queue
[2026-03-11T15:11:41.675+0000] {logging_mixin.py:188} INFO - [2026-03-11T15:11:41.674+0000] {dagbag.py:538} INFO - Filling up the DagBag from /home/airflow/.local/lib/python3.8/site-packages/airflow/example_dags/example_kubernetes_executor.py
[2026-03-11T15:11:41.708+0000] {processor.py:840} INFO - DAG(s) 'example_kubernetes_executor' retrieved from /home/airflow/.local/lib/python3.8/site-packages/airflow/example_dags/example_kubernetes_executor.py
[2026-03-11T15:11:41.764+0000] {logging_mixin.py:188} INFO - [2026-03-11T15:11:41.764+0000] {dag.py:3036} INFO - Sync 1 DAGs
[2026-03-11T15:11:41.780+0000] {logging_mixin.py:188} INFO - [2026-03-11T15:11:41.780+0000] {dag.py:3823} INFO - Setting next_dagrun for example_kubernetes_executor to None, run_after=None
[2026-03-11T15:11:41.808+0000] {processor.py:183} INFO - Processing /home/airflow/.local/lib/python3.8/site-packages/airflow/example_dags/example_kubernetes_executor.py took 0.145 seconds
[2026-03-11T15:12:12.305+0000] {processor.py:161} INFO - Started process (PID=387) to work on /home/airflow/.local/lib/python3.8/site-packages/airflow/example_dags/example_kubernetes_executor.py
[2026-03-11T15:12:12.308+0000] {processor.py:830} INFO - Processing file /home/airflow/.local/lib/python3.8/site-packages/airflow/example_dags/example_kubernetes_executor.py for tasks to queue
[2026-03-11T15:12:12.312+0000] {logging_mixin.py:188} INFO - [2026-03-11T15:12:12.312+0000] {dagbag.py:538} INFO - Filling up the DagBag from /home/airflow/.local/lib/python3.8/site-packages/airflow/example_dags/example_kubernetes_executor.py
[2026-03-11T15:12:12.366+0000] {processor.py:840} INFO - DAG(s) 'example_kubernetes_executor' retrieved from /home/airflow/.local/lib/python3.8/site-packages/airflow/example_dags/example_kubernetes_executor.py
[2026-03-11T15:12:12.664+0000] {logging_mixin.py:188} INFO - [2026-03-11T15:12:12.663+0000] {dag.py:3036} INFO - Sync 1 DAGs
[2026-03-11T15:12:12.742+0000] {logging_mixin.py:188} INFO - [2026-03-11T15:12:12.742+0000] {dag.py:3823} INFO - Setting next_dagrun for example_kubernetes_executor to None, run_after=None
[2026-03-11T15:12:12.849+0000] {processor.py:183} INFO - Processing /home/airflow/.local/lib/python3.8/site-packages/airflow/example_dags/example_kubernetes_executor.py took 0.557 seconds
[2026-03-11T15:12:43.809+0000] {processor.py:161} INFO - Started process (PID=443) to work on /home/airflow/.local/lib/python3.8/site-packages/airflow/example_dags/example_kubernetes_executor.py
[2026-03-11T15:12:43.812+0000] {processor.py:830} INFO - Processing file /home/airflow/.local/lib/python3.8/site-packages/airflow/example_dags/example_kubernetes_executor.py for tasks to queue
[2026-03-11T15:12:43.816+0000] {logging_mixin.py:188} INFO - [2026-03-11T15:12:43.815+0000] {dagbag.py:538} INFO - Filling up the DagBag from /home/airflow/.local/lib/python3.8/site-packages/airflow/example_dags/example_kubernetes_executor.py
[2026-03-11T15:12:43.842+0000] {processor.py:840} INFO - DAG(s) 'example_kubernetes_executor' retrieved from /home/airflow/.local/lib/python3.8/site-packages/airflow/example_dags/example_kubernetes_executor.py
[2026-03-11T15:12:43.897+0000] {logging_mixin.py:188} INFO - [2026-03-11T15:12:43.896+0000] {dag.py:3036} INFO - Sync 1 DAGs
[2026-03-11T15:12:43.916+0000] {logging_mixin.py:188} INFO - [2026-03-11T15:12:43.916+0000] {dag.py:3823} INFO - Setting next_dagrun for example_kubernetes_executor to None, run_after=None
[2026-03-11T15:12:43.949+0000] {processor.py:183} INFO - Processing /home/airflow/.local/lib/python3.8/site-packages/airflow/example_dags/example_kubernetes_executor.py took 0.145 seconds
[2026-03-11T15:13:14.487+0000] {processor.py:161} INFO - Started process (PID=499) to work on /home/airflow/.local/lib/python3.8/site-packages/airflow/example_dags/example_kubernetes_executor.py
[2026-03-11T15:13:14.488+0000] {processor.py:830} INFO - Processing file /home/airflow/.local/lib/python3.8/site-packages/airflow/example_dags/example_kubernetes_executor.py for tasks to queue
[2026-03-11T15:13:14.490+0000] {logging_mixin.py:188} INFO - [2026-03-11T15:13:14.490+0000] {dagbag.py:538} INFO - Filling up the DagBag from /home/airflow/.local/lib/python3.8/site-packages/airflow/example_dags/example_kubernetes_executor.py
[2026-03-11T15:13:14.514+0000] {processor.py:840} INFO - DAG(s) 'example_kubernetes_executor' retrieved from /home/airflow/.local/lib/python3.8/site-packages/airflow/example_dags/example_kubernetes_executor.py
[2026-03-11T15:13:14.566+0000] {logging_mixin.py:188} INFO - [2026-03-11T15:13:14.566+0000] {dag.py:3036} INFO - Sync 1 DAGs
[2026-03-11T15:13:14.581+0000] {logging_mixin.py:188} INFO - [2026-03-11T15:13:14.581+0000] {dag.py:3823} INFO - Setting next_dagrun for example_kubernetes_executor to None, run_after=None
[2026-03-11T15:13:14.606+0000] {processor.py:183} INFO - Processing /home/airflow/.local/lib/python3.8/site-packages/airflow/example_dags/example_kubernetes_executor.py took 0.123 seconds
[2026-03-11T15:13:44.635+0000] {processor.py:161} INFO - Started process (PID=555) to work on /home/airflow/.local/lib/python3.8/site-packages/airflow/example_dags/example_kubernetes_executor.py
[2026-03-11T15:13:44.636+0000] {processor.py:830} INFO - Processing file /home/airflow/.local/lib/python3.8/site-packages/airflow/example_dags/example_kubernetes_executor.py for tasks to queue
[2026-03-11T15:13:44.639+0000] {logging_mixin.py:188} INFO - [2026-03-11T15:13:44.639+0000] {dagbag.py:538} INFO - Filling up the DagBag from /home/airflow/.local/lib/python3.8/site-packages/airflow/example_dags/example_kubernetes_executor.py
[2026-03-11T15:13:44.662+0000] {processor.py:840} INFO - DAG(s) 'example_kubernetes_executor' retrieved from /home/airflow/.local/lib/python3.8/site-packages/airflow/example_dags/example_kubernetes_executor.py
[2026-03-11T15:13:44.721+0000] {logging_mixin.py:188} INFO - [2026-03-11T15:13:44.721+0000] {dag.py:3036} INFO - Sync 1 DAGs
[2026-03-11T15:13:44.740+0000] {logging_mixin.py:188} INFO - [2026-03-11T15:13:44.740+0000] {dag.py:3823} INFO - Setting next_dagrun for example_kubernetes_executor to None, run_after=None
[2026-03-11T15:13:44.772+0000] {processor.py:183} INFO - Processing /home/airflow/.local/lib/python3.8/site-packages/airflow/example_dags/example_kubernetes_executor.py took 0.142 seconds
[2026-03-11T15:14:15.373+0000] {processor.py:161} INFO - Started process (PID=611) to work on /home/airflow/.local/lib/python3.8/site-packages/airflow/example_dags/example_kubernetes_executor.py
[2026-03-11T15:14:15.375+0000] {processor.py:830} INFO - Processing file /home/airflow/.local/lib/python3.8/site-packages/airflow/example_dags/example_kubernetes_executor.py for tasks to queue
[2026-03-11T15:14:15.377+0000] {logging_mixin.py:188} INFO - [2026-03-11T15:14:15.377+0000] {dagbag.py:538} INFO - Filling up the DagBag from /home/airflow/.local/lib/python3.8/site-packages/airflow/example_dags/example_kubernetes_executor.py
[2026-03-11T15:14:15.407+0000] {processor.py:840} INFO - DAG(s) 'example_kubernetes_executor' retrieved from /home/airflow/.local/lib/python3.8/site-packages/airflow/example_dags/example_kubernetes_executor.py
[2026-03-11T15:14:15.473+0000] {logging_mixin.py:188} INFO - [2026-03-11T15:14:15.473+0000] {dag.py:3036} INFO - Sync 1 DAGs
[2026-03-11T15:14:15.493+0000] {logging_mixin.py:188} INFO - [2026-03-11T15:14:15.492+0000] {dag.py:3823} INFO - Setting next_dagrun for example_kubernetes_executor to None, run_after=None
[2026-03-11T15:14:15.535+0000] {processor.py:183} INFO - Processing /home/airflow/.local/lib/python3.8/site-packages/airflow/example_dags/example_kubernetes_executor.py took 0.167 seconds
[2026-03-11T15:14:45.741+0000] {processor.py:161} INFO - Started process (PID=667) to work on /home/airflow/.local/lib/python3.8/site-packages/airflow/example_dags/example_kubernetes_executor.py
[2026-03-11T15:14:45.742+0000] {processor.py:830} INFO - Processing file /home/airflow/.local/lib/python3.8/site-packages/airflow/example_dags/example_kubernetes_executor.py for tasks to queue
[2026-03-11T15:14:45.748+0000] {logging_mixin.py:188} INFO - [2026-03-11T15:14:45.748+0000] {dagbag.py:538} INFO - Filling up the DagBag from /home/airflow/.local/lib/python3.8/site-packages/airflow/example_dags/example_kubernetes_executor.py
[2026-03-11T15:14:45.776+0000] {processor.py:840} INFO - DAG(s) 'example_kubernetes_executor' retrieved from /home/airflow/.local/lib/python3.8/site-packages/airflow/example_dags/example_kubernetes_executor.py
[2026-03-11T15:14:45.834+0000] {logging_mixin.py:188} INFO - [2026-03-11T15:14:45.833+0000] {dag.py:3036} INFO - Sync 1 DAGs
[2026-03-11T15:14:45.867+0000] {logging_mixin.py:188} INFO - [2026-03-11T15:14:45.867+0000] {dag.py:3823} INFO - Setting next_dagrun for example_kubernetes_executor to None, run_after=None
[2026-03-11T15:14:45.918+0000] {processor.py:183} INFO - Processing /home/airflow/.local/lib/python3.8/site-packages/airflow/example_dags/example_kubernetes_executor.py took 0.183 seconds
[2026-03-11T15:15:16.077+0000] {processor.py:161} INFO - Started process (PID=723) to work on /home/airflow/.local/lib/python3.8/site-packages/airflow/example_dags/example_kubernetes_executor.py
[2026-03-11T15:15:16.079+0000] {processor.py:830} INFO - Processing file /home/airflow/.local/lib/python3.8/site-packages/airflow/example_dags/example_kubernetes_executor.py for tasks to queue
[2026-03-11T15:15:16.085+0000] {logging_mixin.py:188} INFO - [2026-03-11T15:15:16.085+0000] {dagbag.py:538} INFO - Filling up the DagBag from /home/airflow/.local/lib/python3.8/site-packages/airflow/example_dags/example_kubernetes_executor.py
[2026-03-11T15:15:16.119+0000] {processor.py:840} INFO - DAG(s) 'example_kubernetes_executor' retrieved from /home/airflow/.local/lib/python3.8/site-packages/airflow/example_dags/example_kubernetes_executor.py
[2026-03-11T15:15:16.289+0000] {logging_mixin.py:188} INFO - [2026-03-11T15:15:16.288+0000] {dag.py:3036} INFO - Sync 1 DAGs
[2026-03-11T15:15:16.555+0000] {logging_mixin.py:188} INFO - [2026-03-11T15:15:16.554+0000] {dag.py:3823} INFO - Setting next_dagrun for example_kubernetes_executor to None, run_after=None
[2026-03-11T15:15:16.631+0000] {processor.py:183} INFO - Processing /home/airflow/.local/lib/python3.8/site-packages/airflow/example_dags/example_kubernetes_executor.py took 0.562 seconds
[2026-03-11T15:15:47.329+0000] {processor.py:161} INFO - Started process (PID=779) to work on /home/airflow/.local/lib/python3.8/site-packages/airflow/example_dags/example_kubernetes_executor.py
[2026-03-11T15:15:47.330+0000] {processor.py:830} INFO - Processing file /home/airflow/.local/lib/python3.8/site-packages/airflow/example_dags/example_kubernetes_executor.py for tasks to queue
[2026-03-11T15:15:47.334+0000] {logging_mixin.py:188} INFO - [2026-03-11T15:15:47.333+0000] {dagbag.py:538} INFO - Filling up the DagBag from /home/airflow/.local/lib/python3.8/site-packages/airflow/example_dags/example_kubernetes_executor.py
[2026-03-11T15:15:47.355+0000] {processor.py:840} INFO - DAG(s) 'example_kubernetes_executor' retrieved from /home/airflow/.local/lib/python3.8/site-packages/airflow/example_dags/example_kubernetes_executor.py
[2026-03-11T15:15:47.404+0000] {logging_mixin.py:188} INFO - [2026-03-11T15:15:47.404+0000] {dag.py:3036} INFO - Sync 1 DAGs
[2026-03-11T15:15:47.420+0000] {logging_mixin.py:188} INFO - [2026-03-11T15:15:47.420+0000] {dag.py:3823} INFO - Setting next_dagrun for example_kubernetes_executor to None, run_after=None
[2026-03-11T15:15:47.451+0000] {processor.py:183} INFO - Processing /home/airflow/.local/lib/python3.8/site-packages/airflow/example_dags/example_kubernetes_executor.py took 0.126 seconds
[2026-03-11T15:16:17.545+0000] {processor.py:161} INFO - Started process (PID=835) to work on /home/airflow/.local/lib/python3.8/site-packages/airflow/example_dags/example_kubernetes_executor.py
[2026-03-11T15:16:17.546+0000] {processor.py:830} INFO - Processing file /home/airflow/.local/lib/python3.8/site-packages/airflow/example_dags/example_kubernetes_executor.py for tasks to queue
[2026-03-11T15:16:17.549+0000] {logging_mixin.py:188} INFO - [2026-03-11T15:16:17.548+0000] {dagbag.py:538} INFO - Filling up the DagBag from /home/airflow/.local/lib/python3.8/site-packages/airflow/example_dags/example_kubernetes_executor.py
[2026-03-11T15:16:17.565+0000] {processor.py:840} INFO - DAG(s) 'example_kubernetes_executor' retrieved from /home/airflow/.local/lib/python3.8/site-packages/airflow/example_dags/example_kubernetes_executor.py
[2026-03-11T15:16:17.608+0000] {logging_mixin.py:188} INFO - [2026-03-11T15:16:17.608+0000] {dag.py:3036} INFO - Sync 1 DAGs
[2026-03-11T15:16:17.622+0000] {logging_mixin.py:188} INFO - [2026-03-11T15:16:17.622+0000] {dag.py:3823} INFO - Setting next_dagrun for example_kubernetes_executor to None, run_after=None
[2026-03-11T15:16:17.642+0000] {processor.py:183} INFO - Processing /home/airflow/.local/lib/python3.8/site-packages/airflow/example_dags/example_kubernetes_executor.py took 0.101 seconds
[2026-03-11T15:16:47.872+0000] {processor.py:161} INFO - Started process (PID=891) to work on /home/airflow/.local/lib/python3.8/site-packages/airflow/example_dags/example_kubernetes_executor.py
[2026-03-11T15:16:47.874+0000] {processor.py:830} INFO - Processing file /home/airflow/.local/lib/python3.8/site-packages/airflow/example_dags/example_kubernetes_executor.py for tasks to queue
[2026-03-11T15:16:47.877+0000] {logging_mixin.py:188} INFO - [2026-03-11T15:16:47.876+0000] {dagbag.py:538} INFO - Filling up the DagBag from /home/airflow/.local/lib/python3.8/site-packages/airflow/example_dags/example_kubernetes_executor.py
[2026-03-11T15:16:47.899+0000] {processor.py:840} INFO - DAG(s) 'example_kubernetes_executor' retrieved from /home/airflow/.local/lib/python3.8/site-packages/airflow/example_dags/example_kubernetes_executor.py
[2026-03-11T15:16:47.968+0000] {logging_mixin.py:188} INFO - [2026-03-11T15:16:47.968+0000] {dag.py:3036} INFO - Sync 1 DAGs
[2026-03-11T15:16:47.988+0000] {logging_mixin.py:188} INFO - [2026-03-11T15:16:47.988+0000] {dag.py:3823} INFO - Setting next_dagrun for example_kubernetes_executor to None, run_after=None
[2026-03-11T15:16:48.020+0000] {processor.py:183} INFO - Processing /home/airflow/.local/lib/python3.8/site-packages/airflow/example_dags/example_kubernetes_executor.py took 0.154 seconds
[2026-03-11T15:17:18.122+0000] {processor.py:161} INFO - Started process (PID=947) to work on /home/airflow/.local/lib/python3.8/site-packages/airflow/example_dags/example_kubernetes_executor.py
[2026-03-11T15:17:18.124+0000] {processor.py:830} INFO - Processing file /home/airflow/.local/lib/python3.8/site-packages/airflow/example_dags/example_kubernetes_executor.py for tasks to queue
[2026-03-11T15:17:18.128+0000] {logging_mixin.py:188} INFO - [2026-03-11T15:17:18.127+0000] {dagbag.py:538} INFO - Filling up the DagBag from /home/airflow/.local/lib/python3.8/site-packages/airflow/example_dags/example_kubernetes_executor.py
[2026-03-11T15:17:18.154+0000] {processor.py:840} INFO - DAG(s) 'example_kubernetes_executor' retrieved from /home/airflow/.local/lib/python3.8/site-packages/airflow/example_dags/example_kubernetes_executor.py
[2026-03-11T15:17:18.222+0000] {logging_mixin.py:188} INFO - [2026-03-11T15:17:18.222+0000] {dag.py:3036} INFO - Sync 1 DAGs
[2026-03-11T15:17:18.242+0000] {logging_mixin.py:188} INFO - [2026-03-11T15:17:18.242+0000] {dag.py:3823} INFO - Setting next_dagrun for example_kubernetes_executor to None, run_after=None
[2026-03-11T15:17:18.274+0000] {processor.py:183} INFO - Processing /home/airflow/.local/lib/python3.8/site-packages/airflow/example_dags/example_kubernetes_executor.py took 0.157 seconds
[2026-03-11T15:17:48.350+0000] {processor.py:161} INFO - Started process (PID=1003) to work on /home/airflow/.local/lib/python3.8/site-packages/airflow/example_dags/example_kubernetes_executor.py
[2026-03-11T15:17:48.352+0000] {processor.py:830} INFO - Processing file /home/airflow/.local/lib/python3.8/site-packages/airflow/example_dags/example_kubernetes_executor.py for tasks to queue
[2026-03-11T15:17:48.357+0000] {logging_mixin.py:188} INFO - [2026-03-11T15:17:48.356+0000] {dagbag.py:538} INFO - Filling up the DagBag from /home/airflow/.local/lib/python3.8/site-packages/airflow/example_dags/example_kubernetes_executor.py
[2026-03-11T15:17:48.384+0000] {processor.py:840} INFO - DAG(s) 'example_kubernetes_executor' retrieved from /home/airflow/.local/lib/python3.8/site-packages/airflow/example_dags/example_kubernetes_executor.py
[2026-03-11T15:17:48.445+0000] {logging_mixin.py:188} INFO - [2026-03-11T15:17:48.444+0000] {dag.py:3036} INFO - Sync 1 DAGs
[2026-03-11T15:17:48.466+0000] {logging_mixin.py:188} INFO - [2026-03-11T15:17:48.466+0000] {dag.py:3823} INFO - Setting next_dagrun for example_kubernetes_executor to None, run_after=None
[2026-03-11T15:17:48.501+0000] {processor.py:183} INFO - Processing /home/airflow/.local/lib/python3.8/site-packages/airflow/example_dags/example_kubernetes_executor.py took 0.159 seconds
[2026-03-11T15:18:19.225+0000] {processor.py:161} INFO - Started process (PID=1059) to work on /home/airflow/.local/lib/python3.8/site-packages/airflow/example_dags/example_kubernetes_executor.py
[2026-03-11T15:18:19.226+0000] {processor.py:830} INFO - Processing file /home/airflow/.local/lib/python3.8/site-packages/airflow/example_dags/example_kubernetes_executor.py for tasks to queue
[2026-03-11T15:18:19.229+0000] {logging_mixin.py:188} INFO - [2026-03-11T15:18:19.229+0000] {dagbag.py:538} INFO - Filling up the DagBag from /home/airflow/.local/lib/python3.8/site-packages/airflow/example_dags/example_kubernetes_executor.py
[2026-03-11T15:18:19.248+0000] {processor.py:840} INFO - DAG(s) 'example_kubernetes_executor' retrieved from /home/airflow/.local/lib/python3.8/site-packages/airflow/example_dags/example_kubernetes_executor.py
[2026-03-11T15:18:19.296+0000] {logging_mixin.py:188} INFO - [2026-03-11T15:18:19.296+0000] {dag.py:3036} INFO - Sync 1 DAGs
[2026-03-11T15:18:19.313+0000] {logging_mixin.py:188} INFO - [2026-03-11T15:18:19.313+0000] {dag.py:3823} INFO - Setting next_dagrun for example_kubernetes_executor to None, run_after=None
[2026-03-11T15:18:19.338+0000] {processor.py:183} INFO - Processing /home/airflow/.local/lib/python3.8/site-packages/airflow/example_dags/example_kubernetes_executor.py took 0.118 seconds
