[2026-03-11T15:09:31.407+0000] {processor.py:161} INFO - Started process (PID=71) to work on /home/airflow/.local/lib/python3.8/site-packages/airflow/example_dags/example_xcomargs.py
[2026-03-11T15:09:31.409+0000] {processor.py:830} INFO - Processing file /home/airflow/.local/lib/python3.8/site-packages/airflow/example_dags/example_xcomargs.py for tasks to queue
[2026-03-11T15:09:31.412+0000] {logging_mixin.py:188} INFO - [2026-03-11T15:09:31.412+0000] {dagbag.py:538} INFO - Filling up the DagBag from /home/airflow/.local/lib/python3.8/site-packages/airflow/example_dags/example_xcomargs.py
[2026-03-11T15:09:31.431+0000] {processor.py:840} INFO - DAG(s) 'example_xcom_args', 'example_xcom_args_with_operators' retrieved from /home/airflow/.local/lib/python3.8/site-packages/airflow/example_dags/example_xcomargs.py
[2026-03-11T15:09:31.464+0000] {logging_mixin.py:188} INFO - [2026-03-11T15:09:31.464+0000] {dag.py:3036} INFO - Sync 2 DAGs
[2026-03-11T15:09:31.494+0000] {logging_mixin.py:188} INFO - [2026-03-11T15:09:31.493+0000] {dag.py:3823} INFO - Setting next_dagrun for example_xcom_args to None, run_after=None
[2026-03-11T15:09:31.502+0000] {logging_mixin.py:188} INFO - [2026-03-11T15:09:31.501+0000] {dag.py:3823} INFO - Setting next_dagrun for example_xcom_args_with_operators to None, run_after=None
[2026-03-11T15:09:31.549+0000] {processor.py:183} INFO - Processing /home/airflow/.local/lib/python3.8/site-packages/airflow/example_dags/example_xcomargs.py took 0.151 seconds
[2026-03-11T15:10:02.045+0000] {processor.py:161} INFO - Started process (PID=127) to work on /home/airflow/.local/lib/python3.8/site-packages/airflow/example_dags/example_xcomargs.py
[2026-03-11T15:10:02.046+0000] {processor.py:830} INFO - Processing file /home/airflow/.local/lib/python3.8/site-packages/airflow/example_dags/example_xcomargs.py for tasks to queue
[2026-03-11T15:10:02.048+0000] {logging_mixin.py:188} INFO - [2026-03-11T15:10:02.048+0000] {dagbag.py:538} INFO - Filling up the DagBag from /home/airflow/.local/lib/python3.8/site-packages/airflow/example_dags/example_xcomargs.py
[2026-03-11T15:10:02.058+0000] {processor.py:840} INFO - DAG(s) 'example_xcom_args', 'example_xcom_args_with_operators' retrieved from /home/airflow/.local/lib/python3.8/site-packages/airflow/example_dags/example_xcomargs.py
[2026-03-11T15:10:02.243+0000] {logging_mixin.py:188} INFO - [2026-03-11T15:10:02.242+0000] {dag.py:3036} INFO - Sync 2 DAGs
[2026-03-11T15:10:02.265+0000] {logging_mixin.py:188} INFO - [2026-03-11T15:10:02.265+0000] {dag.py:3823} INFO - Setting next_dagrun for example_xcom_args to None, run_after=None
[2026-03-11T15:10:02.270+0000] {logging_mixin.py:188} INFO - [2026-03-11T15:10:02.270+0000] {dag.py:3823} INFO - Setting next_dagrun for example_xcom_args_with_operators to None, run_after=None
[2026-03-11T15:10:02.304+0000] {processor.py:183} INFO - Processing /home/airflow/.local/lib/python3.8/site-packages/airflow/example_dags/example_xcomargs.py took 0.264 seconds
[2026-03-11T15:10:32.986+0000] {processor.py:161} INFO - Started process (PID=183) to work on /home/airflow/.local/lib/python3.8/site-packages/airflow/example_dags/example_xcomargs.py
[2026-03-11T15:10:32.988+0000] {processor.py:830} INFO - Processing file /home/airflow/.local/lib/python3.8/site-packages/airflow/example_dags/example_xcomargs.py for tasks to queue
[2026-03-11T15:10:32.993+0000] {logging_mixin.py:188} INFO - [2026-03-11T15:10:32.993+0000] {dagbag.py:538} INFO - Filling up the DagBag from /home/airflow/.local/lib/python3.8/site-packages/airflow/example_dags/example_xcomargs.py
[2026-03-11T15:10:33.009+0000] {processor.py:840} INFO - DAG(s) 'example_xcom_args', 'example_xcom_args_with_operators' retrieved from /home/airflow/.local/lib/python3.8/site-packages/airflow/example_dags/example_xcomargs.py
[2026-03-11T15:10:33.054+0000] {logging_mixin.py:188} INFO - [2026-03-11T15:10:33.054+0000] {dag.py:3036} INFO - Sync 2 DAGs
[2026-03-11T15:10:33.079+0000] {logging_mixin.py:188} INFO - [2026-03-11T15:10:33.078+0000] {dag.py:3823} INFO - Setting next_dagrun for example_xcom_args to None, run_after=None
[2026-03-11T15:10:33.086+0000] {logging_mixin.py:188} INFO - [2026-03-11T15:10:33.085+0000] {dag.py:3823} INFO - Setting next_dagrun for example_xcom_args_with_operators to None, run_after=None
[2026-03-11T15:10:33.117+0000] {processor.py:183} INFO - Processing /home/airflow/.local/lib/python3.8/site-packages/airflow/example_dags/example_xcomargs.py took 0.137 seconds
[2026-03-11T15:11:03.955+0000] {processor.py:161} INFO - Started process (PID=239) to work on /home/airflow/.local/lib/python3.8/site-packages/airflow/example_dags/example_xcomargs.py
[2026-03-11T15:11:03.957+0000] {processor.py:830} INFO - Processing file /home/airflow/.local/lib/python3.8/site-packages/airflow/example_dags/example_xcomargs.py for tasks to queue
[2026-03-11T15:11:03.961+0000] {logging_mixin.py:188} INFO - [2026-03-11T15:11:03.960+0000] {dagbag.py:538} INFO - Filling up the DagBag from /home/airflow/.local/lib/python3.8/site-packages/airflow/example_dags/example_xcomargs.py
[2026-03-11T15:11:03.980+0000] {processor.py:840} INFO - DAG(s) 'example_xcom_args', 'example_xcom_args_with_operators' retrieved from /home/airflow/.local/lib/python3.8/site-packages/airflow/example_dags/example_xcomargs.py
[2026-03-11T15:11:04.035+0000] {logging_mixin.py:188} INFO - [2026-03-11T15:11:04.035+0000] {dag.py:3036} INFO - Sync 2 DAGs
[2026-03-11T15:11:04.059+0000] {logging_mixin.py:188} INFO - [2026-03-11T15:11:04.058+0000] {dag.py:3823} INFO - Setting next_dagrun for example_xcom_args to None, run_after=None
[2026-03-11T15:11:04.065+0000] {logging_mixin.py:188} INFO - [2026-03-11T15:11:04.065+0000] {dag.py:3823} INFO - Setting next_dagrun for example_xcom_args_with_operators to None, run_after=None
[2026-03-11T15:11:04.094+0000] {processor.py:183} INFO - Processing /home/airflow/.local/lib/python3.8/site-packages/airflow/example_dags/example_xcomargs.py took 0.146 seconds
[2026-03-11T15:11:34.838+0000] {processor.py:161} INFO - Started process (PID=295) to work on /home/airflow/.local/lib/python3.8/site-packages/airflow/example_dags/example_xcomargs.py
[2026-03-11T15:11:34.841+0000] {processor.py:830} INFO - Processing file /home/airflow/.local/lib/python3.8/site-packages/airflow/example_dags/example_xcomargs.py for tasks to queue
[2026-03-11T15:11:34.846+0000] {logging_mixin.py:188} INFO - [2026-03-11T15:11:34.845+0000] {dagbag.py:538} INFO - Filling up the DagBag from /home/airflow/.local/lib/python3.8/site-packages/airflow/example_dags/example_xcomargs.py
[2026-03-11T15:11:34.867+0000] {processor.py:840} INFO - DAG(s) 'example_xcom_args', 'example_xcom_args_with_operators' retrieved from /home/airflow/.local/lib/python3.8/site-packages/airflow/example_dags/example_xcomargs.py
[2026-03-11T15:11:34.904+0000] {logging_mixin.py:188} INFO - [2026-03-11T15:11:34.903+0000] {dag.py:3036} INFO - Sync 2 DAGs
[2026-03-11T15:11:34.923+0000] {logging_mixin.py:188} INFO - [2026-03-11T15:11:34.923+0000] {dag.py:3823} INFO - Setting next_dagrun for example_xcom_args to None, run_after=None
[2026-03-11T15:11:34.932+0000] {logging_mixin.py:188} INFO - [2026-03-11T15:11:34.931+0000] {dag.py:3823} INFO - Setting next_dagrun for example_xcom_args_with_operators to None, run_after=None
[2026-03-11T15:11:34.963+0000] {processor.py:183} INFO - Processing /home/airflow/.local/lib/python3.8/site-packages/airflow/example_dags/example_xcomargs.py took 0.130 seconds
[2026-03-11T15:12:05.284+0000] {processor.py:161} INFO - Started process (PID=351) to work on /home/airflow/.local/lib/python3.8/site-packages/airflow/example_dags/example_xcomargs.py
[2026-03-11T15:12:05.286+0000] {processor.py:830} INFO - Processing file /home/airflow/.local/lib/python3.8/site-packages/airflow/example_dags/example_xcomargs.py for tasks to queue
[2026-03-11T15:12:05.289+0000] {logging_mixin.py:188} INFO - [2026-03-11T15:12:05.288+0000] {dagbag.py:538} INFO - Filling up the DagBag from /home/airflow/.local/lib/python3.8/site-packages/airflow/example_dags/example_xcomargs.py
[2026-03-11T15:12:05.307+0000] {processor.py:840} INFO - DAG(s) 'example_xcom_args', 'example_xcom_args_with_operators' retrieved from /home/airflow/.local/lib/python3.8/site-packages/airflow/example_dags/example_xcomargs.py
[2026-03-11T15:12:05.346+0000] {logging_mixin.py:188} INFO - [2026-03-11T15:12:05.346+0000] {dag.py:3036} INFO - Sync 2 DAGs
[2026-03-11T15:12:05.366+0000] {logging_mixin.py:188} INFO - [2026-03-11T15:12:05.366+0000] {dag.py:3823} INFO - Setting next_dagrun for example_xcom_args to None, run_after=None
[2026-03-11T15:12:05.375+0000] {logging_mixin.py:188} INFO - [2026-03-11T15:12:05.375+0000] {dag.py:3823} INFO - Setting next_dagrun for example_xcom_args_with_operators to None, run_after=None
[2026-03-11T15:12:05.411+0000] {processor.py:183} INFO - Processing /home/airflow/.local/lib/python3.8/site-packages/airflow/example_dags/example_xcomargs.py took 0.133 seconds
[2026-03-11T15:12:35.600+0000] {processor.py:161} INFO - Started process (PID=407) to work on /home/airflow/.local/lib/python3.8/site-packages/airflow/example_dags/example_xcomargs.py
[2026-03-11T15:12:35.603+0000] {processor.py:830} INFO - Processing file /home/airflow/.local/lib/python3.8/site-packages/airflow/example_dags/example_xcomargs.py for tasks to queue
[2026-03-11T15:12:35.608+0000] {logging_mixin.py:188} INFO - [2026-03-11T15:12:35.608+0000] {dagbag.py:538} INFO - Filling up the DagBag from /home/airflow/.local/lib/python3.8/site-packages/airflow/example_dags/example_xcomargs.py
[2026-03-11T15:12:35.623+0000] {processor.py:840} INFO - DAG(s) 'example_xcom_args', 'example_xcom_args_with_operators' retrieved from /home/airflow/.local/lib/python3.8/site-packages/airflow/example_dags/example_xcomargs.py
[2026-03-11T15:12:35.671+0000] {logging_mixin.py:188} INFO - [2026-03-11T15:12:35.669+0000] {dag.py:3036} INFO - Sync 2 DAGs
[2026-03-11T15:12:35.711+0000] {logging_mixin.py:188} INFO - [2026-03-11T15:12:35.711+0000] {dag.py:3823} INFO - Setting next_dagrun for example_xcom_args to None, run_after=None
[2026-03-11T15:12:35.717+0000] {logging_mixin.py:188} INFO - [2026-03-11T15:12:35.717+0000] {dag.py:3823} INFO - Setting next_dagrun for example_xcom_args_with_operators to None, run_after=None
[2026-03-11T15:12:35.736+0000] {processor.py:183} INFO - Processing /home/airflow/.local/lib/python3.8/site-packages/airflow/example_dags/example_xcomargs.py took 0.142 seconds
[2026-03-11T15:13:06.665+0000] {processor.py:161} INFO - Started process (PID=463) to work on /home/airflow/.local/lib/python3.8/site-packages/airflow/example_dags/example_xcomargs.py
[2026-03-11T15:13:06.667+0000] {processor.py:830} INFO - Processing file /home/airflow/.local/lib/python3.8/site-packages/airflow/example_dags/example_xcomargs.py for tasks to queue
[2026-03-11T15:13:06.671+0000] {logging_mixin.py:188} INFO - [2026-03-11T15:13:06.670+0000] {dagbag.py:538} INFO - Filling up the DagBag from /home/airflow/.local/lib/python3.8/site-packages/airflow/example_dags/example_xcomargs.py
[2026-03-11T15:13:06.684+0000] {processor.py:840} INFO - DAG(s) 'example_xcom_args', 'example_xcom_args_with_operators' retrieved from /home/airflow/.local/lib/python3.8/site-packages/airflow/example_dags/example_xcomargs.py
[2026-03-11T15:13:06.727+0000] {logging_mixin.py:188} INFO - [2026-03-11T15:13:06.727+0000] {dag.py:3036} INFO - Sync 2 DAGs
[2026-03-11T15:13:06.744+0000] {logging_mixin.py:188} INFO - [2026-03-11T15:13:06.743+0000] {dag.py:3823} INFO - Setting next_dagrun for example_xcom_args to None, run_after=None
[2026-03-11T15:13:06.749+0000] {logging_mixin.py:188} INFO - [2026-03-11T15:13:06.749+0000] {dag.py:3823} INFO - Setting next_dagrun for example_xcom_args_with_operators to None, run_after=None
[2026-03-11T15:13:06.775+0000] {processor.py:183} INFO - Processing /home/airflow/.local/lib/python3.8/site-packages/airflow/example_dags/example_xcomargs.py took 0.117 seconds
[2026-03-11T15:13:36.809+0000] {processor.py:161} INFO - Started process (PID=518) to work on /home/airflow/.local/lib/python3.8/site-packages/airflow/example_dags/example_xcomargs.py
[2026-03-11T15:13:36.811+0000] {processor.py:830} INFO - Processing file /home/airflow/.local/lib/python3.8/site-packages/airflow/example_dags/example_xcomargs.py for tasks to queue
[2026-03-11T15:13:36.814+0000] {logging_mixin.py:188} INFO - [2026-03-11T15:13:36.813+0000] {dagbag.py:538} INFO - Filling up the DagBag from /home/airflow/.local/lib/python3.8/site-packages/airflow/example_dags/example_xcomargs.py
[2026-03-11T15:13:36.826+0000] {processor.py:840} INFO - DAG(s) 'example_xcom_args', 'example_xcom_args_with_operators' retrieved from /home/airflow/.local/lib/python3.8/site-packages/airflow/example_dags/example_xcomargs.py
[2026-03-11T15:13:36.863+0000] {logging_mixin.py:188} INFO - [2026-03-11T15:13:36.862+0000] {dag.py:3036} INFO - Sync 2 DAGs
[2026-03-11T15:13:36.883+0000] {logging_mixin.py:188} INFO - [2026-03-11T15:13:36.882+0000] {dag.py:3823} INFO - Setting next_dagrun for example_xcom_args to None, run_after=None
[2026-03-11T15:13:36.889+0000] {logging_mixin.py:188} INFO - [2026-03-11T15:13:36.889+0000] {dag.py:3823} INFO - Setting next_dagrun for example_xcom_args_with_operators to None, run_after=None
[2026-03-11T15:13:36.916+0000] {processor.py:183} INFO - Processing /home/airflow/.local/lib/python3.8/site-packages/airflow/example_dags/example_xcomargs.py took 0.112 seconds
[2026-03-11T15:14:07.043+0000] {processor.py:161} INFO - Started process (PID=574) to work on /home/airflow/.local/lib/python3.8/site-packages/airflow/example_dags/example_xcomargs.py
[2026-03-11T15:14:07.045+0000] {processor.py:830} INFO - Processing file /home/airflow/.local/lib/python3.8/site-packages/airflow/example_dags/example_xcomargs.py for tasks to queue
[2026-03-11T15:14:07.049+0000] {logging_mixin.py:188} INFO - [2026-03-11T15:14:07.049+0000] {dagbag.py:538} INFO - Filling up the DagBag from /home/airflow/.local/lib/python3.8/site-packages/airflow/example_dags/example_xcomargs.py
[2026-03-11T15:14:07.064+0000] {processor.py:840} INFO - DAG(s) 'example_xcom_args_with_operators', 'example_xcom_args' retrieved from /home/airflow/.local/lib/python3.8/site-packages/airflow/example_dags/example_xcomargs.py
[2026-03-11T15:14:07.102+0000] {logging_mixin.py:188} INFO - [2026-03-11T15:14:07.101+0000] {dag.py:3036} INFO - Sync 2 DAGs
[2026-03-11T15:14:07.122+0000] {logging_mixin.py:188} INFO - [2026-03-11T15:14:07.121+0000] {dag.py:3823} INFO - Setting next_dagrun for example_xcom_args to None, run_after=None
[2026-03-11T15:14:07.128+0000] {logging_mixin.py:188} INFO - [2026-03-11T15:14:07.128+0000] {dag.py:3823} INFO - Setting next_dagrun for example_xcom_args_with_operators to None, run_after=None
[2026-03-11T15:14:07.155+0000] {processor.py:183} INFO - Processing /home/airflow/.local/lib/python3.8/site-packages/airflow/example_dags/example_xcomargs.py took 0.118 seconds
[2026-03-11T15:14:37.349+0000] {processor.py:161} INFO - Started process (PID=630) to work on /home/airflow/.local/lib/python3.8/site-packages/airflow/example_dags/example_xcomargs.py
[2026-03-11T15:14:37.351+0000] {processor.py:830} INFO - Processing file /home/airflow/.local/lib/python3.8/site-packages/airflow/example_dags/example_xcomargs.py for tasks to queue
[2026-03-11T15:14:37.356+0000] {logging_mixin.py:188} INFO - [2026-03-11T15:14:37.355+0000] {dagbag.py:538} INFO - Filling up the DagBag from /home/airflow/.local/lib/python3.8/site-packages/airflow/example_dags/example_xcomargs.py
[2026-03-11T15:14:37.371+0000] {processor.py:840} INFO - DAG(s) 'example_xcom_args', 'example_xcom_args_with_operators' retrieved from /home/airflow/.local/lib/python3.8/site-packages/airflow/example_dags/example_xcomargs.py
[2026-03-11T15:14:37.397+0000] {logging_mixin.py:188} INFO - [2026-03-11T15:14:37.396+0000] {dag.py:3036} INFO - Sync 2 DAGs
[2026-03-11T15:14:37.413+0000] {logging_mixin.py:188} INFO - [2026-03-11T15:14:37.412+0000] {dag.py:3823} INFO - Setting next_dagrun for example_xcom_args to None, run_after=None
[2026-03-11T15:14:37.417+0000] {logging_mixin.py:188} INFO - [2026-03-11T15:14:37.417+0000] {dag.py:3823} INFO - Setting next_dagrun for example_xcom_args_with_operators to None, run_after=None
[2026-03-11T15:14:37.437+0000] {processor.py:183} INFO - Processing /home/airflow/.local/lib/python3.8/site-packages/airflow/example_dags/example_xcomargs.py took 0.093 seconds
[2026-03-11T15:15:07.606+0000] {processor.py:161} INFO - Started process (PID=686) to work on /home/airflow/.local/lib/python3.8/site-packages/airflow/example_dags/example_xcomargs.py
[2026-03-11T15:15:07.607+0000] {processor.py:830} INFO - Processing file /home/airflow/.local/lib/python3.8/site-packages/airflow/example_dags/example_xcomargs.py for tasks to queue
[2026-03-11T15:15:07.610+0000] {logging_mixin.py:188} INFO - [2026-03-11T15:15:07.610+0000] {dagbag.py:538} INFO - Filling up the DagBag from /home/airflow/.local/lib/python3.8/site-packages/airflow/example_dags/example_xcomargs.py
[2026-03-11T15:15:07.629+0000] {processor.py:840} INFO - DAG(s) 'example_xcom_args', 'example_xcom_args_with_operators' retrieved from /home/airflow/.local/lib/python3.8/site-packages/airflow/example_dags/example_xcomargs.py
[2026-03-11T15:15:07.668+0000] {logging_mixin.py:188} INFO - [2026-03-11T15:15:07.667+0000] {dag.py:3036} INFO - Sync 2 DAGs
[2026-03-11T15:15:07.690+0000] {logging_mixin.py:188} INFO - [2026-03-11T15:15:07.689+0000] {dag.py:3823} INFO - Setting next_dagrun for example_xcom_args to None, run_after=None
[2026-03-11T15:15:07.695+0000] {logging_mixin.py:188} INFO - [2026-03-11T15:15:07.695+0000] {dag.py:3823} INFO - Setting next_dagrun for example_xcom_args_with_operators to None, run_after=None
[2026-03-11T15:15:07.720+0000] {processor.py:183} INFO - Processing /home/airflow/.local/lib/python3.8/site-packages/airflow/example_dags/example_xcomargs.py took 0.121 seconds
[2026-03-11T15:15:38.538+0000] {processor.py:161} INFO - Started process (PID=743) to work on /home/airflow/.local/lib/python3.8/site-packages/airflow/example_dags/example_xcomargs.py
[2026-03-11T15:15:38.539+0000] {processor.py:830} INFO - Processing file /home/airflow/.local/lib/python3.8/site-packages/airflow/example_dags/example_xcomargs.py for tasks to queue
[2026-03-11T15:15:38.542+0000] {logging_mixin.py:188} INFO - [2026-03-11T15:15:38.542+0000] {dagbag.py:538} INFO - Filling up the DagBag from /home/airflow/.local/lib/python3.8/site-packages/airflow/example_dags/example_xcomargs.py
[2026-03-11T15:15:38.555+0000] {processor.py:840} INFO - DAG(s) 'example_xcom_args_with_operators', 'example_xcom_args' retrieved from /home/airflow/.local/lib/python3.8/site-packages/airflow/example_dags/example_xcomargs.py
[2026-03-11T15:15:38.589+0000] {logging_mixin.py:188} INFO - [2026-03-11T15:15:38.588+0000] {dag.py:3036} INFO - Sync 2 DAGs
[2026-03-11T15:15:38.605+0000] {logging_mixin.py:188} INFO - [2026-03-11T15:15:38.604+0000] {dag.py:3823} INFO - Setting next_dagrun for example_xcom_args to None, run_after=None
[2026-03-11T15:15:38.609+0000] {logging_mixin.py:188} INFO - [2026-03-11T15:15:38.608+0000] {dag.py:3823} INFO - Setting next_dagrun for example_xcom_args_with_operators to None, run_after=None
[2026-03-11T15:15:38.626+0000] {processor.py:183} INFO - Processing /home/airflow/.local/lib/python3.8/site-packages/airflow/example_dags/example_xcomargs.py took 0.093 seconds
[2026-03-11T15:16:09.644+0000] {processor.py:161} INFO - Started process (PID=799) to work on /home/airflow/.local/lib/python3.8/site-packages/airflow/example_dags/example_xcomargs.py
[2026-03-11T15:16:09.645+0000] {processor.py:830} INFO - Processing file /home/airflow/.local/lib/python3.8/site-packages/airflow/example_dags/example_xcomargs.py for tasks to queue
[2026-03-11T15:16:09.648+0000] {logging_mixin.py:188} INFO - [2026-03-11T15:16:09.647+0000] {dagbag.py:538} INFO - Filling up the DagBag from /home/airflow/.local/lib/python3.8/site-packages/airflow/example_dags/example_xcomargs.py
[2026-03-11T15:16:09.658+0000] {processor.py:840} INFO - DAG(s) 'example_xcom_args_with_operators', 'example_xcom_args' retrieved from /home/airflow/.local/lib/python3.8/site-packages/airflow/example_dags/example_xcomargs.py
[2026-03-11T15:16:09.691+0000] {logging_mixin.py:188} INFO - [2026-03-11T15:16:09.691+0000] {dag.py:3036} INFO - Sync 2 DAGs
[2026-03-11T15:16:09.709+0000] {logging_mixin.py:188} INFO - [2026-03-11T15:16:09.708+0000] {dag.py:3823} INFO - Setting next_dagrun for example_xcom_args to None, run_after=None
[2026-03-11T15:16:09.714+0000] {logging_mixin.py:188} INFO - [2026-03-11T15:16:09.713+0000] {dag.py:3823} INFO - Setting next_dagrun for example_xcom_args_with_operators to None, run_after=None
[2026-03-11T15:16:09.734+0000] {processor.py:183} INFO - Processing /home/airflow/.local/lib/python3.8/site-packages/airflow/example_dags/example_xcomargs.py took 0.094 seconds
[2026-03-11T15:16:40.141+0000] {processor.py:161} INFO - Started process (PID=855) to work on /home/airflow/.local/lib/python3.8/site-packages/airflow/example_dags/example_xcomargs.py
[2026-03-11T15:16:40.142+0000] {processor.py:830} INFO - Processing file /home/airflow/.local/lib/python3.8/site-packages/airflow/example_dags/example_xcomargs.py for tasks to queue
[2026-03-11T15:16:40.146+0000] {logging_mixin.py:188} INFO - [2026-03-11T15:16:40.145+0000] {dagbag.py:538} INFO - Filling up the DagBag from /home/airflow/.local/lib/python3.8/site-packages/airflow/example_dags/example_xcomargs.py
[2026-03-11T15:16:40.159+0000] {processor.py:840} INFO - DAG(s) 'example_xcom_args', 'example_xcom_args_with_operators' retrieved from /home/airflow/.local/lib/python3.8/site-packages/airflow/example_dags/example_xcomargs.py
[2026-03-11T15:16:40.197+0000] {logging_mixin.py:188} INFO - [2026-03-11T15:16:40.197+0000] {dag.py:3036} INFO - Sync 2 DAGs
[2026-03-11T15:16:40.217+0000] {logging_mixin.py:188} INFO - [2026-03-11T15:16:40.217+0000] {dag.py:3823} INFO - Setting next_dagrun for example_xcom_args to None, run_after=None
[2026-03-11T15:16:40.223+0000] {logging_mixin.py:188} INFO - [2026-03-11T15:16:40.223+0000] {dag.py:3823} INFO - Setting next_dagrun for example_xcom_args_with_operators to None, run_after=None
[2026-03-11T15:16:40.254+0000] {processor.py:183} INFO - Processing /home/airflow/.local/lib/python3.8/site-packages/airflow/example_dags/example_xcomargs.py took 0.119 seconds
[2026-03-11T15:17:10.317+0000] {processor.py:161} INFO - Started process (PID=910) to work on /home/airflow/.local/lib/python3.8/site-packages/airflow/example_dags/example_xcomargs.py
[2026-03-11T15:17:10.319+0000] {processor.py:830} INFO - Processing file /home/airflow/.local/lib/python3.8/site-packages/airflow/example_dags/example_xcomargs.py for tasks to queue
[2026-03-11T15:17:10.321+0000] {logging_mixin.py:188} INFO - [2026-03-11T15:17:10.321+0000] {dagbag.py:538} INFO - Filling up the DagBag from /home/airflow/.local/lib/python3.8/site-packages/airflow/example_dags/example_xcomargs.py
[2026-03-11T15:17:10.333+0000] {processor.py:840} INFO - DAG(s) 'example_xcom_args_with_operators', 'example_xcom_args' retrieved from /home/airflow/.local/lib/python3.8/site-packages/airflow/example_dags/example_xcomargs.py
[2026-03-11T15:17:10.365+0000] {logging_mixin.py:188} INFO - [2026-03-11T15:17:10.365+0000] {dag.py:3036} INFO - Sync 2 DAGs
[2026-03-11T15:17:10.384+0000] {logging_mixin.py:188} INFO - [2026-03-11T15:17:10.384+0000] {dag.py:3823} INFO - Setting next_dagrun for example_xcom_args to None, run_after=None
[2026-03-11T15:17:10.390+0000] {logging_mixin.py:188} INFO - [2026-03-11T15:17:10.390+0000] {dag.py:3823} INFO - Setting next_dagrun for example_xcom_args_with_operators to None, run_after=None
[2026-03-11T15:17:10.420+0000] {processor.py:183} INFO - Processing /home/airflow/.local/lib/python3.8/site-packages/airflow/example_dags/example_xcomargs.py took 0.107 seconds
[2026-03-11T15:17:40.458+0000] {processor.py:161} INFO - Started process (PID=966) to work on /home/airflow/.local/lib/python3.8/site-packages/airflow/example_dags/example_xcomargs.py
[2026-03-11T15:17:40.459+0000] {processor.py:830} INFO - Processing file /home/airflow/.local/lib/python3.8/site-packages/airflow/example_dags/example_xcomargs.py for tasks to queue
[2026-03-11T15:17:40.462+0000] {logging_mixin.py:188} INFO - [2026-03-11T15:17:40.462+0000] {dagbag.py:538} INFO - Filling up the DagBag from /home/airflow/.local/lib/python3.8/site-packages/airflow/example_dags/example_xcomargs.py
[2026-03-11T15:17:40.475+0000] {processor.py:840} INFO - DAG(s) 'example_xcom_args_with_operators', 'example_xcom_args' retrieved from /home/airflow/.local/lib/python3.8/site-packages/airflow/example_dags/example_xcomargs.py
[2026-03-11T15:17:40.508+0000] {logging_mixin.py:188} INFO - [2026-03-11T15:17:40.507+0000] {dag.py:3036} INFO - Sync 2 DAGs
[2026-03-11T15:17:40.528+0000] {logging_mixin.py:188} INFO - [2026-03-11T15:17:40.528+0000] {dag.py:3823} INFO - Setting next_dagrun for example_xcom_args to None, run_after=None
[2026-03-11T15:17:40.534+0000] {logging_mixin.py:188} INFO - [2026-03-11T15:17:40.533+0000] {dag.py:3823} INFO - Setting next_dagrun for example_xcom_args_with_operators to None, run_after=None
[2026-03-11T15:17:40.563+0000] {processor.py:183} INFO - Processing /home/airflow/.local/lib/python3.8/site-packages/airflow/example_dags/example_xcomargs.py took 0.110 seconds
[2026-03-11T15:18:10.601+0000] {processor.py:161} INFO - Started process (PID=1022) to work on /home/airflow/.local/lib/python3.8/site-packages/airflow/example_dags/example_xcomargs.py
[2026-03-11T15:18:10.602+0000] {processor.py:830} INFO - Processing file /home/airflow/.local/lib/python3.8/site-packages/airflow/example_dags/example_xcomargs.py for tasks to queue
[2026-03-11T15:18:10.605+0000] {logging_mixin.py:188} INFO - [2026-03-11T15:18:10.604+0000] {dagbag.py:538} INFO - Filling up the DagBag from /home/airflow/.local/lib/python3.8/site-packages/airflow/example_dags/example_xcomargs.py
[2026-03-11T15:18:10.616+0000] {processor.py:840} INFO - DAG(s) 'example_xcom_args', 'example_xcom_args_with_operators' retrieved from /home/airflow/.local/lib/python3.8/site-packages/airflow/example_dags/example_xcomargs.py
[2026-03-11T15:18:10.648+0000] {logging_mixin.py:188} INFO - [2026-03-11T15:18:10.648+0000] {dag.py:3036} INFO - Sync 2 DAGs
[2026-03-11T15:18:10.666+0000] {logging_mixin.py:188} INFO - [2026-03-11T15:18:10.666+0000] {dag.py:3823} INFO - Setting next_dagrun for example_xcom_args to None, run_after=None
[2026-03-11T15:18:10.671+0000] {logging_mixin.py:188} INFO - [2026-03-11T15:18:10.671+0000] {dag.py:3823} INFO - Setting next_dagrun for example_xcom_args_with_operators to None, run_after=None
[2026-03-11T15:18:10.694+0000] {processor.py:183} INFO - Processing /home/airflow/.local/lib/python3.8/site-packages/airflow/example_dags/example_xcomargs.py took 0.099 seconds
