[2026-03-11T15:09:32.757+0000] {processor.py:161} INFO - Started process (PID=79) to work on /home/airflow/.local/lib/python3.8/site-packages/airflow/example_dags/example_external_task_marker_dag.py
[2026-03-11T15:09:32.759+0000] {processor.py:830} INFO - Processing file /home/airflow/.local/lib/python3.8/site-packages/airflow/example_dags/example_external_task_marker_dag.py for tasks to queue
[2026-03-11T15:09:32.771+0000] {logging_mixin.py:188} INFO - [2026-03-11T15:09:32.769+0000] {dagbag.py:538} INFO - Filling up the DagBag from /home/airflow/.local/lib/python3.8/site-packages/airflow/example_dags/example_external_task_marker_dag.py
[2026-03-11T15:09:32.820+0000] {processor.py:840} INFO - DAG(s) 'example_external_task_marker_parent', 'example_external_task_marker_child' retrieved from /home/airflow/.local/lib/python3.8/site-packages/airflow/example_dags/example_external_task_marker_dag.py
[2026-03-11T15:09:32.886+0000] {logging_mixin.py:188} INFO - [2026-03-11T15:09:32.885+0000] {dag.py:3036} INFO - Sync 2 DAGs
[2026-03-11T15:09:32.949+0000] {logging_mixin.py:188} INFO - [2026-03-11T15:09:32.948+0000] {dag.py:3823} INFO - Setting next_dagrun for example_external_task_marker_child to None, run_after=None
[2026-03-11T15:09:32.960+0000] {logging_mixin.py:188} INFO - [2026-03-11T15:09:32.959+0000] {dag.py:3823} INFO - Setting next_dagrun for example_external_task_marker_parent to None, run_after=None
[2026-03-11T15:09:33.012+0000] {processor.py:183} INFO - Processing /home/airflow/.local/lib/python3.8/site-packages/airflow/example_dags/example_external_task_marker_dag.py took 0.263 seconds
[2026-03-11T15:10:04.315+0000] {processor.py:161} INFO - Started process (PID=135) to work on /home/airflow/.local/lib/python3.8/site-packages/airflow/example_dags/example_external_task_marker_dag.py
[2026-03-11T15:10:04.318+0000] {processor.py:830} INFO - Processing file /home/airflow/.local/lib/python3.8/site-packages/airflow/example_dags/example_external_task_marker_dag.py for tasks to queue
[2026-03-11T15:10:04.333+0000] {logging_mixin.py:188} INFO - [2026-03-11T15:10:04.331+0000] {dagbag.py:538} INFO - Filling up the DagBag from /home/airflow/.local/lib/python3.8/site-packages/airflow/example_dags/example_external_task_marker_dag.py
[2026-03-11T15:10:04.351+0000] {processor.py:840} INFO - DAG(s) 'example_external_task_marker_parent', 'example_external_task_marker_child' retrieved from /home/airflow/.local/lib/python3.8/site-packages/airflow/example_dags/example_external_task_marker_dag.py
[2026-03-11T15:10:04.766+0000] {logging_mixin.py:188} INFO - [2026-03-11T15:10:04.765+0000] {dag.py:3036} INFO - Sync 2 DAGs
[2026-03-11T15:10:04.801+0000] {logging_mixin.py:188} INFO - [2026-03-11T15:10:04.801+0000] {dag.py:3823} INFO - Setting next_dagrun for example_external_task_marker_child to None, run_after=None
[2026-03-11T15:10:04.813+0000] {logging_mixin.py:188} INFO - [2026-03-11T15:10:04.812+0000] {dag.py:3823} INFO - Setting next_dagrun for example_external_task_marker_parent to None, run_after=None
[2026-03-11T15:10:04.856+0000] {processor.py:183} INFO - Processing /home/airflow/.local/lib/python3.8/site-packages/airflow/example_dags/example_external_task_marker_dag.py took 0.554 seconds
[2026-03-11T15:10:35.711+0000] {processor.py:161} INFO - Started process (PID=191) to work on /home/airflow/.local/lib/python3.8/site-packages/airflow/example_dags/example_external_task_marker_dag.py
[2026-03-11T15:10:35.712+0000] {processor.py:830} INFO - Processing file /home/airflow/.local/lib/python3.8/site-packages/airflow/example_dags/example_external_task_marker_dag.py for tasks to queue
[2026-03-11T15:10:35.714+0000] {logging_mixin.py:188} INFO - [2026-03-11T15:10:35.714+0000] {dagbag.py:538} INFO - Filling up the DagBag from /home/airflow/.local/lib/python3.8/site-packages/airflow/example_dags/example_external_task_marker_dag.py
[2026-03-11T15:10:35.724+0000] {processor.py:840} INFO - DAG(s) 'example_external_task_marker_child', 'example_external_task_marker_parent' retrieved from /home/airflow/.local/lib/python3.8/site-packages/airflow/example_dags/example_external_task_marker_dag.py
[2026-03-11T15:10:35.763+0000] {logging_mixin.py:188} INFO - [2026-03-11T15:10:35.762+0000] {dag.py:3036} INFO - Sync 2 DAGs
[2026-03-11T15:10:35.780+0000] {logging_mixin.py:188} INFO - [2026-03-11T15:10:35.780+0000] {dag.py:3823} INFO - Setting next_dagrun for example_external_task_marker_child to None, run_after=None
[2026-03-11T15:10:35.785+0000] {logging_mixin.py:188} INFO - [2026-03-11T15:10:35.785+0000] {dag.py:3823} INFO - Setting next_dagrun for example_external_task_marker_parent to None, run_after=None
[2026-03-11T15:10:35.811+0000] {processor.py:183} INFO - Processing /home/airflow/.local/lib/python3.8/site-packages/airflow/example_dags/example_external_task_marker_dag.py took 0.105 seconds
[2026-03-11T15:11:06.529+0000] {processor.py:161} INFO - Started process (PID=247) to work on /home/airflow/.local/lib/python3.8/site-packages/airflow/example_dags/example_external_task_marker_dag.py
[2026-03-11T15:11:06.530+0000] {processor.py:830} INFO - Processing file /home/airflow/.local/lib/python3.8/site-packages/airflow/example_dags/example_external_task_marker_dag.py for tasks to queue
[2026-03-11T15:11:06.532+0000] {logging_mixin.py:188} INFO - [2026-03-11T15:11:06.531+0000] {dagbag.py:538} INFO - Filling up the DagBag from /home/airflow/.local/lib/python3.8/site-packages/airflow/example_dags/example_external_task_marker_dag.py
[2026-03-11T15:11:06.538+0000] {processor.py:840} INFO - DAG(s) 'example_external_task_marker_child', 'example_external_task_marker_parent' retrieved from /home/airflow/.local/lib/python3.8/site-packages/airflow/example_dags/example_external_task_marker_dag.py
[2026-03-11T15:11:06.569+0000] {logging_mixin.py:188} INFO - [2026-03-11T15:11:06.569+0000] {dag.py:3036} INFO - Sync 2 DAGs
[2026-03-11T15:11:06.584+0000] {logging_mixin.py:188} INFO - [2026-03-11T15:11:06.584+0000] {dag.py:3823} INFO - Setting next_dagrun for example_external_task_marker_child to None, run_after=None
[2026-03-11T15:11:06.589+0000] {logging_mixin.py:188} INFO - [2026-03-11T15:11:06.589+0000] {dag.py:3823} INFO - Setting next_dagrun for example_external_task_marker_parent to None, run_after=None
[2026-03-11T15:11:06.618+0000] {processor.py:183} INFO - Processing /home/airflow/.local/lib/python3.8/site-packages/airflow/example_dags/example_external_task_marker_dag.py took 0.093 seconds
[2026-03-11T15:11:36.660+0000] {processor.py:161} INFO - Started process (PID=303) to work on /home/airflow/.local/lib/python3.8/site-packages/airflow/example_dags/example_external_task_marker_dag.py
[2026-03-11T15:11:36.662+0000] {processor.py:830} INFO - Processing file /home/airflow/.local/lib/python3.8/site-packages/airflow/example_dags/example_external_task_marker_dag.py for tasks to queue
[2026-03-11T15:11:36.666+0000] {logging_mixin.py:188} INFO - [2026-03-11T15:11:36.665+0000] {dagbag.py:538} INFO - Filling up the DagBag from /home/airflow/.local/lib/python3.8/site-packages/airflow/example_dags/example_external_task_marker_dag.py
[2026-03-11T15:11:36.682+0000] {processor.py:840} INFO - DAG(s) 'example_external_task_marker_child', 'example_external_task_marker_parent' retrieved from /home/airflow/.local/lib/python3.8/site-packages/airflow/example_dags/example_external_task_marker_dag.py
[2026-03-11T15:11:36.724+0000] {logging_mixin.py:188} INFO - [2026-03-11T15:11:36.724+0000] {dag.py:3036} INFO - Sync 2 DAGs
[2026-03-11T15:11:36.752+0000] {logging_mixin.py:188} INFO - [2026-03-11T15:11:36.751+0000] {dag.py:3823} INFO - Setting next_dagrun for example_external_task_marker_child to None, run_after=None
[2026-03-11T15:11:36.762+0000] {logging_mixin.py:188} INFO - [2026-03-11T15:11:36.761+0000] {dag.py:3823} INFO - Setting next_dagrun for example_external_task_marker_parent to None, run_after=None
[2026-03-11T15:11:36.786+0000] {processor.py:183} INFO - Processing /home/airflow/.local/lib/python3.8/site-packages/airflow/example_dags/example_external_task_marker_dag.py took 0.135 seconds
[2026-03-11T15:12:07.019+0000] {processor.py:161} INFO - Started process (PID=359) to work on /home/airflow/.local/lib/python3.8/site-packages/airflow/example_dags/example_external_task_marker_dag.py
[2026-03-11T15:12:07.021+0000] {processor.py:830} INFO - Processing file /home/airflow/.local/lib/python3.8/site-packages/airflow/example_dags/example_external_task_marker_dag.py for tasks to queue
[2026-03-11T15:12:07.026+0000] {logging_mixin.py:188} INFO - [2026-03-11T15:12:07.025+0000] {dagbag.py:538} INFO - Filling up the DagBag from /home/airflow/.local/lib/python3.8/site-packages/airflow/example_dags/example_external_task_marker_dag.py
[2026-03-11T15:12:07.039+0000] {processor.py:840} INFO - DAG(s) 'example_external_task_marker_child', 'example_external_task_marker_parent' retrieved from /home/airflow/.local/lib/python3.8/site-packages/airflow/example_dags/example_external_task_marker_dag.py
[2026-03-11T15:12:07.077+0000] {logging_mixin.py:188} INFO - [2026-03-11T15:12:07.077+0000] {dag.py:3036} INFO - Sync 2 DAGs
[2026-03-11T15:12:07.101+0000] {logging_mixin.py:188} INFO - [2026-03-11T15:12:07.101+0000] {dag.py:3823} INFO - Setting next_dagrun for example_external_task_marker_child to None, run_after=None
[2026-03-11T15:12:07.107+0000] {logging_mixin.py:188} INFO - [2026-03-11T15:12:07.107+0000] {dag.py:3823} INFO - Setting next_dagrun for example_external_task_marker_parent to None, run_after=None
[2026-03-11T15:12:07.138+0000] {processor.py:183} INFO - Processing /home/airflow/.local/lib/python3.8/site-packages/airflow/example_dags/example_external_task_marker_dag.py took 0.125 seconds
[2026-03-11T15:12:37.471+0000] {processor.py:161} INFO - Started process (PID=415) to work on /home/airflow/.local/lib/python3.8/site-packages/airflow/example_dags/example_external_task_marker_dag.py
[2026-03-11T15:12:37.474+0000] {processor.py:830} INFO - Processing file /home/airflow/.local/lib/python3.8/site-packages/airflow/example_dags/example_external_task_marker_dag.py for tasks to queue
[2026-03-11T15:12:37.481+0000] {logging_mixin.py:188} INFO - [2026-03-11T15:12:37.481+0000] {dagbag.py:538} INFO - Filling up the DagBag from /home/airflow/.local/lib/python3.8/site-packages/airflow/example_dags/example_external_task_marker_dag.py
[2026-03-11T15:12:37.500+0000] {processor.py:840} INFO - DAG(s) 'example_external_task_marker_child', 'example_external_task_marker_parent' retrieved from /home/airflow/.local/lib/python3.8/site-packages/airflow/example_dags/example_external_task_marker_dag.py
[2026-03-11T15:12:37.547+0000] {logging_mixin.py:188} INFO - [2026-03-11T15:12:37.547+0000] {dag.py:3036} INFO - Sync 2 DAGs
[2026-03-11T15:12:37.575+0000] {logging_mixin.py:188} INFO - [2026-03-11T15:12:37.575+0000] {dag.py:3823} INFO - Setting next_dagrun for example_external_task_marker_child to None, run_after=None
[2026-03-11T15:12:37.584+0000] {logging_mixin.py:188} INFO - [2026-03-11T15:12:37.583+0000] {dag.py:3823} INFO - Setting next_dagrun for example_external_task_marker_parent to None, run_after=None
[2026-03-11T15:12:37.619+0000] {processor.py:183} INFO - Processing /home/airflow/.local/lib/python3.8/site-packages/airflow/example_dags/example_external_task_marker_dag.py took 0.161 seconds
[2026-03-11T15:13:08.270+0000] {processor.py:161} INFO - Started process (PID=471) to work on /home/airflow/.local/lib/python3.8/site-packages/airflow/example_dags/example_external_task_marker_dag.py
[2026-03-11T15:13:08.272+0000] {processor.py:830} INFO - Processing file /home/airflow/.local/lib/python3.8/site-packages/airflow/example_dags/example_external_task_marker_dag.py for tasks to queue
[2026-03-11T15:13:08.274+0000] {logging_mixin.py:188} INFO - [2026-03-11T15:13:08.274+0000] {dagbag.py:538} INFO - Filling up the DagBag from /home/airflow/.local/lib/python3.8/site-packages/airflow/example_dags/example_external_task_marker_dag.py
[2026-03-11T15:13:08.281+0000] {processor.py:840} INFO - DAG(s) 'example_external_task_marker_parent', 'example_external_task_marker_child' retrieved from /home/airflow/.local/lib/python3.8/site-packages/airflow/example_dags/example_external_task_marker_dag.py
[2026-03-11T15:13:08.309+0000] {logging_mixin.py:188} INFO - [2026-03-11T15:13:08.309+0000] {dag.py:3036} INFO - Sync 2 DAGs
[2026-03-11T15:13:08.325+0000] {logging_mixin.py:188} INFO - [2026-03-11T15:13:08.325+0000] {dag.py:3823} INFO - Setting next_dagrun for example_external_task_marker_child to None, run_after=None
[2026-03-11T15:13:08.330+0000] {logging_mixin.py:188} INFO - [2026-03-11T15:13:08.330+0000] {dag.py:3823} INFO - Setting next_dagrun for example_external_task_marker_parent to None, run_after=None
[2026-03-11T15:13:08.353+0000] {processor.py:183} INFO - Processing /home/airflow/.local/lib/python3.8/site-packages/airflow/example_dags/example_external_task_marker_dag.py took 0.087 seconds
[2026-03-11T15:13:38.584+0000] {processor.py:161} INFO - Started process (PID=527) to work on /home/airflow/.local/lib/python3.8/site-packages/airflow/example_dags/example_external_task_marker_dag.py
[2026-03-11T15:13:38.586+0000] {processor.py:830} INFO - Processing file /home/airflow/.local/lib/python3.8/site-packages/airflow/example_dags/example_external_task_marker_dag.py for tasks to queue
[2026-03-11T15:13:38.589+0000] {logging_mixin.py:188} INFO - [2026-03-11T15:13:38.588+0000] {dagbag.py:538} INFO - Filling up the DagBag from /home/airflow/.local/lib/python3.8/site-packages/airflow/example_dags/example_external_task_marker_dag.py
[2026-03-11T15:13:38.599+0000] {processor.py:840} INFO - DAG(s) 'example_external_task_marker_child', 'example_external_task_marker_parent' retrieved from /home/airflow/.local/lib/python3.8/site-packages/airflow/example_dags/example_external_task_marker_dag.py
[2026-03-11T15:13:38.635+0000] {logging_mixin.py:188} INFO - [2026-03-11T15:13:38.635+0000] {dag.py:3036} INFO - Sync 2 DAGs
[2026-03-11T15:13:38.653+0000] {logging_mixin.py:188} INFO - [2026-03-11T15:13:38.653+0000] {dag.py:3823} INFO - Setting next_dagrun for example_external_task_marker_child to None, run_after=None
[2026-03-11T15:13:38.659+0000] {logging_mixin.py:188} INFO - [2026-03-11T15:13:38.659+0000] {dag.py:3823} INFO - Setting next_dagrun for example_external_task_marker_parent to None, run_after=None
[2026-03-11T15:13:38.682+0000] {processor.py:183} INFO - Processing /home/airflow/.local/lib/python3.8/site-packages/airflow/example_dags/example_external_task_marker_dag.py took 0.103 seconds
[2026-03-11T15:14:08.830+0000] {processor.py:161} INFO - Started process (PID=583) to work on /home/airflow/.local/lib/python3.8/site-packages/airflow/example_dags/example_external_task_marker_dag.py
[2026-03-11T15:14:08.832+0000] {processor.py:830} INFO - Processing file /home/airflow/.local/lib/python3.8/site-packages/airflow/example_dags/example_external_task_marker_dag.py for tasks to queue
[2026-03-11T15:14:08.835+0000] {logging_mixin.py:188} INFO - [2026-03-11T15:14:08.834+0000] {dagbag.py:538} INFO - Filling up the DagBag from /home/airflow/.local/lib/python3.8/site-packages/airflow/example_dags/example_external_task_marker_dag.py
[2026-03-11T15:14:08.845+0000] {processor.py:840} INFO - DAG(s) 'example_external_task_marker_parent', 'example_external_task_marker_child' retrieved from /home/airflow/.local/lib/python3.8/site-packages/airflow/example_dags/example_external_task_marker_dag.py
[2026-03-11T15:14:08.879+0000] {logging_mixin.py:188} INFO - [2026-03-11T15:14:08.879+0000] {dag.py:3036} INFO - Sync 2 DAGs
[2026-03-11T15:14:08.900+0000] {logging_mixin.py:188} INFO - [2026-03-11T15:14:08.899+0000] {dag.py:3823} INFO - Setting next_dagrun for example_external_task_marker_child to None, run_after=None
[2026-03-11T15:14:08.905+0000] {logging_mixin.py:188} INFO - [2026-03-11T15:14:08.905+0000] {dag.py:3823} INFO - Setting next_dagrun for example_external_task_marker_parent to None, run_after=None
[2026-03-11T15:14:08.933+0000] {processor.py:183} INFO - Processing /home/airflow/.local/lib/python3.8/site-packages/airflow/example_dags/example_external_task_marker_dag.py took 0.108 seconds
[2026-03-11T15:14:39.180+0000] {processor.py:161} INFO - Started process (PID=639) to work on /home/airflow/.local/lib/python3.8/site-packages/airflow/example_dags/example_external_task_marker_dag.py
[2026-03-11T15:14:39.183+0000] {processor.py:830} INFO - Processing file /home/airflow/.local/lib/python3.8/site-packages/airflow/example_dags/example_external_task_marker_dag.py for tasks to queue
[2026-03-11T15:14:39.186+0000] {logging_mixin.py:188} INFO - [2026-03-11T15:14:39.185+0000] {dagbag.py:538} INFO - Filling up the DagBag from /home/airflow/.local/lib/python3.8/site-packages/airflow/example_dags/example_external_task_marker_dag.py
[2026-03-11T15:14:39.195+0000] {processor.py:840} INFO - DAG(s) 'example_external_task_marker_child', 'example_external_task_marker_parent' retrieved from /home/airflow/.local/lib/python3.8/site-packages/airflow/example_dags/example_external_task_marker_dag.py
[2026-03-11T15:14:39.234+0000] {logging_mixin.py:188} INFO - [2026-03-11T15:14:39.233+0000] {dag.py:3036} INFO - Sync 2 DAGs
[2026-03-11T15:14:39.254+0000] {logging_mixin.py:188} INFO - [2026-03-11T15:14:39.253+0000] {dag.py:3823} INFO - Setting next_dagrun for example_external_task_marker_child to None, run_after=None
[2026-03-11T15:14:39.260+0000] {logging_mixin.py:188} INFO - [2026-03-11T15:14:39.260+0000] {dag.py:3823} INFO - Setting next_dagrun for example_external_task_marker_parent to None, run_after=None
[2026-03-11T15:14:39.288+0000] {processor.py:183} INFO - Processing /home/airflow/.local/lib/python3.8/site-packages/airflow/example_dags/example_external_task_marker_dag.py took 0.114 seconds
[2026-03-11T15:15:09.516+0000] {processor.py:161} INFO - Started process (PID=695) to work on /home/airflow/.local/lib/python3.8/site-packages/airflow/example_dags/example_external_task_marker_dag.py
[2026-03-11T15:15:09.517+0000] {processor.py:830} INFO - Processing file /home/airflow/.local/lib/python3.8/site-packages/airflow/example_dags/example_external_task_marker_dag.py for tasks to queue
[2026-03-11T15:15:09.520+0000] {logging_mixin.py:188} INFO - [2026-03-11T15:15:09.520+0000] {dagbag.py:538} INFO - Filling up the DagBag from /home/airflow/.local/lib/python3.8/site-packages/airflow/example_dags/example_external_task_marker_dag.py
[2026-03-11T15:15:09.529+0000] {processor.py:840} INFO - DAG(s) 'example_external_task_marker_child', 'example_external_task_marker_parent' retrieved from /home/airflow/.local/lib/python3.8/site-packages/airflow/example_dags/example_external_task_marker_dag.py
[2026-03-11T15:15:09.562+0000] {logging_mixin.py:188} INFO - [2026-03-11T15:15:09.561+0000] {dag.py:3036} INFO - Sync 2 DAGs
[2026-03-11T15:15:09.580+0000] {logging_mixin.py:188} INFO - [2026-03-11T15:15:09.580+0000] {dag.py:3823} INFO - Setting next_dagrun for example_external_task_marker_child to None, run_after=None
[2026-03-11T15:15:09.586+0000] {logging_mixin.py:188} INFO - [2026-03-11T15:15:09.586+0000] {dag.py:3823} INFO - Setting next_dagrun for example_external_task_marker_parent to None, run_after=None
[2026-03-11T15:15:09.609+0000] {processor.py:183} INFO - Processing /home/airflow/.local/lib/python3.8/site-packages/airflow/example_dags/example_external_task_marker_dag.py took 0.097 seconds
[2026-03-11T15:15:40.045+0000] {processor.py:161} INFO - Started process (PID=751) to work on /home/airflow/.local/lib/python3.8/site-packages/airflow/example_dags/example_external_task_marker_dag.py
[2026-03-11T15:15:40.046+0000] {processor.py:830} INFO - Processing file /home/airflow/.local/lib/python3.8/site-packages/airflow/example_dags/example_external_task_marker_dag.py for tasks to queue
[2026-03-11T15:15:40.050+0000] {logging_mixin.py:188} INFO - [2026-03-11T15:15:40.050+0000] {dagbag.py:538} INFO - Filling up the DagBag from /home/airflow/.local/lib/python3.8/site-packages/airflow/example_dags/example_external_task_marker_dag.py
[2026-03-11T15:15:40.062+0000] {processor.py:840} INFO - DAG(s) 'example_external_task_marker_parent', 'example_external_task_marker_child' retrieved from /home/airflow/.local/lib/python3.8/site-packages/airflow/example_dags/example_external_task_marker_dag.py
[2026-03-11T15:15:40.097+0000] {logging_mixin.py:188} INFO - [2026-03-11T15:15:40.097+0000] {dag.py:3036} INFO - Sync 2 DAGs
[2026-03-11T15:15:40.120+0000] {logging_mixin.py:188} INFO - [2026-03-11T15:15:40.119+0000] {dag.py:3823} INFO - Setting next_dagrun for example_external_task_marker_child to None, run_after=None
[2026-03-11T15:15:40.125+0000] {logging_mixin.py:188} INFO - [2026-03-11T15:15:40.124+0000] {dag.py:3823} INFO - Setting next_dagrun for example_external_task_marker_parent to None, run_after=None
[2026-03-11T15:15:40.151+0000] {processor.py:183} INFO - Processing /home/airflow/.local/lib/python3.8/site-packages/airflow/example_dags/example_external_task_marker_dag.py took 0.111 seconds
[2026-03-11T15:16:10.326+0000] {processor.py:161} INFO - Started process (PID=807) to work on /home/airflow/.local/lib/python3.8/site-packages/airflow/example_dags/example_external_task_marker_dag.py
[2026-03-11T15:16:10.327+0000] {processor.py:830} INFO - Processing file /home/airflow/.local/lib/python3.8/site-packages/airflow/example_dags/example_external_task_marker_dag.py for tasks to queue
[2026-03-11T15:16:10.330+0000] {logging_mixin.py:188} INFO - [2026-03-11T15:16:10.330+0000] {dagbag.py:538} INFO - Filling up the DagBag from /home/airflow/.local/lib/python3.8/site-packages/airflow/example_dags/example_external_task_marker_dag.py
[2026-03-11T15:16:10.356+0000] {processor.py:840} INFO - DAG(s) 'example_external_task_marker_parent', 'example_external_task_marker_child' retrieved from /home/airflow/.local/lib/python3.8/site-packages/airflow/example_dags/example_external_task_marker_dag.py
[2026-03-11T15:16:10.412+0000] {logging_mixin.py:188} INFO - [2026-03-11T15:16:10.412+0000] {dag.py:3036} INFO - Sync 2 DAGs
[2026-03-11T15:16:10.429+0000] {logging_mixin.py:188} INFO - [2026-03-11T15:16:10.429+0000] {dag.py:3823} INFO - Setting next_dagrun for example_external_task_marker_child to None, run_after=None
[2026-03-11T15:16:10.435+0000] {logging_mixin.py:188} INFO - [2026-03-11T15:16:10.434+0000] {dag.py:3823} INFO - Setting next_dagrun for example_external_task_marker_parent to None, run_after=None
[2026-03-11T15:16:10.457+0000] {processor.py:183} INFO - Processing /home/airflow/.local/lib/python3.8/site-packages/airflow/example_dags/example_external_task_marker_dag.py took 0.136 seconds
[2026-03-11T15:16:41.105+0000] {processor.py:161} INFO - Started process (PID=863) to work on /home/airflow/.local/lib/python3.8/site-packages/airflow/example_dags/example_external_task_marker_dag.py
[2026-03-11T15:16:41.108+0000] {processor.py:830} INFO - Processing file /home/airflow/.local/lib/python3.8/site-packages/airflow/example_dags/example_external_task_marker_dag.py for tasks to queue
[2026-03-11T15:16:41.113+0000] {logging_mixin.py:188} INFO - [2026-03-11T15:16:41.113+0000] {dagbag.py:538} INFO - Filling up the DagBag from /home/airflow/.local/lib/python3.8/site-packages/airflow/example_dags/example_external_task_marker_dag.py
[2026-03-11T15:16:41.128+0000] {processor.py:840} INFO - DAG(s) 'example_external_task_marker_child', 'example_external_task_marker_parent' retrieved from /home/airflow/.local/lib/python3.8/site-packages/airflow/example_dags/example_external_task_marker_dag.py
[2026-03-11T15:16:41.171+0000] {logging_mixin.py:188} INFO - [2026-03-11T15:16:41.170+0000] {dag.py:3036} INFO - Sync 2 DAGs
[2026-03-11T15:16:41.223+0000] {logging_mixin.py:188} INFO - [2026-03-11T15:16:41.222+0000] {dag.py:3823} INFO - Setting next_dagrun for example_external_task_marker_child to None, run_after=None
[2026-03-11T15:16:41.229+0000] {logging_mixin.py:188} INFO - [2026-03-11T15:16:41.229+0000] {dag.py:3823} INFO - Setting next_dagrun for example_external_task_marker_parent to None, run_after=None
[2026-03-11T15:16:41.270+0000] {processor.py:183} INFO - Processing /home/airflow/.local/lib/python3.8/site-packages/airflow/example_dags/example_external_task_marker_dag.py took 0.173 seconds
[2026-03-11T15:17:11.899+0000] {processor.py:161} INFO - Started process (PID=919) to work on /home/airflow/.local/lib/python3.8/site-packages/airflow/example_dags/example_external_task_marker_dag.py
[2026-03-11T15:17:11.900+0000] {processor.py:830} INFO - Processing file /home/airflow/.local/lib/python3.8/site-packages/airflow/example_dags/example_external_task_marker_dag.py for tasks to queue
[2026-03-11T15:17:11.906+0000] {logging_mixin.py:188} INFO - [2026-03-11T15:17:11.906+0000] {dagbag.py:538} INFO - Filling up the DagBag from /home/airflow/.local/lib/python3.8/site-packages/airflow/example_dags/example_external_task_marker_dag.py
[2026-03-11T15:17:11.916+0000] {processor.py:840} INFO - DAG(s) 'example_external_task_marker_child', 'example_external_task_marker_parent' retrieved from /home/airflow/.local/lib/python3.8/site-packages/airflow/example_dags/example_external_task_marker_dag.py
[2026-03-11T15:17:11.948+0000] {logging_mixin.py:188} INFO - [2026-03-11T15:17:11.948+0000] {dag.py:3036} INFO - Sync 2 DAGs
[2026-03-11T15:17:11.965+0000] {logging_mixin.py:188} INFO - [2026-03-11T15:17:11.965+0000] {dag.py:3823} INFO - Setting next_dagrun for example_external_task_marker_child to None, run_after=None
[2026-03-11T15:17:11.970+0000] {logging_mixin.py:188} INFO - [2026-03-11T15:17:11.970+0000] {dag.py:3823} INFO - Setting next_dagrun for example_external_task_marker_parent to None, run_after=None
[2026-03-11T15:17:11.992+0000] {processor.py:183} INFO - Processing /home/airflow/.local/lib/python3.8/site-packages/airflow/example_dags/example_external_task_marker_dag.py took 0.097 seconds
[2026-03-11T15:17:43.096+0000] {processor.py:161} INFO - Started process (PID=975) to work on /home/airflow/.local/lib/python3.8/site-packages/airflow/example_dags/example_external_task_marker_dag.py
[2026-03-11T15:17:43.098+0000] {processor.py:830} INFO - Processing file /home/airflow/.local/lib/python3.8/site-packages/airflow/example_dags/example_external_task_marker_dag.py for tasks to queue
[2026-03-11T15:17:43.100+0000] {logging_mixin.py:188} INFO - [2026-03-11T15:17:43.100+0000] {dagbag.py:538} INFO - Filling up the DagBag from /home/airflow/.local/lib/python3.8/site-packages/airflow/example_dags/example_external_task_marker_dag.py
[2026-03-11T15:17:43.109+0000] {processor.py:840} INFO - DAG(s) 'example_external_task_marker_child', 'example_external_task_marker_parent' retrieved from /home/airflow/.local/lib/python3.8/site-packages/airflow/example_dags/example_external_task_marker_dag.py
[2026-03-11T15:17:43.144+0000] {logging_mixin.py:188} INFO - [2026-03-11T15:17:43.144+0000] {dag.py:3036} INFO - Sync 2 DAGs
[2026-03-11T15:17:43.164+0000] {logging_mixin.py:188} INFO - [2026-03-11T15:17:43.163+0000] {dag.py:3823} INFO - Setting next_dagrun for example_external_task_marker_child to None, run_after=None
[2026-03-11T15:17:43.170+0000] {logging_mixin.py:188} INFO - [2026-03-11T15:17:43.169+0000] {dag.py:3823} INFO - Setting next_dagrun for example_external_task_marker_parent to None, run_after=None
[2026-03-11T15:17:43.198+0000] {processor.py:183} INFO - Processing /home/airflow/.local/lib/python3.8/site-packages/airflow/example_dags/example_external_task_marker_dag.py took 0.106 seconds
[2026-03-11T15:18:13.359+0000] {processor.py:161} INFO - Started process (PID=1031) to work on /home/airflow/.local/lib/python3.8/site-packages/airflow/example_dags/example_external_task_marker_dag.py
[2026-03-11T15:18:13.361+0000] {processor.py:830} INFO - Processing file /home/airflow/.local/lib/python3.8/site-packages/airflow/example_dags/example_external_task_marker_dag.py for tasks to queue
[2026-03-11T15:18:13.363+0000] {logging_mixin.py:188} INFO - [2026-03-11T15:18:13.363+0000] {dagbag.py:538} INFO - Filling up the DagBag from /home/airflow/.local/lib/python3.8/site-packages/airflow/example_dags/example_external_task_marker_dag.py
[2026-03-11T15:18:13.373+0000] {processor.py:840} INFO - DAG(s) 'example_external_task_marker_parent', 'example_external_task_marker_child' retrieved from /home/airflow/.local/lib/python3.8/site-packages/airflow/example_dags/example_external_task_marker_dag.py
[2026-03-11T15:18:13.405+0000] {logging_mixin.py:188} INFO - [2026-03-11T15:18:13.405+0000] {dag.py:3036} INFO - Sync 2 DAGs
[2026-03-11T15:18:13.423+0000] {logging_mixin.py:188} INFO - [2026-03-11T15:18:13.423+0000] {dag.py:3823} INFO - Setting next_dagrun for example_external_task_marker_child to None, run_after=None
[2026-03-11T15:18:13.429+0000] {logging_mixin.py:188} INFO - [2026-03-11T15:18:13.428+0000] {dag.py:3823} INFO - Setting next_dagrun for example_external_task_marker_parent to None, run_after=None
[2026-03-11T15:18:13.452+0000] {processor.py:183} INFO - Processing /home/airflow/.local/lib/python3.8/site-packages/airflow/example_dags/example_external_task_marker_dag.py took 0.104 seconds
