[2026-03-11T15:09:38.828+0000] {processor.py:161} INFO - Started process (PID=108) to work on /home/airflow/.local/lib/python3.8/site-packages/airflow/example_dags/example_setup_teardown.py
[2026-03-11T15:09:38.829+0000] {processor.py:830} INFO - Processing file /home/airflow/.local/lib/python3.8/site-packages/airflow/example_dags/example_setup_teardown.py for tasks to queue
[2026-03-11T15:09:38.832+0000] {logging_mixin.py:188} INFO - [2026-03-11T15:09:38.832+0000] {dagbag.py:538} INFO - Filling up the DagBag from /home/airflow/.local/lib/python3.8/site-packages/airflow/example_dags/example_setup_teardown.py
[2026-03-11T15:09:38.849+0000] {processor.py:840} INFO - DAG(s) 'example_setup_teardown' retrieved from /home/airflow/.local/lib/python3.8/site-packages/airflow/example_dags/example_setup_teardown.py
[2026-03-11T15:09:38.977+0000] {logging_mixin.py:188} INFO - [2026-03-11T15:09:38.977+0000] {dag.py:3036} INFO - Sync 1 DAGs
[2026-03-11T15:09:39.004+0000] {logging_mixin.py:188} INFO - [2026-03-11T15:09:39.004+0000] {dag.py:3823} INFO - Setting next_dagrun for example_setup_teardown to 2026-03-10 00:00:00+00:00, run_after=2026-03-11 00:00:00+00:00
[2026-03-11T15:09:39.029+0000] {processor.py:183} INFO - Processing /home/airflow/.local/lib/python3.8/site-packages/airflow/example_dags/example_setup_teardown.py took 0.207 seconds
[2026-03-11T15:10:09.874+0000] {processor.py:161} INFO - Started process (PID=164) to work on /home/airflow/.local/lib/python3.8/site-packages/airflow/example_dags/example_setup_teardown.py
[2026-03-11T15:10:09.887+0000] {processor.py:830} INFO - Processing file /home/airflow/.local/lib/python3.8/site-packages/airflow/example_dags/example_setup_teardown.py for tasks to queue
[2026-03-11T15:10:09.909+0000] {logging_mixin.py:188} INFO - [2026-03-11T15:10:09.908+0000] {dagbag.py:538} INFO - Filling up the DagBag from /home/airflow/.local/lib/python3.8/site-packages/airflow/example_dags/example_setup_teardown.py
[2026-03-11T15:10:09.934+0000] {processor.py:840} INFO - DAG(s) 'example_setup_teardown' retrieved from /home/airflow/.local/lib/python3.8/site-packages/airflow/example_dags/example_setup_teardown.py
[2026-03-11T15:10:09.975+0000] {logging_mixin.py:188} INFO - [2026-03-11T15:10:09.974+0000] {dag.py:3036} INFO - Sync 1 DAGs
[2026-03-11T15:10:10.018+0000] {logging_mixin.py:188} INFO - [2026-03-11T15:10:10.017+0000] {dag.py:3823} INFO - Setting next_dagrun for example_setup_teardown to 2026-03-10 00:00:00+00:00, run_after=2026-03-11 00:00:00+00:00
[2026-03-11T15:10:10.049+0000] {processor.py:183} INFO - Processing /home/airflow/.local/lib/python3.8/site-packages/airflow/example_dags/example_setup_teardown.py took 0.179 seconds
[2026-03-11T15:10:40.921+0000] {processor.py:161} INFO - Started process (PID=220) to work on /home/airflow/.local/lib/python3.8/site-packages/airflow/example_dags/example_setup_teardown.py
[2026-03-11T15:10:40.923+0000] {processor.py:830} INFO - Processing file /home/airflow/.local/lib/python3.8/site-packages/airflow/example_dags/example_setup_teardown.py for tasks to queue
[2026-03-11T15:10:40.927+0000] {logging_mixin.py:188} INFO - [2026-03-11T15:10:40.926+0000] {dagbag.py:538} INFO - Filling up the DagBag from /home/airflow/.local/lib/python3.8/site-packages/airflow/example_dags/example_setup_teardown.py
[2026-03-11T15:10:40.940+0000] {processor.py:840} INFO - DAG(s) 'example_setup_teardown' retrieved from /home/airflow/.local/lib/python3.8/site-packages/airflow/example_dags/example_setup_teardown.py
[2026-03-11T15:10:40.982+0000] {logging_mixin.py:188} INFO - [2026-03-11T15:10:40.981+0000] {dag.py:3036} INFO - Sync 1 DAGs
[2026-03-11T15:10:41.017+0000] {logging_mixin.py:188} INFO - [2026-03-11T15:10:41.016+0000] {dag.py:3823} INFO - Setting next_dagrun for example_setup_teardown to 2026-03-10 00:00:00+00:00, run_after=2026-03-11 00:00:00+00:00
[2026-03-11T15:10:41.041+0000] {processor.py:183} INFO - Processing /home/airflow/.local/lib/python3.8/site-packages/airflow/example_dags/example_setup_teardown.py took 0.125 seconds
[2026-03-11T15:11:11.364+0000] {processor.py:161} INFO - Started process (PID=276) to work on /home/airflow/.local/lib/python3.8/site-packages/airflow/example_dags/example_setup_teardown.py
[2026-03-11T15:11:11.366+0000] {processor.py:830} INFO - Processing file /home/airflow/.local/lib/python3.8/site-packages/airflow/example_dags/example_setup_teardown.py for tasks to queue
[2026-03-11T15:11:11.368+0000] {logging_mixin.py:188} INFO - [2026-03-11T15:11:11.367+0000] {dagbag.py:538} INFO - Filling up the DagBag from /home/airflow/.local/lib/python3.8/site-packages/airflow/example_dags/example_setup_teardown.py
[2026-03-11T15:11:11.375+0000] {processor.py:840} INFO - DAG(s) 'example_setup_teardown' retrieved from /home/airflow/.local/lib/python3.8/site-packages/airflow/example_dags/example_setup_teardown.py
[2026-03-11T15:11:11.403+0000] {logging_mixin.py:188} INFO - [2026-03-11T15:11:11.403+0000] {dag.py:3036} INFO - Sync 1 DAGs
[2026-03-11T15:11:11.426+0000] {logging_mixin.py:188} INFO - [2026-03-11T15:11:11.426+0000] {dag.py:3823} INFO - Setting next_dagrun for example_setup_teardown to 2026-03-10 00:00:00+00:00, run_after=2026-03-11 00:00:00+00:00
[2026-03-11T15:11:11.447+0000] {processor.py:183} INFO - Processing /home/airflow/.local/lib/python3.8/site-packages/airflow/example_dags/example_setup_teardown.py took 0.087 seconds
[2026-03-11T15:11:41.683+0000] {processor.py:161} INFO - Started process (PID=332) to work on /home/airflow/.local/lib/python3.8/site-packages/airflow/example_dags/example_setup_teardown.py
[2026-03-11T15:11:41.685+0000] {processor.py:830} INFO - Processing file /home/airflow/.local/lib/python3.8/site-packages/airflow/example_dags/example_setup_teardown.py for tasks to queue
[2026-03-11T15:11:41.688+0000] {logging_mixin.py:188} INFO - [2026-03-11T15:11:41.688+0000] {dagbag.py:538} INFO - Filling up the DagBag from /home/airflow/.local/lib/python3.8/site-packages/airflow/example_dags/example_setup_teardown.py
[2026-03-11T15:11:41.703+0000] {processor.py:840} INFO - DAG(s) 'example_setup_teardown' retrieved from /home/airflow/.local/lib/python3.8/site-packages/airflow/example_dags/example_setup_teardown.py
[2026-03-11T15:11:41.738+0000] {logging_mixin.py:188} INFO - [2026-03-11T15:11:41.737+0000] {dag.py:3036} INFO - Sync 1 DAGs
[2026-03-11T15:11:41.770+0000] {logging_mixin.py:188} INFO - [2026-03-11T15:11:41.770+0000] {dag.py:3823} INFO - Setting next_dagrun for example_setup_teardown to 2026-03-10 00:00:00+00:00, run_after=2026-03-11 00:00:00+00:00
[2026-03-11T15:11:41.798+0000] {processor.py:183} INFO - Processing /home/airflow/.local/lib/python3.8/site-packages/airflow/example_dags/example_setup_teardown.py took 0.125 seconds
[2026-03-11T15:12:12.431+0000] {processor.py:161} INFO - Started process (PID=388) to work on /home/airflow/.local/lib/python3.8/site-packages/airflow/example_dags/example_setup_teardown.py
[2026-03-11T15:12:12.438+0000] {processor.py:830} INFO - Processing file /home/airflow/.local/lib/python3.8/site-packages/airflow/example_dags/example_setup_teardown.py for tasks to queue
[2026-03-11T15:12:12.447+0000] {logging_mixin.py:188} INFO - [2026-03-11T15:12:12.444+0000] {dagbag.py:538} INFO - Filling up the DagBag from /home/airflow/.local/lib/python3.8/site-packages/airflow/example_dags/example_setup_teardown.py
[2026-03-11T15:12:12.480+0000] {processor.py:840} INFO - DAG(s) 'example_setup_teardown' retrieved from /home/airflow/.local/lib/python3.8/site-packages/airflow/example_dags/example_setup_teardown.py
[2026-03-11T15:12:12.684+0000] {logging_mixin.py:188} INFO - [2026-03-11T15:12:12.683+0000] {dag.py:3036} INFO - Sync 1 DAGs
[2026-03-11T15:12:12.848+0000] {logging_mixin.py:188} INFO - [2026-03-11T15:12:12.847+0000] {dag.py:3823} INFO - Setting next_dagrun for example_setup_teardown to 2026-03-10 00:00:00+00:00, run_after=2026-03-11 00:00:00+00:00
[2026-03-11T15:12:12.946+0000] {processor.py:183} INFO - Processing /home/airflow/.local/lib/python3.8/site-packages/airflow/example_dags/example_setup_teardown.py took 0.547 seconds
[2026-03-11T15:12:43.821+0000] {processor.py:161} INFO - Started process (PID=444) to work on /home/airflow/.local/lib/python3.8/site-packages/airflow/example_dags/example_setup_teardown.py
[2026-03-11T15:12:43.825+0000] {processor.py:830} INFO - Processing file /home/airflow/.local/lib/python3.8/site-packages/airflow/example_dags/example_setup_teardown.py for tasks to queue
[2026-03-11T15:12:43.828+0000] {logging_mixin.py:188} INFO - [2026-03-11T15:12:43.828+0000] {dagbag.py:538} INFO - Filling up the DagBag from /home/airflow/.local/lib/python3.8/site-packages/airflow/example_dags/example_setup_teardown.py
[2026-03-11T15:12:43.838+0000] {processor.py:840} INFO - DAG(s) 'example_setup_teardown' retrieved from /home/airflow/.local/lib/python3.8/site-packages/airflow/example_dags/example_setup_teardown.py
[2026-03-11T15:12:43.873+0000] {logging_mixin.py:188} INFO - [2026-03-11T15:12:43.873+0000] {dag.py:3036} INFO - Sync 1 DAGs
[2026-03-11T15:12:43.904+0000] {logging_mixin.py:188} INFO - [2026-03-11T15:12:43.904+0000] {dag.py:3823} INFO - Setting next_dagrun for example_setup_teardown to 2026-03-10 00:00:00+00:00, run_after=2026-03-11 00:00:00+00:00
[2026-03-11T15:12:43.935+0000] {processor.py:183} INFO - Processing /home/airflow/.local/lib/python3.8/site-packages/airflow/example_dags/example_setup_teardown.py took 0.120 seconds
[2026-03-11T15:13:14.493+0000] {processor.py:161} INFO - Started process (PID=500) to work on /home/airflow/.local/lib/python3.8/site-packages/airflow/example_dags/example_setup_teardown.py
[2026-03-11T15:13:14.495+0000] {processor.py:830} INFO - Processing file /home/airflow/.local/lib/python3.8/site-packages/airflow/example_dags/example_setup_teardown.py for tasks to queue
[2026-03-11T15:13:14.500+0000] {logging_mixin.py:188} INFO - [2026-03-11T15:13:14.500+0000] {dagbag.py:538} INFO - Filling up the DagBag from /home/airflow/.local/lib/python3.8/site-packages/airflow/example_dags/example_setup_teardown.py
[2026-03-11T15:13:14.511+0000] {processor.py:840} INFO - DAG(s) 'example_setup_teardown' retrieved from /home/airflow/.local/lib/python3.8/site-packages/airflow/example_dags/example_setup_teardown.py
[2026-03-11T15:13:14.547+0000] {logging_mixin.py:188} INFO - [2026-03-11T15:13:14.546+0000] {dag.py:3036} INFO - Sync 1 DAGs
[2026-03-11T15:13:14.573+0000] {logging_mixin.py:188} INFO - [2026-03-11T15:13:14.573+0000] {dag.py:3823} INFO - Setting next_dagrun for example_setup_teardown to 2026-03-10 00:00:00+00:00, run_after=2026-03-11 00:00:00+00:00
[2026-03-11T15:13:14.596+0000] {processor.py:183} INFO - Processing /home/airflow/.local/lib/python3.8/site-packages/airflow/example_dags/example_setup_teardown.py took 0.107 seconds
[2026-03-11T15:13:44.642+0000] {processor.py:161} INFO - Started process (PID=556) to work on /home/airflow/.local/lib/python3.8/site-packages/airflow/example_dags/example_setup_teardown.py
[2026-03-11T15:13:44.643+0000] {processor.py:830} INFO - Processing file /home/airflow/.local/lib/python3.8/site-packages/airflow/example_dags/example_setup_teardown.py for tasks to queue
[2026-03-11T15:13:44.646+0000] {logging_mixin.py:188} INFO - [2026-03-11T15:13:44.646+0000] {dagbag.py:538} INFO - Filling up the DagBag from /home/airflow/.local/lib/python3.8/site-packages/airflow/example_dags/example_setup_teardown.py
[2026-03-11T15:13:44.657+0000] {processor.py:840} INFO - DAG(s) 'example_setup_teardown' retrieved from /home/airflow/.local/lib/python3.8/site-packages/airflow/example_dags/example_setup_teardown.py
[2026-03-11T15:13:44.689+0000] {logging_mixin.py:188} INFO - [2026-03-11T15:13:44.689+0000] {dag.py:3036} INFO - Sync 1 DAGs
[2026-03-11T15:13:44.726+0000] {logging_mixin.py:188} INFO - [2026-03-11T15:13:44.726+0000] {dag.py:3823} INFO - Setting next_dagrun for example_setup_teardown to 2026-03-10 00:00:00+00:00, run_after=2026-03-11 00:00:00+00:00
[2026-03-11T15:13:44.754+0000] {processor.py:183} INFO - Processing /home/airflow/.local/lib/python3.8/site-packages/airflow/example_dags/example_setup_teardown.py took 0.117 seconds
[2026-03-11T15:14:15.381+0000] {processor.py:161} INFO - Started process (PID=612) to work on /home/airflow/.local/lib/python3.8/site-packages/airflow/example_dags/example_setup_teardown.py
[2026-03-11T15:14:15.385+0000] {processor.py:830} INFO - Processing file /home/airflow/.local/lib/python3.8/site-packages/airflow/example_dags/example_setup_teardown.py for tasks to queue
[2026-03-11T15:14:15.392+0000] {logging_mixin.py:188} INFO - [2026-03-11T15:14:15.391+0000] {dagbag.py:538} INFO - Filling up the DagBag from /home/airflow/.local/lib/python3.8/site-packages/airflow/example_dags/example_setup_teardown.py
[2026-03-11T15:14:15.402+0000] {processor.py:840} INFO - DAG(s) 'example_setup_teardown' retrieved from /home/airflow/.local/lib/python3.8/site-packages/airflow/example_dags/example_setup_teardown.py
[2026-03-11T15:14:15.436+0000] {logging_mixin.py:188} INFO - [2026-03-11T15:14:15.435+0000] {dag.py:3036} INFO - Sync 1 DAGs
[2026-03-11T15:14:15.472+0000] {logging_mixin.py:188} INFO - [2026-03-11T15:14:15.471+0000] {dag.py:3823} INFO - Setting next_dagrun for example_setup_teardown to 2026-03-10 00:00:00+00:00, run_after=2026-03-11 00:00:00+00:00
[2026-03-11T15:14:15.505+0000] {processor.py:183} INFO - Processing /home/airflow/.local/lib/python3.8/site-packages/airflow/example_dags/example_setup_teardown.py took 0.130 seconds
[2026-03-11T15:14:45.755+0000] {processor.py:161} INFO - Started process (PID=668) to work on /home/airflow/.local/lib/python3.8/site-packages/airflow/example_dags/example_setup_teardown.py
[2026-03-11T15:14:45.758+0000] {processor.py:830} INFO - Processing file /home/airflow/.local/lib/python3.8/site-packages/airflow/example_dags/example_setup_teardown.py for tasks to queue
[2026-03-11T15:14:45.763+0000] {logging_mixin.py:188} INFO - [2026-03-11T15:14:45.762+0000] {dagbag.py:538} INFO - Filling up the DagBag from /home/airflow/.local/lib/python3.8/site-packages/airflow/example_dags/example_setup_teardown.py
[2026-03-11T15:14:45.774+0000] {processor.py:840} INFO - DAG(s) 'example_setup_teardown' retrieved from /home/airflow/.local/lib/python3.8/site-packages/airflow/example_dags/example_setup_teardown.py
[2026-03-11T15:14:45.808+0000] {logging_mixin.py:188} INFO - [2026-03-11T15:14:45.808+0000] {dag.py:3036} INFO - Sync 1 DAGs
[2026-03-11T15:14:45.850+0000] {logging_mixin.py:188} INFO - [2026-03-11T15:14:45.850+0000] {dag.py:3823} INFO - Setting next_dagrun for example_setup_teardown to 2026-03-10 00:00:00+00:00, run_after=2026-03-11 00:00:00+00:00
[2026-03-11T15:14:45.906+0000] {processor.py:183} INFO - Processing /home/airflow/.local/lib/python3.8/site-packages/airflow/example_dags/example_setup_teardown.py took 0.161 seconds
[2026-03-11T15:15:16.088+0000] {processor.py:161} INFO - Started process (PID=724) to work on /home/airflow/.local/lib/python3.8/site-packages/airflow/example_dags/example_setup_teardown.py
[2026-03-11T15:15:16.090+0000] {processor.py:830} INFO - Processing file /home/airflow/.local/lib/python3.8/site-packages/airflow/example_dags/example_setup_teardown.py for tasks to queue
[2026-03-11T15:15:16.093+0000] {logging_mixin.py:188} INFO - [2026-03-11T15:15:16.093+0000] {dagbag.py:538} INFO - Filling up the DagBag from /home/airflow/.local/lib/python3.8/site-packages/airflow/example_dags/example_setup_teardown.py
[2026-03-11T15:15:16.107+0000] {processor.py:840} INFO - DAG(s) 'example_setup_teardown' retrieved from /home/airflow/.local/lib/python3.8/site-packages/airflow/example_dags/example_setup_teardown.py
[2026-03-11T15:15:16.150+0000] {logging_mixin.py:188} INFO - [2026-03-11T15:15:16.149+0000] {dag.py:3036} INFO - Sync 1 DAGs
[2026-03-11T15:15:16.238+0000] {logging_mixin.py:188} INFO - [2026-03-11T15:15:16.237+0000] {dag.py:3823} INFO - Setting next_dagrun for example_setup_teardown to 2026-03-10 00:00:00+00:00, run_after=2026-03-11 00:00:00+00:00
[2026-03-11T15:15:16.562+0000] {processor.py:183} INFO - Processing /home/airflow/.local/lib/python3.8/site-packages/airflow/example_dags/example_setup_teardown.py took 0.480 seconds
[2026-03-11T15:15:47.336+0000] {processor.py:161} INFO - Started process (PID=780) to work on /home/airflow/.local/lib/python3.8/site-packages/airflow/example_dags/example_setup_teardown.py
[2026-03-11T15:15:47.337+0000] {processor.py:830} INFO - Processing file /home/airflow/.local/lib/python3.8/site-packages/airflow/example_dags/example_setup_teardown.py for tasks to queue
[2026-03-11T15:15:47.340+0000] {logging_mixin.py:188} INFO - [2026-03-11T15:15:47.339+0000] {dagbag.py:538} INFO - Filling up the DagBag from /home/airflow/.local/lib/python3.8/site-packages/airflow/example_dags/example_setup_teardown.py
[2026-03-11T15:15:47.349+0000] {processor.py:840} INFO - DAG(s) 'example_setup_teardown' retrieved from /home/airflow/.local/lib/python3.8/site-packages/airflow/example_dags/example_setup_teardown.py
[2026-03-11T15:15:47.379+0000] {logging_mixin.py:188} INFO - [2026-03-11T15:15:47.379+0000] {dag.py:3036} INFO - Sync 1 DAGs
[2026-03-11T15:15:47.412+0000] {logging_mixin.py:188} INFO - [2026-03-11T15:15:47.412+0000] {dag.py:3823} INFO - Setting next_dagrun for example_setup_teardown to 2026-03-10 00:00:00+00:00, run_after=2026-03-11 00:00:00+00:00
[2026-03-11T15:15:47.441+0000] {processor.py:183} INFO - Processing /home/airflow/.local/lib/python3.8/site-packages/airflow/example_dags/example_setup_teardown.py took 0.109 seconds
[2026-03-11T15:16:17.552+0000] {processor.py:161} INFO - Started process (PID=836) to work on /home/airflow/.local/lib/python3.8/site-packages/airflow/example_dags/example_setup_teardown.py
[2026-03-11T15:16:17.553+0000] {processor.py:830} INFO - Processing file /home/airflow/.local/lib/python3.8/site-packages/airflow/example_dags/example_setup_teardown.py for tasks to queue
[2026-03-11T15:16:17.557+0000] {logging_mixin.py:188} INFO - [2026-03-11T15:16:17.556+0000] {dagbag.py:538} INFO - Filling up the DagBag from /home/airflow/.local/lib/python3.8/site-packages/airflow/example_dags/example_setup_teardown.py
[2026-03-11T15:16:17.564+0000] {processor.py:840} INFO - DAG(s) 'example_setup_teardown' retrieved from /home/airflow/.local/lib/python3.8/site-packages/airflow/example_dags/example_setup_teardown.py
[2026-03-11T15:16:17.589+0000] {logging_mixin.py:188} INFO - [2026-03-11T15:16:17.589+0000] {dag.py:3036} INFO - Sync 1 DAGs
[2026-03-11T15:16:17.613+0000] {logging_mixin.py:188} INFO - [2026-03-11T15:16:17.613+0000] {dag.py:3823} INFO - Setting next_dagrun for example_setup_teardown to 2026-03-10 00:00:00+00:00, run_after=2026-03-11 00:00:00+00:00
[2026-03-11T15:16:17.634+0000] {processor.py:183} INFO - Processing /home/airflow/.local/lib/python3.8/site-packages/airflow/example_dags/example_setup_teardown.py took 0.086 seconds
[2026-03-11T15:16:47.880+0000] {processor.py:161} INFO - Started process (PID=892) to work on /home/airflow/.local/lib/python3.8/site-packages/airflow/example_dags/example_setup_teardown.py
[2026-03-11T15:16:47.881+0000] {processor.py:830} INFO - Processing file /home/airflow/.local/lib/python3.8/site-packages/airflow/example_dags/example_setup_teardown.py for tasks to queue
[2026-03-11T15:16:47.884+0000] {logging_mixin.py:188} INFO - [2026-03-11T15:16:47.883+0000] {dagbag.py:538} INFO - Filling up the DagBag from /home/airflow/.local/lib/python3.8/site-packages/airflow/example_dags/example_setup_teardown.py
[2026-03-11T15:16:47.895+0000] {processor.py:840} INFO - DAG(s) 'example_setup_teardown' retrieved from /home/airflow/.local/lib/python3.8/site-packages/airflow/example_dags/example_setup_teardown.py
[2026-03-11T15:16:47.928+0000] {logging_mixin.py:188} INFO - [2026-03-11T15:16:47.927+0000] {dag.py:3036} INFO - Sync 1 DAGs
[2026-03-11T15:16:47.960+0000] {logging_mixin.py:188} INFO - [2026-03-11T15:16:47.959+0000] {dag.py:3823} INFO - Setting next_dagrun for example_setup_teardown to 2026-03-10 00:00:00+00:00, run_after=2026-03-11 00:00:00+00:00
[2026-03-11T15:16:47.991+0000] {processor.py:183} INFO - Processing /home/airflow/.local/lib/python3.8/site-packages/airflow/example_dags/example_setup_teardown.py took 0.116 seconds
[2026-03-11T15:17:18.132+0000] {processor.py:161} INFO - Started process (PID=948) to work on /home/airflow/.local/lib/python3.8/site-packages/airflow/example_dags/example_setup_teardown.py
[2026-03-11T15:17:18.134+0000] {processor.py:830} INFO - Processing file /home/airflow/.local/lib/python3.8/site-packages/airflow/example_dags/example_setup_teardown.py for tasks to queue
[2026-03-11T15:17:18.138+0000] {logging_mixin.py:188} INFO - [2026-03-11T15:17:18.137+0000] {dagbag.py:538} INFO - Filling up the DagBag from /home/airflow/.local/lib/python3.8/site-packages/airflow/example_dags/example_setup_teardown.py
[2026-03-11T15:17:18.150+0000] {processor.py:840} INFO - DAG(s) 'example_setup_teardown' retrieved from /home/airflow/.local/lib/python3.8/site-packages/airflow/example_dags/example_setup_teardown.py
[2026-03-11T15:17:18.195+0000] {logging_mixin.py:188} INFO - [2026-03-11T15:17:18.194+0000] {dag.py:3036} INFO - Sync 1 DAGs
[2026-03-11T15:17:18.231+0000] {logging_mixin.py:188} INFO - [2026-03-11T15:17:18.231+0000] {dag.py:3823} INFO - Setting next_dagrun for example_setup_teardown to 2026-03-10 00:00:00+00:00, run_after=2026-03-11 00:00:00+00:00
[2026-03-11T15:17:18.264+0000] {processor.py:183} INFO - Processing /home/airflow/.local/lib/python3.8/site-packages/airflow/example_dags/example_setup_teardown.py took 0.138 seconds
[2026-03-11T15:17:48.360+0000] {processor.py:161} INFO - Started process (PID=1004) to work on /home/airflow/.local/lib/python3.8/site-packages/airflow/example_dags/example_setup_teardown.py
[2026-03-11T15:17:48.362+0000] {processor.py:830} INFO - Processing file /home/airflow/.local/lib/python3.8/site-packages/airflow/example_dags/example_setup_teardown.py for tasks to queue
[2026-03-11T15:17:48.366+0000] {logging_mixin.py:188} INFO - [2026-03-11T15:17:48.365+0000] {dagbag.py:538} INFO - Filling up the DagBag from /home/airflow/.local/lib/python3.8/site-packages/airflow/example_dags/example_setup_teardown.py
[2026-03-11T15:17:48.378+0000] {processor.py:840} INFO - DAG(s) 'example_setup_teardown' retrieved from /home/airflow/.local/lib/python3.8/site-packages/airflow/example_dags/example_setup_teardown.py
[2026-03-11T15:17:48.414+0000] {logging_mixin.py:188} INFO - [2026-03-11T15:17:48.414+0000] {dag.py:3036} INFO - Sync 1 DAGs
[2026-03-11T15:17:48.452+0000] {logging_mixin.py:188} INFO - [2026-03-11T15:17:48.451+0000] {dag.py:3823} INFO - Setting next_dagrun for example_setup_teardown to 2026-03-10 00:00:00+00:00, run_after=2026-03-11 00:00:00+00:00
[2026-03-11T15:17:48.484+0000] {processor.py:183} INFO - Processing /home/airflow/.local/lib/python3.8/site-packages/airflow/example_dags/example_setup_teardown.py took 0.131 seconds
[2026-03-11T15:18:19.233+0000] {processor.py:161} INFO - Started process (PID=1060) to work on /home/airflow/.local/lib/python3.8/site-packages/airflow/example_dags/example_setup_teardown.py
[2026-03-11T15:18:19.234+0000] {processor.py:830} INFO - Processing file /home/airflow/.local/lib/python3.8/site-packages/airflow/example_dags/example_setup_teardown.py for tasks to queue
[2026-03-11T15:18:19.236+0000] {logging_mixin.py:188} INFO - [2026-03-11T15:18:19.236+0000] {dagbag.py:538} INFO - Filling up the DagBag from /home/airflow/.local/lib/python3.8/site-packages/airflow/example_dags/example_setup_teardown.py
[2026-03-11T15:18:19.245+0000] {processor.py:840} INFO - DAG(s) 'example_setup_teardown' retrieved from /home/airflow/.local/lib/python3.8/site-packages/airflow/example_dags/example_setup_teardown.py
[2026-03-11T15:18:19.274+0000] {logging_mixin.py:188} INFO - [2026-03-11T15:18:19.274+0000] {dag.py:3036} INFO - Sync 1 DAGs
[2026-03-11T15:18:19.304+0000] {logging_mixin.py:188} INFO - [2026-03-11T15:18:19.303+0000] {dag.py:3823} INFO - Setting next_dagrun for example_setup_teardown to 2026-03-10 00:00:00+00:00, run_after=2026-03-11 00:00:00+00:00
[2026-03-11T15:18:19.332+0000] {processor.py:183} INFO - Processing /home/airflow/.local/lib/python3.8/site-packages/airflow/example_dags/example_setup_teardown.py took 0.104 seconds
