[2026-03-11T15:09:32.148+0000] {processor.py:161} INFO - Started process (PID=76) to work on /home/airflow/.local/lib/python3.8/site-packages/airflow/example_dags/example_datasets.py
[2026-03-11T15:09:32.151+0000] {processor.py:830} INFO - Processing file /home/airflow/.local/lib/python3.8/site-packages/airflow/example_dags/example_datasets.py for tasks to queue
[2026-03-11T15:09:32.154+0000] {logging_mixin.py:188} INFO - [2026-03-11T15:09:32.154+0000] {dagbag.py:538} INFO - Filling up the DagBag from /home/airflow/.local/lib/python3.8/site-packages/airflow/example_dags/example_datasets.py
[2026-03-11T15:09:32.197+0000] {processor.py:840} INFO - DAG(s) 'dataset_consumes_1', 'dataset_produces_1', 'dataset_consumes_unknown_never_scheduled', 'dataset_produces_2', 'dataset_consumes_1_and_2', 'dataset_consumes_1_never_scheduled' retrieved from /home/airflow/.local/lib/python3.8/site-packages/airflow/example_dags/example_datasets.py
[2026-03-11T15:09:32.255+0000] {logging_mixin.py:188} INFO - [2026-03-11T15:09:32.254+0000] {dag.py:3036} INFO - Sync 6 DAGs
[2026-03-11T15:09:32.320+0000] {logging_mixin.py:188} INFO - [2026-03-11T15:09:32.319+0000] {dag.py:3823} INFO - Setting next_dagrun for dataset_consumes_1 to None, run_after=None
[2026-03-11T15:09:32.334+0000] {logging_mixin.py:188} INFO - [2026-03-11T15:09:32.333+0000] {dag.py:3823} INFO - Setting next_dagrun for dataset_consumes_1_and_2 to None, run_after=None
[2026-03-11T15:09:32.339+0000] {logging_mixin.py:188} INFO - [2026-03-11T15:09:32.338+0000] {dag.py:3823} INFO - Setting next_dagrun for dataset_consumes_1_never_scheduled to None, run_after=None
[2026-03-11T15:09:32.343+0000] {logging_mixin.py:188} INFO - [2026-03-11T15:09:32.343+0000] {dag.py:3823} INFO - Setting next_dagrun for dataset_consumes_unknown_never_scheduled to None, run_after=None
[2026-03-11T15:09:32.353+0000] {logging_mixin.py:188} INFO - [2026-03-11T15:09:32.352+0000] {dag.py:3823} INFO - Setting next_dagrun for dataset_produces_1 to 2026-03-10 00:00:00+00:00, run_after=2026-03-11 00:00:00+00:00
[2026-03-11T15:09:32.358+0000] {logging_mixin.py:188} INFO - [2026-03-11T15:09:32.357+0000] {dag.py:3823} INFO - Setting next_dagrun for dataset_produces_2 to None, run_after=None
[2026-03-11T15:09:32.453+0000] {processor.py:183} INFO - Processing /home/airflow/.local/lib/python3.8/site-packages/airflow/example_dags/example_datasets.py took 0.327 seconds
[2026-03-11T15:10:02.921+0000] {processor.py:161} INFO - Started process (PID=132) to work on /home/airflow/.local/lib/python3.8/site-packages/airflow/example_dags/example_datasets.py
[2026-03-11T15:10:02.927+0000] {processor.py:830} INFO - Processing file /home/airflow/.local/lib/python3.8/site-packages/airflow/example_dags/example_datasets.py for tasks to queue
[2026-03-11T15:10:02.931+0000] {logging_mixin.py:188} INFO - [2026-03-11T15:10:02.931+0000] {dagbag.py:538} INFO - Filling up the DagBag from /home/airflow/.local/lib/python3.8/site-packages/airflow/example_dags/example_datasets.py
[2026-03-11T15:10:02.950+0000] {processor.py:840} INFO - DAG(s) 'dataset_consumes_1', 'dataset_produces_1', 'dataset_consumes_1_never_scheduled', 'dataset_consumes_1_and_2', 'dataset_consumes_unknown_never_scheduled', 'dataset_produces_2' retrieved from /home/airflow/.local/lib/python3.8/site-packages/airflow/example_dags/example_datasets.py
[2026-03-11T15:10:03.485+0000] {logging_mixin.py:188} INFO - [2026-03-11T15:10:03.485+0000] {dag.py:3036} INFO - Sync 6 DAGs
[2026-03-11T15:10:03.580+0000] {logging_mixin.py:188} INFO - [2026-03-11T15:10:03.579+0000] {dag.py:3823} INFO - Setting next_dagrun for dataset_consumes_1 to None, run_after=None
[2026-03-11T15:10:03.664+0000] {logging_mixin.py:188} INFO - [2026-03-11T15:10:03.597+0000] {dag.py:3823} INFO - Setting next_dagrun for dataset_consumes_1_and_2 to None, run_after=None
[2026-03-11T15:10:03.670+0000] {logging_mixin.py:188} INFO - [2026-03-11T15:10:03.670+0000] {dag.py:3823} INFO - Setting next_dagrun for dataset_consumes_1_never_scheduled to None, run_after=None
[2026-03-11T15:10:03.677+0000] {logging_mixin.py:188} INFO - [2026-03-11T15:10:03.676+0000] {dag.py:3823} INFO - Setting next_dagrun for dataset_consumes_unknown_never_scheduled to None, run_after=None
[2026-03-11T15:10:03.687+0000] {logging_mixin.py:188} INFO - [2026-03-11T15:10:03.686+0000] {dag.py:3823} INFO - Setting next_dagrun for dataset_produces_1 to 2026-03-10 00:00:00+00:00, run_after=2026-03-11 00:00:00+00:00
[2026-03-11T15:10:03.691+0000] {logging_mixin.py:188} INFO - [2026-03-11T15:10:03.690+0000] {dag.py:3823} INFO - Setting next_dagrun for dataset_produces_2 to None, run_after=None
[2026-03-11T15:10:03.815+0000] {processor.py:183} INFO - Processing /home/airflow/.local/lib/python3.8/site-packages/airflow/example_dags/example_datasets.py took 0.939 seconds
[2026-03-11T15:10:34.499+0000] {processor.py:161} INFO - Started process (PID=188) to work on /home/airflow/.local/lib/python3.8/site-packages/airflow/example_dags/example_datasets.py
[2026-03-11T15:10:34.500+0000] {processor.py:830} INFO - Processing file /home/airflow/.local/lib/python3.8/site-packages/airflow/example_dags/example_datasets.py for tasks to queue
[2026-03-11T15:10:34.507+0000] {logging_mixin.py:188} INFO - [2026-03-11T15:10:34.506+0000] {dagbag.py:538} INFO - Filling up the DagBag from /home/airflow/.local/lib/python3.8/site-packages/airflow/example_dags/example_datasets.py
[2026-03-11T15:10:34.526+0000] {processor.py:840} INFO - DAG(s) 'dataset_produces_2', 'dataset_consumes_1_never_scheduled', 'dataset_consumes_1', 'dataset_produces_1', 'dataset_consumes_1_and_2', 'dataset_consumes_unknown_never_scheduled' retrieved from /home/airflow/.local/lib/python3.8/site-packages/airflow/example_dags/example_datasets.py
[2026-03-11T15:10:34.583+0000] {logging_mixin.py:188} INFO - [2026-03-11T15:10:34.583+0000] {dag.py:3036} INFO - Sync 6 DAGs
[2026-03-11T15:10:34.613+0000] {logging_mixin.py:188} INFO - [2026-03-11T15:10:34.613+0000] {dag.py:3823} INFO - Setting next_dagrun for dataset_consumes_1 to None, run_after=None
[2026-03-11T15:10:34.618+0000] {logging_mixin.py:188} INFO - [2026-03-11T15:10:34.618+0000] {dag.py:3823} INFO - Setting next_dagrun for dataset_consumes_1_and_2 to None, run_after=None
[2026-03-11T15:10:34.619+0000] {logging_mixin.py:188} INFO - [2026-03-11T15:10:34.619+0000] {dag.py:3823} INFO - Setting next_dagrun for dataset_consumes_1_never_scheduled to None, run_after=None
[2026-03-11T15:10:34.621+0000] {logging_mixin.py:188} INFO - [2026-03-11T15:10:34.621+0000] {dag.py:3823} INFO - Setting next_dagrun for dataset_consumes_unknown_never_scheduled to None, run_after=None
[2026-03-11T15:10:34.624+0000] {logging_mixin.py:188} INFO - [2026-03-11T15:10:34.624+0000] {dag.py:3823} INFO - Setting next_dagrun for dataset_produces_1 to 2026-03-10 00:00:00+00:00, run_after=2026-03-11 00:00:00+00:00
[2026-03-11T15:10:34.626+0000] {logging_mixin.py:188} INFO - [2026-03-11T15:10:34.626+0000] {dag.py:3823} INFO - Setting next_dagrun for dataset_produces_2 to None, run_after=None
[2026-03-11T15:10:34.664+0000] {processor.py:183} INFO - Processing /home/airflow/.local/lib/python3.8/site-packages/airflow/example_dags/example_datasets.py took 0.170 seconds
[2026-03-11T15:11:05.372+0000] {processor.py:161} INFO - Started process (PID=244) to work on /home/airflow/.local/lib/python3.8/site-packages/airflow/example_dags/example_datasets.py
[2026-03-11T15:11:05.373+0000] {processor.py:830} INFO - Processing file /home/airflow/.local/lib/python3.8/site-packages/airflow/example_dags/example_datasets.py for tasks to queue
[2026-03-11T15:11:05.375+0000] {logging_mixin.py:188} INFO - [2026-03-11T15:11:05.375+0000] {dagbag.py:538} INFO - Filling up the DagBag from /home/airflow/.local/lib/python3.8/site-packages/airflow/example_dags/example_datasets.py
[2026-03-11T15:11:05.386+0000] {processor.py:840} INFO - DAG(s) 'dataset_consumes_unknown_never_scheduled', 'dataset_consumes_1_never_scheduled', 'dataset_produces_1', 'dataset_produces_2', 'dataset_consumes_1_and_2', 'dataset_consumes_1' retrieved from /home/airflow/.local/lib/python3.8/site-packages/airflow/example_dags/example_datasets.py
[2026-03-11T15:11:05.424+0000] {logging_mixin.py:188} INFO - [2026-03-11T15:11:05.424+0000] {dag.py:3036} INFO - Sync 6 DAGs
[2026-03-11T15:11:05.449+0000] {logging_mixin.py:188} INFO - [2026-03-11T15:11:05.449+0000] {dag.py:3823} INFO - Setting next_dagrun for dataset_consumes_1 to None, run_after=None
[2026-03-11T15:11:05.453+0000] {logging_mixin.py:188} INFO - [2026-03-11T15:11:05.453+0000] {dag.py:3823} INFO - Setting next_dagrun for dataset_consumes_1_and_2 to None, run_after=None
[2026-03-11T15:11:05.455+0000] {logging_mixin.py:188} INFO - [2026-03-11T15:11:05.454+0000] {dag.py:3823} INFO - Setting next_dagrun for dataset_consumes_1_never_scheduled to None, run_after=None
[2026-03-11T15:11:05.456+0000] {logging_mixin.py:188} INFO - [2026-03-11T15:11:05.456+0000] {dag.py:3823} INFO - Setting next_dagrun for dataset_consumes_unknown_never_scheduled to None, run_after=None
[2026-03-11T15:11:05.459+0000] {logging_mixin.py:188} INFO - [2026-03-11T15:11:05.459+0000] {dag.py:3823} INFO - Setting next_dagrun for dataset_produces_1 to 2026-03-10 00:00:00+00:00, run_after=2026-03-11 00:00:00+00:00
[2026-03-11T15:11:05.461+0000] {logging_mixin.py:188} INFO - [2026-03-11T15:11:05.460+0000] {dag.py:3823} INFO - Setting next_dagrun for dataset_produces_2 to None, run_after=None
[2026-03-11T15:11:05.499+0000] {processor.py:183} INFO - Processing /home/airflow/.local/lib/python3.8/site-packages/airflow/example_dags/example_datasets.py took 0.131 seconds
[2026-03-11T15:11:36.363+0000] {processor.py:161} INFO - Started process (PID=300) to work on /home/airflow/.local/lib/python3.8/site-packages/airflow/example_dags/example_datasets.py
[2026-03-11T15:11:36.366+0000] {processor.py:830} INFO - Processing file /home/airflow/.local/lib/python3.8/site-packages/airflow/example_dags/example_datasets.py for tasks to queue
[2026-03-11T15:11:36.371+0000] {logging_mixin.py:188} INFO - [2026-03-11T15:11:36.370+0000] {dagbag.py:538} INFO - Filling up the DagBag from /home/airflow/.local/lib/python3.8/site-packages/airflow/example_dags/example_datasets.py
[2026-03-11T15:11:36.403+0000] {processor.py:840} INFO - DAG(s) 'dataset_consumes_1', 'dataset_consumes_1_never_scheduled', 'dataset_consumes_unknown_never_scheduled', 'dataset_produces_1', 'dataset_consumes_1_and_2', 'dataset_produces_2' retrieved from /home/airflow/.local/lib/python3.8/site-packages/airflow/example_dags/example_datasets.py
[2026-03-11T15:11:36.494+0000] {logging_mixin.py:188} INFO - [2026-03-11T15:11:36.494+0000] {dag.py:3036} INFO - Sync 6 DAGs
[2026-03-11T15:11:36.537+0000] {logging_mixin.py:188} INFO - [2026-03-11T15:11:36.536+0000] {dag.py:3823} INFO - Setting next_dagrun for dataset_consumes_1 to None, run_after=None
[2026-03-11T15:11:36.544+0000] {logging_mixin.py:188} INFO - [2026-03-11T15:11:36.543+0000] {dag.py:3823} INFO - Setting next_dagrun for dataset_consumes_1_and_2 to None, run_after=None
[2026-03-11T15:11:36.546+0000] {logging_mixin.py:188} INFO - [2026-03-11T15:11:36.546+0000] {dag.py:3823} INFO - Setting next_dagrun for dataset_consumes_1_never_scheduled to None, run_after=None
[2026-03-11T15:11:36.548+0000] {logging_mixin.py:188} INFO - [2026-03-11T15:11:36.548+0000] {dag.py:3823} INFO - Setting next_dagrun for dataset_consumes_unknown_never_scheduled to None, run_after=None
[2026-03-11T15:11:36.556+0000] {logging_mixin.py:188} INFO - [2026-03-11T15:11:36.556+0000] {dag.py:3823} INFO - Setting next_dagrun for dataset_produces_1 to 2026-03-10 00:00:00+00:00, run_after=2026-03-11 00:00:00+00:00
[2026-03-11T15:11:36.559+0000] {logging_mixin.py:188} INFO - [2026-03-11T15:11:36.559+0000] {dag.py:3823} INFO - Setting next_dagrun for dataset_produces_2 to None, run_after=None
[2026-03-11T15:11:36.618+0000] {processor.py:183} INFO - Processing /home/airflow/.local/lib/python3.8/site-packages/airflow/example_dags/example_datasets.py took 0.265 seconds
[2026-03-11T15:12:06.726+0000] {processor.py:161} INFO - Started process (PID=356) to work on /home/airflow/.local/lib/python3.8/site-packages/airflow/example_dags/example_datasets.py
[2026-03-11T15:12:06.727+0000] {processor.py:830} INFO - Processing file /home/airflow/.local/lib/python3.8/site-packages/airflow/example_dags/example_datasets.py for tasks to queue
[2026-03-11T15:12:06.730+0000] {logging_mixin.py:188} INFO - [2026-03-11T15:12:06.730+0000] {dagbag.py:538} INFO - Filling up the DagBag from /home/airflow/.local/lib/python3.8/site-packages/airflow/example_dags/example_datasets.py
[2026-03-11T15:12:06.752+0000] {processor.py:840} INFO - DAG(s) 'dataset_consumes_unknown_never_scheduled', 'dataset_consumes_1_never_scheduled', 'dataset_consumes_1_and_2', 'dataset_produces_1', 'dataset_produces_2', 'dataset_consumes_1' retrieved from /home/airflow/.local/lib/python3.8/site-packages/airflow/example_dags/example_datasets.py
[2026-03-11T15:12:06.817+0000] {logging_mixin.py:188} INFO - [2026-03-11T15:12:06.817+0000] {dag.py:3036} INFO - Sync 6 DAGs
[2026-03-11T15:12:06.853+0000] {logging_mixin.py:188} INFO - [2026-03-11T15:12:06.852+0000] {dag.py:3823} INFO - Setting next_dagrun for dataset_consumes_1 to None, run_after=None
[2026-03-11T15:12:06.858+0000] {logging_mixin.py:188} INFO - [2026-03-11T15:12:06.858+0000] {dag.py:3823} INFO - Setting next_dagrun for dataset_consumes_1_and_2 to None, run_after=None
[2026-03-11T15:12:06.861+0000] {logging_mixin.py:188} INFO - [2026-03-11T15:12:06.861+0000] {dag.py:3823} INFO - Setting next_dagrun for dataset_consumes_1_never_scheduled to None, run_after=None
[2026-03-11T15:12:06.863+0000] {logging_mixin.py:188} INFO - [2026-03-11T15:12:06.863+0000] {dag.py:3823} INFO - Setting next_dagrun for dataset_consumes_unknown_never_scheduled to None, run_after=None
[2026-03-11T15:12:06.869+0000] {logging_mixin.py:188} INFO - [2026-03-11T15:12:06.868+0000] {dag.py:3823} INFO - Setting next_dagrun for dataset_produces_1 to 2026-03-10 00:00:00+00:00, run_after=2026-03-11 00:00:00+00:00
[2026-03-11T15:12:06.870+0000] {logging_mixin.py:188} INFO - [2026-03-11T15:12:06.870+0000] {dag.py:3823} INFO - Setting next_dagrun for dataset_produces_2 to None, run_after=None
[2026-03-11T15:12:06.961+0000] {processor.py:183} INFO - Processing /home/airflow/.local/lib/python3.8/site-packages/airflow/example_dags/example_datasets.py took 0.240 seconds
[2026-03-11T15:12:37.177+0000] {processor.py:161} INFO - Started process (PID=412) to work on /home/airflow/.local/lib/python3.8/site-packages/airflow/example_dags/example_datasets.py
[2026-03-11T15:12:37.179+0000] {processor.py:830} INFO - Processing file /home/airflow/.local/lib/python3.8/site-packages/airflow/example_dags/example_datasets.py for tasks to queue
[2026-03-11T15:12:37.181+0000] {logging_mixin.py:188} INFO - [2026-03-11T15:12:37.181+0000] {dagbag.py:538} INFO - Filling up the DagBag from /home/airflow/.local/lib/python3.8/site-packages/airflow/example_dags/example_datasets.py
[2026-03-11T15:12:37.198+0000] {processor.py:840} INFO - DAG(s) 'dataset_produces_1', 'dataset_consumes_1_never_scheduled', 'dataset_consumes_unknown_never_scheduled', 'dataset_produces_2', 'dataset_consumes_1_and_2', 'dataset_consumes_1' retrieved from /home/airflow/.local/lib/python3.8/site-packages/airflow/example_dags/example_datasets.py
[2026-03-11T15:12:37.258+0000] {logging_mixin.py:188} INFO - [2026-03-11T15:12:37.257+0000] {dag.py:3036} INFO - Sync 6 DAGs
[2026-03-11T15:12:37.296+0000] {logging_mixin.py:188} INFO - [2026-03-11T15:12:37.295+0000] {dag.py:3823} INFO - Setting next_dagrun for dataset_consumes_1 to None, run_after=None
[2026-03-11T15:12:37.306+0000] {logging_mixin.py:188} INFO - [2026-03-11T15:12:37.305+0000] {dag.py:3823} INFO - Setting next_dagrun for dataset_consumes_1_and_2 to None, run_after=None
[2026-03-11T15:12:37.310+0000] {logging_mixin.py:188} INFO - [2026-03-11T15:12:37.309+0000] {dag.py:3823} INFO - Setting next_dagrun for dataset_consumes_1_never_scheduled to None, run_after=None
[2026-03-11T15:12:37.313+0000] {logging_mixin.py:188} INFO - [2026-03-11T15:12:37.312+0000] {dag.py:3823} INFO - Setting next_dagrun for dataset_consumes_unknown_never_scheduled to None, run_after=None
[2026-03-11T15:12:37.317+0000] {logging_mixin.py:188} INFO - [2026-03-11T15:12:37.317+0000] {dag.py:3823} INFO - Setting next_dagrun for dataset_produces_1 to 2026-03-10 00:00:00+00:00, run_after=2026-03-11 00:00:00+00:00
[2026-03-11T15:12:37.319+0000] {logging_mixin.py:188} INFO - [2026-03-11T15:12:37.319+0000] {dag.py:3823} INFO - Setting next_dagrun for dataset_produces_2 to None, run_after=None
[2026-03-11T15:12:37.411+0000] {processor.py:183} INFO - Processing /home/airflow/.local/lib/python3.8/site-packages/airflow/example_dags/example_datasets.py took 0.238 seconds
[2026-03-11T15:13:08.074+0000] {processor.py:161} INFO - Started process (PID=468) to work on /home/airflow/.local/lib/python3.8/site-packages/airflow/example_dags/example_datasets.py
[2026-03-11T15:13:08.075+0000] {processor.py:830} INFO - Processing file /home/airflow/.local/lib/python3.8/site-packages/airflow/example_dags/example_datasets.py for tasks to queue
[2026-03-11T15:13:08.077+0000] {logging_mixin.py:188} INFO - [2026-03-11T15:13:08.077+0000] {dagbag.py:538} INFO - Filling up the DagBag from /home/airflow/.local/lib/python3.8/site-packages/airflow/example_dags/example_datasets.py
[2026-03-11T15:13:08.090+0000] {processor.py:840} INFO - DAG(s) 'dataset_consumes_1', 'dataset_consumes_1_never_scheduled', 'dataset_produces_2', 'dataset_consumes_1_and_2', 'dataset_produces_1', 'dataset_consumes_unknown_never_scheduled' retrieved from /home/airflow/.local/lib/python3.8/site-packages/airflow/example_dags/example_datasets.py
[2026-03-11T15:13:08.131+0000] {logging_mixin.py:188} INFO - [2026-03-11T15:13:08.130+0000] {dag.py:3036} INFO - Sync 6 DAGs
[2026-03-11T15:13:08.174+0000] {logging_mixin.py:188} INFO - [2026-03-11T15:13:08.173+0000] {dag.py:3823} INFO - Setting next_dagrun for dataset_consumes_1 to None, run_after=None
[2026-03-11T15:13:08.196+0000] {logging_mixin.py:188} INFO - [2026-03-11T15:13:08.196+0000] {dag.py:3823} INFO - Setting next_dagrun for dataset_consumes_1_and_2 to None, run_after=None
[2026-03-11T15:13:08.198+0000] {logging_mixin.py:188} INFO - [2026-03-11T15:13:08.197+0000] {dag.py:3823} INFO - Setting next_dagrun for dataset_consumes_1_never_scheduled to None, run_after=None
[2026-03-11T15:13:08.200+0000] {logging_mixin.py:188} INFO - [2026-03-11T15:13:08.200+0000] {dag.py:3823} INFO - Setting next_dagrun for dataset_consumes_unknown_never_scheduled to None, run_after=None
[2026-03-11T15:13:08.204+0000] {logging_mixin.py:188} INFO - [2026-03-11T15:13:08.204+0000] {dag.py:3823} INFO - Setting next_dagrun for dataset_produces_1 to 2026-03-10 00:00:00+00:00, run_after=2026-03-11 00:00:00+00:00
[2026-03-11T15:13:08.206+0000] {logging_mixin.py:188} INFO - [2026-03-11T15:13:08.206+0000] {dag.py:3823} INFO - Setting next_dagrun for dataset_produces_2 to None, run_after=None
[2026-03-11T15:13:08.246+0000] {processor.py:183} INFO - Processing /home/airflow/.local/lib/python3.8/site-packages/airflow/example_dags/example_datasets.py took 0.176 seconds
[2026-03-11T15:13:38.349+0000] {processor.py:161} INFO - Started process (PID=524) to work on /home/airflow/.local/lib/python3.8/site-packages/airflow/example_dags/example_datasets.py
[2026-03-11T15:13:38.363+0000] {processor.py:830} INFO - Processing file /home/airflow/.local/lib/python3.8/site-packages/airflow/example_dags/example_datasets.py for tasks to queue
[2026-03-11T15:13:38.385+0000] {logging_mixin.py:188} INFO - [2026-03-11T15:13:38.384+0000] {dagbag.py:538} INFO - Filling up the DagBag from /home/airflow/.local/lib/python3.8/site-packages/airflow/example_dags/example_datasets.py
[2026-03-11T15:13:38.407+0000] {processor.py:840} INFO - DAG(s) 'dataset_consumes_1', 'dataset_produces_1', 'dataset_consumes_1_never_scheduled', 'dataset_consumes_1_and_2', 'dataset_consumes_unknown_never_scheduled', 'dataset_produces_2' retrieved from /home/airflow/.local/lib/python3.8/site-packages/airflow/example_dags/example_datasets.py
[2026-03-11T15:13:38.460+0000] {logging_mixin.py:188} INFO - [2026-03-11T15:13:38.460+0000] {dag.py:3036} INFO - Sync 6 DAGs
[2026-03-11T15:13:38.491+0000] {logging_mixin.py:188} INFO - [2026-03-11T15:13:38.491+0000] {dag.py:3823} INFO - Setting next_dagrun for dataset_consumes_1 to None, run_after=None
[2026-03-11T15:13:38.496+0000] {logging_mixin.py:188} INFO - [2026-03-11T15:13:38.496+0000] {dag.py:3823} INFO - Setting next_dagrun for dataset_consumes_1_and_2 to None, run_after=None
[2026-03-11T15:13:38.499+0000] {logging_mixin.py:188} INFO - [2026-03-11T15:13:38.498+0000] {dag.py:3823} INFO - Setting next_dagrun for dataset_consumes_1_never_scheduled to None, run_after=None
[2026-03-11T15:13:38.501+0000] {logging_mixin.py:188} INFO - [2026-03-11T15:13:38.500+0000] {dag.py:3823} INFO - Setting next_dagrun for dataset_consumes_unknown_never_scheduled to None, run_after=None
[2026-03-11T15:13:38.504+0000] {logging_mixin.py:188} INFO - [2026-03-11T15:13:38.504+0000] {dag.py:3823} INFO - Setting next_dagrun for dataset_produces_1 to 2026-03-10 00:00:00+00:00, run_after=2026-03-11 00:00:00+00:00
[2026-03-11T15:13:38.506+0000] {logging_mixin.py:188} INFO - [2026-03-11T15:13:38.506+0000] {dag.py:3823} INFO - Setting next_dagrun for dataset_produces_2 to None, run_after=None
[2026-03-11T15:13:38.550+0000] {processor.py:183} INFO - Processing /home/airflow/.local/lib/python3.8/site-packages/airflow/example_dags/example_datasets.py took 0.207 seconds
[2026-03-11T15:14:08.595+0000] {processor.py:161} INFO - Started process (PID=580) to work on /home/airflow/.local/lib/python3.8/site-packages/airflow/example_dags/example_datasets.py
[2026-03-11T15:14:08.598+0000] {processor.py:830} INFO - Processing file /home/airflow/.local/lib/python3.8/site-packages/airflow/example_dags/example_datasets.py for tasks to queue
[2026-03-11T15:14:08.601+0000] {logging_mixin.py:188} INFO - [2026-03-11T15:14:08.601+0000] {dagbag.py:538} INFO - Filling up the DagBag from /home/airflow/.local/lib/python3.8/site-packages/airflow/example_dags/example_datasets.py
[2026-03-11T15:14:08.618+0000] {processor.py:840} INFO - DAG(s) 'dataset_consumes_1_and_2', 'dataset_consumes_1', 'dataset_consumes_unknown_never_scheduled', 'dataset_consumes_1_never_scheduled', 'dataset_produces_1', 'dataset_produces_2' retrieved from /home/airflow/.local/lib/python3.8/site-packages/airflow/example_dags/example_datasets.py
[2026-03-11T15:14:08.679+0000] {logging_mixin.py:188} INFO - [2026-03-11T15:14:08.678+0000] {dag.py:3036} INFO - Sync 6 DAGs
[2026-03-11T15:14:08.712+0000] {logging_mixin.py:188} INFO - [2026-03-11T15:14:08.712+0000] {dag.py:3823} INFO - Setting next_dagrun for dataset_consumes_1 to None, run_after=None
[2026-03-11T15:14:08.720+0000] {logging_mixin.py:188} INFO - [2026-03-11T15:14:08.720+0000] {dag.py:3823} INFO - Setting next_dagrun for dataset_consumes_1_and_2 to None, run_after=None
[2026-03-11T15:14:08.723+0000] {logging_mixin.py:188} INFO - [2026-03-11T15:14:08.723+0000] {dag.py:3823} INFO - Setting next_dagrun for dataset_consumes_1_never_scheduled to None, run_after=None
[2026-03-11T15:14:08.725+0000] {logging_mixin.py:188} INFO - [2026-03-11T15:14:08.725+0000] {dag.py:3823} INFO - Setting next_dagrun for dataset_consumes_unknown_never_scheduled to None, run_after=None
[2026-03-11T15:14:08.733+0000] {logging_mixin.py:188} INFO - [2026-03-11T15:14:08.733+0000] {dag.py:3823} INFO - Setting next_dagrun for dataset_produces_1 to 2026-03-10 00:00:00+00:00, run_after=2026-03-11 00:00:00+00:00
[2026-03-11T15:14:08.735+0000] {logging_mixin.py:188} INFO - [2026-03-11T15:14:08.735+0000] {dag.py:3823} INFO - Setting next_dagrun for dataset_produces_2 to None, run_after=None
[2026-03-11T15:14:08.794+0000] {processor.py:183} INFO - Processing /home/airflow/.local/lib/python3.8/site-packages/airflow/example_dags/example_datasets.py took 0.206 seconds
[2026-03-11T15:14:38.948+0000] {processor.py:161} INFO - Started process (PID=636) to work on /home/airflow/.local/lib/python3.8/site-packages/airflow/example_dags/example_datasets.py
[2026-03-11T15:14:38.949+0000] {processor.py:830} INFO - Processing file /home/airflow/.local/lib/python3.8/site-packages/airflow/example_dags/example_datasets.py for tasks to queue
[2026-03-11T15:14:38.953+0000] {logging_mixin.py:188} INFO - [2026-03-11T15:14:38.952+0000] {dagbag.py:538} INFO - Filling up the DagBag from /home/airflow/.local/lib/python3.8/site-packages/airflow/example_dags/example_datasets.py
[2026-03-11T15:14:38.972+0000] {processor.py:840} INFO - DAG(s) 'dataset_consumes_1', 'dataset_consumes_1_never_scheduled', 'dataset_produces_1', 'dataset_consumes_1_and_2', 'dataset_produces_2', 'dataset_consumes_unknown_never_scheduled' retrieved from /home/airflow/.local/lib/python3.8/site-packages/airflow/example_dags/example_datasets.py
[2026-03-11T15:14:39.033+0000] {logging_mixin.py:188} INFO - [2026-03-11T15:14:39.032+0000] {dag.py:3036} INFO - Sync 6 DAGs
[2026-03-11T15:14:39.068+0000] {logging_mixin.py:188} INFO - [2026-03-11T15:14:39.068+0000] {dag.py:3823} INFO - Setting next_dagrun for dataset_consumes_1 to None, run_after=None
[2026-03-11T15:14:39.073+0000] {logging_mixin.py:188} INFO - [2026-03-11T15:14:39.073+0000] {dag.py:3823} INFO - Setting next_dagrun for dataset_consumes_1_and_2 to None, run_after=None
[2026-03-11T15:14:39.077+0000] {logging_mixin.py:188} INFO - [2026-03-11T15:14:39.077+0000] {dag.py:3823} INFO - Setting next_dagrun for dataset_consumes_1_never_scheduled to None, run_after=None
[2026-03-11T15:14:39.081+0000] {logging_mixin.py:188} INFO - [2026-03-11T15:14:39.080+0000] {dag.py:3823} INFO - Setting next_dagrun for dataset_consumes_unknown_never_scheduled to None, run_after=None
[2026-03-11T15:14:39.087+0000] {logging_mixin.py:188} INFO - [2026-03-11T15:14:39.086+0000] {dag.py:3823} INFO - Setting next_dagrun for dataset_produces_1 to 2026-03-10 00:00:00+00:00, run_after=2026-03-11 00:00:00+00:00
[2026-03-11T15:14:39.090+0000] {logging_mixin.py:188} INFO - [2026-03-11T15:14:39.090+0000] {dag.py:3823} INFO - Setting next_dagrun for dataset_produces_2 to None, run_after=None
[2026-03-11T15:14:39.142+0000] {processor.py:183} INFO - Processing /home/airflow/.local/lib/python3.8/site-packages/airflow/example_dags/example_datasets.py took 0.201 seconds
[2026-03-11T15:15:09.305+0000] {processor.py:161} INFO - Started process (PID=692) to work on /home/airflow/.local/lib/python3.8/site-packages/airflow/example_dags/example_datasets.py
[2026-03-11T15:15:09.308+0000] {processor.py:830} INFO - Processing file /home/airflow/.local/lib/python3.8/site-packages/airflow/example_dags/example_datasets.py for tasks to queue
[2026-03-11T15:15:09.312+0000] {logging_mixin.py:188} INFO - [2026-03-11T15:15:09.312+0000] {dagbag.py:538} INFO - Filling up the DagBag from /home/airflow/.local/lib/python3.8/site-packages/airflow/example_dags/example_datasets.py
[2026-03-11T15:15:09.330+0000] {processor.py:840} INFO - DAG(s) 'dataset_consumes_1_never_scheduled', 'dataset_consumes_1', 'dataset_produces_2', 'dataset_consumes_1_and_2', 'dataset_produces_1', 'dataset_consumes_unknown_never_scheduled' retrieved from /home/airflow/.local/lib/python3.8/site-packages/airflow/example_dags/example_datasets.py
[2026-03-11T15:15:09.383+0000] {logging_mixin.py:188} INFO - [2026-03-11T15:15:09.383+0000] {dag.py:3036} INFO - Sync 6 DAGs
[2026-03-11T15:15:09.414+0000] {logging_mixin.py:188} INFO - [2026-03-11T15:15:09.414+0000] {dag.py:3823} INFO - Setting next_dagrun for dataset_consumes_1 to None, run_after=None
[2026-03-11T15:15:09.421+0000] {logging_mixin.py:188} INFO - [2026-03-11T15:15:09.421+0000] {dag.py:3823} INFO - Setting next_dagrun for dataset_consumes_1_and_2 to None, run_after=None
[2026-03-11T15:15:09.423+0000] {logging_mixin.py:188} INFO - [2026-03-11T15:15:09.422+0000] {dag.py:3823} INFO - Setting next_dagrun for dataset_consumes_1_never_scheduled to None, run_after=None
[2026-03-11T15:15:09.424+0000] {logging_mixin.py:188} INFO - [2026-03-11T15:15:09.424+0000] {dag.py:3823} INFO - Setting next_dagrun for dataset_consumes_unknown_never_scheduled to None, run_after=None
[2026-03-11T15:15:09.428+0000] {logging_mixin.py:188} INFO - [2026-03-11T15:15:09.428+0000] {dag.py:3823} INFO - Setting next_dagrun for dataset_produces_1 to 2026-03-10 00:00:00+00:00, run_after=2026-03-11 00:00:00+00:00
[2026-03-11T15:15:09.431+0000] {logging_mixin.py:188} INFO - [2026-03-11T15:15:09.430+0000] {dag.py:3823} INFO - Setting next_dagrun for dataset_produces_2 to None, run_after=None
[2026-03-11T15:15:09.484+0000] {processor.py:183} INFO - Processing /home/airflow/.local/lib/python3.8/site-packages/airflow/example_dags/example_datasets.py took 0.185 seconds
[2026-03-11T15:15:39.867+0000] {processor.py:161} INFO - Started process (PID=748) to work on /home/airflow/.local/lib/python3.8/site-packages/airflow/example_dags/example_datasets.py
[2026-03-11T15:15:39.868+0000] {processor.py:830} INFO - Processing file /home/airflow/.local/lib/python3.8/site-packages/airflow/example_dags/example_datasets.py for tasks to queue
[2026-03-11T15:15:39.871+0000] {logging_mixin.py:188} INFO - [2026-03-11T15:15:39.870+0000] {dagbag.py:538} INFO - Filling up the DagBag from /home/airflow/.local/lib/python3.8/site-packages/airflow/example_dags/example_datasets.py
[2026-03-11T15:15:39.885+0000] {processor.py:840} INFO - DAG(s) 'dataset_produces_2', 'dataset_produces_1', 'dataset_consumes_1_never_scheduled', 'dataset_consumes_1', 'dataset_consumes_unknown_never_scheduled', 'dataset_consumes_1_and_2' retrieved from /home/airflow/.local/lib/python3.8/site-packages/airflow/example_dags/example_datasets.py
[2026-03-11T15:15:39.931+0000] {logging_mixin.py:188} INFO - [2026-03-11T15:15:39.931+0000] {dag.py:3036} INFO - Sync 6 DAGs
[2026-03-11T15:15:39.960+0000] {logging_mixin.py:188} INFO - [2026-03-11T15:15:39.960+0000] {dag.py:3823} INFO - Setting next_dagrun for dataset_consumes_1 to None, run_after=None
[2026-03-11T15:15:39.966+0000] {logging_mixin.py:188} INFO - [2026-03-11T15:15:39.965+0000] {dag.py:3823} INFO - Setting next_dagrun for dataset_consumes_1_and_2 to None, run_after=None
[2026-03-11T15:15:39.968+0000] {logging_mixin.py:188} INFO - [2026-03-11T15:15:39.968+0000] {dag.py:3823} INFO - Setting next_dagrun for dataset_consumes_1_never_scheduled to None, run_after=None
[2026-03-11T15:15:39.970+0000] {logging_mixin.py:188} INFO - [2026-03-11T15:15:39.970+0000] {dag.py:3823} INFO - Setting next_dagrun for dataset_consumes_unknown_never_scheduled to None, run_after=None
[2026-03-11T15:15:39.973+0000] {logging_mixin.py:188} INFO - [2026-03-11T15:15:39.973+0000] {dag.py:3823} INFO - Setting next_dagrun for dataset_produces_1 to 2026-03-10 00:00:00+00:00, run_after=2026-03-11 00:00:00+00:00
[2026-03-11T15:15:39.975+0000] {logging_mixin.py:188} INFO - [2026-03-11T15:15:39.975+0000] {dag.py:3823} INFO - Setting next_dagrun for dataset_produces_2 to None, run_after=None
[2026-03-11T15:15:40.017+0000] {processor.py:183} INFO - Processing /home/airflow/.local/lib/python3.8/site-packages/airflow/example_dags/example_datasets.py took 0.154 seconds
[2026-03-11T15:16:10.097+0000] {processor.py:161} INFO - Started process (PID=804) to work on /home/airflow/.local/lib/python3.8/site-packages/airflow/example_dags/example_datasets.py
[2026-03-11T15:16:10.099+0000] {processor.py:830} INFO - Processing file /home/airflow/.local/lib/python3.8/site-packages/airflow/example_dags/example_datasets.py for tasks to queue
[2026-03-11T15:16:10.101+0000] {logging_mixin.py:188} INFO - [2026-03-11T15:16:10.101+0000] {dagbag.py:538} INFO - Filling up the DagBag from /home/airflow/.local/lib/python3.8/site-packages/airflow/example_dags/example_datasets.py
[2026-03-11T15:16:10.115+0000] {processor.py:840} INFO - DAG(s) 'dataset_produces_2', 'dataset_produces_1', 'dataset_consumes_1_never_scheduled', 'dataset_consumes_1', 'dataset_consumes_1_and_2', 'dataset_consumes_unknown_never_scheduled' retrieved from /home/airflow/.local/lib/python3.8/site-packages/airflow/example_dags/example_datasets.py
[2026-03-11T15:16:10.164+0000] {logging_mixin.py:188} INFO - [2026-03-11T15:16:10.164+0000] {dag.py:3036} INFO - Sync 6 DAGs
[2026-03-11T15:16:10.194+0000] {logging_mixin.py:188} INFO - [2026-03-11T15:16:10.194+0000] {dag.py:3823} INFO - Setting next_dagrun for dataset_consumes_1 to None, run_after=None
[2026-03-11T15:16:10.199+0000] {logging_mixin.py:188} INFO - [2026-03-11T15:16:10.199+0000] {dag.py:3823} INFO - Setting next_dagrun for dataset_consumes_1_and_2 to None, run_after=None
[2026-03-11T15:16:10.205+0000] {logging_mixin.py:188} INFO - [2026-03-11T15:16:10.204+0000] {dag.py:3823} INFO - Setting next_dagrun for dataset_consumes_1_never_scheduled to None, run_after=None
[2026-03-11T15:16:10.207+0000] {logging_mixin.py:188} INFO - [2026-03-11T15:16:10.206+0000] {dag.py:3823} INFO - Setting next_dagrun for dataset_consumes_unknown_never_scheduled to None, run_after=None
[2026-03-11T15:16:10.211+0000] {logging_mixin.py:188} INFO - [2026-03-11T15:16:10.210+0000] {dag.py:3823} INFO - Setting next_dagrun for dataset_produces_1 to 2026-03-10 00:00:00+00:00, run_after=2026-03-11 00:00:00+00:00
[2026-03-11T15:16:10.213+0000] {logging_mixin.py:188} INFO - [2026-03-11T15:16:10.212+0000] {dag.py:3823} INFO - Setting next_dagrun for dataset_produces_2 to None, run_after=None
[2026-03-11T15:16:10.251+0000] {processor.py:183} INFO - Processing /home/airflow/.local/lib/python3.8/site-packages/airflow/example_dags/example_datasets.py took 0.159 seconds
[2026-03-11T15:16:40.755+0000] {processor.py:161} INFO - Started process (PID=860) to work on /home/airflow/.local/lib/python3.8/site-packages/airflow/example_dags/example_datasets.py
[2026-03-11T15:16:40.758+0000] {processor.py:830} INFO - Processing file /home/airflow/.local/lib/python3.8/site-packages/airflow/example_dags/example_datasets.py for tasks to queue
[2026-03-11T15:16:40.762+0000] {logging_mixin.py:188} INFO - [2026-03-11T15:16:40.761+0000] {dagbag.py:538} INFO - Filling up the DagBag from /home/airflow/.local/lib/python3.8/site-packages/airflow/example_dags/example_datasets.py
[2026-03-11T15:16:40.780+0000] {processor.py:840} INFO - DAG(s) 'dataset_produces_2', 'dataset_produces_1', 'dataset_consumes_unknown_never_scheduled', 'dataset_consumes_1', 'dataset_consumes_1_never_scheduled', 'dataset_consumes_1_and_2' retrieved from /home/airflow/.local/lib/python3.8/site-packages/airflow/example_dags/example_datasets.py
[2026-03-11T15:16:40.863+0000] {logging_mixin.py:188} INFO - [2026-03-11T15:16:40.862+0000] {dag.py:3036} INFO - Sync 6 DAGs
[2026-03-11T15:16:40.904+0000] {logging_mixin.py:188} INFO - [2026-03-11T15:16:40.904+0000] {dag.py:3823} INFO - Setting next_dagrun for dataset_consumes_1 to None, run_after=None
[2026-03-11T15:16:40.912+0000] {logging_mixin.py:188} INFO - [2026-03-11T15:16:40.911+0000] {dag.py:3823} INFO - Setting next_dagrun for dataset_consumes_1_and_2 to None, run_after=None
[2026-03-11T15:16:40.915+0000] {logging_mixin.py:188} INFO - [2026-03-11T15:16:40.915+0000] {dag.py:3823} INFO - Setting next_dagrun for dataset_consumes_1_never_scheduled to None, run_after=None
[2026-03-11T15:16:40.918+0000] {logging_mixin.py:188} INFO - [2026-03-11T15:16:40.918+0000] {dag.py:3823} INFO - Setting next_dagrun for dataset_consumes_unknown_never_scheduled to None, run_after=None
[2026-03-11T15:16:40.923+0000] {logging_mixin.py:188} INFO - [2026-03-11T15:16:40.922+0000] {dag.py:3823} INFO - Setting next_dagrun for dataset_produces_1 to 2026-03-10 00:00:00+00:00, run_after=2026-03-11 00:00:00+00:00
[2026-03-11T15:16:40.925+0000] {logging_mixin.py:188} INFO - [2026-03-11T15:16:40.925+0000] {dag.py:3823} INFO - Setting next_dagrun for dataset_produces_2 to None, run_after=None
[2026-03-11T15:16:40.983+0000] {processor.py:183} INFO - Processing /home/airflow/.local/lib/python3.8/site-packages/airflow/example_dags/example_datasets.py took 0.236 seconds
[2026-03-11T15:17:11.736+0000] {processor.py:161} INFO - Started process (PID=916) to work on /home/airflow/.local/lib/python3.8/site-packages/airflow/example_dags/example_datasets.py
[2026-03-11T15:17:11.738+0000] {processor.py:830} INFO - Processing file /home/airflow/.local/lib/python3.8/site-packages/airflow/example_dags/example_datasets.py for tasks to queue
[2026-03-11T15:17:11.740+0000] {logging_mixin.py:188} INFO - [2026-03-11T15:17:11.739+0000] {dagbag.py:538} INFO - Filling up the DagBag from /home/airflow/.local/lib/python3.8/site-packages/airflow/example_dags/example_datasets.py
[2026-03-11T15:17:11.750+0000] {processor.py:840} INFO - DAG(s) 'dataset_consumes_1_never_scheduled', 'dataset_consumes_1', 'dataset_consumes_1_and_2', 'dataset_produces_1', 'dataset_produces_2', 'dataset_consumes_unknown_never_scheduled' retrieved from /home/airflow/.local/lib/python3.8/site-packages/airflow/example_dags/example_datasets.py
[2026-03-11T15:17:11.786+0000] {logging_mixin.py:188} INFO - [2026-03-11T15:17:11.786+0000] {dag.py:3036} INFO - Sync 6 DAGs
[2026-03-11T15:17:11.810+0000] {logging_mixin.py:188} INFO - [2026-03-11T15:17:11.810+0000] {dag.py:3823} INFO - Setting next_dagrun for dataset_consumes_1 to None, run_after=None
[2026-03-11T15:17:11.814+0000] {logging_mixin.py:188} INFO - [2026-03-11T15:17:11.814+0000] {dag.py:3823} INFO - Setting next_dagrun for dataset_consumes_1_and_2 to None, run_after=None
[2026-03-11T15:17:11.815+0000] {logging_mixin.py:188} INFO - [2026-03-11T15:17:11.815+0000] {dag.py:3823} INFO - Setting next_dagrun for dataset_consumes_1_never_scheduled to None, run_after=None
[2026-03-11T15:17:11.816+0000] {logging_mixin.py:188} INFO - [2026-03-11T15:17:11.816+0000] {dag.py:3823} INFO - Setting next_dagrun for dataset_consumes_unknown_never_scheduled to None, run_after=None
[2026-03-11T15:17:11.819+0000] {logging_mixin.py:188} INFO - [2026-03-11T15:17:11.819+0000] {dag.py:3823} INFO - Setting next_dagrun for dataset_produces_1 to 2026-03-10 00:00:00+00:00, run_after=2026-03-11 00:00:00+00:00
[2026-03-11T15:17:11.821+0000] {logging_mixin.py:188} INFO - [2026-03-11T15:17:11.821+0000] {dag.py:3823} INFO - Setting next_dagrun for dataset_produces_2 to None, run_after=None
[2026-03-11T15:17:11.858+0000] {processor.py:183} INFO - Processing /home/airflow/.local/lib/python3.8/site-packages/airflow/example_dags/example_datasets.py took 0.126 seconds
[2026-03-11T15:17:42.799+0000] {processor.py:161} INFO - Started process (PID=972) to work on /home/airflow/.local/lib/python3.8/site-packages/airflow/example_dags/example_datasets.py
[2026-03-11T15:17:42.800+0000] {processor.py:830} INFO - Processing file /home/airflow/.local/lib/python3.8/site-packages/airflow/example_dags/example_datasets.py for tasks to queue
[2026-03-11T15:17:42.803+0000] {logging_mixin.py:188} INFO - [2026-03-11T15:17:42.803+0000] {dagbag.py:538} INFO - Filling up the DagBag from /home/airflow/.local/lib/python3.8/site-packages/airflow/example_dags/example_datasets.py
[2026-03-11T15:17:42.819+0000] {processor.py:840} INFO - DAG(s) 'dataset_consumes_1_and_2', 'dataset_consumes_unknown_never_scheduled', 'dataset_produces_1', 'dataset_consumes_1', 'dataset_consumes_1_never_scheduled', 'dataset_produces_2' retrieved from /home/airflow/.local/lib/python3.8/site-packages/airflow/example_dags/example_datasets.py
[2026-03-11T15:17:42.884+0000] {logging_mixin.py:188} INFO - [2026-03-11T15:17:42.884+0000] {dag.py:3036} INFO - Sync 6 DAGs
[2026-03-11T15:17:42.925+0000] {logging_mixin.py:188} INFO - [2026-03-11T15:17:42.924+0000] {dag.py:3823} INFO - Setting next_dagrun for dataset_consumes_1 to None, run_after=None
[2026-03-11T15:17:42.932+0000] {logging_mixin.py:188} INFO - [2026-03-11T15:17:42.932+0000] {dag.py:3823} INFO - Setting next_dagrun for dataset_consumes_1_and_2 to None, run_after=None
[2026-03-11T15:17:42.935+0000] {logging_mixin.py:188} INFO - [2026-03-11T15:17:42.935+0000] {dag.py:3823} INFO - Setting next_dagrun for dataset_consumes_1_never_scheduled to None, run_after=None
[2026-03-11T15:17:42.938+0000] {logging_mixin.py:188} INFO - [2026-03-11T15:17:42.938+0000] {dag.py:3823} INFO - Setting next_dagrun for dataset_consumes_unknown_never_scheduled to None, run_after=None
[2026-03-11T15:17:42.942+0000] {logging_mixin.py:188} INFO - [2026-03-11T15:17:42.942+0000] {dag.py:3823} INFO - Setting next_dagrun for dataset_produces_1 to 2026-03-10 00:00:00+00:00, run_after=2026-03-11 00:00:00+00:00
[2026-03-11T15:17:42.945+0000] {logging_mixin.py:188} INFO - [2026-03-11T15:17:42.944+0000] {dag.py:3823} INFO - Setting next_dagrun for dataset_produces_2 to None, run_after=None
[2026-03-11T15:17:42.997+0000] {processor.py:183} INFO - Processing /home/airflow/.local/lib/python3.8/site-packages/airflow/example_dags/example_datasets.py took 0.204 seconds
[2026-03-11T15:18:13.037+0000] {processor.py:161} INFO - Started process (PID=1028) to work on /home/airflow/.local/lib/python3.8/site-packages/airflow/example_dags/example_datasets.py
[2026-03-11T15:18:13.038+0000] {processor.py:830} INFO - Processing file /home/airflow/.local/lib/python3.8/site-packages/airflow/example_dags/example_datasets.py for tasks to queue
[2026-03-11T15:18:13.041+0000] {logging_mixin.py:188} INFO - [2026-03-11T15:18:13.041+0000] {dagbag.py:538} INFO - Filling up the DagBag from /home/airflow/.local/lib/python3.8/site-packages/airflow/example_dags/example_datasets.py
[2026-03-11T15:18:13.059+0000] {processor.py:840} INFO - DAG(s) 'dataset_consumes_1_and_2', 'dataset_produces_1', 'dataset_produces_2', 'dataset_consumes_unknown_never_scheduled', 'dataset_consumes_1_never_scheduled', 'dataset_consumes_1' retrieved from /home/airflow/.local/lib/python3.8/site-packages/airflow/example_dags/example_datasets.py
[2026-03-11T15:18:13.109+0000] {logging_mixin.py:188} INFO - [2026-03-11T15:18:13.109+0000] {dag.py:3036} INFO - Sync 6 DAGs
[2026-03-11T15:18:13.143+0000] {logging_mixin.py:188} INFO - [2026-03-11T15:18:13.142+0000] {dag.py:3823} INFO - Setting next_dagrun for dataset_consumes_1 to None, run_after=None
[2026-03-11T15:18:13.150+0000] {logging_mixin.py:188} INFO - [2026-03-11T15:18:13.149+0000] {dag.py:3823} INFO - Setting next_dagrun for dataset_consumes_1_and_2 to None, run_after=None
[2026-03-11T15:18:13.152+0000] {logging_mixin.py:188} INFO - [2026-03-11T15:18:13.152+0000] {dag.py:3823} INFO - Setting next_dagrun for dataset_consumes_1_never_scheduled to None, run_after=None
[2026-03-11T15:18:13.154+0000] {logging_mixin.py:188} INFO - [2026-03-11T15:18:13.154+0000] {dag.py:3823} INFO - Setting next_dagrun for dataset_consumes_unknown_never_scheduled to None, run_after=None
[2026-03-11T15:18:13.159+0000] {logging_mixin.py:188} INFO - [2026-03-11T15:18:13.158+0000] {dag.py:3823} INFO - Setting next_dagrun for dataset_produces_1 to 2026-03-10 00:00:00+00:00, run_after=2026-03-11 00:00:00+00:00
[2026-03-11T15:18:13.160+0000] {logging_mixin.py:188} INFO - [2026-03-11T15:18:13.160+0000] {dag.py:3823} INFO - Setting next_dagrun for dataset_produces_2 to None, run_after=None
[2026-03-11T15:18:13.221+0000] {processor.py:183} INFO - Processing /home/airflow/.local/lib/python3.8/site-packages/airflow/example_dags/example_datasets.py took 0.189 seconds
