[2026-03-11T15:09:33.799+0000] {processor.py:161} INFO - Started process (PID=86) to work on /home/airflow/.local/lib/python3.8/site-packages/airflow/example_dags/example_bash_operator.py
[2026-03-11T15:09:33.803+0000] {processor.py:830} INFO - Processing file /home/airflow/.local/lib/python3.8/site-packages/airflow/example_dags/example_bash_operator.py for tasks to queue
[2026-03-11T15:09:33.811+0000] {logging_mixin.py:188} INFO - [2026-03-11T15:09:33.810+0000] {dagbag.py:538} INFO - Filling up the DagBag from /home/airflow/.local/lib/python3.8/site-packages/airflow/example_dags/example_bash_operator.py
[2026-03-11T15:09:33.864+0000] {processor.py:840} INFO - DAG(s) 'example_bash_operator' retrieved from /home/airflow/.local/lib/python3.8/site-packages/airflow/example_dags/example_bash_operator.py
[2026-03-11T15:09:33.886+0000] {logging_mixin.py:188} INFO - [2026-03-11T15:09:33.885+0000] {dag.py:3036} INFO - Sync 1 DAGs
[2026-03-11T15:09:33.978+0000] {logging_mixin.py:188} INFO - [2026-03-11T15:09:33.978+0000] {dag.py:3823} INFO - Setting next_dagrun for example_bash_operator to 2026-03-10 00:00:00+00:00, run_after=2026-03-11 00:00:00+00:00
[2026-03-11T15:09:34.027+0000] {processor.py:183} INFO - Processing /home/airflow/.local/lib/python3.8/site-packages/airflow/example_dags/example_bash_operator.py took 0.244 seconds
[2026-03-11T15:10:06.004+0000] {processor.py:161} INFO - Started process (PID=142) to work on /home/airflow/.local/lib/python3.8/site-packages/airflow/example_dags/example_bash_operator.py
[2026-03-11T15:10:06.006+0000] {processor.py:830} INFO - Processing file /home/airflow/.local/lib/python3.8/site-packages/airflow/example_dags/example_bash_operator.py for tasks to queue
[2026-03-11T15:10:06.010+0000] {logging_mixin.py:188} INFO - [2026-03-11T15:10:06.009+0000] {dagbag.py:538} INFO - Filling up the DagBag from /home/airflow/.local/lib/python3.8/site-packages/airflow/example_dags/example_bash_operator.py
[2026-03-11T15:10:06.036+0000] {processor.py:840} INFO - DAG(s) 'example_bash_operator' retrieved from /home/airflow/.local/lib/python3.8/site-packages/airflow/example_dags/example_bash_operator.py
[2026-03-11T15:10:06.222+0000] {logging_mixin.py:188} INFO - [2026-03-11T15:10:06.221+0000] {dag.py:3036} INFO - Sync 1 DAGs
[2026-03-11T15:10:06.301+0000] {logging_mixin.py:188} INFO - [2026-03-11T15:10:06.301+0000] {dag.py:3823} INFO - Setting next_dagrun for example_bash_operator to 2026-03-10 00:00:00+00:00, run_after=2026-03-11 00:00:00+00:00
[2026-03-11T15:10:06.327+0000] {processor.py:183} INFO - Processing /home/airflow/.local/lib/python3.8/site-packages/airflow/example_dags/example_bash_operator.py took 0.330 seconds
[2026-03-11T15:10:37.107+0000] {processor.py:161} INFO - Started process (PID=198) to work on /home/airflow/.local/lib/python3.8/site-packages/airflow/example_dags/example_bash_operator.py
[2026-03-11T15:10:37.111+0000] {processor.py:830} INFO - Processing file /home/airflow/.local/lib/python3.8/site-packages/airflow/example_dags/example_bash_operator.py for tasks to queue
[2026-03-11T15:10:37.115+0000] {logging_mixin.py:188} INFO - [2026-03-11T15:10:37.115+0000] {dagbag.py:538} INFO - Filling up the DagBag from /home/airflow/.local/lib/python3.8/site-packages/airflow/example_dags/example_bash_operator.py
[2026-03-11T15:10:37.138+0000] {processor.py:840} INFO - DAG(s) 'example_bash_operator' retrieved from /home/airflow/.local/lib/python3.8/site-packages/airflow/example_dags/example_bash_operator.py
[2026-03-11T15:10:37.197+0000] {logging_mixin.py:188} INFO - [2026-03-11T15:10:37.197+0000] {dag.py:3036} INFO - Sync 1 DAGs
[2026-03-11T15:10:37.233+0000] {logging_mixin.py:188} INFO - [2026-03-11T15:10:37.233+0000] {dag.py:3823} INFO - Setting next_dagrun for example_bash_operator to 2026-03-10 00:00:00+00:00, run_after=2026-03-11 00:00:00+00:00
[2026-03-11T15:10:37.267+0000] {processor.py:183} INFO - Processing /home/airflow/.local/lib/python3.8/site-packages/airflow/example_dags/example_bash_operator.py took 0.167 seconds
[2026-03-11T15:11:07.912+0000] {processor.py:161} INFO - Started process (PID=254) to work on /home/airflow/.local/lib/python3.8/site-packages/airflow/example_dags/example_bash_operator.py
[2026-03-11T15:11:07.918+0000] {processor.py:830} INFO - Processing file /home/airflow/.local/lib/python3.8/site-packages/airflow/example_dags/example_bash_operator.py for tasks to queue
[2026-03-11T15:11:07.920+0000] {logging_mixin.py:188} INFO - [2026-03-11T15:11:07.919+0000] {dagbag.py:538} INFO - Filling up the DagBag from /home/airflow/.local/lib/python3.8/site-packages/airflow/example_dags/example_bash_operator.py
[2026-03-11T15:11:07.936+0000] {processor.py:840} INFO - DAG(s) 'example_bash_operator' retrieved from /home/airflow/.local/lib/python3.8/site-packages/airflow/example_dags/example_bash_operator.py
[2026-03-11T15:11:07.976+0000] {logging_mixin.py:188} INFO - [2026-03-11T15:11:07.976+0000] {dag.py:3036} INFO - Sync 1 DAGs
[2026-03-11T15:11:08.009+0000] {logging_mixin.py:188} INFO - [2026-03-11T15:11:08.008+0000] {dag.py:3823} INFO - Setting next_dagrun for example_bash_operator to 2026-03-10 00:00:00+00:00, run_after=2026-03-11 00:00:00+00:00
[2026-03-11T15:11:08.040+0000] {processor.py:183} INFO - Processing /home/airflow/.local/lib/python3.8/site-packages/airflow/example_dags/example_bash_operator.py took 0.133 seconds
[2026-03-11T15:11:38.194+0000] {processor.py:161} INFO - Started process (PID=310) to work on /home/airflow/.local/lib/python3.8/site-packages/airflow/example_dags/example_bash_operator.py
[2026-03-11T15:11:38.195+0000] {processor.py:830} INFO - Processing file /home/airflow/.local/lib/python3.8/site-packages/airflow/example_dags/example_bash_operator.py for tasks to queue
[2026-03-11T15:11:38.197+0000] {logging_mixin.py:188} INFO - [2026-03-11T15:11:38.197+0000] {dagbag.py:538} INFO - Filling up the DagBag from /home/airflow/.local/lib/python3.8/site-packages/airflow/example_dags/example_bash_operator.py
[2026-03-11T15:11:38.213+0000] {processor.py:840} INFO - DAG(s) 'example_bash_operator' retrieved from /home/airflow/.local/lib/python3.8/site-packages/airflow/example_dags/example_bash_operator.py
[2026-03-11T15:11:38.252+0000] {logging_mixin.py:188} INFO - [2026-03-11T15:11:38.252+0000] {dag.py:3036} INFO - Sync 1 DAGs
[2026-03-11T15:11:38.282+0000] {logging_mixin.py:188} INFO - [2026-03-11T15:11:38.282+0000] {dag.py:3823} INFO - Setting next_dagrun for example_bash_operator to 2026-03-10 00:00:00+00:00, run_after=2026-03-11 00:00:00+00:00
[2026-03-11T15:11:38.306+0000] {processor.py:183} INFO - Processing /home/airflow/.local/lib/python3.8/site-packages/airflow/example_dags/example_bash_operator.py took 0.118 seconds
[2026-03-11T15:12:08.778+0000] {processor.py:161} INFO - Started process (PID=366) to work on /home/airflow/.local/lib/python3.8/site-packages/airflow/example_dags/example_bash_operator.py
[2026-03-11T15:12:08.780+0000] {processor.py:830} INFO - Processing file /home/airflow/.local/lib/python3.8/site-packages/airflow/example_dags/example_bash_operator.py for tasks to queue
[2026-03-11T15:12:08.786+0000] {logging_mixin.py:188} INFO - [2026-03-11T15:12:08.785+0000] {dagbag.py:538} INFO - Filling up the DagBag from /home/airflow/.local/lib/python3.8/site-packages/airflow/example_dags/example_bash_operator.py
[2026-03-11T15:12:08.829+0000] {processor.py:840} INFO - DAG(s) 'example_bash_operator' retrieved from /home/airflow/.local/lib/python3.8/site-packages/airflow/example_dags/example_bash_operator.py
[2026-03-11T15:12:08.930+0000] {logging_mixin.py:188} INFO - [2026-03-11T15:12:08.929+0000] {dag.py:3036} INFO - Sync 1 DAGs
[2026-03-11T15:12:09.071+0000] {logging_mixin.py:188} INFO - [2026-03-11T15:12:09.070+0000] {dag.py:3823} INFO - Setting next_dagrun for example_bash_operator to 2026-03-10 00:00:00+00:00, run_after=2026-03-11 00:00:00+00:00
[2026-03-11T15:12:09.144+0000] {processor.py:183} INFO - Processing /home/airflow/.local/lib/python3.8/site-packages/airflow/example_dags/example_bash_operator.py took 0.374 seconds
[2026-03-11T15:12:39.232+0000] {processor.py:161} INFO - Started process (PID=422) to work on /home/airflow/.local/lib/python3.8/site-packages/airflow/example_dags/example_bash_operator.py
[2026-03-11T15:12:39.234+0000] {processor.py:830} INFO - Processing file /home/airflow/.local/lib/python3.8/site-packages/airflow/example_dags/example_bash_operator.py for tasks to queue
[2026-03-11T15:12:39.239+0000] {logging_mixin.py:188} INFO - [2026-03-11T15:12:39.238+0000] {dagbag.py:538} INFO - Filling up the DagBag from /home/airflow/.local/lib/python3.8/site-packages/airflow/example_dags/example_bash_operator.py
[2026-03-11T15:12:39.264+0000] {processor.py:840} INFO - DAG(s) 'example_bash_operator' retrieved from /home/airflow/.local/lib/python3.8/site-packages/airflow/example_dags/example_bash_operator.py
[2026-03-11T15:12:39.338+0000] {logging_mixin.py:188} INFO - [2026-03-11T15:12:39.338+0000] {dag.py:3036} INFO - Sync 1 DAGs
[2026-03-11T15:12:39.381+0000] {logging_mixin.py:188} INFO - [2026-03-11T15:12:39.381+0000] {dag.py:3823} INFO - Setting next_dagrun for example_bash_operator to 2026-03-10 00:00:00+00:00, run_after=2026-03-11 00:00:00+00:00
[2026-03-11T15:12:39.415+0000] {processor.py:183} INFO - Processing /home/airflow/.local/lib/python3.8/site-packages/airflow/example_dags/example_bash_operator.py took 0.189 seconds
[2026-03-11T15:13:09.723+0000] {processor.py:161} INFO - Started process (PID=478) to work on /home/airflow/.local/lib/python3.8/site-packages/airflow/example_dags/example_bash_operator.py
[2026-03-11T15:13:09.724+0000] {processor.py:830} INFO - Processing file /home/airflow/.local/lib/python3.8/site-packages/airflow/example_dags/example_bash_operator.py for tasks to queue
[2026-03-11T15:13:09.727+0000] {logging_mixin.py:188} INFO - [2026-03-11T15:13:09.726+0000] {dagbag.py:538} INFO - Filling up the DagBag from /home/airflow/.local/lib/python3.8/site-packages/airflow/example_dags/example_bash_operator.py
[2026-03-11T15:13:09.743+0000] {processor.py:840} INFO - DAG(s) 'example_bash_operator' retrieved from /home/airflow/.local/lib/python3.8/site-packages/airflow/example_dags/example_bash_operator.py
[2026-03-11T15:13:09.786+0000] {logging_mixin.py:188} INFO - [2026-03-11T15:13:09.785+0000] {dag.py:3036} INFO - Sync 1 DAGs
[2026-03-11T15:13:09.820+0000] {logging_mixin.py:188} INFO - [2026-03-11T15:13:09.820+0000] {dag.py:3823} INFO - Setting next_dagrun for example_bash_operator to 2026-03-10 00:00:00+00:00, run_after=2026-03-11 00:00:00+00:00
[2026-03-11T15:13:09.846+0000] {processor.py:183} INFO - Processing /home/airflow/.local/lib/python3.8/site-packages/airflow/example_dags/example_bash_operator.py took 0.127 seconds
[2026-03-11T15:13:39.981+0000] {processor.py:161} INFO - Started process (PID=534) to work on /home/airflow/.local/lib/python3.8/site-packages/airflow/example_dags/example_bash_operator.py
[2026-03-11T15:13:39.983+0000] {processor.py:830} INFO - Processing file /home/airflow/.local/lib/python3.8/site-packages/airflow/example_dags/example_bash_operator.py for tasks to queue
[2026-03-11T15:13:39.986+0000] {logging_mixin.py:188} INFO - [2026-03-11T15:13:39.986+0000] {dagbag.py:538} INFO - Filling up the DagBag from /home/airflow/.local/lib/python3.8/site-packages/airflow/example_dags/example_bash_operator.py
[2026-03-11T15:13:40.008+0000] {processor.py:840} INFO - DAG(s) 'example_bash_operator' retrieved from /home/airflow/.local/lib/python3.8/site-packages/airflow/example_dags/example_bash_operator.py
[2026-03-11T15:13:40.057+0000] {logging_mixin.py:188} INFO - [2026-03-11T15:13:40.057+0000] {dag.py:3036} INFO - Sync 1 DAGs
[2026-03-11T15:13:40.087+0000] {logging_mixin.py:188} INFO - [2026-03-11T15:13:40.087+0000] {dag.py:3823} INFO - Setting next_dagrun for example_bash_operator to 2026-03-10 00:00:00+00:00, run_after=2026-03-11 00:00:00+00:00
[2026-03-11T15:13:40.112+0000] {processor.py:183} INFO - Processing /home/airflow/.local/lib/python3.8/site-packages/airflow/example_dags/example_bash_operator.py took 0.135 seconds
[2026-03-11T15:14:10.319+0000] {processor.py:161} INFO - Started process (PID=590) to work on /home/airflow/.local/lib/python3.8/site-packages/airflow/example_dags/example_bash_operator.py
[2026-03-11T15:14:10.322+0000] {processor.py:830} INFO - Processing file /home/airflow/.local/lib/python3.8/site-packages/airflow/example_dags/example_bash_operator.py for tasks to queue
[2026-03-11T15:14:10.326+0000] {logging_mixin.py:188} INFO - [2026-03-11T15:14:10.325+0000] {dagbag.py:538} INFO - Filling up the DagBag from /home/airflow/.local/lib/python3.8/site-packages/airflow/example_dags/example_bash_operator.py
[2026-03-11T15:14:10.359+0000] {processor.py:840} INFO - DAG(s) 'example_bash_operator' retrieved from /home/airflow/.local/lib/python3.8/site-packages/airflow/example_dags/example_bash_operator.py
[2026-03-11T15:14:10.440+0000] {logging_mixin.py:188} INFO - [2026-03-11T15:14:10.440+0000] {dag.py:3036} INFO - Sync 1 DAGs
[2026-03-11T15:14:10.490+0000] {logging_mixin.py:188} INFO - [2026-03-11T15:14:10.489+0000] {dag.py:3823} INFO - Setting next_dagrun for example_bash_operator to 2026-03-10 00:00:00+00:00, run_after=2026-03-11 00:00:00+00:00
[2026-03-11T15:14:10.556+0000] {processor.py:183} INFO - Processing /home/airflow/.local/lib/python3.8/site-packages/airflow/example_dags/example_bash_operator.py took 0.251 seconds
[2026-03-11T15:14:40.685+0000] {processor.py:161} INFO - Started process (PID=646) to work on /home/airflow/.local/lib/python3.8/site-packages/airflow/example_dags/example_bash_operator.py
[2026-03-11T15:14:40.687+0000] {processor.py:830} INFO - Processing file /home/airflow/.local/lib/python3.8/site-packages/airflow/example_dags/example_bash_operator.py for tasks to queue
[2026-03-11T15:14:40.692+0000] {logging_mixin.py:188} INFO - [2026-03-11T15:14:40.691+0000] {dagbag.py:538} INFO - Filling up the DagBag from /home/airflow/.local/lib/python3.8/site-packages/airflow/example_dags/example_bash_operator.py
[2026-03-11T15:14:40.725+0000] {processor.py:840} INFO - DAG(s) 'example_bash_operator' retrieved from /home/airflow/.local/lib/python3.8/site-packages/airflow/example_dags/example_bash_operator.py
[2026-03-11T15:14:40.837+0000] {logging_mixin.py:188} INFO - [2026-03-11T15:14:40.834+0000] {dag.py:3036} INFO - Sync 1 DAGs
[2026-03-11T15:14:40.941+0000] {logging_mixin.py:188} INFO - [2026-03-11T15:14:40.940+0000] {dag.py:3823} INFO - Setting next_dagrun for example_bash_operator to 2026-03-10 00:00:00+00:00, run_after=2026-03-11 00:00:00+00:00
[2026-03-11T15:14:40.995+0000] {processor.py:183} INFO - Processing /home/airflow/.local/lib/python3.8/site-packages/airflow/example_dags/example_bash_operator.py took 0.315 seconds
[2026-03-11T15:15:11.078+0000] {processor.py:161} INFO - Started process (PID=702) to work on /home/airflow/.local/lib/python3.8/site-packages/airflow/example_dags/example_bash_operator.py
[2026-03-11T15:15:11.079+0000] {processor.py:830} INFO - Processing file /home/airflow/.local/lib/python3.8/site-packages/airflow/example_dags/example_bash_operator.py for tasks to queue
[2026-03-11T15:15:11.085+0000] {logging_mixin.py:188} INFO - [2026-03-11T15:15:11.084+0000] {dagbag.py:538} INFO - Filling up the DagBag from /home/airflow/.local/lib/python3.8/site-packages/airflow/example_dags/example_bash_operator.py
[2026-03-11T15:15:11.100+0000] {processor.py:840} INFO - DAG(s) 'example_bash_operator' retrieved from /home/airflow/.local/lib/python3.8/site-packages/airflow/example_dags/example_bash_operator.py
[2026-03-11T15:15:11.141+0000] {logging_mixin.py:188} INFO - [2026-03-11T15:15:11.141+0000] {dag.py:3036} INFO - Sync 1 DAGs
[2026-03-11T15:15:11.176+0000] {logging_mixin.py:188} INFO - [2026-03-11T15:15:11.176+0000] {dag.py:3823} INFO - Setting next_dagrun for example_bash_operator to 2026-03-10 00:00:00+00:00, run_after=2026-03-11 00:00:00+00:00
[2026-03-11T15:15:11.204+0000] {processor.py:183} INFO - Processing /home/airflow/.local/lib/python3.8/site-packages/airflow/example_dags/example_bash_operator.py took 0.130 seconds
[2026-03-11T15:15:41.578+0000] {processor.py:161} INFO - Started process (PID=758) to work on /home/airflow/.local/lib/python3.8/site-packages/airflow/example_dags/example_bash_operator.py
[2026-03-11T15:15:41.581+0000] {processor.py:830} INFO - Processing file /home/airflow/.local/lib/python3.8/site-packages/airflow/example_dags/example_bash_operator.py for tasks to queue
[2026-03-11T15:15:41.585+0000] {logging_mixin.py:188} INFO - [2026-03-11T15:15:41.584+0000] {dagbag.py:538} INFO - Filling up the DagBag from /home/airflow/.local/lib/python3.8/site-packages/airflow/example_dags/example_bash_operator.py
[2026-03-11T15:15:41.605+0000] {processor.py:840} INFO - DAG(s) 'example_bash_operator' retrieved from /home/airflow/.local/lib/python3.8/site-packages/airflow/example_dags/example_bash_operator.py
[2026-03-11T15:15:41.650+0000] {logging_mixin.py:188} INFO - [2026-03-11T15:15:41.649+0000] {dag.py:3036} INFO - Sync 1 DAGs
[2026-03-11T15:15:41.681+0000] {logging_mixin.py:188} INFO - [2026-03-11T15:15:41.681+0000] {dag.py:3823} INFO - Setting next_dagrun for example_bash_operator to 2026-03-10 00:00:00+00:00, run_after=2026-03-11 00:00:00+00:00
[2026-03-11T15:15:41.717+0000] {processor.py:183} INFO - Processing /home/airflow/.local/lib/python3.8/site-packages/airflow/example_dags/example_bash_operator.py took 0.145 seconds
[2026-03-11T15:16:11.889+0000] {processor.py:161} INFO - Started process (PID=814) to work on /home/airflow/.local/lib/python3.8/site-packages/airflow/example_dags/example_bash_operator.py
[2026-03-11T15:16:11.891+0000] {processor.py:830} INFO - Processing file /home/airflow/.local/lib/python3.8/site-packages/airflow/example_dags/example_bash_operator.py for tasks to queue
[2026-03-11T15:16:11.896+0000] {logging_mixin.py:188} INFO - [2026-03-11T15:16:11.896+0000] {dagbag.py:538} INFO - Filling up the DagBag from /home/airflow/.local/lib/python3.8/site-packages/airflow/example_dags/example_bash_operator.py
[2026-03-11T15:16:11.913+0000] {processor.py:840} INFO - DAG(s) 'example_bash_operator' retrieved from /home/airflow/.local/lib/python3.8/site-packages/airflow/example_dags/example_bash_operator.py
[2026-03-11T15:16:11.976+0000] {logging_mixin.py:188} INFO - [2026-03-11T15:16:11.975+0000] {dag.py:3036} INFO - Sync 1 DAGs
[2026-03-11T15:16:12.035+0000] {logging_mixin.py:188} INFO - [2026-03-11T15:16:12.034+0000] {dag.py:3823} INFO - Setting next_dagrun for example_bash_operator to 2026-03-10 00:00:00+00:00, run_after=2026-03-11 00:00:00+00:00
[2026-03-11T15:16:12.127+0000] {processor.py:183} INFO - Processing /home/airflow/.local/lib/python3.8/site-packages/airflow/example_dags/example_bash_operator.py took 0.244 seconds
[2026-03-11T15:16:42.731+0000] {processor.py:161} INFO - Started process (PID=870) to work on /home/airflow/.local/lib/python3.8/site-packages/airflow/example_dags/example_bash_operator.py
[2026-03-11T15:16:42.733+0000] {processor.py:830} INFO - Processing file /home/airflow/.local/lib/python3.8/site-packages/airflow/example_dags/example_bash_operator.py for tasks to queue
[2026-03-11T15:16:42.735+0000] {logging_mixin.py:188} INFO - [2026-03-11T15:16:42.735+0000] {dagbag.py:538} INFO - Filling up the DagBag from /home/airflow/.local/lib/python3.8/site-packages/airflow/example_dags/example_bash_operator.py
[2026-03-11T15:16:42.752+0000] {processor.py:840} INFO - DAG(s) 'example_bash_operator' retrieved from /home/airflow/.local/lib/python3.8/site-packages/airflow/example_dags/example_bash_operator.py
[2026-03-11T15:16:42.806+0000] {logging_mixin.py:188} INFO - [2026-03-11T15:16:42.805+0000] {dag.py:3036} INFO - Sync 1 DAGs
[2026-03-11T15:16:42.843+0000] {logging_mixin.py:188} INFO - [2026-03-11T15:16:42.843+0000] {dag.py:3823} INFO - Setting next_dagrun for example_bash_operator to 2026-03-10 00:00:00+00:00, run_after=2026-03-11 00:00:00+00:00
[2026-03-11T15:16:42.872+0000] {processor.py:183} INFO - Processing /home/airflow/.local/lib/python3.8/site-packages/airflow/example_dags/example_bash_operator.py took 0.146 seconds
[2026-03-11T15:17:13.398+0000] {processor.py:161} INFO - Started process (PID=926) to work on /home/airflow/.local/lib/python3.8/site-packages/airflow/example_dags/example_bash_operator.py
[2026-03-11T15:17:13.399+0000] {processor.py:830} INFO - Processing file /home/airflow/.local/lib/python3.8/site-packages/airflow/example_dags/example_bash_operator.py for tasks to queue
[2026-03-11T15:17:13.404+0000] {logging_mixin.py:188} INFO - [2026-03-11T15:17:13.404+0000] {dagbag.py:538} INFO - Filling up the DagBag from /home/airflow/.local/lib/python3.8/site-packages/airflow/example_dags/example_bash_operator.py
[2026-03-11T15:17:13.424+0000] {processor.py:840} INFO - DAG(s) 'example_bash_operator' retrieved from /home/airflow/.local/lib/python3.8/site-packages/airflow/example_dags/example_bash_operator.py
[2026-03-11T15:17:13.465+0000] {logging_mixin.py:188} INFO - [2026-03-11T15:17:13.465+0000] {dag.py:3036} INFO - Sync 1 DAGs
[2026-03-11T15:17:13.498+0000] {logging_mixin.py:188} INFO - [2026-03-11T15:17:13.497+0000] {dag.py:3823} INFO - Setting next_dagrun for example_bash_operator to 2026-03-10 00:00:00+00:00, run_after=2026-03-11 00:00:00+00:00
[2026-03-11T15:17:13.527+0000] {processor.py:183} INFO - Processing /home/airflow/.local/lib/python3.8/site-packages/airflow/example_dags/example_bash_operator.py took 0.134 seconds
[2026-03-11T15:17:43.630+0000] {processor.py:161} INFO - Started process (PID=982) to work on /home/airflow/.local/lib/python3.8/site-packages/airflow/example_dags/example_bash_operator.py
[2026-03-11T15:17:43.633+0000] {processor.py:830} INFO - Processing file /home/airflow/.local/lib/python3.8/site-packages/airflow/example_dags/example_bash_operator.py for tasks to queue
[2026-03-11T15:17:43.636+0000] {logging_mixin.py:188} INFO - [2026-03-11T15:17:43.635+0000] {dagbag.py:538} INFO - Filling up the DagBag from /home/airflow/.local/lib/python3.8/site-packages/airflow/example_dags/example_bash_operator.py
[2026-03-11T15:17:43.652+0000] {processor.py:840} INFO - DAG(s) 'example_bash_operator' retrieved from /home/airflow/.local/lib/python3.8/site-packages/airflow/example_dags/example_bash_operator.py
[2026-03-11T15:17:43.690+0000] {logging_mixin.py:188} INFO - [2026-03-11T15:17:43.690+0000] {dag.py:3036} INFO - Sync 1 DAGs
[2026-03-11T15:17:43.718+0000] {logging_mixin.py:188} INFO - [2026-03-11T15:17:43.717+0000] {dag.py:3823} INFO - Setting next_dagrun for example_bash_operator to 2026-03-10 00:00:00+00:00, run_after=2026-03-11 00:00:00+00:00
[2026-03-11T15:17:43.738+0000] {processor.py:183} INFO - Processing /home/airflow/.local/lib/python3.8/site-packages/airflow/example_dags/example_bash_operator.py took 0.113 seconds
[2026-03-11T15:18:13.809+0000] {processor.py:161} INFO - Started process (PID=1038) to work on /home/airflow/.local/lib/python3.8/site-packages/airflow/example_dags/example_bash_operator.py
[2026-03-11T15:18:13.812+0000] {processor.py:830} INFO - Processing file /home/airflow/.local/lib/python3.8/site-packages/airflow/example_dags/example_bash_operator.py for tasks to queue
[2026-03-11T15:18:13.815+0000] {logging_mixin.py:188} INFO - [2026-03-11T15:18:13.814+0000] {dagbag.py:538} INFO - Filling up the DagBag from /home/airflow/.local/lib/python3.8/site-packages/airflow/example_dags/example_bash_operator.py
[2026-03-11T15:18:13.832+0000] {processor.py:840} INFO - DAG(s) 'example_bash_operator' retrieved from /home/airflow/.local/lib/python3.8/site-packages/airflow/example_dags/example_bash_operator.py
[2026-03-11T15:18:13.874+0000] {logging_mixin.py:188} INFO - [2026-03-11T15:18:13.873+0000] {dag.py:3036} INFO - Sync 1 DAGs
[2026-03-11T15:18:13.915+0000] {logging_mixin.py:188} INFO - [2026-03-11T15:18:13.914+0000] {dag.py:3823} INFO - Setting next_dagrun for example_bash_operator to 2026-03-10 00:00:00+00:00, run_after=2026-03-11 00:00:00+00:00
[2026-03-11T15:18:13.943+0000] {processor.py:183} INFO - Processing /home/airflow/.local/lib/python3.8/site-packages/airflow/example_dags/example_bash_operator.py took 0.140 seconds
