[2026-03-11T15:09:32.547+0000] {processor.py:161} INFO - Started process (PID=78) to work on /home/airflow/.local/lib/python3.8/site-packages/airflow/example_dags/example_nested_branch_dag.py
[2026-03-11T15:09:32.549+0000] {processor.py:830} INFO - Processing file /home/airflow/.local/lib/python3.8/site-packages/airflow/example_dags/example_nested_branch_dag.py for tasks to queue
[2026-03-11T15:09:32.554+0000] {logging_mixin.py:188} INFO - [2026-03-11T15:09:32.553+0000] {dagbag.py:538} INFO - Filling up the DagBag from /home/airflow/.local/lib/python3.8/site-packages/airflow/example_dags/example_nested_branch_dag.py
[2026-03-11T15:09:32.596+0000] {processor.py:840} INFO - DAG(s) 'example_nested_branch_dag' retrieved from /home/airflow/.local/lib/python3.8/site-packages/airflow/example_dags/example_nested_branch_dag.py
[2026-03-11T15:09:32.643+0000] {logging_mixin.py:188} INFO - [2026-03-11T15:09:32.643+0000] {dag.py:3036} INFO - Sync 1 DAGs
[2026-03-11T15:09:32.711+0000] {logging_mixin.py:188} INFO - [2026-03-11T15:09:32.711+0000] {dag.py:3823} INFO - Setting next_dagrun for example_nested_branch_dag to 2026-03-10 00:00:00+00:00, run_after=2026-03-11 00:00:00+00:00
[2026-03-11T15:09:32.760+0000] {processor.py:183} INFO - Processing /home/airflow/.local/lib/python3.8/site-packages/airflow/example_dags/example_nested_branch_dag.py took 0.224 seconds
[2026-03-11T15:10:03.889+0000] {processor.py:161} INFO - Started process (PID=134) to work on /home/airflow/.local/lib/python3.8/site-packages/airflow/example_dags/example_nested_branch_dag.py
[2026-03-11T15:10:03.891+0000] {processor.py:830} INFO - Processing file /home/airflow/.local/lib/python3.8/site-packages/airflow/example_dags/example_nested_branch_dag.py for tasks to queue
[2026-03-11T15:10:03.897+0000] {logging_mixin.py:188} INFO - [2026-03-11T15:10:03.896+0000] {dagbag.py:538} INFO - Filling up the DagBag from /home/airflow/.local/lib/python3.8/site-packages/airflow/example_dags/example_nested_branch_dag.py
[2026-03-11T15:10:03.918+0000] {processor.py:840} INFO - DAG(s) 'example_nested_branch_dag' retrieved from /home/airflow/.local/lib/python3.8/site-packages/airflow/example_dags/example_nested_branch_dag.py
[2026-03-11T15:10:04.115+0000] {logging_mixin.py:188} INFO - [2026-03-11T15:10:04.115+0000] {dag.py:3036} INFO - Sync 1 DAGs
[2026-03-11T15:10:04.184+0000] {logging_mixin.py:188} INFO - [2026-03-11T15:10:04.184+0000] {dag.py:3823} INFO - Setting next_dagrun for example_nested_branch_dag to 2026-03-10 00:00:00+00:00, run_after=2026-03-11 00:00:00+00:00
[2026-03-11T15:10:04.240+0000] {processor.py:183} INFO - Processing /home/airflow/.local/lib/python3.8/site-packages/airflow/example_dags/example_nested_branch_dag.py took 0.356 seconds
[2026-03-11T15:10:34.674+0000] {processor.py:161} INFO - Started process (PID=190) to work on /home/airflow/.local/lib/python3.8/site-packages/airflow/example_dags/example_nested_branch_dag.py
[2026-03-11T15:10:34.675+0000] {processor.py:830} INFO - Processing file /home/airflow/.local/lib/python3.8/site-packages/airflow/example_dags/example_nested_branch_dag.py for tasks to queue
[2026-03-11T15:10:34.678+0000] {logging_mixin.py:188} INFO - [2026-03-11T15:10:34.678+0000] {dagbag.py:538} INFO - Filling up the DagBag from /home/airflow/.local/lib/python3.8/site-packages/airflow/example_dags/example_nested_branch_dag.py
[2026-03-11T15:10:34.690+0000] {processor.py:840} INFO - DAG(s) 'example_nested_branch_dag' retrieved from /home/airflow/.local/lib/python3.8/site-packages/airflow/example_dags/example_nested_branch_dag.py
[2026-03-11T15:10:34.721+0000] {logging_mixin.py:188} INFO - [2026-03-11T15:10:34.721+0000] {dag.py:3036} INFO - Sync 1 DAGs
[2026-03-11T15:10:34.752+0000] {logging_mixin.py:188} INFO - [2026-03-11T15:10:34.752+0000] {dag.py:3823} INFO - Setting next_dagrun for example_nested_branch_dag to 2026-03-10 00:00:00+00:00, run_after=2026-03-11 00:00:00+00:00
[2026-03-11T15:10:34.775+0000] {processor.py:183} INFO - Processing /home/airflow/.local/lib/python3.8/site-packages/airflow/example_dags/example_nested_branch_dag.py took 0.105 seconds
[2026-03-11T15:11:05.517+0000] {processor.py:161} INFO - Started process (PID=246) to work on /home/airflow/.local/lib/python3.8/site-packages/airflow/example_dags/example_nested_branch_dag.py
[2026-03-11T15:11:05.518+0000] {processor.py:830} INFO - Processing file /home/airflow/.local/lib/python3.8/site-packages/airflow/example_dags/example_nested_branch_dag.py for tasks to queue
[2026-03-11T15:11:05.520+0000] {logging_mixin.py:188} INFO - [2026-03-11T15:11:05.520+0000] {dagbag.py:538} INFO - Filling up the DagBag from /home/airflow/.local/lib/python3.8/site-packages/airflow/example_dags/example_nested_branch_dag.py
[2026-03-11T15:11:05.532+0000] {processor.py:840} INFO - DAG(s) 'example_nested_branch_dag' retrieved from /home/airflow/.local/lib/python3.8/site-packages/airflow/example_dags/example_nested_branch_dag.py
[2026-03-11T15:11:05.577+0000] {logging_mixin.py:188} INFO - [2026-03-11T15:11:05.577+0000] {dag.py:3036} INFO - Sync 1 DAGs
[2026-03-11T15:11:05.629+0000] {logging_mixin.py:188} INFO - [2026-03-11T15:11:05.629+0000] {dag.py:3823} INFO - Setting next_dagrun for example_nested_branch_dag to 2026-03-10 00:00:00+00:00, run_after=2026-03-11 00:00:00+00:00
[2026-03-11T15:11:05.651+0000] {processor.py:183} INFO - Processing /home/airflow/.local/lib/python3.8/site-packages/airflow/example_dags/example_nested_branch_dag.py took 0.138 seconds
[2026-03-11T15:11:36.635+0000] {processor.py:161} INFO - Started process (PID=302) to work on /home/airflow/.local/lib/python3.8/site-packages/airflow/example_dags/example_nested_branch_dag.py
[2026-03-11T15:11:36.637+0000] {processor.py:830} INFO - Processing file /home/airflow/.local/lib/python3.8/site-packages/airflow/example_dags/example_nested_branch_dag.py for tasks to queue
[2026-03-11T15:11:36.640+0000] {logging_mixin.py:188} INFO - [2026-03-11T15:11:36.639+0000] {dagbag.py:538} INFO - Filling up the DagBag from /home/airflow/.local/lib/python3.8/site-packages/airflow/example_dags/example_nested_branch_dag.py
[2026-03-11T15:11:36.656+0000] {processor.py:840} INFO - DAG(s) 'example_nested_branch_dag' retrieved from /home/airflow/.local/lib/python3.8/site-packages/airflow/example_dags/example_nested_branch_dag.py
[2026-03-11T15:11:36.697+0000] {logging_mixin.py:188} INFO - [2026-03-11T15:11:36.697+0000] {dag.py:3036} INFO - Sync 1 DAGs
[2026-03-11T15:11:36.740+0000] {logging_mixin.py:188} INFO - [2026-03-11T15:11:36.739+0000] {dag.py:3823} INFO - Setting next_dagrun for example_nested_branch_dag to 2026-03-10 00:00:00+00:00, run_after=2026-03-11 00:00:00+00:00
[2026-03-11T15:11:36.779+0000] {processor.py:183} INFO - Processing /home/airflow/.local/lib/python3.8/site-packages/airflow/example_dags/example_nested_branch_dag.py took 0.150 seconds
[2026-03-11T15:12:06.926+0000] {processor.py:161} INFO - Started process (PID=358) to work on /home/airflow/.local/lib/python3.8/site-packages/airflow/example_dags/example_nested_branch_dag.py
[2026-03-11T15:12:06.945+0000] {processor.py:830} INFO - Processing file /home/airflow/.local/lib/python3.8/site-packages/airflow/example_dags/example_nested_branch_dag.py for tasks to queue
[2026-03-11T15:12:06.966+0000] {logging_mixin.py:188} INFO - [2026-03-11T15:12:06.966+0000] {dagbag.py:538} INFO - Filling up the DagBag from /home/airflow/.local/lib/python3.8/site-packages/airflow/example_dags/example_nested_branch_dag.py
[2026-03-11T15:12:07.007+0000] {processor.py:840} INFO - DAG(s) 'example_nested_branch_dag' retrieved from /home/airflow/.local/lib/python3.8/site-packages/airflow/example_dags/example_nested_branch_dag.py
[2026-03-11T15:12:07.047+0000] {logging_mixin.py:188} INFO - [2026-03-11T15:12:07.046+0000] {dag.py:3036} INFO - Sync 1 DAGs
[2026-03-11T15:12:07.084+0000] {logging_mixin.py:188} INFO - [2026-03-11T15:12:07.083+0000] {dag.py:3823} INFO - Setting next_dagrun for example_nested_branch_dag to 2026-03-10 00:00:00+00:00, run_after=2026-03-11 00:00:00+00:00
[2026-03-11T15:12:07.117+0000] {processor.py:183} INFO - Processing /home/airflow/.local/lib/python3.8/site-packages/airflow/example_dags/example_nested_branch_dag.py took 0.197 seconds
[2026-03-11T15:12:37.428+0000] {processor.py:161} INFO - Started process (PID=414) to work on /home/airflow/.local/lib/python3.8/site-packages/airflow/example_dags/example_nested_branch_dag.py
[2026-03-11T15:12:37.430+0000] {processor.py:830} INFO - Processing file /home/airflow/.local/lib/python3.8/site-packages/airflow/example_dags/example_nested_branch_dag.py for tasks to queue
[2026-03-11T15:12:37.434+0000] {logging_mixin.py:188} INFO - [2026-03-11T15:12:37.434+0000] {dagbag.py:538} INFO - Filling up the DagBag from /home/airflow/.local/lib/python3.8/site-packages/airflow/example_dags/example_nested_branch_dag.py
[2026-03-11T15:12:37.468+0000] {processor.py:840} INFO - DAG(s) 'example_nested_branch_dag' retrieved from /home/airflow/.local/lib/python3.8/site-packages/airflow/example_dags/example_nested_branch_dag.py
[2026-03-11T15:12:37.518+0000] {logging_mixin.py:188} INFO - [2026-03-11T15:12:37.518+0000] {dag.py:3036} INFO - Sync 1 DAGs
[2026-03-11T15:12:37.568+0000] {logging_mixin.py:188} INFO - [2026-03-11T15:12:37.568+0000] {dag.py:3823} INFO - Setting next_dagrun for example_nested_branch_dag to 2026-03-10 00:00:00+00:00, run_after=2026-03-11 00:00:00+00:00
[2026-03-11T15:12:37.614+0000] {processor.py:183} INFO - Processing /home/airflow/.local/lib/python3.8/site-packages/airflow/example_dags/example_nested_branch_dag.py took 0.196 seconds
[2026-03-11T15:13:08.246+0000] {processor.py:161} INFO - Started process (PID=470) to work on /home/airflow/.local/lib/python3.8/site-packages/airflow/example_dags/example_nested_branch_dag.py
[2026-03-11T15:13:08.247+0000] {processor.py:830} INFO - Processing file /home/airflow/.local/lib/python3.8/site-packages/airflow/example_dags/example_nested_branch_dag.py for tasks to queue
[2026-03-11T15:13:08.249+0000] {logging_mixin.py:188} INFO - [2026-03-11T15:13:08.249+0000] {dagbag.py:538} INFO - Filling up the DagBag from /home/airflow/.local/lib/python3.8/site-packages/airflow/example_dags/example_nested_branch_dag.py
[2026-03-11T15:13:08.261+0000] {processor.py:840} INFO - DAG(s) 'example_nested_branch_dag' retrieved from /home/airflow/.local/lib/python3.8/site-packages/airflow/example_dags/example_nested_branch_dag.py
[2026-03-11T15:13:08.285+0000] {logging_mixin.py:188} INFO - [2026-03-11T15:13:08.284+0000] {dag.py:3036} INFO - Sync 1 DAGs
[2026-03-11T15:13:08.310+0000] {logging_mixin.py:188} INFO - [2026-03-11T15:13:08.310+0000] {dag.py:3823} INFO - Setting next_dagrun for example_nested_branch_dag to 2026-03-10 00:00:00+00:00, run_after=2026-03-11 00:00:00+00:00
[2026-03-11T15:13:08.333+0000] {processor.py:183} INFO - Processing /home/airflow/.local/lib/python3.8/site-packages/airflow/example_dags/example_nested_branch_dag.py took 0.092 seconds
[2026-03-11T15:13:38.548+0000] {processor.py:161} INFO - Started process (PID=526) to work on /home/airflow/.local/lib/python3.8/site-packages/airflow/example_dags/example_nested_branch_dag.py
[2026-03-11T15:13:38.549+0000] {processor.py:830} INFO - Processing file /home/airflow/.local/lib/python3.8/site-packages/airflow/example_dags/example_nested_branch_dag.py for tasks to queue
[2026-03-11T15:13:38.553+0000] {logging_mixin.py:188} INFO - [2026-03-11T15:13:38.552+0000] {dagbag.py:538} INFO - Filling up the DagBag from /home/airflow/.local/lib/python3.8/site-packages/airflow/example_dags/example_nested_branch_dag.py
[2026-03-11T15:13:38.569+0000] {processor.py:840} INFO - DAG(s) 'example_nested_branch_dag' retrieved from /home/airflow/.local/lib/python3.8/site-packages/airflow/example_dags/example_nested_branch_dag.py
[2026-03-11T15:13:38.601+0000] {logging_mixin.py:188} INFO - [2026-03-11T15:13:38.601+0000] {dag.py:3036} INFO - Sync 1 DAGs
[2026-03-11T15:13:38.636+0000] {logging_mixin.py:188} INFO - [2026-03-11T15:13:38.636+0000] {dag.py:3823} INFO - Setting next_dagrun for example_nested_branch_dag to 2026-03-10 00:00:00+00:00, run_after=2026-03-11 00:00:00+00:00
[2026-03-11T15:13:38.666+0000] {processor.py:183} INFO - Processing /home/airflow/.local/lib/python3.8/site-packages/airflow/example_dags/example_nested_branch_dag.py took 0.123 seconds
[2026-03-11T15:14:08.789+0000] {processor.py:161} INFO - Started process (PID=582) to work on /home/airflow/.local/lib/python3.8/site-packages/airflow/example_dags/example_nested_branch_dag.py
[2026-03-11T15:14:08.791+0000] {processor.py:830} INFO - Processing file /home/airflow/.local/lib/python3.8/site-packages/airflow/example_dags/example_nested_branch_dag.py for tasks to queue
[2026-03-11T15:14:08.794+0000] {logging_mixin.py:188} INFO - [2026-03-11T15:14:08.793+0000] {dagbag.py:538} INFO - Filling up the DagBag from /home/airflow/.local/lib/python3.8/site-packages/airflow/example_dags/example_nested_branch_dag.py
[2026-03-11T15:14:08.811+0000] {processor.py:840} INFO - DAG(s) 'example_nested_branch_dag' retrieved from /home/airflow/.local/lib/python3.8/site-packages/airflow/example_dags/example_nested_branch_dag.py
[2026-03-11T15:14:08.843+0000] {logging_mixin.py:188} INFO - [2026-03-11T15:14:08.843+0000] {dag.py:3036} INFO - Sync 1 DAGs
[2026-03-11T15:14:08.876+0000] {logging_mixin.py:188} INFO - [2026-03-11T15:14:08.876+0000] {dag.py:3823} INFO - Setting next_dagrun for example_nested_branch_dag to 2026-03-10 00:00:00+00:00, run_after=2026-03-11 00:00:00+00:00
[2026-03-11T15:14:08.902+0000] {processor.py:183} INFO - Processing /home/airflow/.local/lib/python3.8/site-packages/airflow/example_dags/example_nested_branch_dag.py took 0.118 seconds
[2026-03-11T15:14:39.148+0000] {processor.py:161} INFO - Started process (PID=638) to work on /home/airflow/.local/lib/python3.8/site-packages/airflow/example_dags/example_nested_branch_dag.py
[2026-03-11T15:14:39.150+0000] {processor.py:830} INFO - Processing file /home/airflow/.local/lib/python3.8/site-packages/airflow/example_dags/example_nested_branch_dag.py for tasks to queue
[2026-03-11T15:14:39.154+0000] {logging_mixin.py:188} INFO - [2026-03-11T15:14:39.153+0000] {dagbag.py:538} INFO - Filling up the DagBag from /home/airflow/.local/lib/python3.8/site-packages/airflow/example_dags/example_nested_branch_dag.py
[2026-03-11T15:14:39.170+0000] {processor.py:840} INFO - DAG(s) 'example_nested_branch_dag' retrieved from /home/airflow/.local/lib/python3.8/site-packages/airflow/example_dags/example_nested_branch_dag.py
[2026-03-11T15:14:39.206+0000] {logging_mixin.py:188} INFO - [2026-03-11T15:14:39.205+0000] {dag.py:3036} INFO - Sync 1 DAGs
[2026-03-11T15:14:39.240+0000] {logging_mixin.py:188} INFO - [2026-03-11T15:14:39.240+0000] {dag.py:3823} INFO - Setting next_dagrun for example_nested_branch_dag to 2026-03-10 00:00:00+00:00, run_after=2026-03-11 00:00:00+00:00
[2026-03-11T15:14:39.272+0000] {processor.py:183} INFO - Processing /home/airflow/.local/lib/python3.8/site-packages/airflow/example_dags/example_nested_branch_dag.py took 0.131 seconds
[2026-03-11T15:15:09.490+0000] {processor.py:161} INFO - Started process (PID=694) to work on /home/airflow/.local/lib/python3.8/site-packages/airflow/example_dags/example_nested_branch_dag.py
[2026-03-11T15:15:09.491+0000] {processor.py:830} INFO - Processing file /home/airflow/.local/lib/python3.8/site-packages/airflow/example_dags/example_nested_branch_dag.py for tasks to queue
[2026-03-11T15:15:09.494+0000] {logging_mixin.py:188} INFO - [2026-03-11T15:15:09.493+0000] {dagbag.py:538} INFO - Filling up the DagBag from /home/airflow/.local/lib/python3.8/site-packages/airflow/example_dags/example_nested_branch_dag.py
[2026-03-11T15:15:09.508+0000] {processor.py:840} INFO - DAG(s) 'example_nested_branch_dag' retrieved from /home/airflow/.local/lib/python3.8/site-packages/airflow/example_dags/example_nested_branch_dag.py
[2026-03-11T15:15:09.538+0000] {logging_mixin.py:188} INFO - [2026-03-11T15:15:09.538+0000] {dag.py:3036} INFO - Sync 1 DAGs
[2026-03-11T15:15:09.569+0000] {logging_mixin.py:188} INFO - [2026-03-11T15:15:09.569+0000] {dag.py:3823} INFO - Setting next_dagrun for example_nested_branch_dag to 2026-03-10 00:00:00+00:00, run_after=2026-03-11 00:00:00+00:00
[2026-03-11T15:15:09.599+0000] {processor.py:183} INFO - Processing /home/airflow/.local/lib/python3.8/site-packages/airflow/example_dags/example_nested_branch_dag.py took 0.114 seconds
[2026-03-11T15:15:40.030+0000] {processor.py:161} INFO - Started process (PID=750) to work on /home/airflow/.local/lib/python3.8/site-packages/airflow/example_dags/example_nested_branch_dag.py
[2026-03-11T15:15:40.031+0000] {processor.py:830} INFO - Processing file /home/airflow/.local/lib/python3.8/site-packages/airflow/example_dags/example_nested_branch_dag.py for tasks to queue
[2026-03-11T15:15:40.034+0000] {logging_mixin.py:188} INFO - [2026-03-11T15:15:40.033+0000] {dagbag.py:538} INFO - Filling up the DagBag from /home/airflow/.local/lib/python3.8/site-packages/airflow/example_dags/example_nested_branch_dag.py
[2026-03-11T15:15:40.048+0000] {processor.py:840} INFO - DAG(s) 'example_nested_branch_dag' retrieved from /home/airflow/.local/lib/python3.8/site-packages/airflow/example_dags/example_nested_branch_dag.py
[2026-03-11T15:15:40.082+0000] {logging_mixin.py:188} INFO - [2026-03-11T15:15:40.082+0000] {dag.py:3036} INFO - Sync 1 DAGs
[2026-03-11T15:15:40.117+0000] {logging_mixin.py:188} INFO - [2026-03-11T15:15:40.117+0000] {dag.py:3823} INFO - Setting next_dagrun for example_nested_branch_dag to 2026-03-10 00:00:00+00:00, run_after=2026-03-11 00:00:00+00:00
[2026-03-11T15:15:40.145+0000] {processor.py:183} INFO - Processing /home/airflow/.local/lib/python3.8/site-packages/airflow/example_dags/example_nested_branch_dag.py took 0.120 seconds
[2026-03-11T15:16:10.280+0000] {processor.py:161} INFO - Started process (PID=806) to work on /home/airflow/.local/lib/python3.8/site-packages/airflow/example_dags/example_nested_branch_dag.py
[2026-03-11T15:16:10.281+0000] {processor.py:830} INFO - Processing file /home/airflow/.local/lib/python3.8/site-packages/airflow/example_dags/example_nested_branch_dag.py for tasks to queue
[2026-03-11T15:16:10.284+0000] {logging_mixin.py:188} INFO - [2026-03-11T15:16:10.283+0000] {dagbag.py:538} INFO - Filling up the DagBag from /home/airflow/.local/lib/python3.8/site-packages/airflow/example_dags/example_nested_branch_dag.py
[2026-03-11T15:16:10.299+0000] {processor.py:840} INFO - DAG(s) 'example_nested_branch_dag' retrieved from /home/airflow/.local/lib/python3.8/site-packages/airflow/example_dags/example_nested_branch_dag.py
[2026-03-11T15:16:10.328+0000] {logging_mixin.py:188} INFO - [2026-03-11T15:16:10.328+0000] {dag.py:3036} INFO - Sync 1 DAGs
[2026-03-11T15:16:10.397+0000] {logging_mixin.py:188} INFO - [2026-03-11T15:16:10.396+0000] {dag.py:3823} INFO - Setting next_dagrun for example_nested_branch_dag to 2026-03-10 00:00:00+00:00, run_after=2026-03-11 00:00:00+00:00
[2026-03-11T15:16:10.421+0000] {processor.py:183} INFO - Processing /home/airflow/.local/lib/python3.8/site-packages/airflow/example_dags/example_nested_branch_dag.py took 0.146 seconds
[2026-03-11T15:16:41.019+0000] {processor.py:161} INFO - Started process (PID=862) to work on /home/airflow/.local/lib/python3.8/site-packages/airflow/example_dags/example_nested_branch_dag.py
[2026-03-11T15:16:41.021+0000] {processor.py:830} INFO - Processing file /home/airflow/.local/lib/python3.8/site-packages/airflow/example_dags/example_nested_branch_dag.py for tasks to queue
[2026-03-11T15:16:41.024+0000] {logging_mixin.py:188} INFO - [2026-03-11T15:16:41.023+0000] {dagbag.py:538} INFO - Filling up the DagBag from /home/airflow/.local/lib/python3.8/site-packages/airflow/example_dags/example_nested_branch_dag.py
[2026-03-11T15:16:41.041+0000] {processor.py:840} INFO - DAG(s) 'example_nested_branch_dag' retrieved from /home/airflow/.local/lib/python3.8/site-packages/airflow/example_dags/example_nested_branch_dag.py
[2026-03-11T15:16:41.092+0000] {logging_mixin.py:188} INFO - [2026-03-11T15:16:41.091+0000] {dag.py:3036} INFO - Sync 1 DAGs
[2026-03-11T15:16:41.146+0000] {logging_mixin.py:188} INFO - [2026-03-11T15:16:41.145+0000] {dag.py:3823} INFO - Setting next_dagrun for example_nested_branch_dag to 2026-03-10 00:00:00+00:00, run_after=2026-03-11 00:00:00+00:00
[2026-03-11T15:16:41.180+0000] {processor.py:183} INFO - Processing /home/airflow/.local/lib/python3.8/site-packages/airflow/example_dags/example_nested_branch_dag.py took 0.165 seconds
[2026-03-11T15:17:11.883+0000] {processor.py:161} INFO - Started process (PID=918) to work on /home/airflow/.local/lib/python3.8/site-packages/airflow/example_dags/example_nested_branch_dag.py
[2026-03-11T15:17:11.884+0000] {processor.py:830} INFO - Processing file /home/airflow/.local/lib/python3.8/site-packages/airflow/example_dags/example_nested_branch_dag.py for tasks to queue
[2026-03-11T15:17:11.887+0000] {logging_mixin.py:188} INFO - [2026-03-11T15:17:11.886+0000] {dagbag.py:538} INFO - Filling up the DagBag from /home/airflow/.local/lib/python3.8/site-packages/airflow/example_dags/example_nested_branch_dag.py
[2026-03-11T15:17:11.900+0000] {processor.py:840} INFO - DAG(s) 'example_nested_branch_dag' retrieved from /home/airflow/.local/lib/python3.8/site-packages/airflow/example_dags/example_nested_branch_dag.py
[2026-03-11T15:17:11.935+0000] {logging_mixin.py:188} INFO - [2026-03-11T15:17:11.935+0000] {dag.py:3036} INFO - Sync 1 DAGs
[2026-03-11T15:17:11.965+0000] {logging_mixin.py:188} INFO - [2026-03-11T15:17:11.965+0000] {dag.py:3823} INFO - Setting next_dagrun for example_nested_branch_dag to 2026-03-10 00:00:00+00:00, run_after=2026-03-11 00:00:00+00:00
[2026-03-11T15:17:11.991+0000] {processor.py:183} INFO - Processing /home/airflow/.local/lib/python3.8/site-packages/airflow/example_dags/example_nested_branch_dag.py took 0.113 seconds
[2026-03-11T15:17:43.032+0000] {processor.py:161} INFO - Started process (PID=974) to work on /home/airflow/.local/lib/python3.8/site-packages/airflow/example_dags/example_nested_branch_dag.py
[2026-03-11T15:17:43.033+0000] {processor.py:830} INFO - Processing file /home/airflow/.local/lib/python3.8/site-packages/airflow/example_dags/example_nested_branch_dag.py for tasks to queue
[2026-03-11T15:17:43.036+0000] {logging_mixin.py:188} INFO - [2026-03-11T15:17:43.035+0000] {dagbag.py:538} INFO - Filling up the DagBag from /home/airflow/.local/lib/python3.8/site-packages/airflow/example_dags/example_nested_branch_dag.py
[2026-03-11T15:17:43.052+0000] {processor.py:840} INFO - DAG(s) 'example_nested_branch_dag' retrieved from /home/airflow/.local/lib/python3.8/site-packages/airflow/example_dags/example_nested_branch_dag.py
[2026-03-11T15:17:43.086+0000] {logging_mixin.py:188} INFO - [2026-03-11T15:17:43.085+0000] {dag.py:3036} INFO - Sync 1 DAGs
[2026-03-11T15:17:43.118+0000] {logging_mixin.py:188} INFO - [2026-03-11T15:17:43.118+0000] {dag.py:3823} INFO - Setting next_dagrun for example_nested_branch_dag to 2026-03-10 00:00:00+00:00, run_after=2026-03-11 00:00:00+00:00
[2026-03-11T15:17:43.143+0000] {processor.py:183} INFO - Processing /home/airflow/.local/lib/python3.8/site-packages/airflow/example_dags/example_nested_branch_dag.py took 0.116 seconds
[2026-03-11T15:18:13.249+0000] {processor.py:161} INFO - Started process (PID=1030) to work on /home/airflow/.local/lib/python3.8/site-packages/airflow/example_dags/example_nested_branch_dag.py
[2026-03-11T15:18:13.250+0000] {processor.py:830} INFO - Processing file /home/airflow/.local/lib/python3.8/site-packages/airflow/example_dags/example_nested_branch_dag.py for tasks to queue
[2026-03-11T15:18:13.253+0000] {logging_mixin.py:188} INFO - [2026-03-11T15:18:13.252+0000] {dagbag.py:538} INFO - Filling up the DagBag from /home/airflow/.local/lib/python3.8/site-packages/airflow/example_dags/example_nested_branch_dag.py
[2026-03-11T15:18:13.268+0000] {processor.py:840} INFO - DAG(s) 'example_nested_branch_dag' retrieved from /home/airflow/.local/lib/python3.8/site-packages/airflow/example_dags/example_nested_branch_dag.py
[2026-03-11T15:18:13.298+0000] {logging_mixin.py:188} INFO - [2026-03-11T15:18:13.298+0000] {dag.py:3036} INFO - Sync 1 DAGs
[2026-03-11T15:18:13.332+0000] {logging_mixin.py:188} INFO - [2026-03-11T15:18:13.332+0000] {dag.py:3823} INFO - Setting next_dagrun for example_nested_branch_dag to 2026-03-10 00:00:00+00:00, run_after=2026-03-11 00:00:00+00:00
[2026-03-11T15:18:13.366+0000] {processor.py:183} INFO - Processing /home/airflow/.local/lib/python3.8/site-packages/airflow/example_dags/example_nested_branch_dag.py took 0.122 seconds
