[2026-03-11T15:09:34.112+0000] {processor.py:161} INFO - Started process (PID=88) to work on /home/airflow/.local/lib/python3.8/site-packages/airflow/example_dags/example_task_group_decorator.py
[2026-03-11T15:09:34.115+0000] {processor.py:830} INFO - Processing file /home/airflow/.local/lib/python3.8/site-packages/airflow/example_dags/example_task_group_decorator.py for tasks to queue
[2026-03-11T15:09:34.124+0000] {logging_mixin.py:188} INFO - [2026-03-11T15:09:34.123+0000] {dagbag.py:538} INFO - Filling up the DagBag from /home/airflow/.local/lib/python3.8/site-packages/airflow/example_dags/example_task_group_decorator.py
[2026-03-11T15:09:34.221+0000] {processor.py:840} INFO - DAG(s) 'example_task_group_decorator' retrieved from /home/airflow/.local/lib/python3.8/site-packages/airflow/example_dags/example_task_group_decorator.py
[2026-03-11T15:09:34.580+0000] {logging_mixin.py:188} INFO - [2026-03-11T15:09:34.579+0000] {dag.py:3036} INFO - Sync 1 DAGs
[2026-03-11T15:09:34.644+0000] {logging_mixin.py:188} INFO - [2026-03-11T15:09:34.644+0000] {dag.py:3823} INFO - Setting next_dagrun for example_task_group_decorator to 2026-03-10 00:00:00+00:00, run_after=2026-03-11 00:00:00+00:00
[2026-03-11T15:09:34.703+0000] {processor.py:183} INFO - Processing /home/airflow/.local/lib/python3.8/site-packages/airflow/example_dags/example_task_group_decorator.py took 0.605 seconds
[2026-03-11T15:10:06.374+0000] {processor.py:161} INFO - Started process (PID=144) to work on /home/airflow/.local/lib/python3.8/site-packages/airflow/example_dags/example_task_group_decorator.py
[2026-03-11T15:10:06.376+0000] {processor.py:830} INFO - Processing file /home/airflow/.local/lib/python3.8/site-packages/airflow/example_dags/example_task_group_decorator.py for tasks to queue
[2026-03-11T15:10:06.380+0000] {logging_mixin.py:188} INFO - [2026-03-11T15:10:06.380+0000] {dagbag.py:538} INFO - Filling up the DagBag from /home/airflow/.local/lib/python3.8/site-packages/airflow/example_dags/example_task_group_decorator.py
[2026-03-11T15:10:06.404+0000] {processor.py:840} INFO - DAG(s) 'example_task_group_decorator' retrieved from /home/airflow/.local/lib/python3.8/site-packages/airflow/example_dags/example_task_group_decorator.py
[2026-03-11T15:10:06.442+0000] {logging_mixin.py:188} INFO - [2026-03-11T15:10:06.442+0000] {dag.py:3036} INFO - Sync 1 DAGs
[2026-03-11T15:10:06.467+0000] {logging_mixin.py:188} INFO - [2026-03-11T15:10:06.467+0000] {dag.py:3823} INFO - Setting next_dagrun for example_task_group_decorator to 2026-03-10 00:00:00+00:00, run_after=2026-03-11 00:00:00+00:00
[2026-03-11T15:10:06.491+0000] {processor.py:183} INFO - Processing /home/airflow/.local/lib/python3.8/site-packages/airflow/example_dags/example_task_group_decorator.py took 0.124 seconds
[2026-03-11T15:10:37.304+0000] {processor.py:161} INFO - Started process (PID=200) to work on /home/airflow/.local/lib/python3.8/site-packages/airflow/example_dags/example_task_group_decorator.py
[2026-03-11T15:10:37.306+0000] {processor.py:830} INFO - Processing file /home/airflow/.local/lib/python3.8/site-packages/airflow/example_dags/example_task_group_decorator.py for tasks to queue
[2026-03-11T15:10:37.312+0000] {logging_mixin.py:188} INFO - [2026-03-11T15:10:37.311+0000] {dagbag.py:538} INFO - Filling up the DagBag from /home/airflow/.local/lib/python3.8/site-packages/airflow/example_dags/example_task_group_decorator.py
[2026-03-11T15:10:37.335+0000] {processor.py:840} INFO - DAG(s) 'example_task_group_decorator' retrieved from /home/airflow/.local/lib/python3.8/site-packages/airflow/example_dags/example_task_group_decorator.py
[2026-03-11T15:10:37.379+0000] {logging_mixin.py:188} INFO - [2026-03-11T15:10:37.378+0000] {dag.py:3036} INFO - Sync 1 DAGs
[2026-03-11T15:10:37.421+0000] {logging_mixin.py:188} INFO - [2026-03-11T15:10:37.421+0000] {dag.py:3823} INFO - Setting next_dagrun for example_task_group_decorator to 2026-03-10 00:00:00+00:00, run_after=2026-03-11 00:00:00+00:00
[2026-03-11T15:10:37.454+0000] {processor.py:183} INFO - Processing /home/airflow/.local/lib/python3.8/site-packages/airflow/example_dags/example_task_group_decorator.py took 0.155 seconds
[2026-03-11T15:11:08.073+0000] {processor.py:161} INFO - Started process (PID=256) to work on /home/airflow/.local/lib/python3.8/site-packages/airflow/example_dags/example_task_group_decorator.py
[2026-03-11T15:11:08.075+0000] {processor.py:830} INFO - Processing file /home/airflow/.local/lib/python3.8/site-packages/airflow/example_dags/example_task_group_decorator.py for tasks to queue
[2026-03-11T15:11:08.079+0000] {logging_mixin.py:188} INFO - [2026-03-11T15:11:08.078+0000] {dagbag.py:538} INFO - Filling up the DagBag from /home/airflow/.local/lib/python3.8/site-packages/airflow/example_dags/example_task_group_decorator.py
[2026-03-11T15:11:08.104+0000] {processor.py:840} INFO - DAG(s) 'example_task_group_decorator' retrieved from /home/airflow/.local/lib/python3.8/site-packages/airflow/example_dags/example_task_group_decorator.py
[2026-03-11T15:11:08.146+0000] {logging_mixin.py:188} INFO - [2026-03-11T15:11:08.145+0000] {dag.py:3036} INFO - Sync 1 DAGs
[2026-03-11T15:11:08.176+0000] {logging_mixin.py:188} INFO - [2026-03-11T15:11:08.176+0000] {dag.py:3823} INFO - Setting next_dagrun for example_task_group_decorator to 2026-03-10 00:00:00+00:00, run_after=2026-03-11 00:00:00+00:00
[2026-03-11T15:11:08.203+0000] {processor.py:183} INFO - Processing /home/airflow/.local/lib/python3.8/site-packages/airflow/example_dags/example_task_group_decorator.py took 0.135 seconds
[2026-03-11T15:11:38.335+0000] {processor.py:161} INFO - Started process (PID=312) to work on /home/airflow/.local/lib/python3.8/site-packages/airflow/example_dags/example_task_group_decorator.py
[2026-03-11T15:11:38.337+0000] {processor.py:830} INFO - Processing file /home/airflow/.local/lib/python3.8/site-packages/airflow/example_dags/example_task_group_decorator.py for tasks to queue
[2026-03-11T15:11:38.339+0000] {logging_mixin.py:188} INFO - [2026-03-11T15:11:38.339+0000] {dagbag.py:538} INFO - Filling up the DagBag from /home/airflow/.local/lib/python3.8/site-packages/airflow/example_dags/example_task_group_decorator.py
[2026-03-11T15:11:38.363+0000] {processor.py:840} INFO - DAG(s) 'example_task_group_decorator' retrieved from /home/airflow/.local/lib/python3.8/site-packages/airflow/example_dags/example_task_group_decorator.py
[2026-03-11T15:11:38.397+0000] {logging_mixin.py:188} INFO - [2026-03-11T15:11:38.397+0000] {dag.py:3036} INFO - Sync 1 DAGs
[2026-03-11T15:11:38.433+0000] {logging_mixin.py:188} INFO - [2026-03-11T15:11:38.432+0000] {dag.py:3823} INFO - Setting next_dagrun for example_task_group_decorator to 2026-03-10 00:00:00+00:00, run_after=2026-03-11 00:00:00+00:00
[2026-03-11T15:11:38.463+0000] {processor.py:183} INFO - Processing /home/airflow/.local/lib/python3.8/site-packages/airflow/example_dags/example_task_group_decorator.py took 0.132 seconds
[2026-03-11T15:12:09.218+0000] {processor.py:161} INFO - Started process (PID=368) to work on /home/airflow/.local/lib/python3.8/site-packages/airflow/example_dags/example_task_group_decorator.py
[2026-03-11T15:12:09.223+0000] {processor.py:830} INFO - Processing file /home/airflow/.local/lib/python3.8/site-packages/airflow/example_dags/example_task_group_decorator.py for tasks to queue
[2026-03-11T15:12:09.231+0000] {logging_mixin.py:188} INFO - [2026-03-11T15:12:09.230+0000] {dagbag.py:538} INFO - Filling up the DagBag from /home/airflow/.local/lib/python3.8/site-packages/airflow/example_dags/example_task_group_decorator.py
[2026-03-11T15:12:09.279+0000] {processor.py:840} INFO - DAG(s) 'example_task_group_decorator' retrieved from /home/airflow/.local/lib/python3.8/site-packages/airflow/example_dags/example_task_group_decorator.py
[2026-03-11T15:12:09.339+0000] {logging_mixin.py:188} INFO - [2026-03-11T15:12:09.339+0000] {dag.py:3036} INFO - Sync 1 DAGs
[2026-03-11T15:12:09.403+0000] {logging_mixin.py:188} INFO - [2026-03-11T15:12:09.402+0000] {dag.py:3823} INFO - Setting next_dagrun for example_task_group_decorator to 2026-03-10 00:00:00+00:00, run_after=2026-03-11 00:00:00+00:00
[2026-03-11T15:12:09.446+0000] {processor.py:183} INFO - Processing /home/airflow/.local/lib/python3.8/site-packages/airflow/example_dags/example_task_group_decorator.py took 0.236 seconds
[2026-03-11T15:12:39.640+0000] {processor.py:161} INFO - Started process (PID=424) to work on /home/airflow/.local/lib/python3.8/site-packages/airflow/example_dags/example_task_group_decorator.py
[2026-03-11T15:12:39.642+0000] {processor.py:830} INFO - Processing file /home/airflow/.local/lib/python3.8/site-packages/airflow/example_dags/example_task_group_decorator.py for tasks to queue
[2026-03-11T15:12:39.646+0000] {logging_mixin.py:188} INFO - [2026-03-11T15:12:39.645+0000] {dagbag.py:538} INFO - Filling up the DagBag from /home/airflow/.local/lib/python3.8/site-packages/airflow/example_dags/example_task_group_decorator.py
[2026-03-11T15:12:39.679+0000] {processor.py:840} INFO - DAG(s) 'example_task_group_decorator' retrieved from /home/airflow/.local/lib/python3.8/site-packages/airflow/example_dags/example_task_group_decorator.py
[2026-03-11T15:12:39.773+0000] {logging_mixin.py:188} INFO - [2026-03-11T15:12:39.773+0000] {dag.py:3036} INFO - Sync 1 DAGs
[2026-03-11T15:12:39.820+0000] {logging_mixin.py:188} INFO - [2026-03-11T15:12:39.820+0000] {dag.py:3823} INFO - Setting next_dagrun for example_task_group_decorator to 2026-03-10 00:00:00+00:00, run_after=2026-03-11 00:00:00+00:00
[2026-03-11T15:12:39.853+0000] {processor.py:183} INFO - Processing /home/airflow/.local/lib/python3.8/site-packages/airflow/example_dags/example_task_group_decorator.py took 0.219 seconds
[2026-03-11T15:13:09.966+0000] {processor.py:161} INFO - Started process (PID=480) to work on /home/airflow/.local/lib/python3.8/site-packages/airflow/example_dags/example_task_group_decorator.py
[2026-03-11T15:13:09.967+0000] {processor.py:830} INFO - Processing file /home/airflow/.local/lib/python3.8/site-packages/airflow/example_dags/example_task_group_decorator.py for tasks to queue
[2026-03-11T15:13:09.969+0000] {logging_mixin.py:188} INFO - [2026-03-11T15:13:09.969+0000] {dagbag.py:538} INFO - Filling up the DagBag from /home/airflow/.local/lib/python3.8/site-packages/airflow/example_dags/example_task_group_decorator.py
[2026-03-11T15:13:09.988+0000] {processor.py:840} INFO - DAG(s) 'example_task_group_decorator' retrieved from /home/airflow/.local/lib/python3.8/site-packages/airflow/example_dags/example_task_group_decorator.py
[2026-03-11T15:13:10.016+0000] {logging_mixin.py:188} INFO - [2026-03-11T15:13:10.015+0000] {dag.py:3036} INFO - Sync 1 DAGs
[2026-03-11T15:13:10.040+0000] {logging_mixin.py:188} INFO - [2026-03-11T15:13:10.040+0000] {dag.py:3823} INFO - Setting next_dagrun for example_task_group_decorator to 2026-03-10 00:00:00+00:00, run_after=2026-03-11 00:00:00+00:00
[2026-03-11T15:13:10.060+0000] {processor.py:183} INFO - Processing /home/airflow/.local/lib/python3.8/site-packages/airflow/example_dags/example_task_group_decorator.py took 0.099 seconds
[2026-03-11T15:13:40.141+0000] {processor.py:161} INFO - Started process (PID=536) to work on /home/airflow/.local/lib/python3.8/site-packages/airflow/example_dags/example_task_group_decorator.py
[2026-03-11T15:13:40.142+0000] {processor.py:830} INFO - Processing file /home/airflow/.local/lib/python3.8/site-packages/airflow/example_dags/example_task_group_decorator.py for tasks to queue
[2026-03-11T15:13:40.145+0000] {logging_mixin.py:188} INFO - [2026-03-11T15:13:40.144+0000] {dagbag.py:538} INFO - Filling up the DagBag from /home/airflow/.local/lib/python3.8/site-packages/airflow/example_dags/example_task_group_decorator.py
[2026-03-11T15:13:40.168+0000] {processor.py:840} INFO - DAG(s) 'example_task_group_decorator' retrieved from /home/airflow/.local/lib/python3.8/site-packages/airflow/example_dags/example_task_group_decorator.py
[2026-03-11T15:13:40.204+0000] {logging_mixin.py:188} INFO - [2026-03-11T15:13:40.204+0000] {dag.py:3036} INFO - Sync 1 DAGs
[2026-03-11T15:13:40.233+0000] {logging_mixin.py:188} INFO - [2026-03-11T15:13:40.232+0000] {dag.py:3823} INFO - Setting next_dagrun for example_task_group_decorator to 2026-03-10 00:00:00+00:00, run_after=2026-03-11 00:00:00+00:00
[2026-03-11T15:13:40.260+0000] {processor.py:183} INFO - Processing /home/airflow/.local/lib/python3.8/site-packages/airflow/example_dags/example_task_group_decorator.py took 0.124 seconds
[2026-03-11T15:14:10.611+0000] {processor.py:161} INFO - Started process (PID=592) to work on /home/airflow/.local/lib/python3.8/site-packages/airflow/example_dags/example_task_group_decorator.py
[2026-03-11T15:14:10.618+0000] {processor.py:830} INFO - Processing file /home/airflow/.local/lib/python3.8/site-packages/airflow/example_dags/example_task_group_decorator.py for tasks to queue
[2026-03-11T15:14:10.624+0000] {logging_mixin.py:188} INFO - [2026-03-11T15:14:10.623+0000] {dagbag.py:538} INFO - Filling up the DagBag from /home/airflow/.local/lib/python3.8/site-packages/airflow/example_dags/example_task_group_decorator.py
[2026-03-11T15:14:10.663+0000] {processor.py:840} INFO - DAG(s) 'example_task_group_decorator' retrieved from /home/airflow/.local/lib/python3.8/site-packages/airflow/example_dags/example_task_group_decorator.py
[2026-03-11T15:14:10.736+0000] {logging_mixin.py:188} INFO - [2026-03-11T15:14:10.735+0000] {dag.py:3036} INFO - Sync 1 DAGs
[2026-03-11T15:14:10.802+0000] {logging_mixin.py:188} INFO - [2026-03-11T15:14:10.801+0000] {dag.py:3823} INFO - Setting next_dagrun for example_task_group_decorator to 2026-03-10 00:00:00+00:00, run_after=2026-03-11 00:00:00+00:00
[2026-03-11T15:14:10.864+0000] {processor.py:183} INFO - Processing /home/airflow/.local/lib/python3.8/site-packages/airflow/example_dags/example_task_group_decorator.py took 0.262 seconds
[2026-03-11T15:14:41.043+0000] {processor.py:161} INFO - Started process (PID=648) to work on /home/airflow/.local/lib/python3.8/site-packages/airflow/example_dags/example_task_group_decorator.py
[2026-03-11T15:14:41.045+0000] {processor.py:830} INFO - Processing file /home/airflow/.local/lib/python3.8/site-packages/airflow/example_dags/example_task_group_decorator.py for tasks to queue
[2026-03-11T15:14:41.048+0000] {logging_mixin.py:188} INFO - [2026-03-11T15:14:41.047+0000] {dagbag.py:538} INFO - Filling up the DagBag from /home/airflow/.local/lib/python3.8/site-packages/airflow/example_dags/example_task_group_decorator.py
[2026-03-11T15:14:41.090+0000] {processor.py:840} INFO - DAG(s) 'example_task_group_decorator' retrieved from /home/airflow/.local/lib/python3.8/site-packages/airflow/example_dags/example_task_group_decorator.py
[2026-03-11T15:14:41.159+0000] {logging_mixin.py:188} INFO - [2026-03-11T15:14:41.158+0000] {dag.py:3036} INFO - Sync 1 DAGs
[2026-03-11T15:14:41.209+0000] {logging_mixin.py:188} INFO - [2026-03-11T15:14:41.209+0000] {dag.py:3823} INFO - Setting next_dagrun for example_task_group_decorator to 2026-03-10 00:00:00+00:00, run_after=2026-03-11 00:00:00+00:00
[2026-03-11T15:14:41.268+0000] {processor.py:183} INFO - Processing /home/airflow/.local/lib/python3.8/site-packages/airflow/example_dags/example_task_group_decorator.py took 0.232 seconds
[2026-03-11T15:15:11.345+0000] {processor.py:161} INFO - Started process (PID=704) to work on /home/airflow/.local/lib/python3.8/site-packages/airflow/example_dags/example_task_group_decorator.py
[2026-03-11T15:15:11.346+0000] {processor.py:830} INFO - Processing file /home/airflow/.local/lib/python3.8/site-packages/airflow/example_dags/example_task_group_decorator.py for tasks to queue
[2026-03-11T15:15:11.349+0000] {logging_mixin.py:188} INFO - [2026-03-11T15:15:11.349+0000] {dagbag.py:538} INFO - Filling up the DagBag from /home/airflow/.local/lib/python3.8/site-packages/airflow/example_dags/example_task_group_decorator.py
[2026-03-11T15:15:11.369+0000] {processor.py:840} INFO - DAG(s) 'example_task_group_decorator' retrieved from /home/airflow/.local/lib/python3.8/site-packages/airflow/example_dags/example_task_group_decorator.py
[2026-03-11T15:15:11.399+0000] {logging_mixin.py:188} INFO - [2026-03-11T15:15:11.398+0000] {dag.py:3036} INFO - Sync 1 DAGs
[2026-03-11T15:15:11.426+0000] {logging_mixin.py:188} INFO - [2026-03-11T15:15:11.426+0000] {dag.py:3823} INFO - Setting next_dagrun for example_task_group_decorator to 2026-03-10 00:00:00+00:00, run_after=2026-03-11 00:00:00+00:00
[2026-03-11T15:15:11.448+0000] {processor.py:183} INFO - Processing /home/airflow/.local/lib/python3.8/site-packages/airflow/example_dags/example_task_group_decorator.py took 0.107 seconds
[2026-03-11T15:15:41.769+0000] {processor.py:161} INFO - Started process (PID=760) to work on /home/airflow/.local/lib/python3.8/site-packages/airflow/example_dags/example_task_group_decorator.py
[2026-03-11T15:15:41.770+0000] {processor.py:830} INFO - Processing file /home/airflow/.local/lib/python3.8/site-packages/airflow/example_dags/example_task_group_decorator.py for tasks to queue
[2026-03-11T15:15:41.773+0000] {logging_mixin.py:188} INFO - [2026-03-11T15:15:41.773+0000] {dagbag.py:538} INFO - Filling up the DagBag from /home/airflow/.local/lib/python3.8/site-packages/airflow/example_dags/example_task_group_decorator.py
[2026-03-11T15:15:41.796+0000] {processor.py:840} INFO - DAG(s) 'example_task_group_decorator' retrieved from /home/airflow/.local/lib/python3.8/site-packages/airflow/example_dags/example_task_group_decorator.py
[2026-03-11T15:15:41.829+0000] {logging_mixin.py:188} INFO - [2026-03-11T15:15:41.829+0000] {dag.py:3036} INFO - Sync 1 DAGs
[2026-03-11T15:15:41.861+0000] {logging_mixin.py:188} INFO - [2026-03-11T15:15:41.861+0000] {dag.py:3823} INFO - Setting next_dagrun for example_task_group_decorator to 2026-03-10 00:00:00+00:00, run_after=2026-03-11 00:00:00+00:00
[2026-03-11T15:15:41.891+0000] {processor.py:183} INFO - Processing /home/airflow/.local/lib/python3.8/site-packages/airflow/example_dags/example_task_group_decorator.py took 0.127 seconds
[2026-03-11T15:16:12.157+0000] {processor.py:161} INFO - Started process (PID=816) to work on /home/airflow/.local/lib/python3.8/site-packages/airflow/example_dags/example_task_group_decorator.py
[2026-03-11T15:16:12.159+0000] {processor.py:830} INFO - Processing file /home/airflow/.local/lib/python3.8/site-packages/airflow/example_dags/example_task_group_decorator.py for tasks to queue
[2026-03-11T15:16:12.163+0000] {logging_mixin.py:188} INFO - [2026-03-11T15:16:12.163+0000] {dagbag.py:538} INFO - Filling up the DagBag from /home/airflow/.local/lib/python3.8/site-packages/airflow/example_dags/example_task_group_decorator.py
[2026-03-11T15:16:12.181+0000] {processor.py:840} INFO - DAG(s) 'example_task_group_decorator' retrieved from /home/airflow/.local/lib/python3.8/site-packages/airflow/example_dags/example_task_group_decorator.py
[2026-03-11T15:16:12.217+0000] {logging_mixin.py:188} INFO - [2026-03-11T15:16:12.217+0000] {dag.py:3036} INFO - Sync 1 DAGs
[2026-03-11T15:16:12.250+0000] {logging_mixin.py:188} INFO - [2026-03-11T15:16:12.250+0000] {dag.py:3823} INFO - Setting next_dagrun for example_task_group_decorator to 2026-03-10 00:00:00+00:00, run_after=2026-03-11 00:00:00+00:00
[2026-03-11T15:16:12.283+0000] {processor.py:183} INFO - Processing /home/airflow/.local/lib/python3.8/site-packages/airflow/example_dags/example_task_group_decorator.py took 0.130 seconds
[2026-03-11T15:16:43.131+0000] {processor.py:161} INFO - Started process (PID=872) to work on /home/airflow/.local/lib/python3.8/site-packages/airflow/example_dags/example_task_group_decorator.py
[2026-03-11T15:16:43.132+0000] {processor.py:830} INFO - Processing file /home/airflow/.local/lib/python3.8/site-packages/airflow/example_dags/example_task_group_decorator.py for tasks to queue
[2026-03-11T15:16:43.136+0000] {logging_mixin.py:188} INFO - [2026-03-11T15:16:43.135+0000] {dagbag.py:538} INFO - Filling up the DagBag from /home/airflow/.local/lib/python3.8/site-packages/airflow/example_dags/example_task_group_decorator.py
[2026-03-11T15:16:43.159+0000] {processor.py:840} INFO - DAG(s) 'example_task_group_decorator' retrieved from /home/airflow/.local/lib/python3.8/site-packages/airflow/example_dags/example_task_group_decorator.py
[2026-03-11T15:16:43.200+0000] {logging_mixin.py:188} INFO - [2026-03-11T15:16:43.200+0000] {dag.py:3036} INFO - Sync 1 DAGs
[2026-03-11T15:16:43.240+0000] {logging_mixin.py:188} INFO - [2026-03-11T15:16:43.240+0000] {dag.py:3823} INFO - Setting next_dagrun for example_task_group_decorator to 2026-03-10 00:00:00+00:00, run_after=2026-03-11 00:00:00+00:00
[2026-03-11T15:16:43.279+0000] {processor.py:183} INFO - Processing /home/airflow/.local/lib/python3.8/site-packages/airflow/example_dags/example_task_group_decorator.py took 0.156 seconds
[2026-03-11T15:17:13.558+0000] {processor.py:161} INFO - Started process (PID=928) to work on /home/airflow/.local/lib/python3.8/site-packages/airflow/example_dags/example_task_group_decorator.py
[2026-03-11T15:17:13.560+0000] {processor.py:830} INFO - Processing file /home/airflow/.local/lib/python3.8/site-packages/airflow/example_dags/example_task_group_decorator.py for tasks to queue
[2026-03-11T15:17:13.563+0000] {logging_mixin.py:188} INFO - [2026-03-11T15:17:13.562+0000] {dagbag.py:538} INFO - Filling up the DagBag from /home/airflow/.local/lib/python3.8/site-packages/airflow/example_dags/example_task_group_decorator.py
[2026-03-11T15:17:13.585+0000] {processor.py:840} INFO - DAG(s) 'example_task_group_decorator' retrieved from /home/airflow/.local/lib/python3.8/site-packages/airflow/example_dags/example_task_group_decorator.py
[2026-03-11T15:17:13.622+0000] {logging_mixin.py:188} INFO - [2026-03-11T15:17:13.622+0000] {dag.py:3036} INFO - Sync 1 DAGs
[2026-03-11T15:17:13.652+0000] {logging_mixin.py:188} INFO - [2026-03-11T15:17:13.652+0000] {dag.py:3823} INFO - Setting next_dagrun for example_task_group_decorator to 2026-03-10 00:00:00+00:00, run_after=2026-03-11 00:00:00+00:00
[2026-03-11T15:17:13.681+0000] {processor.py:183} INFO - Processing /home/airflow/.local/lib/python3.8/site-packages/airflow/example_dags/example_task_group_decorator.py took 0.128 seconds
[2026-03-11T15:17:43.763+0000] {processor.py:161} INFO - Started process (PID=984) to work on /home/airflow/.local/lib/python3.8/site-packages/airflow/example_dags/example_task_group_decorator.py
[2026-03-11T15:17:43.764+0000] {processor.py:830} INFO - Processing file /home/airflow/.local/lib/python3.8/site-packages/airflow/example_dags/example_task_group_decorator.py for tasks to queue
[2026-03-11T15:17:43.767+0000] {logging_mixin.py:188} INFO - [2026-03-11T15:17:43.766+0000] {dagbag.py:538} INFO - Filling up the DagBag from /home/airflow/.local/lib/python3.8/site-packages/airflow/example_dags/example_task_group_decorator.py
[2026-03-11T15:17:43.783+0000] {processor.py:840} INFO - DAG(s) 'example_task_group_decorator' retrieved from /home/airflow/.local/lib/python3.8/site-packages/airflow/example_dags/example_task_group_decorator.py
[2026-03-11T15:17:43.811+0000] {logging_mixin.py:188} INFO - [2026-03-11T15:17:43.810+0000] {dag.py:3036} INFO - Sync 1 DAGs
[2026-03-11T15:17:43.842+0000] {logging_mixin.py:188} INFO - [2026-03-11T15:17:43.841+0000] {dag.py:3823} INFO - Setting next_dagrun for example_task_group_decorator to 2026-03-10 00:00:00+00:00, run_after=2026-03-11 00:00:00+00:00
[2026-03-11T15:17:43.870+0000] {processor.py:183} INFO - Processing /home/airflow/.local/lib/python3.8/site-packages/airflow/example_dags/example_task_group_decorator.py took 0.110 seconds
[2026-03-11T15:18:13.974+0000] {processor.py:161} INFO - Started process (PID=1040) to work on /home/airflow/.local/lib/python3.8/site-packages/airflow/example_dags/example_task_group_decorator.py
[2026-03-11T15:18:13.975+0000] {processor.py:830} INFO - Processing file /home/airflow/.local/lib/python3.8/site-packages/airflow/example_dags/example_task_group_decorator.py for tasks to queue
[2026-03-11T15:18:13.978+0000] {logging_mixin.py:188} INFO - [2026-03-11T15:18:13.978+0000] {dagbag.py:538} INFO - Filling up the DagBag from /home/airflow/.local/lib/python3.8/site-packages/airflow/example_dags/example_task_group_decorator.py
[2026-03-11T15:18:14.000+0000] {processor.py:840} INFO - DAG(s) 'example_task_group_decorator' retrieved from /home/airflow/.local/lib/python3.8/site-packages/airflow/example_dags/example_task_group_decorator.py
[2026-03-11T15:18:14.034+0000] {logging_mixin.py:188} INFO - [2026-03-11T15:18:14.034+0000] {dag.py:3036} INFO - Sync 1 DAGs
[2026-03-11T15:18:14.075+0000] {logging_mixin.py:188} INFO - [2026-03-11T15:18:14.075+0000] {dag.py:3823} INFO - Setting next_dagrun for example_task_group_decorator to 2026-03-10 00:00:00+00:00, run_after=2026-03-11 00:00:00+00:00
[2026-03-11T15:18:14.101+0000] {processor.py:183} INFO - Processing /home/airflow/.local/lib/python3.8/site-packages/airflow/example_dags/example_task_group_decorator.py took 0.132 seconds
