[2026-03-11T15:09:33.553+0000] {processor.py:161} INFO - Started process (PID=84) to work on /home/airflow/.local/lib/python3.8/site-packages/airflow/example_dags/tutorial_dag.py
[2026-03-11T15:09:33.558+0000] {processor.py:830} INFO - Processing file /home/airflow/.local/lib/python3.8/site-packages/airflow/example_dags/tutorial_dag.py for tasks to queue
[2026-03-11T15:09:33.566+0000] {logging_mixin.py:188} INFO - [2026-03-11T15:09:33.565+0000] {dagbag.py:538} INFO - Filling up the DagBag from /home/airflow/.local/lib/python3.8/site-packages/airflow/example_dags/tutorial_dag.py
[2026-03-11T15:09:33.601+0000] {processor.py:840} INFO - DAG(s) 'tutorial_dag' retrieved from /home/airflow/.local/lib/python3.8/site-packages/airflow/example_dags/tutorial_dag.py
[2026-03-11T15:09:33.631+0000] {logging_mixin.py:188} INFO - [2026-03-11T15:09:33.630+0000] {dag.py:3036} INFO - Sync 1 DAGs
[2026-03-11T15:09:33.668+0000] {logging_mixin.py:188} INFO - [2026-03-11T15:09:33.667+0000] {dag.py:3823} INFO - Setting next_dagrun for tutorial_dag to None, run_after=None
[2026-03-11T15:09:33.718+0000] {processor.py:183} INFO - Processing /home/airflow/.local/lib/python3.8/site-packages/airflow/example_dags/tutorial_dag.py took 0.185 seconds
[2026-03-11T15:10:05.742+0000] {processor.py:161} INFO - Started process (PID=140) to work on /home/airflow/.local/lib/python3.8/site-packages/airflow/example_dags/tutorial_dag.py
[2026-03-11T15:10:05.748+0000] {processor.py:830} INFO - Processing file /home/airflow/.local/lib/python3.8/site-packages/airflow/example_dags/tutorial_dag.py for tasks to queue
[2026-03-11T15:10:05.758+0000] {logging_mixin.py:188} INFO - [2026-03-11T15:10:05.757+0000] {dagbag.py:538} INFO - Filling up the DagBag from /home/airflow/.local/lib/python3.8/site-packages/airflow/example_dags/tutorial_dag.py
[2026-03-11T15:10:05.771+0000] {processor.py:840} INFO - DAG(s) 'tutorial_dag' retrieved from /home/airflow/.local/lib/python3.8/site-packages/airflow/example_dags/tutorial_dag.py
[2026-03-11T15:10:05.917+0000] {logging_mixin.py:188} INFO - [2026-03-11T15:10:05.916+0000] {dag.py:3036} INFO - Sync 1 DAGs
[2026-03-11T15:10:05.930+0000] {logging_mixin.py:188} INFO - [2026-03-11T15:10:05.929+0000] {dag.py:3823} INFO - Setting next_dagrun for tutorial_dag to None, run_after=None
[2026-03-11T15:10:05.950+0000] {processor.py:183} INFO - Processing /home/airflow/.local/lib/python3.8/site-packages/airflow/example_dags/tutorial_dag.py took 0.212 seconds
[2026-03-11T15:10:36.039+0000] {processor.py:161} INFO - Started process (PID=196) to work on /home/airflow/.local/lib/python3.8/site-packages/airflow/example_dags/tutorial_dag.py
[2026-03-11T15:10:36.041+0000] {processor.py:830} INFO - Processing file /home/airflow/.local/lib/python3.8/site-packages/airflow/example_dags/tutorial_dag.py for tasks to queue
[2026-03-11T15:10:36.044+0000] {logging_mixin.py:188} INFO - [2026-03-11T15:10:36.043+0000] {dagbag.py:538} INFO - Filling up the DagBag from /home/airflow/.local/lib/python3.8/site-packages/airflow/example_dags/tutorial_dag.py
[2026-03-11T15:10:36.052+0000] {processor.py:840} INFO - DAG(s) 'tutorial_dag' retrieved from /home/airflow/.local/lib/python3.8/site-packages/airflow/example_dags/tutorial_dag.py
[2026-03-11T15:10:36.077+0000] {logging_mixin.py:188} INFO - [2026-03-11T15:10:36.077+0000] {dag.py:3036} INFO - Sync 1 DAGs
[2026-03-11T15:10:36.092+0000] {logging_mixin.py:188} INFO - [2026-03-11T15:10:36.091+0000] {dag.py:3823} INFO - Setting next_dagrun for tutorial_dag to None, run_after=None
[2026-03-11T15:10:36.112+0000] {processor.py:183} INFO - Processing /home/airflow/.local/lib/python3.8/site-packages/airflow/example_dags/tutorial_dag.py took 0.078 seconds
[2026-03-11T15:11:06.835+0000] {processor.py:161} INFO - Started process (PID=252) to work on /home/airflow/.local/lib/python3.8/site-packages/airflow/example_dags/tutorial_dag.py
[2026-03-11T15:11:06.837+0000] {processor.py:830} INFO - Processing file /home/airflow/.local/lib/python3.8/site-packages/airflow/example_dags/tutorial_dag.py for tasks to queue
[2026-03-11T15:11:06.840+0000] {logging_mixin.py:188} INFO - [2026-03-11T15:11:06.840+0000] {dagbag.py:538} INFO - Filling up the DagBag from /home/airflow/.local/lib/python3.8/site-packages/airflow/example_dags/tutorial_dag.py
[2026-03-11T15:11:06.851+0000] {processor.py:840} INFO - DAG(s) 'tutorial_dag' retrieved from /home/airflow/.local/lib/python3.8/site-packages/airflow/example_dags/tutorial_dag.py
[2026-03-11T15:11:06.887+0000] {logging_mixin.py:188} INFO - [2026-03-11T15:11:06.887+0000] {dag.py:3036} INFO - Sync 1 DAGs
[2026-03-11T15:11:06.906+0000] {logging_mixin.py:188} INFO - [2026-03-11T15:11:06.906+0000] {dag.py:3823} INFO - Setting next_dagrun for tutorial_dag to None, run_after=None
[2026-03-11T15:11:06.928+0000] {processor.py:183} INFO - Processing /home/airflow/.local/lib/python3.8/site-packages/airflow/example_dags/tutorial_dag.py took 0.098 seconds
[2026-03-11T15:11:37.178+0000] {processor.py:161} INFO - Started process (PID=308) to work on /home/airflow/.local/lib/python3.8/site-packages/airflow/example_dags/tutorial_dag.py
[2026-03-11T15:11:37.179+0000] {processor.py:830} INFO - Processing file /home/airflow/.local/lib/python3.8/site-packages/airflow/example_dags/tutorial_dag.py for tasks to queue
[2026-03-11T15:11:37.182+0000] {logging_mixin.py:188} INFO - [2026-03-11T15:11:37.181+0000] {dagbag.py:538} INFO - Filling up the DagBag from /home/airflow/.local/lib/python3.8/site-packages/airflow/example_dags/tutorial_dag.py
[2026-03-11T15:11:37.189+0000] {processor.py:840} INFO - DAG(s) 'tutorial_dag' retrieved from /home/airflow/.local/lib/python3.8/site-packages/airflow/example_dags/tutorial_dag.py
[2026-03-11T15:11:37.236+0000] {logging_mixin.py:188} INFO - [2026-03-11T15:11:37.236+0000] {dag.py:3036} INFO - Sync 1 DAGs
[2026-03-11T15:11:37.260+0000] {logging_mixin.py:188} INFO - [2026-03-11T15:11:37.259+0000] {dag.py:3823} INFO - Setting next_dagrun for tutorial_dag to None, run_after=None
[2026-03-11T15:11:37.282+0000] {processor.py:183} INFO - Processing /home/airflow/.local/lib/python3.8/site-packages/airflow/example_dags/tutorial_dag.py took 0.110 seconds
[2026-03-11T15:12:07.729+0000] {processor.py:161} INFO - Started process (PID=364) to work on /home/airflow/.local/lib/python3.8/site-packages/airflow/example_dags/tutorial_dag.py
[2026-03-11T15:12:07.734+0000] {processor.py:830} INFO - Processing file /home/airflow/.local/lib/python3.8/site-packages/airflow/example_dags/tutorial_dag.py for tasks to queue
[2026-03-11T15:12:07.739+0000] {logging_mixin.py:188} INFO - [2026-03-11T15:12:07.738+0000] {dagbag.py:538} INFO - Filling up the DagBag from /home/airflow/.local/lib/python3.8/site-packages/airflow/example_dags/tutorial_dag.py
[2026-03-11T15:12:07.766+0000] {processor.py:840} INFO - DAG(s) 'tutorial_dag' retrieved from /home/airflow/.local/lib/python3.8/site-packages/airflow/example_dags/tutorial_dag.py
[2026-03-11T15:12:07.853+0000] {logging_mixin.py:188} INFO - [2026-03-11T15:12:07.852+0000] {dag.py:3036} INFO - Sync 1 DAGs
[2026-03-11T15:12:07.884+0000] {logging_mixin.py:188} INFO - [2026-03-11T15:12:07.883+0000] {dag.py:3823} INFO - Setting next_dagrun for tutorial_dag to None, run_after=None
[2026-03-11T15:12:07.952+0000] {processor.py:183} INFO - Processing /home/airflow/.local/lib/python3.8/site-packages/airflow/example_dags/tutorial_dag.py took 0.230 seconds
[2026-03-11T15:12:38.088+0000] {processor.py:161} INFO - Started process (PID=420) to work on /home/airflow/.local/lib/python3.8/site-packages/airflow/example_dags/tutorial_dag.py
[2026-03-11T15:12:38.090+0000] {processor.py:830} INFO - Processing file /home/airflow/.local/lib/python3.8/site-packages/airflow/example_dags/tutorial_dag.py for tasks to queue
[2026-03-11T15:12:38.093+0000] {logging_mixin.py:188} INFO - [2026-03-11T15:12:38.092+0000] {dagbag.py:538} INFO - Filling up the DagBag from /home/airflow/.local/lib/python3.8/site-packages/airflow/example_dags/tutorial_dag.py
[2026-03-11T15:12:38.102+0000] {processor.py:840} INFO - DAG(s) 'tutorial_dag' retrieved from /home/airflow/.local/lib/python3.8/site-packages/airflow/example_dags/tutorial_dag.py
[2026-03-11T15:12:38.135+0000] {logging_mixin.py:188} INFO - [2026-03-11T15:12:38.135+0000] {dag.py:3036} INFO - Sync 1 DAGs
[2026-03-11T15:12:38.152+0000] {logging_mixin.py:188} INFO - [2026-03-11T15:12:38.152+0000] {dag.py:3823} INFO - Setting next_dagrun for tutorial_dag to None, run_after=None
[2026-03-11T15:12:38.183+0000] {processor.py:183} INFO - Processing /home/airflow/.local/lib/python3.8/site-packages/airflow/example_dags/tutorial_dag.py took 0.099 seconds
[2026-03-11T15:13:08.594+0000] {processor.py:161} INFO - Started process (PID=476) to work on /home/airflow/.local/lib/python3.8/site-packages/airflow/example_dags/tutorial_dag.py
[2026-03-11T15:13:08.596+0000] {processor.py:830} INFO - Processing file /home/airflow/.local/lib/python3.8/site-packages/airflow/example_dags/tutorial_dag.py for tasks to queue
[2026-03-11T15:13:08.599+0000] {logging_mixin.py:188} INFO - [2026-03-11T15:13:08.599+0000] {dagbag.py:538} INFO - Filling up the DagBag from /home/airflow/.local/lib/python3.8/site-packages/airflow/example_dags/tutorial_dag.py
[2026-03-11T15:13:08.607+0000] {processor.py:840} INFO - DAG(s) 'tutorial_dag' retrieved from /home/airflow/.local/lib/python3.8/site-packages/airflow/example_dags/tutorial_dag.py
[2026-03-11T15:13:08.638+0000] {logging_mixin.py:188} INFO - [2026-03-11T15:13:08.638+0000] {dag.py:3036} INFO - Sync 1 DAGs
[2026-03-11T15:13:08.657+0000] {logging_mixin.py:188} INFO - [2026-03-11T15:13:08.657+0000] {dag.py:3823} INFO - Setting next_dagrun for tutorial_dag to None, run_after=None
[2026-03-11T15:13:08.683+0000] {processor.py:183} INFO - Processing /home/airflow/.local/lib/python3.8/site-packages/airflow/example_dags/tutorial_dag.py took 0.094 seconds
[2026-03-11T15:13:38.966+0000] {processor.py:161} INFO - Started process (PID=532) to work on /home/airflow/.local/lib/python3.8/site-packages/airflow/example_dags/tutorial_dag.py
[2026-03-11T15:13:38.968+0000] {processor.py:830} INFO - Processing file /home/airflow/.local/lib/python3.8/site-packages/airflow/example_dags/tutorial_dag.py for tasks to queue
[2026-03-11T15:13:38.973+0000] {logging_mixin.py:188} INFO - [2026-03-11T15:13:38.972+0000] {dagbag.py:538} INFO - Filling up the DagBag from /home/airflow/.local/lib/python3.8/site-packages/airflow/example_dags/tutorial_dag.py
[2026-03-11T15:13:38.984+0000] {processor.py:840} INFO - DAG(s) 'tutorial_dag' retrieved from /home/airflow/.local/lib/python3.8/site-packages/airflow/example_dags/tutorial_dag.py
[2026-03-11T15:13:39.011+0000] {logging_mixin.py:188} INFO - [2026-03-11T15:13:39.011+0000] {dag.py:3036} INFO - Sync 1 DAGs
[2026-03-11T15:13:39.028+0000] {logging_mixin.py:188} INFO - [2026-03-11T15:13:39.028+0000] {dag.py:3823} INFO - Setting next_dagrun for tutorial_dag to None, run_after=None
[2026-03-11T15:13:39.055+0000] {processor.py:183} INFO - Processing /home/airflow/.local/lib/python3.8/site-packages/airflow/example_dags/tutorial_dag.py took 0.094 seconds
[2026-03-11T15:14:09.273+0000] {processor.py:161} INFO - Started process (PID=588) to work on /home/airflow/.local/lib/python3.8/site-packages/airflow/example_dags/tutorial_dag.py
[2026-03-11T15:14:09.276+0000] {processor.py:830} INFO - Processing file /home/airflow/.local/lib/python3.8/site-packages/airflow/example_dags/tutorial_dag.py for tasks to queue
[2026-03-11T15:14:09.279+0000] {logging_mixin.py:188} INFO - [2026-03-11T15:14:09.279+0000] {dagbag.py:538} INFO - Filling up the DagBag from /home/airflow/.local/lib/python3.8/site-packages/airflow/example_dags/tutorial_dag.py
[2026-03-11T15:14:09.290+0000] {processor.py:840} INFO - DAG(s) 'tutorial_dag' retrieved from /home/airflow/.local/lib/python3.8/site-packages/airflow/example_dags/tutorial_dag.py
[2026-03-11T15:14:09.323+0000] {logging_mixin.py:188} INFO - [2026-03-11T15:14:09.323+0000] {dag.py:3036} INFO - Sync 1 DAGs
[2026-03-11T15:14:09.342+0000] {logging_mixin.py:188} INFO - [2026-03-11T15:14:09.342+0000] {dag.py:3823} INFO - Setting next_dagrun for tutorial_dag to None, run_after=None
[2026-03-11T15:14:09.380+0000] {processor.py:183} INFO - Processing /home/airflow/.local/lib/python3.8/site-packages/airflow/example_dags/tutorial_dag.py took 0.113 seconds
[2026-03-11T15:14:39.540+0000] {processor.py:161} INFO - Started process (PID=644) to work on /home/airflow/.local/lib/python3.8/site-packages/airflow/example_dags/tutorial_dag.py
[2026-03-11T15:14:39.542+0000] {processor.py:830} INFO - Processing file /home/airflow/.local/lib/python3.8/site-packages/airflow/example_dags/tutorial_dag.py for tasks to queue
[2026-03-11T15:14:39.544+0000] {logging_mixin.py:188} INFO - [2026-03-11T15:14:39.544+0000] {dagbag.py:538} INFO - Filling up the DagBag from /home/airflow/.local/lib/python3.8/site-packages/airflow/example_dags/tutorial_dag.py
[2026-03-11T15:14:39.552+0000] {processor.py:840} INFO - DAG(s) 'tutorial_dag' retrieved from /home/airflow/.local/lib/python3.8/site-packages/airflow/example_dags/tutorial_dag.py
[2026-03-11T15:14:39.586+0000] {logging_mixin.py:188} INFO - [2026-03-11T15:14:39.585+0000] {dag.py:3036} INFO - Sync 1 DAGs
[2026-03-11T15:14:39.603+0000] {logging_mixin.py:188} INFO - [2026-03-11T15:14:39.603+0000] {dag.py:3823} INFO - Setting next_dagrun for tutorial_dag to None, run_after=None
[2026-03-11T15:14:39.634+0000] {processor.py:183} INFO - Processing /home/airflow/.local/lib/python3.8/site-packages/airflow/example_dags/tutorial_dag.py took 0.098 seconds
[2026-03-11T15:15:09.853+0000] {processor.py:161} INFO - Started process (PID=700) to work on /home/airflow/.local/lib/python3.8/site-packages/airflow/example_dags/tutorial_dag.py
[2026-03-11T15:15:09.855+0000] {processor.py:830} INFO - Processing file /home/airflow/.local/lib/python3.8/site-packages/airflow/example_dags/tutorial_dag.py for tasks to queue
[2026-03-11T15:15:09.858+0000] {logging_mixin.py:188} INFO - [2026-03-11T15:15:09.858+0000] {dagbag.py:538} INFO - Filling up the DagBag from /home/airflow/.local/lib/python3.8/site-packages/airflow/example_dags/tutorial_dag.py
[2026-03-11T15:15:09.866+0000] {processor.py:840} INFO - DAG(s) 'tutorial_dag' retrieved from /home/airflow/.local/lib/python3.8/site-packages/airflow/example_dags/tutorial_dag.py
[2026-03-11T15:15:09.895+0000] {logging_mixin.py:188} INFO - [2026-03-11T15:15:09.895+0000] {dag.py:3036} INFO - Sync 1 DAGs
[2026-03-11T15:15:09.912+0000] {logging_mixin.py:188} INFO - [2026-03-11T15:15:09.912+0000] {dag.py:3823} INFO - Setting next_dagrun for tutorial_dag to None, run_after=None
[2026-03-11T15:15:10.036+0000] {processor.py:183} INFO - Processing /home/airflow/.local/lib/python3.8/site-packages/airflow/example_dags/tutorial_dag.py took 0.187 seconds
[2026-03-11T15:15:40.480+0000] {processor.py:161} INFO - Started process (PID=756) to work on /home/airflow/.local/lib/python3.8/site-packages/airflow/example_dags/tutorial_dag.py
[2026-03-11T15:15:40.481+0000] {processor.py:830} INFO - Processing file /home/airflow/.local/lib/python3.8/site-packages/airflow/example_dags/tutorial_dag.py for tasks to queue
[2026-03-11T15:15:40.487+0000] {logging_mixin.py:188} INFO - [2026-03-11T15:15:40.487+0000] {dagbag.py:538} INFO - Filling up the DagBag from /home/airflow/.local/lib/python3.8/site-packages/airflow/example_dags/tutorial_dag.py
[2026-03-11T15:15:40.495+0000] {processor.py:840} INFO - DAG(s) 'tutorial_dag' retrieved from /home/airflow/.local/lib/python3.8/site-packages/airflow/example_dags/tutorial_dag.py
[2026-03-11T15:15:40.527+0000] {logging_mixin.py:188} INFO - [2026-03-11T15:15:40.526+0000] {dag.py:3036} INFO - Sync 1 DAGs
[2026-03-11T15:15:40.545+0000] {logging_mixin.py:188} INFO - [2026-03-11T15:15:40.545+0000] {dag.py:3823} INFO - Setting next_dagrun for tutorial_dag to None, run_after=None
[2026-03-11T15:15:40.571+0000] {processor.py:183} INFO - Processing /home/airflow/.local/lib/python3.8/site-packages/airflow/example_dags/tutorial_dag.py took 0.097 seconds
[2026-03-11T15:16:10.824+0000] {processor.py:161} INFO - Started process (PID=812) to work on /home/airflow/.local/lib/python3.8/site-packages/airflow/example_dags/tutorial_dag.py
[2026-03-11T15:16:10.825+0000] {processor.py:830} INFO - Processing file /home/airflow/.local/lib/python3.8/site-packages/airflow/example_dags/tutorial_dag.py for tasks to queue
[2026-03-11T15:16:10.827+0000] {logging_mixin.py:188} INFO - [2026-03-11T15:16:10.826+0000] {dagbag.py:538} INFO - Filling up the DagBag from /home/airflow/.local/lib/python3.8/site-packages/airflow/example_dags/tutorial_dag.py
[2026-03-11T15:16:10.833+0000] {processor.py:840} INFO - DAG(s) 'tutorial_dag' retrieved from /home/airflow/.local/lib/python3.8/site-packages/airflow/example_dags/tutorial_dag.py
[2026-03-11T15:16:10.874+0000] {logging_mixin.py:188} INFO - [2026-03-11T15:16:10.873+0000] {dag.py:3036} INFO - Sync 1 DAGs
[2026-03-11T15:16:10.901+0000] {logging_mixin.py:188} INFO - [2026-03-11T15:16:10.900+0000] {dag.py:3823} INFO - Setting next_dagrun for tutorial_dag to None, run_after=None
[2026-03-11T15:16:10.940+0000] {processor.py:183} INFO - Processing /home/airflow/.local/lib/python3.8/site-packages/airflow/example_dags/tutorial_dag.py took 0.120 seconds
[2026-03-11T15:16:41.718+0000] {processor.py:161} INFO - Started process (PID=868) to work on /home/airflow/.local/lib/python3.8/site-packages/airflow/example_dags/tutorial_dag.py
[2026-03-11T15:16:41.720+0000] {processor.py:830} INFO - Processing file /home/airflow/.local/lib/python3.8/site-packages/airflow/example_dags/tutorial_dag.py for tasks to queue
[2026-03-11T15:16:41.724+0000] {logging_mixin.py:188} INFO - [2026-03-11T15:16:41.723+0000] {dagbag.py:538} INFO - Filling up the DagBag from /home/airflow/.local/lib/python3.8/site-packages/airflow/example_dags/tutorial_dag.py
[2026-03-11T15:16:41.732+0000] {processor.py:840} INFO - DAG(s) 'tutorial_dag' retrieved from /home/airflow/.local/lib/python3.8/site-packages/airflow/example_dags/tutorial_dag.py
[2026-03-11T15:16:41.766+0000] {logging_mixin.py:188} INFO - [2026-03-11T15:16:41.766+0000] {dag.py:3036} INFO - Sync 1 DAGs
[2026-03-11T15:16:41.788+0000] {logging_mixin.py:188} INFO - [2026-03-11T15:16:41.788+0000] {dag.py:3823} INFO - Setting next_dagrun for tutorial_dag to None, run_after=None
[2026-03-11T15:16:41.825+0000] {processor.py:183} INFO - Processing /home/airflow/.local/lib/python3.8/site-packages/airflow/example_dags/tutorial_dag.py took 0.116 seconds
[2026-03-11T15:17:12.310+0000] {processor.py:161} INFO - Started process (PID=924) to work on /home/airflow/.local/lib/python3.8/site-packages/airflow/example_dags/tutorial_dag.py
[2026-03-11T15:17:12.311+0000] {processor.py:830} INFO - Processing file /home/airflow/.local/lib/python3.8/site-packages/airflow/example_dags/tutorial_dag.py for tasks to queue
[2026-03-11T15:17:12.314+0000] {logging_mixin.py:188} INFO - [2026-03-11T15:17:12.313+0000] {dagbag.py:538} INFO - Filling up the DagBag from /home/airflow/.local/lib/python3.8/site-packages/airflow/example_dags/tutorial_dag.py
[2026-03-11T15:17:12.322+0000] {processor.py:840} INFO - DAG(s) 'tutorial_dag' retrieved from /home/airflow/.local/lib/python3.8/site-packages/airflow/example_dags/tutorial_dag.py
[2026-03-11T15:17:12.349+0000] {logging_mixin.py:188} INFO - [2026-03-11T15:17:12.348+0000] {dag.py:3036} INFO - Sync 1 DAGs
[2026-03-11T15:17:12.367+0000] {logging_mixin.py:188} INFO - [2026-03-11T15:17:12.367+0000] {dag.py:3823} INFO - Setting next_dagrun for tutorial_dag to None, run_after=None
[2026-03-11T15:17:12.390+0000] {processor.py:183} INFO - Processing /home/airflow/.local/lib/python3.8/site-packages/airflow/example_dags/tutorial_dag.py took 0.085 seconds
[2026-03-11T15:17:43.499+0000] {processor.py:161} INFO - Started process (PID=980) to work on /home/airflow/.local/lib/python3.8/site-packages/airflow/example_dags/tutorial_dag.py
[2026-03-11T15:17:43.500+0000] {processor.py:830} INFO - Processing file /home/airflow/.local/lib/python3.8/site-packages/airflow/example_dags/tutorial_dag.py for tasks to queue
[2026-03-11T15:17:43.503+0000] {logging_mixin.py:188} INFO - [2026-03-11T15:17:43.502+0000] {dagbag.py:538} INFO - Filling up the DagBag from /home/airflow/.local/lib/python3.8/site-packages/airflow/example_dags/tutorial_dag.py
[2026-03-11T15:17:43.512+0000] {processor.py:840} INFO - DAG(s) 'tutorial_dag' retrieved from /home/airflow/.local/lib/python3.8/site-packages/airflow/example_dags/tutorial_dag.py
[2026-03-11T15:17:43.544+0000] {logging_mixin.py:188} INFO - [2026-03-11T15:17:43.543+0000] {dag.py:3036} INFO - Sync 1 DAGs
[2026-03-11T15:17:43.564+0000] {logging_mixin.py:188} INFO - [2026-03-11T15:17:43.563+0000] {dag.py:3823} INFO - Setting next_dagrun for tutorial_dag to None, run_after=None
[2026-03-11T15:17:43.593+0000] {processor.py:183} INFO - Processing /home/airflow/.local/lib/python3.8/site-packages/airflow/example_dags/tutorial_dag.py took 0.099 seconds
[2026-03-11T15:18:13.696+0000] {processor.py:161} INFO - Started process (PID=1036) to work on /home/airflow/.local/lib/python3.8/site-packages/airflow/example_dags/tutorial_dag.py
[2026-03-11T15:18:13.697+0000] {processor.py:830} INFO - Processing file /home/airflow/.local/lib/python3.8/site-packages/airflow/example_dags/tutorial_dag.py for tasks to queue
[2026-03-11T15:18:13.699+0000] {logging_mixin.py:188} INFO - [2026-03-11T15:18:13.699+0000] {dagbag.py:538} INFO - Filling up the DagBag from /home/airflow/.local/lib/python3.8/site-packages/airflow/example_dags/tutorial_dag.py
[2026-03-11T15:18:13.707+0000] {processor.py:840} INFO - DAG(s) 'tutorial_dag' retrieved from /home/airflow/.local/lib/python3.8/site-packages/airflow/example_dags/tutorial_dag.py
[2026-03-11T15:18:13.735+0000] {logging_mixin.py:188} INFO - [2026-03-11T15:18:13.734+0000] {dag.py:3036} INFO - Sync 1 DAGs
[2026-03-11T15:18:13.751+0000] {logging_mixin.py:188} INFO - [2026-03-11T15:18:13.751+0000] {dag.py:3823} INFO - Setting next_dagrun for tutorial_dag to None, run_after=None
[2026-03-11T15:18:13.776+0000] {processor.py:183} INFO - Processing /home/airflow/.local/lib/python3.8/site-packages/airflow/example_dags/tutorial_dag.py took 0.085 seconds
