[2026-03-11T15:09:36.292+0000] {processor.py:161} INFO - Started process (PID=96) to work on /home/airflow/.local/lib/python3.8/site-packages/airflow/example_dags/tutorial.py
[2026-03-11T15:09:36.294+0000] {processor.py:830} INFO - Processing file /home/airflow/.local/lib/python3.8/site-packages/airflow/example_dags/tutorial.py for tasks to queue
[2026-03-11T15:09:36.298+0000] {logging_mixin.py:188} INFO - [2026-03-11T15:09:36.297+0000] {dagbag.py:538} INFO - Filling up the DagBag from /home/airflow/.local/lib/python3.8/site-packages/airflow/example_dags/tutorial.py
[2026-03-11T15:09:36.313+0000] {processor.py:840} INFO - DAG(s) 'tutorial' retrieved from /home/airflow/.local/lib/python3.8/site-packages/airflow/example_dags/tutorial.py
[2026-03-11T15:09:36.496+0000] {logging_mixin.py:188} INFO - [2026-03-11T15:09:36.496+0000] {dag.py:3036} INFO - Sync 1 DAGs
[2026-03-11T15:09:36.554+0000] {logging_mixin.py:188} INFO - [2026-03-11T15:09:36.553+0000] {dag.py:3823} INFO - Setting next_dagrun for tutorial to 2026-03-10 00:00:00+00:00, run_after=2026-03-11 00:00:00+00:00
[2026-03-11T15:09:36.597+0000] {processor.py:183} INFO - Processing /home/airflow/.local/lib/python3.8/site-packages/airflow/example_dags/tutorial.py took 0.314 seconds
[2026-03-11T15:10:06.938+0000] {processor.py:161} INFO - Started process (PID=152) to work on /home/airflow/.local/lib/python3.8/site-packages/airflow/example_dags/tutorial.py
[2026-03-11T15:10:06.939+0000] {processor.py:830} INFO - Processing file /home/airflow/.local/lib/python3.8/site-packages/airflow/example_dags/tutorial.py for tasks to queue
[2026-03-11T15:10:06.942+0000] {logging_mixin.py:188} INFO - [2026-03-11T15:10:06.941+0000] {dagbag.py:538} INFO - Filling up the DagBag from /home/airflow/.local/lib/python3.8/site-packages/airflow/example_dags/tutorial.py
[2026-03-11T15:10:06.949+0000] {processor.py:840} INFO - DAG(s) 'tutorial' retrieved from /home/airflow/.local/lib/python3.8/site-packages/airflow/example_dags/tutorial.py
[2026-03-11T15:10:06.981+0000] {logging_mixin.py:188} INFO - [2026-03-11T15:10:06.981+0000] {dag.py:3036} INFO - Sync 1 DAGs
[2026-03-11T15:10:07.013+0000] {logging_mixin.py:188} INFO - [2026-03-11T15:10:07.013+0000] {dag.py:3823} INFO - Setting next_dagrun for tutorial to 2026-03-10 00:00:00+00:00, run_after=2026-03-11 00:00:00+00:00
[2026-03-11T15:10:07.035+0000] {processor.py:183} INFO - Processing /home/airflow/.local/lib/python3.8/site-packages/airflow/example_dags/tutorial.py took 0.101 seconds
[2026-03-11T15:10:37.965+0000] {processor.py:161} INFO - Started process (PID=208) to work on /home/airflow/.local/lib/python3.8/site-packages/airflow/example_dags/tutorial.py
[2026-03-11T15:10:37.968+0000] {processor.py:830} INFO - Processing file /home/airflow/.local/lib/python3.8/site-packages/airflow/example_dags/tutorial.py for tasks to queue
[2026-03-11T15:10:37.970+0000] {logging_mixin.py:188} INFO - [2026-03-11T15:10:37.970+0000] {dagbag.py:538} INFO - Filling up the DagBag from /home/airflow/.local/lib/python3.8/site-packages/airflow/example_dags/tutorial.py
[2026-03-11T15:10:37.978+0000] {processor.py:840} INFO - DAG(s) 'tutorial' retrieved from /home/airflow/.local/lib/python3.8/site-packages/airflow/example_dags/tutorial.py
[2026-03-11T15:10:38.013+0000] {logging_mixin.py:188} INFO - [2026-03-11T15:10:38.012+0000] {dag.py:3036} INFO - Sync 1 DAGs
[2026-03-11T15:10:38.042+0000] {logging_mixin.py:188} INFO - [2026-03-11T15:10:38.042+0000] {dag.py:3823} INFO - Setting next_dagrun for tutorial to 2026-03-10 00:00:00+00:00, run_after=2026-03-11 00:00:00+00:00
[2026-03-11T15:10:38.068+0000] {processor.py:183} INFO - Processing /home/airflow/.local/lib/python3.8/site-packages/airflow/example_dags/tutorial.py took 0.108 seconds
[2026-03-11T15:11:08.684+0000] {processor.py:161} INFO - Started process (PID=264) to work on /home/airflow/.local/lib/python3.8/site-packages/airflow/example_dags/tutorial.py
[2026-03-11T15:11:08.686+0000] {processor.py:830} INFO - Processing file /home/airflow/.local/lib/python3.8/site-packages/airflow/example_dags/tutorial.py for tasks to queue
[2026-03-11T15:11:08.689+0000] {logging_mixin.py:188} INFO - [2026-03-11T15:11:08.688+0000] {dagbag.py:538} INFO - Filling up the DagBag from /home/airflow/.local/lib/python3.8/site-packages/airflow/example_dags/tutorial.py
[2026-03-11T15:11:08.698+0000] {processor.py:840} INFO - DAG(s) 'tutorial' retrieved from /home/airflow/.local/lib/python3.8/site-packages/airflow/example_dags/tutorial.py
[2026-03-11T15:11:08.728+0000] {logging_mixin.py:188} INFO - [2026-03-11T15:11:08.728+0000] {dag.py:3036} INFO - Sync 1 DAGs
[2026-03-11T15:11:08.760+0000] {logging_mixin.py:188} INFO - [2026-03-11T15:11:08.759+0000] {dag.py:3823} INFO - Setting next_dagrun for tutorial to 2026-03-10 00:00:00+00:00, run_after=2026-03-11 00:00:00+00:00
[2026-03-11T15:11:08.788+0000] {processor.py:183} INFO - Processing /home/airflow/.local/lib/python3.8/site-packages/airflow/example_dags/tutorial.py took 0.108 seconds
[2026-03-11T15:11:38.882+0000] {processor.py:161} INFO - Started process (PID=320) to work on /home/airflow/.local/lib/python3.8/site-packages/airflow/example_dags/tutorial.py
[2026-03-11T15:11:38.883+0000] {processor.py:830} INFO - Processing file /home/airflow/.local/lib/python3.8/site-packages/airflow/example_dags/tutorial.py for tasks to queue
[2026-03-11T15:11:38.886+0000] {logging_mixin.py:188} INFO - [2026-03-11T15:11:38.886+0000] {dagbag.py:538} INFO - Filling up the DagBag from /home/airflow/.local/lib/python3.8/site-packages/airflow/example_dags/tutorial.py
[2026-03-11T15:11:38.894+0000] {processor.py:840} INFO - DAG(s) 'tutorial' retrieved from /home/airflow/.local/lib/python3.8/site-packages/airflow/example_dags/tutorial.py
[2026-03-11T15:11:38.922+0000] {logging_mixin.py:188} INFO - [2026-03-11T15:11:38.921+0000] {dag.py:3036} INFO - Sync 1 DAGs
[2026-03-11T15:11:38.952+0000] {logging_mixin.py:188} INFO - [2026-03-11T15:11:38.951+0000] {dag.py:3823} INFO - Setting next_dagrun for tutorial to 2026-03-10 00:00:00+00:00, run_after=2026-03-11 00:00:00+00:00
[2026-03-11T15:11:38.978+0000] {processor.py:183} INFO - Processing /home/airflow/.local/lib/python3.8/site-packages/airflow/example_dags/tutorial.py took 0.100 seconds
[2026-03-11T15:12:10.318+0000] {processor.py:161} INFO - Started process (PID=376) to work on /home/airflow/.local/lib/python3.8/site-packages/airflow/example_dags/tutorial.py
[2026-03-11T15:12:10.321+0000] {processor.py:830} INFO - Processing file /home/airflow/.local/lib/python3.8/site-packages/airflow/example_dags/tutorial.py for tasks to queue
[2026-03-11T15:12:10.331+0000] {logging_mixin.py:188} INFO - [2026-03-11T15:12:10.329+0000] {dagbag.py:538} INFO - Filling up the DagBag from /home/airflow/.local/lib/python3.8/site-packages/airflow/example_dags/tutorial.py
[2026-03-11T15:12:10.355+0000] {processor.py:840} INFO - DAG(s) 'tutorial' retrieved from /home/airflow/.local/lib/python3.8/site-packages/airflow/example_dags/tutorial.py
[2026-03-11T15:12:10.435+0000] {logging_mixin.py:188} INFO - [2026-03-11T15:12:10.434+0000] {dag.py:3036} INFO - Sync 1 DAGs
[2026-03-11T15:12:10.510+0000] {logging_mixin.py:188} INFO - [2026-03-11T15:12:10.506+0000] {dag.py:3823} INFO - Setting next_dagrun for tutorial to 2026-03-10 00:00:00+00:00, run_after=2026-03-11 00:00:00+00:00
[2026-03-11T15:12:10.569+0000] {processor.py:183} INFO - Processing /home/airflow/.local/lib/python3.8/site-packages/airflow/example_dags/tutorial.py took 0.261 seconds
[2026-03-11T15:12:41.453+0000] {processor.py:161} INFO - Started process (PID=432) to work on /home/airflow/.local/lib/python3.8/site-packages/airflow/example_dags/tutorial.py
[2026-03-11T15:12:41.454+0000] {processor.py:830} INFO - Processing file /home/airflow/.local/lib/python3.8/site-packages/airflow/example_dags/tutorial.py for tasks to queue
[2026-03-11T15:12:41.456+0000] {logging_mixin.py:188} INFO - [2026-03-11T15:12:41.456+0000] {dagbag.py:538} INFO - Filling up the DagBag from /home/airflow/.local/lib/python3.8/site-packages/airflow/example_dags/tutorial.py
[2026-03-11T15:12:41.463+0000] {processor.py:840} INFO - DAG(s) 'tutorial' retrieved from /home/airflow/.local/lib/python3.8/site-packages/airflow/example_dags/tutorial.py
[2026-03-11T15:12:41.491+0000] {logging_mixin.py:188} INFO - [2026-03-11T15:12:41.490+0000] {dag.py:3036} INFO - Sync 1 DAGs
[2026-03-11T15:12:41.520+0000] {logging_mixin.py:188} INFO - [2026-03-11T15:12:41.519+0000] {dag.py:3823} INFO - Setting next_dagrun for tutorial to 2026-03-10 00:00:00+00:00, run_after=2026-03-11 00:00:00+00:00
[2026-03-11T15:12:41.545+0000] {processor.py:183} INFO - Processing /home/airflow/.local/lib/python3.8/site-packages/airflow/example_dags/tutorial.py took 0.096 seconds
[2026-03-11T15:13:11.640+0000] {processor.py:161} INFO - Started process (PID=488) to work on /home/airflow/.local/lib/python3.8/site-packages/airflow/example_dags/tutorial.py
[2026-03-11T15:13:11.642+0000] {processor.py:830} INFO - Processing file /home/airflow/.local/lib/python3.8/site-packages/airflow/example_dags/tutorial.py for tasks to queue
[2026-03-11T15:13:11.644+0000] {logging_mixin.py:188} INFO - [2026-03-11T15:13:11.644+0000] {dagbag.py:538} INFO - Filling up the DagBag from /home/airflow/.local/lib/python3.8/site-packages/airflow/example_dags/tutorial.py
[2026-03-11T15:13:11.654+0000] {processor.py:840} INFO - DAG(s) 'tutorial' retrieved from /home/airflow/.local/lib/python3.8/site-packages/airflow/example_dags/tutorial.py
[2026-03-11T15:13:11.679+0000] {logging_mixin.py:188} INFO - [2026-03-11T15:13:11.678+0000] {dag.py:3036} INFO - Sync 1 DAGs
[2026-03-11T15:13:11.704+0000] {logging_mixin.py:188} INFO - [2026-03-11T15:13:11.704+0000] {dag.py:3823} INFO - Setting next_dagrun for tutorial to 2026-03-10 00:00:00+00:00, run_after=2026-03-11 00:00:00+00:00
[2026-03-11T15:13:11.726+0000] {processor.py:183} INFO - Processing /home/airflow/.local/lib/python3.8/site-packages/airflow/example_dags/tutorial.py took 0.090 seconds
[2026-03-11T15:13:41.762+0000] {processor.py:161} INFO - Started process (PID=544) to work on /home/airflow/.local/lib/python3.8/site-packages/airflow/example_dags/tutorial.py
[2026-03-11T15:13:41.763+0000] {processor.py:830} INFO - Processing file /home/airflow/.local/lib/python3.8/site-packages/airflow/example_dags/tutorial.py for tasks to queue
[2026-03-11T15:13:41.766+0000] {logging_mixin.py:188} INFO - [2026-03-11T15:13:41.765+0000] {dagbag.py:538} INFO - Filling up the DagBag from /home/airflow/.local/lib/python3.8/site-packages/airflow/example_dags/tutorial.py
[2026-03-11T15:13:41.774+0000] {processor.py:840} INFO - DAG(s) 'tutorial' retrieved from /home/airflow/.local/lib/python3.8/site-packages/airflow/example_dags/tutorial.py
[2026-03-11T15:13:41.801+0000] {logging_mixin.py:188} INFO - [2026-03-11T15:13:41.801+0000] {dag.py:3036} INFO - Sync 1 DAGs
[2026-03-11T15:13:41.828+0000] {logging_mixin.py:188} INFO - [2026-03-11T15:13:41.827+0000] {dag.py:3823} INFO - Setting next_dagrun for tutorial to 2026-03-10 00:00:00+00:00, run_after=2026-03-11 00:00:00+00:00
[2026-03-11T15:13:41.848+0000] {processor.py:183} INFO - Processing /home/airflow/.local/lib/python3.8/site-packages/airflow/example_dags/tutorial.py took 0.091 seconds
[2026-03-11T15:14:12.047+0000] {processor.py:161} INFO - Started process (PID=600) to work on /home/airflow/.local/lib/python3.8/site-packages/airflow/example_dags/tutorial.py
[2026-03-11T15:14:12.050+0000] {processor.py:830} INFO - Processing file /home/airflow/.local/lib/python3.8/site-packages/airflow/example_dags/tutorial.py for tasks to queue
[2026-03-11T15:14:12.061+0000] {logging_mixin.py:188} INFO - [2026-03-11T15:14:12.060+0000] {dagbag.py:538} INFO - Filling up the DagBag from /home/airflow/.local/lib/python3.8/site-packages/airflow/example_dags/tutorial.py
[2026-03-11T15:14:12.086+0000] {processor.py:840} INFO - DAG(s) 'tutorial' retrieved from /home/airflow/.local/lib/python3.8/site-packages/airflow/example_dags/tutorial.py
[2026-03-11T15:14:12.183+0000] {logging_mixin.py:188} INFO - [2026-03-11T15:14:12.181+0000] {dag.py:3036} INFO - Sync 1 DAGs
[2026-03-11T15:14:12.298+0000] {logging_mixin.py:188} INFO - [2026-03-11T15:14:12.297+0000] {dag.py:3823} INFO - Setting next_dagrun for tutorial to 2026-03-10 00:00:00+00:00, run_after=2026-03-11 00:00:00+00:00
[2026-03-11T15:14:12.368+0000] {processor.py:183} INFO - Processing /home/airflow/.local/lib/python3.8/site-packages/airflow/example_dags/tutorial.py took 0.340 seconds
[2026-03-11T15:14:42.869+0000] {processor.py:161} INFO - Started process (PID=656) to work on /home/airflow/.local/lib/python3.8/site-packages/airflow/example_dags/tutorial.py
[2026-03-11T15:14:42.872+0000] {processor.py:830} INFO - Processing file /home/airflow/.local/lib/python3.8/site-packages/airflow/example_dags/tutorial.py for tasks to queue
[2026-03-11T15:14:42.876+0000] {logging_mixin.py:188} INFO - [2026-03-11T15:14:42.876+0000] {dagbag.py:538} INFO - Filling up the DagBag from /home/airflow/.local/lib/python3.8/site-packages/airflow/example_dags/tutorial.py
[2026-03-11T15:14:42.887+0000] {processor.py:840} INFO - DAG(s) 'tutorial' retrieved from /home/airflow/.local/lib/python3.8/site-packages/airflow/example_dags/tutorial.py
[2026-03-11T15:14:42.934+0000] {logging_mixin.py:188} INFO - [2026-03-11T15:14:42.933+0000] {dag.py:3036} INFO - Sync 1 DAGs
[2026-03-11T15:14:42.986+0000] {logging_mixin.py:188} INFO - [2026-03-11T15:14:42.985+0000] {dag.py:3823} INFO - Setting next_dagrun for tutorial to 2026-03-10 00:00:00+00:00, run_after=2026-03-11 00:00:00+00:00
[2026-03-11T15:14:43.026+0000] {processor.py:183} INFO - Processing /home/airflow/.local/lib/python3.8/site-packages/airflow/example_dags/tutorial.py took 0.166 seconds
[2026-03-11T15:15:13.261+0000] {processor.py:161} INFO - Started process (PID=712) to work on /home/airflow/.local/lib/python3.8/site-packages/airflow/example_dags/tutorial.py
[2026-03-11T15:15:13.262+0000] {processor.py:830} INFO - Processing file /home/airflow/.local/lib/python3.8/site-packages/airflow/example_dags/tutorial.py for tasks to queue
[2026-03-11T15:15:13.265+0000] {logging_mixin.py:188} INFO - [2026-03-11T15:15:13.264+0000] {dagbag.py:538} INFO - Filling up the DagBag from /home/airflow/.local/lib/python3.8/site-packages/airflow/example_dags/tutorial.py
[2026-03-11T15:15:13.275+0000] {processor.py:840} INFO - DAG(s) 'tutorial' retrieved from /home/airflow/.local/lib/python3.8/site-packages/airflow/example_dags/tutorial.py
[2026-03-11T15:15:13.300+0000] {logging_mixin.py:188} INFO - [2026-03-11T15:15:13.300+0000] {dag.py:3036} INFO - Sync 1 DAGs
[2026-03-11T15:15:13.328+0000] {logging_mixin.py:188} INFO - [2026-03-11T15:15:13.328+0000] {dag.py:3823} INFO - Setting next_dagrun for tutorial to 2026-03-10 00:00:00+00:00, run_after=2026-03-11 00:00:00+00:00
[2026-03-11T15:15:13.352+0000] {processor.py:183} INFO - Processing /home/airflow/.local/lib/python3.8/site-packages/airflow/example_dags/tutorial.py took 0.095 seconds
[2026-03-11T15:15:43.446+0000] {processor.py:161} INFO - Started process (PID=768) to work on /home/airflow/.local/lib/python3.8/site-packages/airflow/example_dags/tutorial.py
[2026-03-11T15:15:43.447+0000] {processor.py:830} INFO - Processing file /home/airflow/.local/lib/python3.8/site-packages/airflow/example_dags/tutorial.py for tasks to queue
[2026-03-11T15:15:43.450+0000] {logging_mixin.py:188} INFO - [2026-03-11T15:15:43.449+0000] {dagbag.py:538} INFO - Filling up the DagBag from /home/airflow/.local/lib/python3.8/site-packages/airflow/example_dags/tutorial.py
[2026-03-11T15:15:43.461+0000] {processor.py:840} INFO - DAG(s) 'tutorial' retrieved from /home/airflow/.local/lib/python3.8/site-packages/airflow/example_dags/tutorial.py
[2026-03-11T15:15:43.491+0000] {logging_mixin.py:188} INFO - [2026-03-11T15:15:43.491+0000] {dag.py:3036} INFO - Sync 1 DAGs
[2026-03-11T15:15:43.524+0000] {logging_mixin.py:188} INFO - [2026-03-11T15:15:43.524+0000] {dag.py:3823} INFO - Setting next_dagrun for tutorial to 2026-03-10 00:00:00+00:00, run_after=2026-03-11 00:00:00+00:00
[2026-03-11T15:15:43.550+0000] {processor.py:183} INFO - Processing /home/airflow/.local/lib/python3.8/site-packages/airflow/example_dags/tutorial.py took 0.109 seconds
[2026-03-11T15:16:13.681+0000] {processor.py:161} INFO - Started process (PID=824) to work on /home/airflow/.local/lib/python3.8/site-packages/airflow/example_dags/tutorial.py
[2026-03-11T15:16:13.683+0000] {processor.py:830} INFO - Processing file /home/airflow/.local/lib/python3.8/site-packages/airflow/example_dags/tutorial.py for tasks to queue
[2026-03-11T15:16:13.685+0000] {logging_mixin.py:188} INFO - [2026-03-11T15:16:13.685+0000] {dagbag.py:538} INFO - Filling up the DagBag from /home/airflow/.local/lib/python3.8/site-packages/airflow/example_dags/tutorial.py
[2026-03-11T15:16:13.694+0000] {processor.py:840} INFO - DAG(s) 'tutorial' retrieved from /home/airflow/.local/lib/python3.8/site-packages/airflow/example_dags/tutorial.py
[2026-03-11T15:16:13.724+0000] {logging_mixin.py:188} INFO - [2026-03-11T15:16:13.724+0000] {dag.py:3036} INFO - Sync 1 DAGs
[2026-03-11T15:16:13.752+0000] {logging_mixin.py:188} INFO - [2026-03-11T15:16:13.751+0000] {dag.py:3823} INFO - Setting next_dagrun for tutorial to 2026-03-10 00:00:00+00:00, run_after=2026-03-11 00:00:00+00:00
[2026-03-11T15:16:13.785+0000] {processor.py:183} INFO - Processing /home/airflow/.local/lib/python3.8/site-packages/airflow/example_dags/tutorial.py took 0.107 seconds
[2026-03-11T15:16:43.907+0000] {processor.py:161} INFO - Started process (PID=880) to work on /home/airflow/.local/lib/python3.8/site-packages/airflow/example_dags/tutorial.py
[2026-03-11T15:16:43.909+0000] {processor.py:830} INFO - Processing file /home/airflow/.local/lib/python3.8/site-packages/airflow/example_dags/tutorial.py for tasks to queue
[2026-03-11T15:16:43.912+0000] {logging_mixin.py:188} INFO - [2026-03-11T15:16:43.911+0000] {dagbag.py:538} INFO - Filling up the DagBag from /home/airflow/.local/lib/python3.8/site-packages/airflow/example_dags/tutorial.py
[2026-03-11T15:16:43.922+0000] {processor.py:840} INFO - DAG(s) 'tutorial' retrieved from /home/airflow/.local/lib/python3.8/site-packages/airflow/example_dags/tutorial.py
[2026-03-11T15:16:43.952+0000] {logging_mixin.py:188} INFO - [2026-03-11T15:16:43.951+0000] {dag.py:3036} INFO - Sync 1 DAGs
[2026-03-11T15:16:43.991+0000] {logging_mixin.py:188} INFO - [2026-03-11T15:16:43.990+0000] {dag.py:3823} INFO - Setting next_dagrun for tutorial to 2026-03-10 00:00:00+00:00, run_after=2026-03-11 00:00:00+00:00
[2026-03-11T15:16:44.018+0000] {processor.py:183} INFO - Processing /home/airflow/.local/lib/python3.8/site-packages/airflow/example_dags/tutorial.py took 0.116 seconds
[2026-03-11T15:17:14.178+0000] {processor.py:161} INFO - Started process (PID=936) to work on /home/airflow/.local/lib/python3.8/site-packages/airflow/example_dags/tutorial.py
[2026-03-11T15:17:14.180+0000] {processor.py:830} INFO - Processing file /home/airflow/.local/lib/python3.8/site-packages/airflow/example_dags/tutorial.py for tasks to queue
[2026-03-11T15:17:14.182+0000] {logging_mixin.py:188} INFO - [2026-03-11T15:17:14.182+0000] {dagbag.py:538} INFO - Filling up the DagBag from /home/airflow/.local/lib/python3.8/site-packages/airflow/example_dags/tutorial.py
[2026-03-11T15:17:14.191+0000] {processor.py:840} INFO - DAG(s) 'tutorial' retrieved from /home/airflow/.local/lib/python3.8/site-packages/airflow/example_dags/tutorial.py
[2026-03-11T15:17:14.221+0000] {logging_mixin.py:188} INFO - [2026-03-11T15:17:14.220+0000] {dag.py:3036} INFO - Sync 1 DAGs
[2026-03-11T15:17:14.251+0000] {logging_mixin.py:188} INFO - [2026-03-11T15:17:14.250+0000] {dag.py:3823} INFO - Setting next_dagrun for tutorial to 2026-03-10 00:00:00+00:00, run_after=2026-03-11 00:00:00+00:00
[2026-03-11T15:17:14.277+0000] {processor.py:183} INFO - Processing /home/airflow/.local/lib/python3.8/site-packages/airflow/example_dags/tutorial.py took 0.104 seconds
[2026-03-11T15:17:44.357+0000] {processor.py:161} INFO - Started process (PID=992) to work on /home/airflow/.local/lib/python3.8/site-packages/airflow/example_dags/tutorial.py
[2026-03-11T15:17:44.359+0000] {processor.py:830} INFO - Processing file /home/airflow/.local/lib/python3.8/site-packages/airflow/example_dags/tutorial.py for tasks to queue
[2026-03-11T15:17:44.363+0000] {logging_mixin.py:188} INFO - [2026-03-11T15:17:44.362+0000] {dagbag.py:538} INFO - Filling up the DagBag from /home/airflow/.local/lib/python3.8/site-packages/airflow/example_dags/tutorial.py
[2026-03-11T15:17:44.374+0000] {processor.py:840} INFO - DAG(s) 'tutorial' retrieved from /home/airflow/.local/lib/python3.8/site-packages/airflow/example_dags/tutorial.py
[2026-03-11T15:17:44.407+0000] {logging_mixin.py:188} INFO - [2026-03-11T15:17:44.406+0000] {dag.py:3036} INFO - Sync 1 DAGs
[2026-03-11T15:17:44.447+0000] {logging_mixin.py:188} INFO - [2026-03-11T15:17:44.446+0000] {dag.py:3823} INFO - Setting next_dagrun for tutorial to 2026-03-10 00:00:00+00:00, run_after=2026-03-11 00:00:00+00:00
[2026-03-11T15:17:44.480+0000] {processor.py:183} INFO - Processing /home/airflow/.local/lib/python3.8/site-packages/airflow/example_dags/tutorial.py took 0.129 seconds
[2026-03-11T15:18:14.559+0000] {processor.py:161} INFO - Started process (PID=1048) to work on /home/airflow/.local/lib/python3.8/site-packages/airflow/example_dags/tutorial.py
[2026-03-11T15:18:14.560+0000] {processor.py:830} INFO - Processing file /home/airflow/.local/lib/python3.8/site-packages/airflow/example_dags/tutorial.py for tasks to queue
[2026-03-11T15:18:14.563+0000] {logging_mixin.py:188} INFO - [2026-03-11T15:18:14.563+0000] {dagbag.py:538} INFO - Filling up the DagBag from /home/airflow/.local/lib/python3.8/site-packages/airflow/example_dags/tutorial.py
[2026-03-11T15:18:14.574+0000] {processor.py:840} INFO - DAG(s) 'tutorial' retrieved from /home/airflow/.local/lib/python3.8/site-packages/airflow/example_dags/tutorial.py
[2026-03-11T15:18:14.603+0000] {logging_mixin.py:188} INFO - [2026-03-11T15:18:14.603+0000] {dag.py:3036} INFO - Sync 1 DAGs
[2026-03-11T15:18:14.637+0000] {logging_mixin.py:188} INFO - [2026-03-11T15:18:14.636+0000] {dag.py:3823} INFO - Setting next_dagrun for tutorial to 2026-03-10 00:00:00+00:00, run_after=2026-03-11 00:00:00+00:00
[2026-03-11T15:18:14.662+0000] {processor.py:183} INFO - Processing /home/airflow/.local/lib/python3.8/site-packages/airflow/example_dags/tutorial.py took 0.108 seconds
