[2026-03-11T15:09:30.346+0000] {processor.py:161} INFO - Started process (PID=60) to work on /opt/airflow/dags/news_pipeline_dag.py
[2026-03-11T15:09:30.349+0000] {processor.py:830} INFO - Processing file /opt/airflow/dags/news_pipeline_dag.py for tasks to queue
[2026-03-11T15:09:30.352+0000] {logging_mixin.py:188} INFO - [2026-03-11T15:09:30.352+0000] {dagbag.py:538} INFO - Filling up the DagBag from /opt/airflow/dags/news_pipeline_dag.py
[2026-03-11T15:09:30.366+0000] {processor.py:842} WARNING - No viable dags retrieved from /opt/airflow/dags/news_pipeline_dag.py
[2026-03-11T15:09:30.408+0000] {processor.py:183} INFO - Processing /opt/airflow/dags/news_pipeline_dag.py took 0.079 seconds
[2026-03-11T15:10:00.611+0000] {processor.py:161} INFO - Started process (PID=116) to work on /opt/airflow/dags/news_pipeline_dag.py
[2026-03-11T15:10:00.613+0000] {processor.py:830} INFO - Processing file /opt/airflow/dags/news_pipeline_dag.py for tasks to queue
[2026-03-11T15:10:00.616+0000] {logging_mixin.py:188} INFO - [2026-03-11T15:10:00.615+0000] {dagbag.py:538} INFO - Filling up the DagBag from /opt/airflow/dags/news_pipeline_dag.py
[2026-03-11T15:10:00.621+0000] {processor.py:842} WARNING - No viable dags retrieved from /opt/airflow/dags/news_pipeline_dag.py
[2026-03-11T15:10:00.648+0000] {processor.py:183} INFO - Processing /opt/airflow/dags/news_pipeline_dag.py took 0.044 seconds
[2026-03-11T15:10:31.535+0000] {processor.py:161} INFO - Started process (PID=178) to work on /opt/airflow/dags/news_pipeline_dag.py
[2026-03-11T15:10:31.548+0000] {processor.py:830} INFO - Processing file /opt/airflow/dags/news_pipeline_dag.py for tasks to queue
[2026-03-11T15:10:31.599+0000] {logging_mixin.py:188} INFO - [2026-03-11T15:10:31.599+0000] {dagbag.py:538} INFO - Filling up the DagBag from /opt/airflow/dags/news_pipeline_dag.py
[2026-03-11T15:10:31.627+0000] {processor.py:842} WARNING - No viable dags retrieved from /opt/airflow/dags/news_pipeline_dag.py
[2026-03-11T15:10:31.656+0000] {processor.py:183} INFO - Processing /opt/airflow/dags/news_pipeline_dag.py took 0.130 seconds
[2026-03-11T15:11:02.028+0000] {processor.py:161} INFO - Started process (PID=234) to work on /opt/airflow/dags/news_pipeline_dag.py
[2026-03-11T15:11:02.032+0000] {processor.py:830} INFO - Processing file /opt/airflow/dags/news_pipeline_dag.py for tasks to queue
[2026-03-11T15:11:02.035+0000] {logging_mixin.py:188} INFO - [2026-03-11T15:11:02.034+0000] {dagbag.py:538} INFO - Filling up the DagBag from /opt/airflow/dags/news_pipeline_dag.py
[2026-03-11T15:11:02.042+0000] {processor.py:842} WARNING - No viable dags retrieved from /opt/airflow/dags/news_pipeline_dag.py
[2026-03-11T15:11:02.069+0000] {processor.py:183} INFO - Processing /opt/airflow/dags/news_pipeline_dag.py took 0.047 seconds
[2026-03-11T15:11:32.390+0000] {processor.py:161} INFO - Started process (PID=290) to work on /opt/airflow/dags/news_pipeline_dag.py
[2026-03-11T15:11:32.396+0000] {processor.py:830} INFO - Processing file /opt/airflow/dags/news_pipeline_dag.py for tasks to queue
[2026-03-11T15:11:32.402+0000] {logging_mixin.py:188} INFO - [2026-03-11T15:11:32.401+0000] {dagbag.py:538} INFO - Filling up the DagBag from /opt/airflow/dags/news_pipeline_dag.py
[2026-03-11T15:11:32.431+0000] {processor.py:842} WARNING - No viable dags retrieved from /opt/airflow/dags/news_pipeline_dag.py
[2026-03-11T15:11:32.481+0000] {processor.py:183} INFO - Processing /opt/airflow/dags/news_pipeline_dag.py took 0.099 seconds
[2026-03-11T15:12:02.848+0000] {processor.py:161} INFO - Started process (PID=346) to work on /opt/airflow/dags/news_pipeline_dag.py
[2026-03-11T15:12:02.850+0000] {processor.py:830} INFO - Processing file /opt/airflow/dags/news_pipeline_dag.py for tasks to queue
[2026-03-11T15:12:02.853+0000] {logging_mixin.py:188} INFO - [2026-03-11T15:12:02.853+0000] {dagbag.py:538} INFO - Filling up the DagBag from /opt/airflow/dags/news_pipeline_dag.py
[2026-03-11T15:12:02.860+0000] {processor.py:842} WARNING - No viable dags retrieved from /opt/airflow/dags/news_pipeline_dag.py
[2026-03-11T15:12:02.882+0000] {processor.py:183} INFO - Processing /opt/airflow/dags/news_pipeline_dag.py took 0.039 seconds
[2026-03-11T15:12:33.163+0000] {processor.py:161} INFO - Started process (PID=402) to work on /opt/airflow/dags/news_pipeline_dag.py
[2026-03-11T15:12:33.165+0000] {processor.py:830} INFO - Processing file /opt/airflow/dags/news_pipeline_dag.py for tasks to queue
[2026-03-11T15:12:33.168+0000] {logging_mixin.py:188} INFO - [2026-03-11T15:12:33.167+0000] {dagbag.py:538} INFO - Filling up the DagBag from /opt/airflow/dags/news_pipeline_dag.py
[2026-03-11T15:12:33.173+0000] {processor.py:842} WARNING - No viable dags retrieved from /opt/airflow/dags/news_pipeline_dag.py
[2026-03-11T15:12:33.191+0000] {processor.py:183} INFO - Processing /opt/airflow/dags/news_pipeline_dag.py took 0.033 seconds
[2026-03-11T15:13:03.342+0000] {processor.py:161} INFO - Started process (PID=458) to work on /opt/airflow/dags/news_pipeline_dag.py
[2026-03-11T15:13:03.344+0000] {processor.py:830} INFO - Processing file /opt/airflow/dags/news_pipeline_dag.py for tasks to queue
[2026-03-11T15:13:03.350+0000] {logging_mixin.py:188} INFO - [2026-03-11T15:13:03.350+0000] {dagbag.py:538} INFO - Filling up the DagBag from /opt/airflow/dags/news_pipeline_dag.py
[2026-03-11T15:13:03.358+0000] {processor.py:842} WARNING - No viable dags retrieved from /opt/airflow/dags/news_pipeline_dag.py
[2026-03-11T15:13:03.392+0000] {processor.py:183} INFO - Processing /opt/airflow/dags/news_pipeline_dag.py took 0.055 seconds
[2026-03-11T15:13:33.489+0000] {processor.py:161} INFO - Started process (PID=514) to work on /opt/airflow/dags/news_pipeline_dag.py
[2026-03-11T15:13:33.491+0000] {processor.py:830} INFO - Processing file /opt/airflow/dags/news_pipeline_dag.py for tasks to queue
[2026-03-11T15:13:33.494+0000] {logging_mixin.py:188} INFO - [2026-03-11T15:13:33.493+0000] {dagbag.py:538} INFO - Filling up the DagBag from /opt/airflow/dags/news_pipeline_dag.py
[2026-03-11T15:13:33.501+0000] {processor.py:842} WARNING - No viable dags retrieved from /opt/airflow/dags/news_pipeline_dag.py
[2026-03-11T15:13:33.522+0000] {processor.py:183} INFO - Processing /opt/airflow/dags/news_pipeline_dag.py took 0.038 seconds
[2026-03-11T15:14:03.704+0000] {processor.py:161} INFO - Started process (PID=570) to work on /opt/airflow/dags/news_pipeline_dag.py
[2026-03-11T15:14:03.707+0000] {processor.py:830} INFO - Processing file /opt/airflow/dags/news_pipeline_dag.py for tasks to queue
[2026-03-11T15:14:03.710+0000] {logging_mixin.py:188} INFO - [2026-03-11T15:14:03.709+0000] {dagbag.py:538} INFO - Filling up the DagBag from /opt/airflow/dags/news_pipeline_dag.py
[2026-03-11T15:14:03.716+0000] {processor.py:842} WARNING - No viable dags retrieved from /opt/airflow/dags/news_pipeline_dag.py
[2026-03-11T15:14:03.736+0000] {processor.py:183} INFO - Processing /opt/airflow/dags/news_pipeline_dag.py took 0.037 seconds
[2026-03-11T15:14:34.048+0000] {processor.py:161} INFO - Started process (PID=626) to work on /opt/airflow/dags/news_pipeline_dag.py
[2026-03-11T15:14:34.050+0000] {processor.py:830} INFO - Processing file /opt/airflow/dags/news_pipeline_dag.py for tasks to queue
[2026-03-11T15:14:34.055+0000] {logging_mixin.py:188} INFO - [2026-03-11T15:14:34.055+0000] {dagbag.py:538} INFO - Filling up the DagBag from /opt/airflow/dags/news_pipeline_dag.py
[2026-03-11T15:14:34.061+0000] {processor.py:842} WARNING - No viable dags retrieved from /opt/airflow/dags/news_pipeline_dag.py
[2026-03-11T15:14:34.087+0000] {processor.py:183} INFO - Processing /opt/airflow/dags/news_pipeline_dag.py took 0.046 seconds
[2026-03-11T15:15:04.415+0000] {processor.py:161} INFO - Started process (PID=682) to work on /opt/airflow/dags/news_pipeline_dag.py
[2026-03-11T15:15:04.417+0000] {processor.py:830} INFO - Processing file /opt/airflow/dags/news_pipeline_dag.py for tasks to queue
[2026-03-11T15:15:04.420+0000] {logging_mixin.py:188} INFO - [2026-03-11T15:15:04.420+0000] {dagbag.py:538} INFO - Filling up the DagBag from /opt/airflow/dags/news_pipeline_dag.py
[2026-03-11T15:15:04.425+0000] {processor.py:842} WARNING - No viable dags retrieved from /opt/airflow/dags/news_pipeline_dag.py
[2026-03-11T15:15:04.444+0000] {processor.py:183} INFO - Processing /opt/airflow/dags/news_pipeline_dag.py took 0.033 seconds
[2026-03-11T15:15:35.230+0000] {processor.py:161} INFO - Started process (PID=738) to work on /opt/airflow/dags/news_pipeline_dag.py
[2026-03-11T15:15:35.233+0000] {processor.py:830} INFO - Processing file /opt/airflow/dags/news_pipeline_dag.py for tasks to queue
[2026-03-11T15:15:35.237+0000] {logging_mixin.py:188} INFO - [2026-03-11T15:15:35.236+0000] {dagbag.py:538} INFO - Filling up the DagBag from /opt/airflow/dags/news_pipeline_dag.py
[2026-03-11T15:15:35.243+0000] {processor.py:842} WARNING - No viable dags retrieved from /opt/airflow/dags/news_pipeline_dag.py
[2026-03-11T15:15:35.266+0000] {processor.py:183} INFO - Processing /opt/airflow/dags/news_pipeline_dag.py took 0.043 seconds
[2026-03-11T15:16:05.393+0000] {processor.py:161} INFO - Started process (PID=794) to work on /opt/airflow/dags/news_pipeline_dag.py
[2026-03-11T15:16:05.396+0000] {processor.py:830} INFO - Processing file /opt/airflow/dags/news_pipeline_dag.py for tasks to queue
[2026-03-11T15:16:05.403+0000] {logging_mixin.py:188} INFO - [2026-03-11T15:16:05.403+0000] {dagbag.py:538} INFO - Filling up the DagBag from /opt/airflow/dags/news_pipeline_dag.py
[2026-03-11T15:16:05.412+0000] {processor.py:842} WARNING - No viable dags retrieved from /opt/airflow/dags/news_pipeline_dag.py
[2026-03-11T15:16:05.441+0000] {processor.py:183} INFO - Processing /opt/airflow/dags/news_pipeline_dag.py took 0.054 seconds
[2026-03-11T15:16:35.616+0000] {processor.py:161} INFO - Started process (PID=850) to work on /opt/airflow/dags/news_pipeline_dag.py
[2026-03-11T15:16:35.618+0000] {processor.py:830} INFO - Processing file /opt/airflow/dags/news_pipeline_dag.py for tasks to queue
[2026-03-11T15:16:35.623+0000] {logging_mixin.py:188} INFO - [2026-03-11T15:16:35.622+0000] {dagbag.py:538} INFO - Filling up the DagBag from /opt/airflow/dags/news_pipeline_dag.py
[2026-03-11T15:16:35.629+0000] {processor.py:842} WARNING - No viable dags retrieved from /opt/airflow/dags/news_pipeline_dag.py
[2026-03-11T15:16:35.658+0000] {processor.py:183} INFO - Processing /opt/airflow/dags/news_pipeline_dag.py took 0.047 seconds
[2026-03-11T15:17:05.955+0000] {processor.py:161} INFO - Started process (PID=906) to work on /opt/airflow/dags/news_pipeline_dag.py
[2026-03-11T15:17:05.956+0000] {processor.py:830} INFO - Processing file /opt/airflow/dags/news_pipeline_dag.py for tasks to queue
[2026-03-11T15:17:05.959+0000] {logging_mixin.py:188} INFO - [2026-03-11T15:17:05.959+0000] {dagbag.py:538} INFO - Filling up the DagBag from /opt/airflow/dags/news_pipeline_dag.py
[2026-03-11T15:17:05.964+0000] {processor.py:842} WARNING - No viable dags retrieved from /opt/airflow/dags/news_pipeline_dag.py
[2026-03-11T15:17:05.982+0000] {processor.py:183} INFO - Processing /opt/airflow/dags/news_pipeline_dag.py took 0.032 seconds
[2026-03-11T15:17:36.157+0000] {processor.py:161} INFO - Started process (PID=962) to work on /opt/airflow/dags/news_pipeline_dag.py
[2026-03-11T15:17:36.159+0000] {processor.py:830} INFO - Processing file /opt/airflow/dags/news_pipeline_dag.py for tasks to queue
[2026-03-11T15:17:36.162+0000] {logging_mixin.py:188} INFO - [2026-03-11T15:17:36.161+0000] {dagbag.py:538} INFO - Filling up the DagBag from /opt/airflow/dags/news_pipeline_dag.py
[2026-03-11T15:17:36.167+0000] {processor.py:842} WARNING - No viable dags retrieved from /opt/airflow/dags/news_pipeline_dag.py
[2026-03-11T15:17:36.188+0000] {processor.py:183} INFO - Processing /opt/airflow/dags/news_pipeline_dag.py took 0.038 seconds
[2026-03-11T15:18:06.374+0000] {processor.py:161} INFO - Started process (PID=1018) to work on /opt/airflow/dags/news_pipeline_dag.py
[2026-03-11T15:18:06.376+0000] {processor.py:830} INFO - Processing file /opt/airflow/dags/news_pipeline_dag.py for tasks to queue
[2026-03-11T15:18:06.378+0000] {logging_mixin.py:188} INFO - [2026-03-11T15:18:06.378+0000] {dagbag.py:538} INFO - Filling up the DagBag from /opt/airflow/dags/news_pipeline_dag.py
[2026-03-11T15:18:06.383+0000] {processor.py:842} WARNING - No viable dags retrieved from /opt/airflow/dags/news_pipeline_dag.py
[2026-03-11T15:18:06.402+0000] {processor.py:183} INFO - Processing /opt/airflow/dags/news_pipeline_dag.py took 0.033 seconds
[2026-03-11T15:18:36.627+0000] {processor.py:161} INFO - Started process (PID=1074) to work on /opt/airflow/dags/news_pipeline_dag.py
[2026-03-11T15:18:36.629+0000] {processor.py:830} INFO - Processing file /opt/airflow/dags/news_pipeline_dag.py for tasks to queue
[2026-03-11T15:18:36.631+0000] {logging_mixin.py:188} INFO - [2026-03-11T15:18:36.631+0000] {dagbag.py:538} INFO - Filling up the DagBag from /opt/airflow/dags/news_pipeline_dag.py
[2026-03-11T15:18:36.636+0000] {processor.py:842} WARNING - No viable dags retrieved from /opt/airflow/dags/news_pipeline_dag.py
[2026-03-11T15:18:36.656+0000] {processor.py:183} INFO - Processing /opt/airflow/dags/news_pipeline_dag.py took 0.033 seconds
[2026-03-11T17:03:36.038+0000] {processor.py:161} INFO - Started process (PID=172) to work on /opt/airflow/dags/news_pipeline_dag.py
[2026-03-11T17:03:36.040+0000] {processor.py:830} INFO - Processing file /opt/airflow/dags/news_pipeline_dag.py for tasks to queue
[2026-03-11T17:03:36.045+0000] {logging_mixin.py:188} INFO - [2026-03-11T17:03:36.044+0000] {dagbag.py:540} INFO - Filling up the DagBag from /opt/airflow/dags/news_pipeline_dag.py
[2026-03-11T17:03:37.020+0000] {processor.py:840} INFO - DAG(s) 'news_pipeline' retrieved from /opt/airflow/dags/news_pipeline_dag.py
[2026-03-11T17:03:37.397+0000] {logging_mixin.py:188} INFO - [2026-03-11T17:03:37.397+0000] {override.py:1829} INFO - Created Permission View: can read on DAG:news_pipeline
[2026-03-11T17:03:37.409+0000] {logging_mixin.py:188} INFO - [2026-03-11T17:03:37.408+0000] {override.py:1829} INFO - Created Permission View: can delete on DAG:news_pipeline
[2026-03-11T17:03:37.414+0000] {logging_mixin.py:188} INFO - [2026-03-11T17:03:37.413+0000] {override.py:1829} INFO - Created Permission View: can edit on DAG:news_pipeline
[2026-03-11T17:03:37.414+0000] {logging_mixin.py:188} INFO - [2026-03-11T17:03:37.414+0000] {dag.py:3096} INFO - Sync 1 DAGs
[2026-03-11T17:03:37.426+0000] {logging_mixin.py:188} INFO - [2026-03-11T17:03:37.425+0000] {dag.py:3118} INFO - Creating ORM DAG for news_pipeline
[2026-03-11T17:03:37.437+0000] {logging_mixin.py:188} INFO - [2026-03-11T17:03:37.437+0000] {dag.py:3954} INFO - Setting next_dagrun for news_pipeline to 2026-03-12 00:00:00+00:00, run_after=2026-03-12 01:00:00+00:00
[2026-03-11T17:03:37.454+0000] {processor.py:183} INFO - Processing /opt/airflow/dags/news_pipeline_dag.py took 1.436 seconds
[2026-03-11T17:04:07.665+0000] {processor.py:161} INFO - Started process (PID=177) to work on /opt/airflow/dags/news_pipeline_dag.py
[2026-03-11T17:04:07.666+0000] {processor.py:830} INFO - Processing file /opt/airflow/dags/news_pipeline_dag.py for tasks to queue
[2026-03-11T17:04:07.669+0000] {logging_mixin.py:188} INFO - [2026-03-11T17:04:07.668+0000] {dagbag.py:540} INFO - Filling up the DagBag from /opt/airflow/dags/news_pipeline_dag.py
[2026-03-11T17:04:08.445+0000] {processor.py:840} INFO - DAG(s) 'news_pipeline' retrieved from /opt/airflow/dags/news_pipeline_dag.py
[2026-03-11T17:04:08.495+0000] {logging_mixin.py:188} INFO - [2026-03-11T17:04:08.495+0000] {dag.py:3096} INFO - Sync 1 DAGs
[2026-03-11T17:04:08.563+0000] {logging_mixin.py:188} INFO - [2026-03-11T17:04:08.563+0000] {dag.py:3954} INFO - Setting next_dagrun for news_pipeline to 2026-03-12 00:00:00+00:00, run_after=2026-03-12 01:00:00+00:00
[2026-03-11T17:04:08.618+0000] {processor.py:183} INFO - Processing /opt/airflow/dags/news_pipeline_dag.py took 0.960 seconds
[2026-03-11T17:04:38.795+0000] {processor.py:161} INFO - Started process (PID=182) to work on /opt/airflow/dags/news_pipeline_dag.py
[2026-03-11T17:04:38.796+0000] {processor.py:830} INFO - Processing file /opt/airflow/dags/news_pipeline_dag.py for tasks to queue
[2026-03-11T17:04:38.798+0000] {logging_mixin.py:188} INFO - [2026-03-11T17:04:38.798+0000] {dagbag.py:540} INFO - Filling up the DagBag from /opt/airflow/dags/news_pipeline_dag.py
[2026-03-11T17:04:39.192+0000] {processor.py:840} INFO - DAG(s) 'news_pipeline' retrieved from /opt/airflow/dags/news_pipeline_dag.py
[2026-03-11T17:04:39.314+0000] {logging_mixin.py:188} INFO - [2026-03-11T17:04:39.314+0000] {dag.py:3096} INFO - Sync 1 DAGs
[2026-03-11T17:04:39.337+0000] {logging_mixin.py:188} INFO - [2026-03-11T17:04:39.337+0000] {dag.py:3954} INFO - Setting next_dagrun for news_pipeline to 2026-03-12 00:00:00+00:00, run_after=2026-03-12 01:00:00+00:00
[2026-03-11T17:04:39.356+0000] {processor.py:183} INFO - Processing /opt/airflow/dags/news_pipeline_dag.py took 0.571 seconds
[2026-03-11T17:05:09.695+0000] {processor.py:161} INFO - Started process (PID=187) to work on /opt/airflow/dags/news_pipeline_dag.py
[2026-03-11T17:05:09.696+0000] {processor.py:830} INFO - Processing file /opt/airflow/dags/news_pipeline_dag.py for tasks to queue
[2026-03-11T17:05:09.699+0000] {logging_mixin.py:188} INFO - [2026-03-11T17:05:09.699+0000] {dagbag.py:540} INFO - Filling up the DagBag from /opt/airflow/dags/news_pipeline_dag.py
[2026-03-11T17:05:09.938+0000] {processor.py:840} INFO - DAG(s) 'news_pipeline' retrieved from /opt/airflow/dags/news_pipeline_dag.py
[2026-03-11T17:05:09.970+0000] {logging_mixin.py:188} INFO - [2026-03-11T17:05:09.969+0000] {dag.py:3096} INFO - Sync 1 DAGs
[2026-03-11T17:05:10.005+0000] {logging_mixin.py:188} INFO - [2026-03-11T17:05:10.005+0000] {dag.py:3954} INFO - Setting next_dagrun for news_pipeline to 2026-03-12 00:00:00+00:00, run_after=2026-03-12 01:00:00+00:00
[2026-03-11T17:05:10.025+0000] {processor.py:183} INFO - Processing /opt/airflow/dags/news_pipeline_dag.py took 0.342 seconds
[2026-03-11T17:05:40.198+0000] {processor.py:161} INFO - Started process (PID=192) to work on /opt/airflow/dags/news_pipeline_dag.py
[2026-03-11T17:05:40.199+0000] {processor.py:830} INFO - Processing file /opt/airflow/dags/news_pipeline_dag.py for tasks to queue
[2026-03-11T17:05:40.201+0000] {logging_mixin.py:188} INFO - [2026-03-11T17:05:40.201+0000] {dagbag.py:540} INFO - Filling up the DagBag from /opt/airflow/dags/news_pipeline_dag.py
[2026-03-11T17:05:40.861+0000] {processor.py:840} INFO - DAG(s) 'news_pipeline' retrieved from /opt/airflow/dags/news_pipeline_dag.py
[2026-03-11T17:05:40.971+0000] {logging_mixin.py:188} INFO - [2026-03-11T17:05:40.971+0000] {dag.py:3096} INFO - Sync 1 DAGs
[2026-03-11T17:05:41.106+0000] {logging_mixin.py:188} INFO - [2026-03-11T17:05:41.106+0000] {dag.py:3954} INFO - Setting next_dagrun for news_pipeline to 2026-03-12 00:00:00+00:00, run_after=2026-03-12 01:00:00+00:00
[2026-03-11T17:05:41.132+0000] {processor.py:183} INFO - Processing /opt/airflow/dags/news_pipeline_dag.py took 0.940 seconds
[2026-03-11T17:06:11.308+0000] {processor.py:161} INFO - Started process (PID=197) to work on /opt/airflow/dags/news_pipeline_dag.py
[2026-03-11T17:06:11.309+0000] {processor.py:830} INFO - Processing file /opt/airflow/dags/news_pipeline_dag.py for tasks to queue
[2026-03-11T17:06:11.312+0000] {logging_mixin.py:188} INFO - [2026-03-11T17:06:11.311+0000] {dagbag.py:540} INFO - Filling up the DagBag from /opt/airflow/dags/news_pipeline_dag.py
[2026-03-11T17:06:11.602+0000] {processor.py:840} INFO - DAG(s) 'news_pipeline' retrieved from /opt/airflow/dags/news_pipeline_dag.py
[2026-03-11T17:06:11.637+0000] {logging_mixin.py:188} INFO - [2026-03-11T17:06:11.637+0000] {dag.py:3096} INFO - Sync 1 DAGs
[2026-03-11T17:06:11.665+0000] {logging_mixin.py:188} INFO - [2026-03-11T17:06:11.665+0000] {dag.py:3954} INFO - Setting next_dagrun for news_pipeline to 2026-03-12 00:00:00+00:00, run_after=2026-03-12 01:00:00+00:00
[2026-03-11T17:06:11.684+0000] {processor.py:183} INFO - Processing /opt/airflow/dags/news_pipeline_dag.py took 0.384 seconds
[2026-03-11T17:06:41.868+0000] {processor.py:161} INFO - Started process (PID=202) to work on /opt/airflow/dags/news_pipeline_dag.py
[2026-03-11T17:06:41.869+0000] {processor.py:830} INFO - Processing file /opt/airflow/dags/news_pipeline_dag.py for tasks to queue
[2026-03-11T17:06:41.872+0000] {logging_mixin.py:188} INFO - [2026-03-11T17:06:41.871+0000] {dagbag.py:540} INFO - Filling up the DagBag from /opt/airflow/dags/news_pipeline_dag.py
[2026-03-11T17:06:42.209+0000] {processor.py:840} INFO - DAG(s) 'news_pipeline' retrieved from /opt/airflow/dags/news_pipeline_dag.py
[2026-03-11T17:06:42.247+0000] {logging_mixin.py:188} INFO - [2026-03-11T17:06:42.247+0000] {dag.py:3096} INFO - Sync 1 DAGs
[2026-03-11T17:06:42.274+0000] {logging_mixin.py:188} INFO - [2026-03-11T17:06:42.274+0000] {dag.py:3954} INFO - Setting next_dagrun for news_pipeline to 2026-03-12 00:00:00+00:00, run_after=2026-03-12 01:00:00+00:00
[2026-03-11T17:06:42.294+0000] {processor.py:183} INFO - Processing /opt/airflow/dags/news_pipeline_dag.py took 0.433 seconds
[2026-03-11T17:07:12.470+0000] {processor.py:161} INFO - Started process (PID=207) to work on /opt/airflow/dags/news_pipeline_dag.py
[2026-03-11T17:07:12.471+0000] {processor.py:830} INFO - Processing file /opt/airflow/dags/news_pipeline_dag.py for tasks to queue
[2026-03-11T17:07:12.474+0000] {logging_mixin.py:188} INFO - [2026-03-11T17:07:12.473+0000] {dagbag.py:540} INFO - Filling up the DagBag from /opt/airflow/dags/news_pipeline_dag.py
[2026-03-11T17:07:12.860+0000] {processor.py:840} INFO - DAG(s) 'news_pipeline' retrieved from /opt/airflow/dags/news_pipeline_dag.py
[2026-03-11T17:07:13.020+0000] {logging_mixin.py:188} INFO - [2026-03-11T17:07:13.020+0000] {dag.py:3096} INFO - Sync 1 DAGs
[2026-03-11T17:07:13.126+0000] {logging_mixin.py:188} INFO - [2026-03-11T17:07:13.125+0000] {dag.py:3954} INFO - Setting next_dagrun for news_pipeline to 2026-03-12 00:00:00+00:00, run_after=2026-03-12 01:00:00+00:00
[2026-03-11T17:07:13.153+0000] {processor.py:183} INFO - Processing /opt/airflow/dags/news_pipeline_dag.py took 0.692 seconds
[2026-03-11T17:07:43.608+0000] {processor.py:161} INFO - Started process (PID=212) to work on /opt/airflow/dags/news_pipeline_dag.py
[2026-03-11T17:07:43.613+0000] {processor.py:830} INFO - Processing file /opt/airflow/dags/news_pipeline_dag.py for tasks to queue
[2026-03-11T17:07:43.620+0000] {logging_mixin.py:188} INFO - [2026-03-11T17:07:43.620+0000] {dagbag.py:540} INFO - Filling up the DagBag from /opt/airflow/dags/news_pipeline_dag.py
[2026-03-11T17:07:44.216+0000] {processor.py:840} INFO - DAG(s) 'news_pipeline' retrieved from /opt/airflow/dags/news_pipeline_dag.py
[2026-03-11T17:07:44.246+0000] {logging_mixin.py:188} INFO - [2026-03-11T17:07:44.246+0000] {dag.py:3096} INFO - Sync 1 DAGs
[2026-03-11T17:07:44.317+0000] {logging_mixin.py:188} INFO - [2026-03-11T17:07:44.317+0000] {dag.py:3954} INFO - Setting next_dagrun for news_pipeline to 2026-03-12 00:00:00+00:00, run_after=2026-03-12 01:00:00+00:00
[2026-03-11T17:07:44.366+0000] {processor.py:183} INFO - Processing /opt/airflow/dags/news_pipeline_dag.py took 0.815 seconds
[2026-03-11T17:08:14.587+0000] {processor.py:161} INFO - Started process (PID=217) to work on /opt/airflow/dags/news_pipeline_dag.py
[2026-03-11T17:08:14.589+0000] {processor.py:830} INFO - Processing file /opt/airflow/dags/news_pipeline_dag.py for tasks to queue
[2026-03-11T17:08:14.592+0000] {logging_mixin.py:188} INFO - [2026-03-11T17:08:14.592+0000] {dagbag.py:540} INFO - Filling up the DagBag from /opt/airflow/dags/news_pipeline_dag.py
[2026-03-11T17:08:14.909+0000] {processor.py:840} INFO - DAG(s) 'news_pipeline' retrieved from /opt/airflow/dags/news_pipeline_dag.py
[2026-03-11T17:08:14.951+0000] {logging_mixin.py:188} INFO - [2026-03-11T17:08:14.951+0000] {dag.py:3096} INFO - Sync 1 DAGs
[2026-03-11T17:08:14.987+0000] {logging_mixin.py:188} INFO - [2026-03-11T17:08:14.987+0000] {dag.py:3954} INFO - Setting next_dagrun for news_pipeline to 2026-03-12 00:00:00+00:00, run_after=2026-03-12 01:00:00+00:00
[2026-03-11T17:08:15.017+0000] {processor.py:183} INFO - Processing /opt/airflow/dags/news_pipeline_dag.py took 0.438 seconds
[2026-03-11T17:08:45.183+0000] {processor.py:161} INFO - Started process (PID=222) to work on /opt/airflow/dags/news_pipeline_dag.py
[2026-03-11T17:08:45.184+0000] {processor.py:830} INFO - Processing file /opt/airflow/dags/news_pipeline_dag.py for tasks to queue
[2026-03-11T17:08:45.190+0000] {logging_mixin.py:188} INFO - [2026-03-11T17:08:45.189+0000] {dagbag.py:540} INFO - Filling up the DagBag from /opt/airflow/dags/news_pipeline_dag.py
[2026-03-11T17:08:45.552+0000] {processor.py:840} INFO - DAG(s) 'news_pipeline' retrieved from /opt/airflow/dags/news_pipeline_dag.py
[2026-03-11T17:08:45.592+0000] {logging_mixin.py:188} INFO - [2026-03-11T17:08:45.591+0000] {dag.py:3096} INFO - Sync 1 DAGs
[2026-03-11T17:08:45.628+0000] {logging_mixin.py:188} INFO - [2026-03-11T17:08:45.627+0000] {dag.py:3954} INFO - Setting next_dagrun for news_pipeline to 2026-03-12 00:00:00+00:00, run_after=2026-03-12 01:00:00+00:00
[2026-03-11T17:08:45.652+0000] {processor.py:183} INFO - Processing /opt/airflow/dags/news_pipeline_dag.py took 0.478 seconds
[2026-03-11T17:09:15.842+0000] {processor.py:161} INFO - Started process (PID=227) to work on /opt/airflow/dags/news_pipeline_dag.py
[2026-03-11T17:09:15.843+0000] {processor.py:830} INFO - Processing file /opt/airflow/dags/news_pipeline_dag.py for tasks to queue
[2026-03-11T17:09:15.846+0000] {logging_mixin.py:188} INFO - [2026-03-11T17:09:15.845+0000] {dagbag.py:540} INFO - Filling up the DagBag from /opt/airflow/dags/news_pipeline_dag.py
[2026-03-11T17:09:16.140+0000] {processor.py:840} INFO - DAG(s) 'news_pipeline' retrieved from /opt/airflow/dags/news_pipeline_dag.py
[2026-03-11T17:09:16.172+0000] {logging_mixin.py:188} INFO - [2026-03-11T17:09:16.171+0000] {dag.py:3096} INFO - Sync 1 DAGs
[2026-03-11T17:09:16.216+0000] {logging_mixin.py:188} INFO - [2026-03-11T17:09:16.216+0000] {dag.py:3954} INFO - Setting next_dagrun for news_pipeline to 2026-03-12 00:00:00+00:00, run_after=2026-03-12 01:00:00+00:00
[2026-03-11T17:09:16.240+0000] {processor.py:183} INFO - Processing /opt/airflow/dags/news_pipeline_dag.py took 0.407 seconds
[2026-03-11T17:09:46.422+0000] {processor.py:161} INFO - Started process (PID=232) to work on /opt/airflow/dags/news_pipeline_dag.py
[2026-03-11T17:09:46.423+0000] {processor.py:830} INFO - Processing file /opt/airflow/dags/news_pipeline_dag.py for tasks to queue
[2026-03-11T17:09:46.426+0000] {logging_mixin.py:188} INFO - [2026-03-11T17:09:46.426+0000] {dagbag.py:540} INFO - Filling up the DagBag from /opt/airflow/dags/news_pipeline_dag.py
[2026-03-11T17:09:46.651+0000] {processor.py:840} INFO - DAG(s) 'news_pipeline' retrieved from /opt/airflow/dags/news_pipeline_dag.py
[2026-03-11T17:09:46.697+0000] {logging_mixin.py:188} INFO - [2026-03-11T17:09:46.697+0000] {dag.py:3096} INFO - Sync 1 DAGs
[2026-03-11T17:09:46.723+0000] {logging_mixin.py:188} INFO - [2026-03-11T17:09:46.723+0000] {dag.py:3954} INFO - Setting next_dagrun for news_pipeline to 2026-03-12 00:00:00+00:00, run_after=2026-03-12 01:00:00+00:00
[2026-03-11T17:09:46.746+0000] {processor.py:183} INFO - Processing /opt/airflow/dags/news_pipeline_dag.py took 0.333 seconds
[2026-03-11T17:10:16.927+0000] {processor.py:161} INFO - Started process (PID=237) to work on /opt/airflow/dags/news_pipeline_dag.py
[2026-03-11T17:10:16.928+0000] {processor.py:830} INFO - Processing file /opt/airflow/dags/news_pipeline_dag.py for tasks to queue
[2026-03-11T17:10:16.931+0000] {logging_mixin.py:188} INFO - [2026-03-11T17:10:16.931+0000] {dagbag.py:540} INFO - Filling up the DagBag from /opt/airflow/dags/news_pipeline_dag.py
[2026-03-11T17:10:17.133+0000] {processor.py:840} INFO - DAG(s) 'news_pipeline' retrieved from /opt/airflow/dags/news_pipeline_dag.py
[2026-03-11T17:10:17.164+0000] {logging_mixin.py:188} INFO - [2026-03-11T17:10:17.164+0000] {dag.py:3096} INFO - Sync 1 DAGs
[2026-03-11T17:10:17.187+0000] {logging_mixin.py:188} INFO - [2026-03-11T17:10:17.187+0000] {dag.py:3954} INFO - Setting next_dagrun for news_pipeline to 2026-03-12 00:00:00+00:00, run_after=2026-03-12 01:00:00+00:00
[2026-03-11T17:10:17.204+0000] {processor.py:183} INFO - Processing /opt/airflow/dags/news_pipeline_dag.py took 0.285 seconds
[2026-03-11T17:10:47.396+0000] {processor.py:161} INFO - Started process (PID=242) to work on /opt/airflow/dags/news_pipeline_dag.py
[2026-03-11T17:10:47.397+0000] {processor.py:830} INFO - Processing file /opt/airflow/dags/news_pipeline_dag.py for tasks to queue
[2026-03-11T17:10:47.399+0000] {logging_mixin.py:188} INFO - [2026-03-11T17:10:47.399+0000] {dagbag.py:540} INFO - Filling up the DagBag from /opt/airflow/dags/news_pipeline_dag.py
[2026-03-11T17:10:47.626+0000] {processor.py:840} INFO - DAG(s) 'news_pipeline' retrieved from /opt/airflow/dags/news_pipeline_dag.py
[2026-03-11T17:10:47.662+0000] {logging_mixin.py:188} INFO - [2026-03-11T17:10:47.661+0000] {dag.py:3096} INFO - Sync 1 DAGs
[2026-03-11T17:10:47.687+0000] {logging_mixin.py:188} INFO - [2026-03-11T17:10:47.687+0000] {dag.py:3954} INFO - Setting next_dagrun for news_pipeline to 2026-03-12 00:00:00+00:00, run_after=2026-03-12 01:00:00+00:00
[2026-03-11T17:10:47.706+0000] {processor.py:183} INFO - Processing /opt/airflow/dags/news_pipeline_dag.py took 0.318 seconds
[2026-03-11T17:11:17.896+0000] {processor.py:161} INFO - Started process (PID=247) to work on /opt/airflow/dags/news_pipeline_dag.py
[2026-03-11T17:11:17.897+0000] {processor.py:830} INFO - Processing file /opt/airflow/dags/news_pipeline_dag.py for tasks to queue
[2026-03-11T17:11:17.900+0000] {logging_mixin.py:188} INFO - [2026-03-11T17:11:17.900+0000] {dagbag.py:540} INFO - Filling up the DagBag from /opt/airflow/dags/news_pipeline_dag.py
[2026-03-11T17:11:18.206+0000] {processor.py:840} INFO - DAG(s) 'news_pipeline' retrieved from /opt/airflow/dags/news_pipeline_dag.py
[2026-03-11T17:11:18.247+0000] {logging_mixin.py:188} INFO - [2026-03-11T17:11:18.247+0000] {dag.py:3096} INFO - Sync 1 DAGs
[2026-03-11T17:11:18.380+0000] {logging_mixin.py:188} INFO - [2026-03-11T17:11:18.379+0000] {dag.py:3954} INFO - Setting next_dagrun for news_pipeline to 2026-03-12 00:00:00+00:00, run_after=2026-03-12 01:00:00+00:00
[2026-03-11T17:11:18.413+0000] {processor.py:183} INFO - Processing /opt/airflow/dags/news_pipeline_dag.py took 0.524 seconds
[2026-03-11T17:11:48.698+0000] {processor.py:161} INFO - Started process (PID=252) to work on /opt/airflow/dags/news_pipeline_dag.py
[2026-03-11T17:11:48.700+0000] {processor.py:830} INFO - Processing file /opt/airflow/dags/news_pipeline_dag.py for tasks to queue
[2026-03-11T17:11:48.702+0000] {logging_mixin.py:188} INFO - [2026-03-11T17:11:48.701+0000] {dagbag.py:540} INFO - Filling up the DagBag from /opt/airflow/dags/news_pipeline_dag.py
[2026-03-11T17:11:48.950+0000] {processor.py:840} INFO - DAG(s) 'news_pipeline' retrieved from /opt/airflow/dags/news_pipeline_dag.py
[2026-03-11T17:11:48.983+0000] {logging_mixin.py:188} INFO - [2026-03-11T17:11:48.983+0000] {dag.py:3096} INFO - Sync 1 DAGs
[2026-03-11T17:11:49.018+0000] {logging_mixin.py:188} INFO - [2026-03-11T17:11:49.018+0000] {dag.py:3954} INFO - Setting next_dagrun for news_pipeline to 2026-03-12 00:00:00+00:00, run_after=2026-03-12 01:00:00+00:00
[2026-03-11T17:11:49.045+0000] {processor.py:183} INFO - Processing /opt/airflow/dags/news_pipeline_dag.py took 0.354 seconds
[2026-03-11T17:12:19.227+0000] {processor.py:161} INFO - Started process (PID=257) to work on /opt/airflow/dags/news_pipeline_dag.py
[2026-03-11T17:12:19.228+0000] {processor.py:830} INFO - Processing file /opt/airflow/dags/news_pipeline_dag.py for tasks to queue
[2026-03-11T17:12:19.231+0000] {logging_mixin.py:188} INFO - [2026-03-11T17:12:19.230+0000] {dagbag.py:540} INFO - Filling up the DagBag from /opt/airflow/dags/news_pipeline_dag.py
[2026-03-11T17:12:19.507+0000] {processor.py:840} INFO - DAG(s) 'news_pipeline' retrieved from /opt/airflow/dags/news_pipeline_dag.py
[2026-03-11T17:12:19.561+0000] {logging_mixin.py:188} INFO - [2026-03-11T17:12:19.561+0000] {dag.py:3096} INFO - Sync 1 DAGs
[2026-03-11T17:12:19.626+0000] {logging_mixin.py:188} INFO - [2026-03-11T17:12:19.625+0000] {dag.py:3954} INFO - Setting next_dagrun for news_pipeline to 2026-03-12 00:00:00+00:00, run_after=2026-03-12 01:00:00+00:00
[2026-03-11T17:12:19.665+0000] {processor.py:183} INFO - Processing /opt/airflow/dags/news_pipeline_dag.py took 0.446 seconds
[2026-03-11T17:12:49.949+0000] {processor.py:161} INFO - Started process (PID=262) to work on /opt/airflow/dags/news_pipeline_dag.py
[2026-03-11T17:12:49.951+0000] {processor.py:830} INFO - Processing file /opt/airflow/dags/news_pipeline_dag.py for tasks to queue
[2026-03-11T17:12:49.953+0000] {logging_mixin.py:188} INFO - [2026-03-11T17:12:49.953+0000] {dagbag.py:540} INFO - Filling up the DagBag from /opt/airflow/dags/news_pipeline_dag.py
[2026-03-11T17:12:50.211+0000] {processor.py:840} INFO - DAG(s) 'news_pipeline' retrieved from /opt/airflow/dags/news_pipeline_dag.py
[2026-03-11T17:12:50.262+0000] {logging_mixin.py:188} INFO - [2026-03-11T17:12:50.261+0000] {dag.py:3096} INFO - Sync 1 DAGs
[2026-03-11T17:12:50.311+0000] {logging_mixin.py:188} INFO - [2026-03-11T17:12:50.311+0000] {dag.py:3954} INFO - Setting next_dagrun for news_pipeline to 2026-03-12 00:00:00+00:00, run_after=2026-03-12 01:00:00+00:00
[2026-03-11T17:12:50.347+0000] {processor.py:183} INFO - Processing /opt/airflow/dags/news_pipeline_dag.py took 0.405 seconds
[2026-03-11T17:13:20.537+0000] {processor.py:161} INFO - Started process (PID=267) to work on /opt/airflow/dags/news_pipeline_dag.py
[2026-03-11T17:13:20.538+0000] {processor.py:830} INFO - Processing file /opt/airflow/dags/news_pipeline_dag.py for tasks to queue
[2026-03-11T17:13:20.540+0000] {logging_mixin.py:188} INFO - [2026-03-11T17:13:20.540+0000] {dagbag.py:540} INFO - Filling up the DagBag from /opt/airflow/dags/news_pipeline_dag.py
[2026-03-11T17:13:20.907+0000] {processor.py:840} INFO - DAG(s) 'news_pipeline' retrieved from /opt/airflow/dags/news_pipeline_dag.py
[2026-03-11T17:13:20.955+0000] {logging_mixin.py:188} INFO - [2026-03-11T17:13:20.954+0000] {dag.py:3096} INFO - Sync 1 DAGs
[2026-03-11T17:13:21.009+0000] {logging_mixin.py:188} INFO - [2026-03-11T17:13:21.008+0000] {dag.py:3954} INFO - Setting next_dagrun for news_pipeline to 2026-03-12 00:00:00+00:00, run_after=2026-03-12 01:00:00+00:00
[2026-03-11T17:13:21.043+0000] {processor.py:183} INFO - Processing /opt/airflow/dags/news_pipeline_dag.py took 0.515 seconds
[2026-03-11T17:13:51.253+0000] {processor.py:161} INFO - Started process (PID=272) to work on /opt/airflow/dags/news_pipeline_dag.py
[2026-03-11T17:13:51.254+0000] {processor.py:830} INFO - Processing file /opt/airflow/dags/news_pipeline_dag.py for tasks to queue
[2026-03-11T17:13:51.257+0000] {logging_mixin.py:188} INFO - [2026-03-11T17:13:51.256+0000] {dagbag.py:540} INFO - Filling up the DagBag from /opt/airflow/dags/news_pipeline_dag.py
[2026-03-11T17:13:51.560+0000] {processor.py:840} INFO - DAG(s) 'news_pipeline' retrieved from /opt/airflow/dags/news_pipeline_dag.py
[2026-03-11T17:13:51.606+0000] {logging_mixin.py:188} INFO - [2026-03-11T17:13:51.606+0000] {dag.py:3096} INFO - Sync 1 DAGs
[2026-03-11T17:13:51.644+0000] {logging_mixin.py:188} INFO - [2026-03-11T17:13:51.643+0000] {dag.py:3954} INFO - Setting next_dagrun for news_pipeline to 2026-03-12 00:00:00+00:00, run_after=2026-03-12 01:00:00+00:00
[2026-03-11T17:13:51.672+0000] {processor.py:183} INFO - Processing /opt/airflow/dags/news_pipeline_dag.py took 0.429 seconds
[2026-03-11T17:14:21.848+0000] {processor.py:161} INFO - Started process (PID=277) to work on /opt/airflow/dags/news_pipeline_dag.py
[2026-03-11T17:14:21.849+0000] {processor.py:830} INFO - Processing file /opt/airflow/dags/news_pipeline_dag.py for tasks to queue
[2026-03-11T17:14:21.851+0000] {logging_mixin.py:188} INFO - [2026-03-11T17:14:21.850+0000] {dagbag.py:540} INFO - Filling up the DagBag from /opt/airflow/dags/news_pipeline_dag.py
[2026-03-11T17:14:22.067+0000] {processor.py:840} INFO - DAG(s) 'news_pipeline' retrieved from /opt/airflow/dags/news_pipeline_dag.py
[2026-03-11T17:14:22.098+0000] {logging_mixin.py:188} INFO - [2026-03-11T17:14:22.098+0000] {dag.py:3096} INFO - Sync 1 DAGs
[2026-03-11T17:14:22.128+0000] {logging_mixin.py:188} INFO - [2026-03-11T17:14:22.128+0000] {dag.py:3954} INFO - Setting next_dagrun for news_pipeline to 2026-03-12 00:00:00+00:00, run_after=2026-03-12 01:00:00+00:00
[2026-03-11T17:14:22.155+0000] {processor.py:183} INFO - Processing /opt/airflow/dags/news_pipeline_dag.py took 0.313 seconds
[2026-03-11T17:14:52.322+0000] {processor.py:161} INFO - Started process (PID=282) to work on /opt/airflow/dags/news_pipeline_dag.py
[2026-03-11T17:14:52.324+0000] {processor.py:830} INFO - Processing file /opt/airflow/dags/news_pipeline_dag.py for tasks to queue
[2026-03-11T17:14:52.328+0000] {logging_mixin.py:188} INFO - [2026-03-11T17:14:52.327+0000] {dagbag.py:540} INFO - Filling up the DagBag from /opt/airflow/dags/news_pipeline_dag.py
[2026-03-11T17:14:52.591+0000] {processor.py:840} INFO - DAG(s) 'news_pipeline' retrieved from /opt/airflow/dags/news_pipeline_dag.py
[2026-03-11T17:14:52.630+0000] {logging_mixin.py:188} INFO - [2026-03-11T17:14:52.630+0000] {dag.py:3096} INFO - Sync 1 DAGs
[2026-03-11T17:14:52.663+0000] {logging_mixin.py:188} INFO - [2026-03-11T17:14:52.663+0000] {dag.py:3954} INFO - Setting next_dagrun for news_pipeline to 2026-03-12 00:00:00+00:00, run_after=2026-03-12 01:00:00+00:00
[2026-03-11T17:14:53.323+0000] {processor.py:183} INFO - Processing /opt/airflow/dags/news_pipeline_dag.py took 1.009 seconds
[2026-03-11T17:15:23.533+0000] {processor.py:161} INFO - Started process (PID=287) to work on /opt/airflow/dags/news_pipeline_dag.py
[2026-03-11T17:15:23.534+0000] {processor.py:830} INFO - Processing file /opt/airflow/dags/news_pipeline_dag.py for tasks to queue
[2026-03-11T17:15:23.558+0000] {logging_mixin.py:188} INFO - [2026-03-11T17:15:23.550+0000] {dagbag.py:540} INFO - Filling up the DagBag from /opt/airflow/dags/news_pipeline_dag.py
[2026-03-11T17:15:24.100+0000] {processor.py:840} INFO - DAG(s) 'news_pipeline' retrieved from /opt/airflow/dags/news_pipeline_dag.py
[2026-03-11T17:15:24.259+0000] {logging_mixin.py:188} INFO - [2026-03-11T17:15:24.258+0000] {dag.py:3096} INFO - Sync 1 DAGs
[2026-03-11T17:15:25.370+0000] {logging_mixin.py:188} INFO - [2026-03-11T17:15:25.370+0000] {dag.py:3954} INFO - Setting next_dagrun for news_pipeline to 2026-03-12 00:00:00+00:00, run_after=2026-03-12 01:00:00+00:00
[2026-03-11T17:15:25.401+0000] {processor.py:183} INFO - Processing /opt/airflow/dags/news_pipeline_dag.py took 1.877 seconds
[2026-03-11T17:15:55.599+0000] {processor.py:161} INFO - Started process (PID=292) to work on /opt/airflow/dags/news_pipeline_dag.py
[2026-03-11T17:15:55.601+0000] {processor.py:830} INFO - Processing file /opt/airflow/dags/news_pipeline_dag.py for tasks to queue
[2026-03-11T17:15:55.604+0000] {logging_mixin.py:188} INFO - [2026-03-11T17:15:55.604+0000] {dagbag.py:540} INFO - Filling up the DagBag from /opt/airflow/dags/news_pipeline_dag.py
[2026-03-11T17:15:55.855+0000] {processor.py:840} INFO - DAG(s) 'news_pipeline' retrieved from /opt/airflow/dags/news_pipeline_dag.py
[2026-03-11T17:15:55.886+0000] {logging_mixin.py:188} INFO - [2026-03-11T17:15:55.886+0000] {dag.py:3096} INFO - Sync 1 DAGs
[2026-03-11T17:15:56.132+0000] {logging_mixin.py:188} INFO - [2026-03-11T17:15:56.131+0000] {dag.py:3954} INFO - Setting next_dagrun for news_pipeline to 2026-03-12 00:00:00+00:00, run_after=2026-03-12 01:00:00+00:00
[2026-03-11T17:15:56.150+0000] {processor.py:183} INFO - Processing /opt/airflow/dags/news_pipeline_dag.py took 0.559 seconds
[2026-03-11T17:16:26.319+0000] {processor.py:161} INFO - Started process (PID=297) to work on /opt/airflow/dags/news_pipeline_dag.py
[2026-03-11T17:16:26.320+0000] {processor.py:830} INFO - Processing file /opt/airflow/dags/news_pipeline_dag.py for tasks to queue
[2026-03-11T17:16:26.323+0000] {logging_mixin.py:188} INFO - [2026-03-11T17:16:26.323+0000] {dagbag.py:540} INFO - Filling up the DagBag from /opt/airflow/dags/news_pipeline_dag.py
[2026-03-11T17:16:26.553+0000] {processor.py:840} INFO - DAG(s) 'news_pipeline' retrieved from /opt/airflow/dags/news_pipeline_dag.py
[2026-03-11T17:16:26.754+0000] {logging_mixin.py:188} INFO - [2026-03-11T17:16:26.754+0000] {dag.py:3096} INFO - Sync 1 DAGs
[2026-03-11T17:16:26.791+0000] {logging_mixin.py:188} INFO - [2026-03-11T17:16:26.791+0000] {dag.py:3954} INFO - Setting next_dagrun for news_pipeline to 2026-03-12 00:00:00+00:00, run_after=2026-03-12 01:00:00+00:00
[2026-03-11T17:16:26.814+0000] {processor.py:183} INFO - Processing /opt/airflow/dags/news_pipeline_dag.py took 0.502 seconds
[2026-03-11T17:16:57.003+0000] {processor.py:161} INFO - Started process (PID=302) to work on /opt/airflow/dags/news_pipeline_dag.py
[2026-03-11T17:16:57.004+0000] {processor.py:830} INFO - Processing file /opt/airflow/dags/news_pipeline_dag.py for tasks to queue
[2026-03-11T17:16:57.008+0000] {logging_mixin.py:188} INFO - [2026-03-11T17:16:57.007+0000] {dagbag.py:540} INFO - Filling up the DagBag from /opt/airflow/dags/news_pipeline_dag.py
[2026-03-11T17:16:57.437+0000] {processor.py:840} INFO - DAG(s) 'news_pipeline' retrieved from /opt/airflow/dags/news_pipeline_dag.py
[2026-03-11T17:16:57.475+0000] {logging_mixin.py:188} INFO - [2026-03-11T17:16:57.475+0000] {dag.py:3096} INFO - Sync 1 DAGs
[2026-03-11T17:16:57.503+0000] {logging_mixin.py:188} INFO - [2026-03-11T17:16:57.502+0000] {dag.py:3954} INFO - Setting next_dagrun for news_pipeline to 2026-03-12 00:00:00+00:00, run_after=2026-03-12 01:00:00+00:00
[2026-03-11T17:16:57.525+0000] {processor.py:183} INFO - Processing /opt/airflow/dags/news_pipeline_dag.py took 0.529 seconds
[2026-03-11T17:17:27.678+0000] {processor.py:161} INFO - Started process (PID=307) to work on /opt/airflow/dags/news_pipeline_dag.py
[2026-03-11T17:17:27.679+0000] {processor.py:830} INFO - Processing file /opt/airflow/dags/news_pipeline_dag.py for tasks to queue
[2026-03-11T17:17:27.681+0000] {logging_mixin.py:188} INFO - [2026-03-11T17:17:27.681+0000] {dagbag.py:540} INFO - Filling up the DagBag from /opt/airflow/dags/news_pipeline_dag.py
[2026-03-11T17:17:28.043+0000] {processor.py:840} INFO - DAG(s) 'news_pipeline' retrieved from /opt/airflow/dags/news_pipeline_dag.py
[2026-03-11T17:17:28.078+0000] {logging_mixin.py:188} INFO - [2026-03-11T17:17:28.078+0000] {dag.py:3096} INFO - Sync 1 DAGs
[2026-03-11T17:17:28.106+0000] {logging_mixin.py:188} INFO - [2026-03-11T17:17:28.105+0000] {dag.py:3954} INFO - Setting next_dagrun for news_pipeline to 2026-03-12 00:00:00+00:00, run_after=2026-03-12 01:00:00+00:00
[2026-03-11T17:17:28.128+0000] {processor.py:183} INFO - Processing /opt/airflow/dags/news_pipeline_dag.py took 0.456 seconds
[2026-03-11T17:17:58.298+0000] {processor.py:161} INFO - Started process (PID=312) to work on /opt/airflow/dags/news_pipeline_dag.py
[2026-03-11T17:17:58.299+0000] {processor.py:830} INFO - Processing file /opt/airflow/dags/news_pipeline_dag.py for tasks to queue
[2026-03-11T17:17:58.301+0000] {logging_mixin.py:188} INFO - [2026-03-11T17:17:58.301+0000] {dagbag.py:540} INFO - Filling up the DagBag from /opt/airflow/dags/news_pipeline_dag.py
[2026-03-11T17:17:58.713+0000] {processor.py:840} INFO - DAG(s) 'news_pipeline' retrieved from /opt/airflow/dags/news_pipeline_dag.py
[2026-03-11T17:17:58.747+0000] {logging_mixin.py:188} INFO - [2026-03-11T17:17:58.747+0000] {dag.py:3096} INFO - Sync 1 DAGs
[2026-03-11T17:17:58.773+0000] {logging_mixin.py:188} INFO - [2026-03-11T17:17:58.773+0000] {dag.py:3954} INFO - Setting next_dagrun for news_pipeline to 2026-03-12 00:00:00+00:00, run_after=2026-03-12 01:00:00+00:00
[2026-03-11T17:17:58.797+0000] {processor.py:183} INFO - Processing /opt/airflow/dags/news_pipeline_dag.py took 0.507 seconds
[2026-03-11T17:18:28.978+0000] {processor.py:161} INFO - Started process (PID=317) to work on /opt/airflow/dags/news_pipeline_dag.py
[2026-03-11T17:18:28.980+0000] {processor.py:830} INFO - Processing file /opt/airflow/dags/news_pipeline_dag.py for tasks to queue
[2026-03-11T17:18:28.982+0000] {logging_mixin.py:188} INFO - [2026-03-11T17:18:28.981+0000] {dagbag.py:540} INFO - Filling up the DagBag from /opt/airflow/dags/news_pipeline_dag.py
[2026-03-11T17:18:29.376+0000] {processor.py:840} INFO - DAG(s) 'news_pipeline' retrieved from /opt/airflow/dags/news_pipeline_dag.py
[2026-03-11T17:18:29.410+0000] {logging_mixin.py:188} INFO - [2026-03-11T17:18:29.409+0000] {dag.py:3096} INFO - Sync 1 DAGs
[2026-03-11T17:18:29.437+0000] {logging_mixin.py:188} INFO - [2026-03-11T17:18:29.437+0000] {dag.py:3954} INFO - Setting next_dagrun for news_pipeline to 2026-03-12 00:00:00+00:00, run_after=2026-03-12 01:00:00+00:00
[2026-03-11T17:18:29.459+0000] {processor.py:183} INFO - Processing /opt/airflow/dags/news_pipeline_dag.py took 0.488 seconds
[2026-03-11T17:18:59.674+0000] {processor.py:161} INFO - Started process (PID=322) to work on /opt/airflow/dags/news_pipeline_dag.py
[2026-03-11T17:18:59.675+0000] {processor.py:830} INFO - Processing file /opt/airflow/dags/news_pipeline_dag.py for tasks to queue
[2026-03-11T17:18:59.678+0000] {logging_mixin.py:188} INFO - [2026-03-11T17:18:59.678+0000] {dagbag.py:540} INFO - Filling up the DagBag from /opt/airflow/dags/news_pipeline_dag.py
[2026-03-11T17:19:00.100+0000] {processor.py:840} INFO - DAG(s) 'news_pipeline' retrieved from /opt/airflow/dags/news_pipeline_dag.py
[2026-03-11T17:19:00.133+0000] {logging_mixin.py:188} INFO - [2026-03-11T17:19:00.132+0000] {dag.py:3096} INFO - Sync 1 DAGs
[2026-03-11T17:19:00.159+0000] {logging_mixin.py:188} INFO - [2026-03-11T17:19:00.159+0000] {dag.py:3954} INFO - Setting next_dagrun for news_pipeline to 2026-03-12 00:00:00+00:00, run_after=2026-03-12 01:00:00+00:00
[2026-03-11T17:19:00.180+0000] {processor.py:183} INFO - Processing /opt/airflow/dags/news_pipeline_dag.py took 0.515 seconds
[2026-03-11T17:19:30.344+0000] {processor.py:161} INFO - Started process (PID=327) to work on /opt/airflow/dags/news_pipeline_dag.py
[2026-03-11T17:19:30.345+0000] {processor.py:830} INFO - Processing file /opt/airflow/dags/news_pipeline_dag.py for tasks to queue
[2026-03-11T17:19:30.348+0000] {logging_mixin.py:188} INFO - [2026-03-11T17:19:30.348+0000] {dagbag.py:540} INFO - Filling up the DagBag from /opt/airflow/dags/news_pipeline_dag.py
[2026-03-11T17:19:30.758+0000] {processor.py:840} INFO - DAG(s) 'news_pipeline' retrieved from /opt/airflow/dags/news_pipeline_dag.py
[2026-03-11T17:19:30.792+0000] {logging_mixin.py:188} INFO - [2026-03-11T17:19:30.792+0000] {dag.py:3096} INFO - Sync 1 DAGs
[2026-03-11T17:19:30.818+0000] {logging_mixin.py:188} INFO - [2026-03-11T17:19:30.818+0000] {dag.py:3954} INFO - Setting next_dagrun for news_pipeline to 2026-03-12 00:00:00+00:00, run_after=2026-03-12 01:00:00+00:00
[2026-03-11T17:19:30.846+0000] {processor.py:183} INFO - Processing /opt/airflow/dags/news_pipeline_dag.py took 0.510 seconds
[2026-03-11T17:20:01.044+0000] {processor.py:161} INFO - Started process (PID=332) to work on /opt/airflow/dags/news_pipeline_dag.py
[2026-03-11T17:20:01.060+0000] {processor.py:830} INFO - Processing file /opt/airflow/dags/news_pipeline_dag.py for tasks to queue
[2026-03-11T17:20:01.079+0000] {logging_mixin.py:188} INFO - [2026-03-11T17:20:01.078+0000] {dagbag.py:540} INFO - Filling up the DagBag from /opt/airflow/dags/news_pipeline_dag.py
[2026-03-11T17:20:01.579+0000] {processor.py:840} INFO - DAG(s) 'news_pipeline' retrieved from /opt/airflow/dags/news_pipeline_dag.py
[2026-03-11T17:20:01.654+0000] {logging_mixin.py:188} INFO - [2026-03-11T17:20:01.654+0000] {dag.py:3096} INFO - Sync 1 DAGs
[2026-03-11T17:20:01.682+0000] {logging_mixin.py:188} INFO - [2026-03-11T17:20:01.682+0000] {dag.py:3954} INFO - Setting next_dagrun for news_pipeline to 2026-03-12 00:00:00+00:00, run_after=2026-03-12 01:00:00+00:00
[2026-03-11T17:20:01.702+0000] {processor.py:183} INFO - Processing /opt/airflow/dags/news_pipeline_dag.py took 0.667 seconds
[2026-03-11T17:20:31.869+0000] {processor.py:161} INFO - Started process (PID=337) to work on /opt/airflow/dags/news_pipeline_dag.py
[2026-03-11T17:20:31.870+0000] {processor.py:830} INFO - Processing file /opt/airflow/dags/news_pipeline_dag.py for tasks to queue
[2026-03-11T17:20:31.873+0000] {logging_mixin.py:188} INFO - [2026-03-11T17:20:31.873+0000] {dagbag.py:540} INFO - Filling up the DagBag from /opt/airflow/dags/news_pipeline_dag.py
[2026-03-11T17:20:32.235+0000] {processor.py:840} INFO - DAG(s) 'news_pipeline' retrieved from /opt/airflow/dags/news_pipeline_dag.py
[2026-03-11T17:20:32.281+0000] {logging_mixin.py:188} INFO - [2026-03-11T17:20:32.281+0000] {dag.py:3096} INFO - Sync 1 DAGs
[2026-03-11T17:20:32.315+0000] {logging_mixin.py:188} INFO - [2026-03-11T17:20:32.315+0000] {dag.py:3954} INFO - Setting next_dagrun for news_pipeline to 2026-03-12 00:00:00+00:00, run_after=2026-03-12 01:00:00+00:00
[2026-03-11T17:20:32.339+0000] {processor.py:183} INFO - Processing /opt/airflow/dags/news_pipeline_dag.py took 0.478 seconds
